<?xml version="1.0" encoding="UTF-8"?>
<coverage generated="1669887134851" clover="3.2.0">
  <project timestamp="1669887134851" name="All files">
    <metrics statements="8301" coveredstatements="7161" conditionals="1560" coveredconditionals="1197" methods="2746" coveredmethods="2142" elements="12607" coveredelements="10500" complexity="0" loc="8301" ncloc="8301" packages="29" files="397" classes="397"/>
    <package name="src">
      <metrics statements="12" coveredstatements="8" conditionals="0" coveredconditionals="0" methods="4" coveredmethods="2"/>
      <file name="migrator.ts" path="/home/ivar/code/unleash/src/migrator.ts">
        <metrics statements="12" coveredstatements="8" conditionals="0" coveredconditionals="0" methods="4" coveredmethods="2"/>
        <line num="1" count="80" type="stmt"/>
        <line num="2" count="80" type="stmt"/>
        <line num="4" count="80" type="stmt"/>
        <line num="6" count="80" type="stmt"/>
        <line num="8" count="104" type="stmt"/>
        <line num="9" count="104" type="stmt"/>
        <line num="14" count="104" type="stmt"/>
        <line num="20" count="104" type="stmt"/>
        <line num="24" count="0" type="stmt"/>
        <line num="25" count="0" type="stmt"/>
        <line num="30" count="0" type="stmt"/>
        <line num="36" count="0" type="stmt"/>
      </file>
    </package>
    <package name="src.lib">
      <metrics statements="465" coveredstatements="411" conditionals="147" coveredconditionals="125" methods="92" coveredmethods="62"/>
      <file name="app.ts" path="/home/ivar/code/unleash/src/lib/app.ts">
        <metrics statements="89" coveredstatements="76" conditionals="22" coveredconditionals="18" methods="4" coveredmethods="3"/>
        <line num="1" count="69" type="stmt"/>
        <line num="2" count="69" type="stmt"/>
        <line num="3" count="69" type="stmt"/>
        <line num="4" count="69" type="stmt"/>
        <line num="5" count="69" type="stmt"/>
        <line num="6" count="69" type="stmt"/>
        <line num="7" count="69" type="stmt"/>
        <line num="8" count="69" type="stmt"/>
        <line num="9" count="69" type="stmt"/>
        <line num="10" count="69" type="stmt"/>
        <line num="12" count="69" type="stmt"/>
        <line num="15" count="69" type="stmt"/>
        <line num="17" count="69" type="stmt"/>
        <line num="18" count="69" type="stmt"/>
        <line num="19" count="69" type="stmt"/>
        <line num="20" count="69" type="stmt"/>
        <line num="21" count="69" type="stmt"/>
        <line num="23" count="69" type="stmt"/>
        <line num="24" count="69" type="stmt"/>
        <line num="25" count="69" type="stmt"/>
        <line num="26" count="69" type="stmt"/>
        <line num="29" count="371" type="stmt"/>
        <line num="36" count="373" type="stmt"/>
        <line num="38" count="373" type="cond" truecount="2" falsecount="0"/>
        <line num="39" count="373" type="stmt"/>
        <line num="40" count="373" type="stmt"/>
        <line num="42" count="373" type="stmt"/>
        <line num="43" count="373" type="stmt"/>
        <line num="44" count="373" type="stmt"/>
        <line num="45" count="373" type="stmt"/>
        <line num="46" count="373" type="cond" truecount="3" falsecount="0"/>
        <line num="47" count="373" type="stmt"/>
        <line num="50" count="373" type="stmt"/>
        <line num="52" count="373" type="cond" truecount="1" falsecount="0"/>
        <line num="53" count="21" type="stmt"/>
        <line num="56" count="373" type="stmt"/>
        <line num="57" count="373" type="stmt"/>
        <line num="58" count="373" type="stmt"/>
        <line num="59" count="373" type="cond" truecount="1" falsecount="0"/>
        <line num="60" count="75" type="stmt"/>
        <line num="62" count="373" type="stmt"/>
        <line num="63" count="373" type="stmt"/>
        <line num="64" count="373" type="stmt"/>
        <line num="65" count="373" type="stmt"/>
        <line num="66" count="373" type="stmt"/>
        <line num="68" count="373" type="cond" truecount="1" falsecount="0"/>
        <line num="69" count="373" type="stmt"/>
        <line num="72" count="373" type="cond" truecount="3" falsecount="0"/>
        <line num="73" count="370" type="stmt"/>
        <line num="79" count="373" type="stmt"/>
        <line num="82" count="1" type="stmt"/>
        <line num="87" count="373" type="stmt"/>
        <line num="89" count="373" type="stmt"/>
        <line num="91" count="0" type="stmt"/>
        <line num="92" count="0" type="stmt"/>
        <line num="93" count="0" type="stmt"/>
        <line num="96" count="0" type="stmt"/>
        <line num="97" count="0" type="stmt"/>
        <line num="98" count="0" type="stmt"/>
        <line num="101" count="0" type="stmt"/>
        <line num="102" count="0" type="stmt"/>
        <line num="103" count="0" type="stmt"/>
        <line num="106" count="13" type="stmt"/>
        <line num="107" count="13" type="stmt"/>
        <line num="113" count="13" type="stmt"/>
        <line num="116" count="16" type="stmt"/>
        <line num="117" count="16" type="stmt"/>
        <line num="118" count="16" type="stmt"/>
        <line num="121" count="344" type="stmt"/>
        <line num="122" count="344" type="stmt"/>
        <line num="125" count="0" type="stmt"/>
        <line num="126" count="0" type="stmt"/>
        <line num="132" count="0" type="stmt"/>
        <line num="136" count="373" type="stmt"/>
        <line num="141" count="373" type="cond" truecount="1" falsecount="0"/>
        <line num="142" count="49" type="stmt"/>
        <line num="146" count="373" type="stmt"/>
        <line num="148" count="373" type="cond" truecount="1" falsecount="0"/>
        <line num="149" count="370" type="stmt"/>
        <line num="152" count="373" type="cond" truecount="1" falsecount="0"/>
        <line num="153" count="373" type="stmt"/>
        <line num="156" count="373" type="stmt"/>
        <line num="157" count="0" type="stmt"/>
        <line num="160" count="373" type="stmt"/>
        <line num="161" count="5" type="cond" truecount="1" falsecount="0"/>
        <line num="162" count="2" type="stmt"/>
        <line num="163" count="2" type="stmt"/>
        <line num="166" count="3" type="stmt"/>
        <line num="169" count="373" type="stmt"/>
      </file>
      <file name="create-config.ts" path="/home/ivar/code/unleash/src/lib/create-config.ts">
        <metrics statements="131" coveredstatements="125" conditionals="97" coveredconditionals="89" methods="23" coveredmethods="19"/>
        <line num="1" count="109" type="stmt"/>
        <line num="2" count="109" type="stmt"/>
        <line num="3" count="109" type="stmt"/>
        <line num="21" count="109" type="stmt"/>
        <line num="22" count="109" type="stmt"/>
        <line num="23" count="109" type="stmt"/>
        <line num="24" count="109" type="stmt"/>
        <line num="25" count="109" type="stmt"/>
        <line num="26" count="109" type="stmt"/>
        <line num="31" count="109" type="stmt"/>
        <line num="36" count="109" type="stmt"/>
        <line num="40" count="109" type="stmt"/>
        <line num="44" count="109" type="stmt"/>
        <line num="45" count="109" type="stmt"/>
        <line num="46" count="109" type="stmt"/>
        <line num="48" count="121" type="cond" truecount="2" falsecount="0"/>
        <line num="50" count="0" type="stmt"/>
        <line num="54" count="121" type="cond" truecount="2" falsecount="0"/>
        <line num="58" count="12808" type="stmt"/>
        <line num="62" count="581" type="stmt"/>
        <line num="72" count="109" type="stmt"/>
        <line num="80" count="581" type="stmt"/>
        <line num="81" count="581" type="cond" truecount="1" falsecount="0"/>
        <line num="82" count="18" type="stmt"/>
        <line num="87" count="581" type="cond" truecount="1" falsecount="0"/>
        <line num="88" count="1" type="stmt"/>
        <line num="94" count="581" type="stmt"/>
        <line num="102" count="581" type="cond" truecount="2" falsecount="0"/>
        <line num="103" count="581" type="stmt"/>
        <line num="107" count="581" type="stmt"/>
        <line num="111" count="581" type="stmt"/>
        <line num="114" count="109" type="stmt"/>
        <line num="115" count="0" type="stmt"/>
        <line num="116" count="0" type="stmt"/>
        <line num="120" count="109" type="stmt"/>
        <line num="150" count="109" type="stmt"/>
        <line num="160" count="109" type="stmt"/>
        <line num="182" count="109" type="stmt"/>
        <line num="187" count="109" type="stmt"/>
        <line num="195" count="109" type="stmt"/>
        <line num="204" count="109" type="stmt"/>
        <line num="213" count="109" type="stmt"/>
        <line num="214" count="1168" type="cond" truecount="1" falsecount="0"/>
        <line num="216" count="9" type="stmt"/>
        <line num="218" count="1168" type="stmt"/>
        <line num="221" count="109" type="stmt"/>
        <line num="222" count="542" type="stmt"/>
        <line num="223" count="1164" type="cond" truecount="1" falsecount="0"/>
        <line num="225" count="1112" type="stmt"/>
        <line num="226" count="1112" type="stmt"/>
        <line num="228" count="52" type="stmt"/>
        <line num="231" count="109" type="stmt"/>
        <line num="234" count="583" type="cond" truecount="1" falsecount="0"/>
        <line num="235" count="34" type="stmt"/>
        <line num="241" count="549" type="stmt"/>
        <line num="249" count="109" type="stmt"/>
        <line num="250" count="1165" type="cond" truecount="1" falsecount="0"/>
        <line num="251" count="1159" type="stmt"/>
        <line num="253" count="6" type="stmt"/>
        <line num="254" count="6" type="stmt"/>
        <line num="255" count="9" type="cond" truecount="0" falsecount="1"/>
        <line num="256" count="9" type="cond" truecount="0" falsecount="1"/>
        <line num="257" count="9" type="stmt"/>
        <line num="265" count="9" type="stmt"/>
        <line num="266" count="7" type="stmt"/>
        <line num="268" count="4" type="stmt"/>
        <line num="271" count="109" type="stmt"/>
        <line num="272" count="583" type="stmt"/>
        <line num="284" count="109" type="stmt"/>
        <line num="285" count="581" type="stmt"/>
        <line num="286" count="581" type="cond" truecount="1" falsecount="0"/>
        <line num="287" count="1" type="stmt"/>
        <line num="289" count="580" type="stmt"/>
        <line num="292" count="109" type="stmt"/>
        <line num="295" count="581" type="cond" truecount="1" falsecount="0"/>
        <line num="296" count="573" type="stmt"/>
        <line num="299" count="8" type="stmt"/>
        <line num="308" count="109" type="stmt"/>
        <line num="309" count="573" type="cond" truecount="2" falsecount="0"/>
        <line num="310" count="573" type="cond" truecount="2" falsecount="0"/>
        <line num="311" count="573" type="cond" truecount="2" falsecount="0"/>
        <line num="312" count="573" type="cond" truecount="2" falsecount="0"/>
        <line num="313" count="573" type="cond" truecount="2" falsecount="0"/>
        <line num="314" count="573" type="stmt"/>
        <line num="323" count="109" type="stmt"/>
        <line num="324" count="581" type="stmt"/>
        <line num="329" count="581" type="stmt"/>
        <line num="330" count="581" type="cond" truecount="1" falsecount="0"/>
        <line num="331" count="2" type="stmt"/>
        <line num="334" count="579" type="stmt"/>
        <line num="337" count="0" type="stmt"/>
        <line num="338" count="584" type="stmt"/>
        <line num="340" count="584" type="cond" truecount="2" falsecount="0"/>
        <line num="341" count="2" type="stmt"/>
        <line num="342" count="582" type="cond" truecount="1" falsecount="0"/>
        <line num="343" count="6" type="stmt"/>
        <line num="345" count="584" type="stmt"/>
        <line num="346" count="584" type="cond" truecount="2" falsecount="2"/>
        <line num="347" count="0" type="stmt"/>
        <line num="350" count="584" type="cond" truecount="1" falsecount="0"/>
        <line num="354" count="1" type="stmt"/>
        <line num="358" count="584" type="stmt"/>
        <line num="365" count="584" type="stmt"/>
        <line num="371" count="584" type="cond" truecount="3" falsecount="0"/>
        <line num="372" count="584" type="cond" truecount="2" falsecount="0"/>
        <line num="373" count="584" type="stmt"/>
        <line num="375" count="583" type="stmt"/>
        <line num="380" count="583" type="stmt"/>
        <line num="385" count="583" type="stmt"/>
        <line num="387" count="581" type="stmt"/>
        <line num="395" count="581" type="stmt"/>
        <line num="397" count="581" type="stmt"/>
        <line num="402" count="581" type="stmt"/>
        <line num="403" count="581" type="stmt"/>
        <line num="405" count="581" type="stmt"/>
        <line num="407" count="581" type="stmt"/>
        <line num="410" count="581" type="cond" truecount="1" falsecount="1"/>
        <line num="411" count="0" type="stmt"/>
        <line num="413" count="581" type="cond" truecount="2" falsecount="0"/>
        <line num="416" count="581" type="cond" truecount="2" falsecount="0"/>
        <line num="424" count="581" type="cond" truecount="2" falsecount="0"/>
        <line num="428" count="581" type="cond" truecount="2" falsecount="0"/>
        <line num="431" count="581" type="cond" truecount="2" falsecount="0"/>
        <line num="435" count="581" type="cond" truecount="2" falsecount="0"/>
        <line num="439" count="581" type="stmt"/>
        <line num="443" count="581" type="stmt"/>
        <line num="448" count="581" type="stmt"/>
        <line num="453" count="581" type="stmt"/>
        <line num="457" count="581" type="stmt"/>
        <line num="459" count="581" type="stmt"/>
        <line num="492" count="109" type="stmt"/>
      </file>
      <file name="default-custom-auth-deny-all.ts" path="/home/ivar/code/unleash/src/lib/default-custom-auth-deny-all.ts">
        <metrics statements="6" coveredstatements="6" conditionals="0" coveredconditionals="0" methods="2" coveredmethods="2"/>
        <line num="4" count="109" type="stmt"/>
        <line num="6" count="109" type="stmt"/>
        <line num="11" count="1" type="stmt"/>
        <line num="12" count="1" type="stmt"/>
        <line num="13" count="1" type="stmt"/>
        <line num="14" count="1" type="stmt"/>
      </file>
      <file name="event-hook.ts" path="/home/ivar/code/unleash/src/lib/event-hook.ts">
        <metrics statements="10" coveredstatements="10" conditionals="0" coveredconditionals="0" methods="6" coveredmethods="6"/>
        <line num="8" count="2" type="stmt"/>
        <line num="10" count="2" type="stmt"/>
        <line num="14" count="2" type="stmt"/>
        <line num="15" count="2" type="stmt"/>
        <line num="17" count="2" type="stmt"/>
        <line num="18" count="1" type="stmt"/>
        <line num="20" count="2" type="stmt"/>
        <line num="21" count="1" type="stmt"/>
        <line num="23" count="2" type="stmt"/>
        <line num="24" count="1" type="stmt"/>
      </file>
      <file name="logger.ts" path="/home/ivar/code/unleash/src/lib/logger.ts">
        <metrics statements="14" coveredstatements="14" conditionals="4" coveredconditionals="3" methods="6" coveredmethods="6"/>
        <line num="1" count="110" type="stmt"/>
        <line num="5" count="110" type="cond" truecount="2" falsecount="0"/>
        <line num="21" count="48" type="stmt"/>
        <line num="24" count="48" type="stmt"/>
        <line num="33" count="48" type="stmt"/>
        <line num="37" count="2924" type="cond" truecount="1" falsecount="0"/>
        <line num="38" count="2" type="stmt"/>
        <line num="42" count="586" type="stmt"/>
        <line num="43" count="586" type="stmt"/>
        <line num="45" count="586" type="stmt"/>
        <line num="46" count="586" type="stmt"/>
        <line num="47" count="585" type="stmt"/>
        <line num="48" count="584" type="stmt"/>
        <line num="49" count="584" type="stmt"/>
      </file>
      <file name="metric-events.ts" path="/home/ivar/code/unleash/src/lib/metric-events.ts">
        <metrics statements="3" coveredstatements="3" conditionals="0" coveredconditionals="0" methods="2" coveredmethods="2"/>
        <line num="1" count="100" type="stmt"/>
        <line num="2" count="100" type="stmt"/>
        <line num="4" count="2524" type="stmt"/>
      </file>
      <file name="metrics.ts" path="/home/ivar/code/unleash/src/lib/metrics.ts">
        <metrics statements="115" coveredstatements="100" conditionals="11" coveredconditionals="8" methods="28" coveredmethods="14"/>
        <line num="1" count="1" type="stmt"/>
        <line num="4" count="1" type="stmt"/>
        <line num="20" count="1" type="stmt"/>
        <line num="23" count="1" type="stmt"/>
        <line num="27" count="0" type="stmt"/>
        <line num="33" count="1" type="stmt"/>
        <line num="34" count="1" type="stmt"/>
        <line num="45" count="1" type="cond" truecount="0" falsecount="1"/>
        <line num="46" count="0" type="stmt"/>
        <line num="49" count="1" type="stmt"/>
        <line num="51" count="1" type="stmt"/>
        <line num="53" count="1" type="stmt"/>
        <line num="61" count="1" type="stmt"/>
        <line num="69" count="1" type="stmt"/>
        <line num="74" count="1" type="stmt"/>
        <line num="79" count="1" type="stmt"/>
        <line num="84" count="1" type="stmt"/>
        <line num="88" count="1" type="stmt"/>
        <line num="92" count="1" type="stmt"/>
        <line num="96" count="1" type="stmt"/>
        <line num="101" count="1" type="stmt"/>
        <line num="106" count="1" type="stmt"/>
        <line num="111" count="1" type="stmt"/>
        <line num="116" count="1" type="stmt"/>
        <line num="121" count="1" type="stmt"/>
        <line num="126" count="1" type="stmt"/>
        <line num="131" count="1" type="stmt"/>
        <line num="138" count="1" type="stmt"/>
        <line num="139" count="1" type="stmt"/>
        <line num="141" count="1" type="stmt"/>
        <line num="142" count="1" type="stmt"/>
        <line num="144" count="1" type="stmt"/>
        <line num="145" count="1" type="stmt"/>
        <line num="147" count="1" type="stmt"/>
        <line num="148" count="1" type="stmt"/>
        <line num="150" count="1" type="stmt"/>
        <line num="151" count="1" type="stmt"/>
        <line num="153" count="1" type="stmt"/>
        <line num="154" count="1" type="stmt"/>
        <line num="156" count="1" type="stmt"/>
        <line num="157" count="1" type="stmt"/>
        <line num="159" count="1" type="stmt"/>
        <line num="160" count="1" type="stmt"/>
        <line num="162" count="1" type="stmt"/>
        <line num="163" count="1" type="stmt"/>
        <line num="165" count="1" type="stmt"/>
        <line num="166" count="1" type="stmt"/>
        <line num="168" count="1" type="stmt"/>
        <line num="169" count="1" type="cond" truecount="1" falsecount="1"/>
        <line num="171" count="1" type="stmt"/>
        <line num="172" count="1" type="cond" truecount="1" falsecount="1"/>
        <line num="176" count="1" type="stmt"/>
        <line num="177" count="1" type="stmt"/>
        <line num="178" count="1" type="stmt"/>
        <line num="179" count="0" type="stmt"/>
        <line num="184" count="1" type="stmt"/>
        <line num="187" count="1" type="stmt"/>
        <line num="193" count="1" type="stmt"/>
        <line num="194" count="1" type="stmt"/>
        <line num="197" count="1" type="stmt"/>
        <line num="198" count="0" type="stmt"/>
        <line num="200" count="1" type="stmt"/>
        <line num="201" count="0" type="stmt"/>
        <line num="203" count="1" type="stmt"/>
        <line num="204" count="0" type="stmt"/>
        <line num="206" count="1" type="stmt"/>
        <line num="207" count="1" type="stmt"/>
        <line num="211" count="1" type="stmt"/>
        <line num="214" count="0" type="stmt"/>
        <line num="219" count="1" type="stmt"/>
        <line num="222" count="0" type="stmt"/>
        <line num="227" count="1" type="stmt"/>
        <line num="230" count="0" type="stmt"/>
        <line num="235" count="1" type="stmt"/>
        <line num="238" count="0" type="stmt"/>
        <line num="243" count="1" type="stmt"/>
        <line num="246" count="0" type="stmt"/>
        <line num="251" count="1" type="stmt"/>
        <line num="252" count="0" type="stmt"/>
        <line num="254" count="1" type="stmt"/>
        <line num="255" count="0" type="stmt"/>
        <line num="258" count="1" type="stmt"/>
        <line num="260" count="1" type="stmt"/>
        <line num="261" count="1" type="stmt"/>
        <line num="265" count="1" type="stmt"/>
        <line num="271" count="1" type="stmt"/>
        <line num="272" count="9" type="cond" truecount="3" falsecount="0"/>
        <line num="273" count="7" type="stmt"/>
        <line num="274" count="7" type="stmt"/>
        <line num="278" count="1" type="stmt"/>
        <line num="282" count="1" type="stmt"/>
        <line num="283" count="1" type="stmt"/>
        <line num="287" count="1" type="cond" truecount="3" falsecount="0"/>
        <line num="288" count="1" type="stmt"/>
        <line num="292" count="1" type="stmt"/>
        <line num="293" count="1" type="stmt"/>
        <line num="297" count="1" type="stmt"/>
        <line num="298" count="1" type="stmt"/>
        <line num="302" count="1" type="stmt"/>
        <line num="306" count="1" type="stmt"/>
        <line num="310" count="1" type="stmt"/>
        <line num="315" count="1" type="stmt"/>
        <line num="316" count="1" type="stmt"/>
        <line num="317" count="1" type="stmt"/>
        <line num="318" count="1" type="stmt"/>
        <line num="319" count="1" type="stmt"/>
        <line num="322" count="1" type="stmt"/>
        <line num="323" count="1" type="stmt"/>
        <line num="324" count="0" type="stmt"/>
        <line num="327" count="1" type="stmt"/>
        <line num="333" count="1" type="stmt"/>
        <line num="334" count="1" type="stmt"/>
        <line num="344" count="0" type="stmt"/>
        <line num="345" count="1" type="stmt"/>
        <line num="348" count="1" type="stmt"/>
      </file>
      <file name="server-impl.ts" path="/home/ivar/code/unleash/src/lib/server-impl.ts">
        <metrics statements="97" coveredstatements="77" conditionals="13" coveredconditionals="7" methods="21" coveredmethods="10"/>
        <line num="1" count="1" type="stmt"/>
        <line num="2" count="1" type="stmt"/>
        <line num="3" count="1" type="stmt"/>
        <line num="4" count="1" type="stmt"/>
        <line num="5" count="1" type="stmt"/>
        <line num="6" count="1" type="stmt"/>
        <line num="7" count="1" type="stmt"/>
        <line num="8" count="1" type="stmt"/>
        <line num="9" count="1" type="stmt"/>
        <line num="10" count="1" type="stmt"/>
        <line num="11" count="1" type="stmt"/>
        <line num="12" count="1" type="stmt"/>
        <line num="13" count="1" type="stmt"/>
        <line num="22" count="1" type="stmt"/>
        <line num="24" count="1" type="stmt"/>
        <line num="25" count="1" type="stmt"/>
        <line num="26" count="1" type="stmt"/>
        <line num="27" count="1" type="stmt"/>
        <line num="28" count="1" type="stmt"/>
        <line num="31" count="1" type="stmt"/>
        <line num="32" count="1" type="stmt"/>
        <line num="33" count="1" type="stmt"/>
        <line num="40" count="6" type="stmt"/>
        <line num="41" count="6" type="stmt"/>
        <line num="42" count="6" type="stmt"/>
        <line num="43" count="6" type="stmt"/>
        <line num="44" count="6" type="stmt"/>
        <line num="46" count="6" type="stmt"/>
        <line num="47" count="6" type="stmt"/>
        <line num="49" count="6" type="stmt"/>
        <line num="50" count="6" type="stmt"/>
        <line num="51" count="6" type="cond" truecount="1" falsecount="0"/>
        <line num="52" count="5" type="stmt"/>
        <line num="53" count="5" type="stmt"/>
        <line num="55" count="6" type="stmt"/>
        <line num="56" count="6" type="stmt"/>
        <line num="57" count="6" type="stmt"/>
        <line num="58" count="6" type="stmt"/>
        <line num="61" count="6" type="cond" truecount="0" falsecount="1"/>
        <line num="62" count="0" type="stmt"/>
        <line num="64" count="0" type="stmt"/>
        <line num="66" count="6" type="stmt"/>
        <line num="68" count="6" type="cond" truecount="1" falsecount="0"/>
        <line num="69" count="1" type="stmt"/>
        <line num="71" count="6" type="stmt"/>
        <line num="79" count="6" type="stmt"/>
        <line num="88" count="6" type="cond" truecount="0" falsecount="1"/>
        <line num="89" count="0" type="stmt"/>
        <line num="97" count="6" type="cond" truecount="0" falsecount="1"/>
        <line num="98" count="0" type="stmt"/>
        <line num="103" count="6" type="stmt"/>
        <line num="104" count="6" type="cond" truecount="2" falsecount="0"/>
        <line num="105" count="5" type="stmt"/>
        <line num="107" count="5" type="stmt"/>
        <line num="112" count="5" type="stmt"/>
        <line num="113" count="5" type="stmt"/>
        <line num="114" count="5" type="stmt"/>
        <line num="115" count="5" type="stmt"/>
        <line num="118" count="5" type="stmt"/>
        <line num="121" count="5" type="stmt"/>
        <line num="123" count="1" type="stmt"/>
        <line num="129" count="5" type="stmt"/>
        <line num="130" count="5" type="stmt"/>
        <line num="132" count="5" type="stmt"/>
        <line num="133" count="5" type="cond" truecount="1" falsecount="1"/>
        <line num="134" count="0" type="stmt"/>
        <line num="136" count="5" type="stmt"/>
        <line num="137" count="5" type="stmt"/>
        <line num="138" count="5" type="stmt"/>
        <line num="141" count="0" type="stmt"/>
        <line num="142" count="0" type="stmt"/>
        <line num="145" count="5" type="stmt"/>
        <line num="146" count="5" type="cond" truecount="1" falsecount="0"/>
        <line num="147" count="5" type="stmt"/>
        <line num="149" count="5" type="stmt"/>
        <line num="153" count="1" type="stmt"/>
        <line num="154" count="1" type="stmt"/>
        <line num="156" count="1" type="stmt"/>
        <line num="157" count="1" type="cond" truecount="1" falsecount="1"/>
        <line num="158" count="0" type="stmt"/>
        <line num="160" count="1" type="stmt"/>
        <line num="163" count="0" type="stmt"/>
        <line num="164" count="0" type="stmt"/>
        <line num="166" count="1" type="stmt"/>
        <line num="169" count="1" type="stmt"/>
        <line num="175" count="5" type="stmt"/>
        <line num="176" count="1" type="stmt"/>
        <line num="177" count="0" type="stmt"/>
        <line num="178" count="0" type="stmt"/>
        <line num="179" count="0" type="stmt"/>
        <line num="180" count="0" type="stmt"/>
        <line num="181" count="0" type="stmt"/>
        <line num="182" count="0" type="stmt"/>
        <line num="183" count="0" type="stmt"/>
        <line num="184" count="0" type="stmt"/>
        <line num="185" count="0" type="stmt"/>
        <line num="186" count="0" type="stmt"/>
      </file>
    </package>
    <package name="src.lib.addons">
      <metrics statements="169" coveredstatements="138" conditionals="52" coveredconditionals="31" methods="45" coveredmethods="39"/>
      <file name="addon-schema.ts" path="/home/ivar/code/unleash/src/lib/addons/addon-schema.ts">
        <metrics statements="4" coveredstatements="4" conditionals="0" coveredconditionals="0" methods="1" coveredmethods="1"/>
        <line num="1" count="72" type="stmt"/>
        <line num="2" count="72" type="stmt"/>
        <line num="3" count="72" type="stmt"/>
        <line num="5" count="1505" type="stmt"/>
      </file>
      <file name="addon.ts" path="/home/ivar/code/unleash/src/lib/addons/addon.ts">
        <metrics statements="17" coveredstatements="15" conditionals="3" coveredconditionals="2" methods="5" coveredmethods="5"/>
        <line num="1" count="72" type="stmt"/>
        <line num="2" count="72" type="stmt"/>
        <line num="8" count="287" type="stmt"/>
        <line num="19" count="1505" type="stmt"/>
        <line num="20" count="1505" type="stmt"/>
        <line num="21" count="1505" type="cond" truecount="0" falsecount="1"/>
        <line num="22" count="0" type="stmt"/>
        <line num="26" count="0" type="stmt"/>
        <line num="28" count="1505" type="stmt"/>
        <line num="29" count="1505" type="stmt"/>
        <line num="33" count="1480" type="stmt"/>
        <line num="37" count="1556" type="stmt"/>
        <line num="46" count="4" type="stmt"/>
        <line num="47" count="4" type="stmt"/>
        <line num="53" count="3" type="stmt"/>
        <line num="55" count="1" type="stmt"/>
        <line num="57" count="1" type="stmt"/>
      </file>
      <file name="datadog-definition.ts" path="/home/ivar/code/unleash/src/lib/addons/datadog-definition.ts">
        <metrics statements="3" coveredstatements="3" conditionals="0" coveredconditionals="0" methods="1" coveredmethods="1"/>
        <line num="16" count="72" type="stmt"/>
        <line num="19" count="72" type="stmt"/>
        <line num="70" count="374" type="stmt"/>
      </file>
      <file name="datadog.ts" path="/home/ivar/code/unleash/src/lib/addons/datadog.ts">
        <metrics statements="14" coveredstatements="14" conditionals="3" coveredconditionals="1" methods="4" coveredmethods="3"/>
        <line num="1" count="72" type="stmt"/>
        <line num="3" count="72" type="stmt"/>
        <line num="9" count="72" type="stmt"/>
        <line num="12" count="374" type="stmt"/>
        <line num="16" count="374" type="stmt"/>
        <line num="17" count="374" type="stmt"/>
        <line num="26" count="4" type="stmt"/>
        <line num="28" count="4" type="stmt"/>
        <line num="30" count="4" type="stmt"/>
        <line num="32" count="4" type="cond" truecount="1" falsecount="1"/>
        <line num="33" count="4" type="stmt"/>
        <line num="39" count="4" type="stmt"/>
        <line num="47" count="4" type="stmt"/>
        <line num="48" count="4" type="stmt"/>
      </file>
      <file name="feature-event-formatter-md.ts" path="/home/ivar/code/unleash/src/lib/addons/feature-event-formatter-md.ts">
        <metrics statements="60" coveredstatements="32" conditionals="34" coveredconditionals="16" methods="14" coveredmethods="10"/>
        <line num="17" count="75" type="stmt"/>
        <line num="24" count="75" type="cond" truecount="2" falsecount="0"/>
        <line num="29" count="1129" type="stmt"/>
        <line num="35" count="1129" type="stmt"/>
        <line num="36" count="1129" type="stmt"/>
        <line num="40" count="6" type="stmt"/>
        <line num="41" count="6" type="cond" truecount="1" falsecount="1"/>
        <line num="42" count="6" type="stmt"/>
        <line num="43" count="6" type="stmt"/>
        <line num="47" count="15" type="cond" truecount="2" falsecount="0"/>
        <line num="48" count="7" type="stmt"/>
        <line num="50" count="8" type="stmt"/>
        <line num="55" count="0" type="stmt"/>
        <line num="56" count="0" type="stmt"/>
        <line num="57" count="0" type="stmt"/>
        <line num="59" count="0" type="cond" truecount="0" falsecount="1"/>
        <line num="60" count="0" type="stmt"/>
        <line num="62" count="0" type="stmt"/>
        <line num="66" count="3" type="stmt"/>
        <line num="68" count="3" type="cond" truecount="1" falsecount="1"/>
        <line num="69" count="3" type="stmt"/>
        <line num="70" count="3" type="stmt"/>
        <line num="74" count="0" type="stmt"/>
        <line num="75" count="0" type="stmt"/>
        <line num="76" count="0" type="stmt"/>
        <line num="77" count="0" type="cond" truecount="0" falsecount="2"/>
        <line num="78" count="0" type="stmt"/>
        <line num="79" count="0" type="cond" truecount="0" falsecount="2"/>
        <line num="80" count="0" type="stmt"/>
        <line num="81" count="0" type="cond" truecount="0" falsecount="1"/>
        <line num="82" count="0" type="stmt"/>
        <line num="84" count="0" type="stmt"/>
        <line num="88" count="0" type="stmt"/>
        <line num="89" count="0" type="stmt"/>
        <line num="90" count="0" type="stmt"/>
        <line num="94" count="0" type="stmt"/>
        <line num="95" count="0" type="stmt"/>
        <line num="99" count="26" type="cond" truecount="1" falsecount="0"/>
        <line num="100" count="26" type="cond" truecount="1" falsecount="0"/>
        <line num="101" count="10" type="cond" truecount="1" falsecount="0"/>
        <line num="102" count="5" type="stmt"/>
        <line num="104" count="5" type="stmt"/>
        <line num="107" count="16" type="stmt"/>
        <line num="111" count="6" type="stmt"/>
        <line num="113" count="6" type="stmt"/>
        <line num="115" count="0" type="stmt"/>
        <line num="117" count="0" type="stmt"/>
        <line num="119" count="0" type="stmt"/>
        <line num="124" count="6" type="stmt"/>
        <line num="125" count="6" type="stmt"/>
        <line num="126" count="6" type="stmt"/>
        <line num="127" count="6" type="stmt"/>
        <line num="131" count="15" type="stmt"/>
        <line num="134" count="6" type="stmt"/>
        <line num="137" count="0" type="stmt"/>
        <line num="140" count="3" type="stmt"/>
        <line num="144" count="0" type="stmt"/>
        <line num="146" count="0" type="stmt"/>
        <line num="148" count="0" type="stmt"/>
        <line num="150" count="6" type="stmt"/>
      </file>
      <file name="index.ts" path="/home/ivar/code/unleash/src/lib/addons/index.ts">
        <metrics statements="10" coveredstatements="10" conditionals="0" coveredconditionals="0" methods="3" coveredmethods="3"/>
        <line num="1" count="71" type="stmt"/>
        <line num="2" count="71" type="stmt"/>
        <line num="3" count="71" type="stmt"/>
        <line num="4" count="71" type="stmt"/>
        <line num="12" count="370" type="stmt"/>
        <line num="16" count="71" type="stmt"/>
        <line num="17" count="370" type="stmt"/>
        <line num="23" count="370" type="stmt"/>
        <line num="25" count="1480" type="stmt"/>
        <line num="26" count="1480" type="stmt"/>
      </file>
      <file name="slack-definition.ts" path="/home/ivar/code/unleash/src/lib/addons/slack-definition.ts">
        <metrics statements="3" coveredstatements="3" conditionals="0" coveredconditionals="0" methods="1" coveredmethods="1"/>
        <line num="16" count="73" type="stmt"/>
        <line num="19" count="73" type="stmt"/>
        <line num="89" count="381" type="stmt"/>
      </file>
      <file name="slack.ts" path="/home/ivar/code/unleash/src/lib/addons/slack.ts">
        <metrics statements="25" coveredstatements="24" conditionals="4" coveredconditionals="4" methods="8" coveredmethods="7"/>
        <line num="1" count="73" type="stmt"/>
        <line num="3" count="73" type="stmt"/>
        <line num="10" count="73" type="stmt"/>
        <line num="13" count="0" type="stmt"/>
        <line num="17" count="381" type="stmt"/>
        <line num="18" count="381" type="stmt"/>
        <line num="31" count="7" type="stmt"/>
        <line num="33" count="7" type="stmt"/>
        <line num="35" count="7" type="cond" truecount="1" falsecount="0"/>
        <line num="36" count="5" type="stmt"/>
        <line num="39" count="7" type="stmt"/>
        <line num="40" count="7" type="stmt"/>
        <line num="42" count="7" type="stmt"/>
        <line num="43" count="8" type="stmt"/>
        <line num="64" count="8" type="stmt"/>
        <line num="70" count="8" type="stmt"/>
        <line num="73" count="7" type="stmt"/>
        <line num="74" count="8" type="stmt"/>
        <line num="75" count="7" type="stmt"/>
        <line num="79" count="7" type="cond" truecount="1" falsecount="0"/>
        <line num="80" count="2" type="stmt"/>
        <line num="81" count="3" type="stmt"/>
        <line num="82" count="3" type="stmt"/>
        <line num="84" count="5" type="stmt"/>
        <line num="88" count="73" type="stmt"/>
      </file>
      <file name="teams-definition.ts" path="/home/ivar/code/unleash/src/lib/addons/teams-definition.ts">
        <metrics statements="3" coveredstatements="3" conditionals="0" coveredconditionals="0" methods="1" coveredmethods="1"/>
        <line num="16" count="72" type="stmt"/>
        <line num="19" count="72" type="stmt"/>
        <line num="52" count="374" type="stmt"/>
      </file>
      <file name="teams.ts" path="/home/ivar/code/unleash/src/lib/addons/teams.ts">
        <metrics statements="14" coveredstatements="14" conditionals="0" coveredconditionals="0" methods="3" coveredmethods="3"/>
        <line num="1" count="72" type="stmt"/>
        <line num="3" count="72" type="stmt"/>
        <line num="8" count="72" type="stmt"/>
        <line num="11" count="374" type="stmt"/>
        <line num="15" count="374" type="stmt"/>
        <line num="16" count="374" type="stmt"/>
        <line num="21" count="4" type="stmt"/>
        <line num="22" count="4" type="stmt"/>
        <line num="23" count="4" type="stmt"/>
        <line num="24" count="4" type="stmt"/>
        <line num="26" count="4" type="stmt"/>
        <line num="59" count="4" type="stmt"/>
        <line num="64" count="4" type="stmt"/>
        <line num="65" count="4" type="stmt"/>
      </file>
      <file name="webhook-definition.ts" path="/home/ivar/code/unleash/src/lib/addons/webhook-definition.ts">
        <metrics statements="3" coveredstatements="3" conditionals="0" coveredconditionals="0" methods="1" coveredmethods="1"/>
        <line num="27" count="72" type="stmt"/>
        <line num="30" count="72" type="stmt"/>
        <line num="111" count="373" type="stmt"/>
      </file>
      <file name="webhook.ts" path="/home/ivar/code/unleash/src/lib/addons/webhook.ts">
        <metrics statements="13" coveredstatements="13" conditionals="8" coveredconditionals="8" methods="3" coveredmethods="3"/>
        <line num="1" count="72" type="stmt"/>
        <line num="2" count="72" type="stmt"/>
        <line num="3" count="72" type="stmt"/>
        <line num="14" count="373" type="stmt"/>
        <line num="16" count="373" type="stmt"/>
        <line num="20" count="3" type="stmt"/>
        <line num="21" count="3" type="stmt"/>
        <line num="27" count="3" type="cond" truecount="4" falsecount="0"/>
        <line num="28" count="2" type="stmt"/>
        <line num="30" count="1" type="stmt"/>
        <line num="33" count="3" type="stmt"/>
        <line num="41" count="3" type="stmt"/>
        <line num="43" count="3" type="stmt"/>
      </file>
    </package>
    <package name="src.lib.db">
      <metrics statements="1636" coveredstatements="1332" conditionals="298" coveredconditionals="218" methods="693" coveredmethods="517"/>
      <file name="access-store.ts" path="/home/ivar/code/unleash/src/lib/db/access-store.ts">
        <metrics statements="80" coveredstatements="66" conditionals="6" coveredconditionals="5" methods="44" coveredmethods="33"/>
        <line num="3" count="80" type="stmt"/>
        <line num="4" count="80" type="stmt"/>
        <line num="15" count="80" type="stmt"/>
        <line num="19" count="80" type="stmt"/>
        <line num="21" count="80" type="stmt"/>
        <line num="45" count="104" type="stmt"/>
        <line num="53" count="104" type="stmt"/>
        <line num="54" count="104" type="stmt"/>
        <line num="55" count="104" type="stmt"/>
        <line num="56" count="214" type="stmt"/>
        <line num="63" count="0" type="stmt"/>
        <line num="67" count="0" type="stmt"/>
        <line num="73" count="0" type="stmt"/>
        <line num="77" count="0" type="stmt"/>
        <line num="78" count="0" type="stmt"/>
        <line num="82" count="16" type="stmt"/>
        <line num="88" count="16" type="cond" truecount="0" falsecount="1"/>
        <line num="89" count="0" type="stmt"/>
        <line num="92" count="16" type="stmt"/>
        <line num="96" count="0" type="stmt"/>
        <line num="100" count="0" type="stmt"/>
        <line num="105" count="0" type="stmt"/>
        <line num="109" count="0" type="stmt"/>
        <line num="118" count="203" type="stmt"/>
        <line num="119" count="203" type="stmt"/>
        <line num="132" count="203" type="stmt"/>
        <line num="133" count="203" type="stmt"/>
        <line num="147" count="203" type="stmt"/>
        <line num="148" count="203" type="stmt"/>
        <line num="149" count="203" type="stmt"/>
        <line num="153" count="9458" type="stmt"/>
        <line num="157" count="9458" type="cond" truecount="1" falsecount="0"/>
        <line num="158" count="7470" type="stmt"/>
        <line num="162" count="9458" type="stmt"/>
        <line num="166" count="9458" type="stmt"/>
        <line num="174" count="11" type="stmt"/>
        <line num="175" count="11" type="stmt"/>
        <line num="186" count="11" type="stmt"/>
        <line num="187" count="11" type="stmt"/>
        <line num="188" count="429" type="stmt"/>
        <line num="202" count="9" type="stmt"/>
        <line num="203" count="13" type="stmt"/>
        <line num="209" count="9" type="stmt"/>
        <line num="213" count="231" type="stmt"/>
        <line num="221" count="4" type="stmt"/>
        <line num="229" count="4" type="stmt"/>
        <line num="237" count="4" type="stmt"/>
        <line num="248" count="109" type="stmt"/>
        <line num="254" count="109" type="stmt"/>
        <line num="261" count="22" type="stmt"/>
        <line num="269" count="14" type="stmt"/>
        <line num="273" count="21" type="stmt"/>
        <line num="281" count="143" type="stmt"/>
        <line num="293" count="3" type="stmt"/>
        <line num="308" count="4" type="stmt"/>
        <line num="321" count="0" type="stmt"/>
        <line num="335" count="3" type="stmt"/>
        <line num="352" count="0" type="stmt"/>
        <line num="371" count="3" type="stmt"/>
        <line num="372" count="2" type="stmt"/>
        <line num="379" count="3" type="stmt"/>
        <line num="380" count="2" type="stmt"/>
        <line num="388" count="3" type="stmt"/>
        <line num="389" count="3" type="cond" truecount="1" falsecount="0"/>
        <line num="390" count="2" type="stmt"/>
        <line num="395" count="3" type="cond" truecount="1" falsecount="0"/>
        <line num="396" count="2" type="stmt"/>
        <line num="408" count="66" type="stmt"/>
        <line num="412" count="66" type="stmt"/>
        <line num="423" count="2" type="stmt"/>
        <line num="428" count="2" type="stmt"/>
        <line num="434" count="2" type="stmt"/>
        <line num="442" count="2" type="stmt"/>
        <line num="447" count="2" type="stmt"/>
        <line num="449" count="2" type="stmt"/>
        <line num="459" count="0" type="stmt"/>
        <line num="470" count="0" type="stmt"/>
        <line num="483" count="122" type="stmt"/>
        <line num="488" count="122" type="stmt"/>
        <line num="489" count="122" type="stmt"/>
      </file>
      <file name="addon-store.ts" path="/home/ivar/code/unleash/src/lib/db/addon-store.ts">
        <metrics statements="40" coveredstatements="33" conditionals="13" coveredconditionals="10" methods="14" coveredmethods="11"/>
        <line num="6" count="80" type="stmt"/>
        <line num="7" count="80" type="stmt"/>
        <line num="8" count="80" type="stmt"/>
        <line num="10" count="80" type="stmt"/>
        <line num="20" count="80" type="stmt"/>
        <line num="22" count="104" type="stmt"/>
        <line num="30" count="104" type="stmt"/>
        <line num="31" count="104" type="stmt"/>
        <line num="32" count="104" type="stmt"/>
        <line num="33" count="65" type="stmt"/>
        <line num="42" count="53" type="stmt"/>
        <line num="43" count="53" type="stmt"/>
        <line num="44" count="53" type="stmt"/>
        <line num="45" count="53" type="stmt"/>
        <line num="49" count="5" type="stmt"/>
        <line num="50" count="5" type="stmt"/>
        <line num="55" count="5" type="stmt"/>
        <line num="56" count="5" type="cond" truecount="2" falsecount="0"/>
        <line num="57" count="2" type="stmt"/>
        <line num="59" count="3" type="stmt"/>
        <line num="65" count="7" type="stmt"/>
        <line num="67" count="7" type="stmt"/>
        <line num="71" count="7" type="stmt"/>
        <line num="73" count="7" type="stmt"/>
        <line num="74" count="7" type="stmt"/>
        <line num="78" count="1" type="stmt"/>
        <line num="82" count="1" type="cond" truecount="0" falsecount="1"/>
        <line num="83" count="0" type="stmt"/>
        <line num="85" count="1" type="stmt"/>
        <line num="89" count="5" type="stmt"/>
        <line num="91" count="5" type="cond" truecount="1" falsecount="0"/>
        <line num="92" count="1" type="stmt"/>
        <line num="97" count="0" type="stmt"/>
        <line num="101" count="0" type="stmt"/>
        <line num="102" count="0" type="stmt"/>
        <line num="106" count="0" type="stmt"/>
        <line num="107" count="0" type="stmt"/>
        <line num="108" count="0" type="stmt"/>
        <line num="113" count="12" type="stmt"/>
        <line num="128" count="8" type="stmt"/>
      </file>
      <file name="api-token-store.ts" path="/home/ivar/code/unleash/src/lib/db/api-token-store.ts">
        <metrics statements="62" coveredstatements="55" conditionals="16" coveredconditionals="16" methods="22" coveredmethods="18"/>
        <line num="3" count="80" type="stmt"/>
        <line num="4" count="80" type="stmt"/>
        <line num="6" count="80" type="stmt"/>
        <line num="13" count="80" type="stmt"/>
        <line num="14" count="80" type="stmt"/>
        <line num="16" count="80" type="stmt"/>
        <line num="17" count="80" type="stmt"/>
        <line num="19" count="80" type="stmt"/>
        <line num="36" count="80" type="stmt"/>
        <line num="37" count="41" type="stmt"/>
        <line num="38" count="41" type="cond" truecount="1" falsecount="0"/>
        <line num="39" count="38" type="stmt"/>
        <line num="52" count="41" type="stmt"/>
        <line num="53" count="41" type="cond" truecount="1" falsecount="0"/>
        <line num="54" count="10" type="cond" truecount="1" falsecount="0"/>
        <line num="55" count="7" type="stmt"/>
        <line num="57" count="10" type="stmt"/>
        <line num="58" count="10" type="stmt"/>
        <line num="60" count="41" type="stmt"/>
        <line num="63" count="80" type="stmt"/>
        <line num="73" count="80" type="stmt"/>
        <line num="74" count="108" type="stmt"/>
        <line num="75" count="108" type="stmt"/>
        <line num="78" count="104" type="stmt"/>
        <line num="86" count="104" type="stmt"/>
        <line num="87" count="104" type="stmt"/>
        <line num="88" count="104" type="stmt"/>
        <line num="89" count="103" type="stmt"/>
        <line num="96" count="0" type="stmt"/>
        <line num="98" count="0" type="stmt"/>
        <line num="102" count="33" type="stmt"/>
        <line num="103" count="33" type="stmt"/>
        <line num="104" count="33" type="stmt"/>
        <line num="105" count="33" type="stmt"/>
        <line num="109" count="70" type="stmt"/>
        <line num="110" count="70" type="stmt"/>
        <line num="113" count="70" type="stmt"/>
        <line num="114" count="70" type="stmt"/>
        <line num="118" count="108" type="stmt"/>
        <line num="138" count="48" type="stmt"/>
        <line num="139" count="48" type="stmt"/>
        <line num="144" count="48" type="cond" truecount="2" falsecount="0"/>
        <line num="146" count="44" type="stmt"/>
        <line num="149" count="17" type="stmt"/>
        <line num="154" count="48" type="stmt"/>
        <line num="155" count="46" type="stmt"/>
        <line num="162" count="46" type="stmt"/>
        <line num="168" count="1" type="stmt"/>
        <line num="172" count="1" type="stmt"/>
        <line num="173" count="1" type="stmt"/>
        <line num="177" count="3" type="stmt"/>
        <line num="181" count="3" type="stmt"/>
        <line num="185" count="13" type="stmt"/>
        <line num="189" count="24" type="stmt"/>
        <line num="193" count="2" type="stmt"/>
        <line num="197" count="2" type="cond" truecount="1" falsecount="0"/>
        <line num="198" count="2" type="stmt"/>
        <line num="200" count="0" type="stmt"/>
        <line num="204" count="0" type="stmt"/>
        <line num="205" count="0" type="stmt"/>
        <line num="206" count="0" type="stmt"/>
        <line num="210" count="0" type="stmt"/>
      </file>
      <file name="client-applications-store.ts" path="/home/ivar/code/unleash/src/lib/db/client-applications-store.ts">
        <metrics statements="43" coveredstatements="35" conditionals="10" coveredconditionals="6" methods="19" coveredmethods="14"/>
        <line num="3" count="80" type="stmt"/>
        <line num="11" count="80" type="stmt"/>
        <line num="22" count="80" type="stmt"/>
        <line num="24" count="80" type="stmt"/>
        <line num="38" count="80" type="stmt"/>
        <line num="39" count="52" type="stmt"/>
        <line num="51" count="52" type="stmt"/>
        <line num="52" count="520" type="cond" truecount="1" falsecount="0"/>
        <line num="54" count="211" type="stmt"/>
        <line num="57" count="52" type="stmt"/>
        <line num="60" count="104" type="stmt"/>
        <line num="68" count="104" type="stmt"/>
        <line num="69" count="104" type="stmt"/>
        <line num="73" count="19" type="stmt"/>
        <line num="74" count="19" type="stmt"/>
        <line num="78" count="5" type="stmt"/>
        <line num="79" count="5" type="stmt"/>
        <line num="83" count="1" type="stmt"/>
        <line num="87" count="1" type="stmt"/>
        <line num="88" count="1" type="stmt"/>
        <line num="92" count="0" type="stmt"/>
        <line num="97" count="0" type="stmt"/>
        <line num="101" count="11" type="stmt"/>
        <line num="107" count="11" type="cond" truecount="0" falsecount="1"/>
        <line num="108" count="0" type="stmt"/>
        <line num="111" count="11" type="stmt"/>
        <line num="115" count="0" type="stmt"/>
        <line num="130" count="2" type="stmt"/>
        <line num="131" count="2" type="stmt"/>
        <line num="133" count="2" type="cond" truecount="0" falsecount="1"/>
        <line num="134" count="0" type="stmt"/>
        <line num="135" count="0" type="stmt"/>
        <line num="138" count="2" type="stmt"/>
        <line num="142" count="10" type="stmt"/>
        <line num="145" count="10" type="stmt"/>
        <line num="153" count="6" type="stmt"/>
        <line num="158" count="6" type="stmt"/>
        <line num="162" count="2" type="stmt"/>
        <line num="166" count="0" type="stmt"/>
        <line num="172" count="1" type="stmt"/>
        <line num="178" count="1" type="cond" truecount="0" falsecount="1"/>
        <line num="179" count="0" type="stmt"/>
        <line num="182" count="1" type="stmt"/>
      </file>
      <file name="client-instance-store.ts" path="/home/ivar/code/unleash/src/lib/db/client-instance-store.ts">
        <metrics statements="43" coveredstatements="31" conditionals="7" coveredconditionals="6" methods="20" coveredmethods="14"/>
        <line num="9" count="80" type="stmt"/>
        <line num="12" count="80" type="stmt"/>
        <line num="13" count="80" type="stmt"/>
        <line num="15" count="80" type="stmt"/>
        <line num="24" count="80" type="stmt"/>
        <line num="26" count="80" type="stmt"/>
        <line num="36" count="80" type="stmt"/>
        <line num="45" count="104" type="stmt"/>
        <line num="57" count="104" type="stmt"/>
        <line num="58" count="104" type="stmt"/>
        <line num="59" count="104" type="stmt"/>
        <line num="60" count="104" type="stmt"/>
        <line num="61" count="12" type="stmt"/>
        <line num="65" count="104" type="stmt"/>
        <line num="66" count="104" type="stmt"/>
        <line num="67" count="104" type="stmt"/>
        <line num="71" count="104" type="stmt"/>
        <line num="75" count="104" type="cond" truecount="0" falsecount="1"/>
        <line num="76" count="0" type="stmt"/>
        <line num="86" count="7" type="stmt"/>
        <line num="94" count="2" type="stmt"/>
        <line num="95" count="2" type="stmt"/>
        <line num="105" count="0" type="stmt"/>
        <line num="111" count="0" type="stmt"/>
        <line num="121" count="0" type="stmt"/>
        <line num="124" count="0" type="stmt"/>
        <line num="131" count="1" type="stmt"/>
        <line num="135" count="1" type="stmt"/>
        <line num="136" count="1" type="stmt"/>
        <line num="140" count="12" type="stmt"/>
        <line num="142" count="12" type="stmt"/>
        <line num="147" count="12" type="stmt"/>
        <line num="151" count="0" type="stmt"/>
        <line num="153" count="0" type="stmt"/>
        <line num="158" count="0" type="stmt"/>
        <line num="160" count="0" type="stmt"/>
        <line num="162" count="0" type="stmt"/>
        <line num="166" count="1" type="stmt"/>
        <line num="172" count="1" type="stmt"/>
        <line num="176" count="0" type="stmt"/>
        <line num="182" count="0" type="stmt"/>
        <line num="186" count="2" type="stmt"/>
        <line num="190" count="96" type="stmt"/>
      </file>
      <file name="client-metrics-store-v2.ts" path="/home/ivar/code/unleash/src/lib/db/client-metrics-store-v2.ts">
        <metrics statements="34" coveredstatements="34" conditionals="11" coveredconditionals="11" methods="16" coveredmethods="15"/>
        <line num="8" count="80" type="stmt"/>
        <line num="9" count="80" type="stmt"/>
        <line num="10" count="80" type="stmt"/>
        <line num="21" count="80" type="stmt"/>
        <line num="23" count="1554" type="stmt"/>
        <line num="32" count="1557" type="stmt"/>
        <line num="41" count="104" type="stmt"/>
        <line num="47" count="104" type="stmt"/>
        <line num="48" count="104" type="stmt"/>
        <line num="52" count="3" type="stmt"/>
        <line num="60" count="3" type="cond" truecount="1" falsecount="0"/>
        <line num="61" count="2" type="stmt"/>
        <line num="63" count="1" type="stmt"/>
        <line num="67" count="12" type="stmt"/>
        <line num="70" count="12" type="stmt"/>
        <line num="74" count="2" type="stmt"/>
        <line num="75" count="2" type="stmt"/>
        <line num="76" count="1" type="stmt"/>
        <line num="78" count="1" type="stmt"/>
        <line num="83" count="1" type="stmt"/>
        <line num="94" count="10" type="stmt"/>
        <line num="103" count="21" type="cond" truecount="3" falsecount="0"/>
        <line num="104" count="2" type="stmt"/>
        <line num="107" count="19" type="stmt"/>
        <line num="110" count="19" type="stmt"/>
        <line num="112" count="3024" type="cond" truecount="3" falsecount="0"/>
        <line num="118" count="19" type="stmt"/>
        <line num="122" count="19" type="stmt"/>
        <line num="123" count="19" type="stmt"/>
        <line num="130" count="10" type="stmt"/>
        <line num="134" count="10" type="stmt"/>
        <line num="141" count="3" type="stmt"/>
        <line num="153" count="1" type="stmt"/>
        <line num="162" count="1" type="stmt"/>
      </file>
      <file name="context-field-store.ts" path="/home/ivar/code/unleash/src/lib/db/context-field-store.ts">
        <metrics statements="21" coveredstatements="18" conditionals="4" coveredconditionals="3" methods="14" coveredmethods="12"/>
        <line num="10" count="80" type="stmt"/>
        <line num="18" count="80" type="stmt"/>
        <line num="29" count="668" type="stmt"/>
        <line num="53" count="104" type="stmt"/>
        <line num="54" count="104" type="stmt"/>
        <line num="60" count="642" type="stmt"/>
        <line num="70" count="1" type="stmt"/>
        <line num="75" count="1" type="stmt"/>
        <line num="79" count="23" type="stmt"/>
        <line num="87" count="200" type="stmt"/>
        <line num="93" count="0" type="stmt"/>
        <line num="97" count="0" type="stmt"/>
        <line num="98" count="0" type="stmt"/>
        <line num="103" count="540" type="stmt"/>
        <line num="107" count="540" type="stmt"/>
        <line num="111" count="102" type="stmt"/>
        <line num="116" count="102" type="stmt"/>
        <line num="120" count="1" type="stmt"/>
        <line num="124" count="4" type="stmt"/>
        <line num="126" count="4" type="stmt"/>
        <line num="129" count="104" type="stmt"/>
      </file>
      <file name="db-pool.ts" path="/home/ivar/code/unleash/src/lib/db/db-pool.ts">
        <metrics statements="8" coveredstatements="4" conditionals="0" coveredconditionals="0" methods="4" coveredmethods="1"/>
        <line num="1" count="81" type="stmt"/>
        <line num="4" count="0" type="stmt"/>
        <line num="8" count="214" type="stmt"/>
        <line num="9" count="214" type="stmt"/>
        <line num="20" count="0" type="stmt"/>
        <line num="21" count="0" type="stmt"/>
        <line num="22" count="0" type="stmt"/>
        <line num="28" count="81" type="stmt"/>
      </file>
      <file name="environment-store.ts" path="/home/ivar/code/unleash/src/lib/db/environment-store.ts">
        <metrics statements="55" coveredstatements="43" conditionals="14" coveredconditionals="5" methods="27" coveredmethods="21"/>
        <line num="4" count="80" type="stmt"/>
        <line num="5" count="80" type="stmt"/>
        <line num="11" count="80" type="stmt"/>
        <line num="13" count="80" type="stmt"/>
        <line num="35" count="80" type="stmt"/>
        <line num="45" count="1076" type="stmt"/>
        <line num="57" count="37" type="stmt"/>
        <line num="72" count="0" type="stmt"/>
        <line num="84" count="26" type="stmt"/>
        <line num="93" count="80" type="stmt"/>
        <line num="95" count="104" type="stmt"/>
        <line num="103" count="104" type="stmt"/>
        <line num="104" count="104" type="stmt"/>
        <line num="105" count="104" type="stmt"/>
        <line num="106" count="0" type="stmt"/>
        <line num="115" count="10" type="stmt"/>
        <line num="121" count="10" type="stmt"/>
        <line num="125" count="653" type="stmt"/>
        <line num="129" count="4" type="stmt"/>
        <line num="132" count="4" type="stmt"/>
        <line num="136" count="5" type="stmt"/>
        <line num="139" count="5" type="cond" truecount="1" falsecount="0"/>
        <line num="140" count="3" type="stmt"/>
        <line num="142" count="2" type="stmt"/>
        <line num="146" count="143" type="stmt"/>
        <line num="152" count="143" type="cond" truecount="1" falsecount="0"/>
        <line num="153" count="49" type="stmt"/>
        <line num="155" count="143" type="stmt"/>
        <line num="156" count="143" type="stmt"/>
        <line num="160" count="6" type="stmt"/>
        <line num="177" count="6" type="cond" truecount="0" falsecount="1"/>
        <line num="178" count="0" type="stmt"/>
        <line num="180" count="6" type="stmt"/>
        <line num="181" count="6" type="stmt"/>
        <line num="187" count="0" type="stmt"/>
        <line num="203" count="0" type="stmt"/>
        <line num="204" count="0" type="stmt"/>
        <line num="208" count="148" type="stmt"/>
        <line num="212" count="148" type="stmt"/>
        <line num="213" count="148" type="stmt"/>
        <line num="217" count="0" type="stmt"/>
        <line num="220" count="0" type="cond" truecount="0" falsecount="1"/>
        <line num="221" count="0" type="stmt"/>
        <line num="225" count="0" type="stmt"/>
        <line num="233" count="10" type="stmt"/>
        <line num="241" count="2" type="stmt"/>
        <line num="252" count="0" type="stmt"/>
        <line num="257" count="0" type="stmt"/>
        <line num="261" count="4748" type="stmt"/>
        <line num="265" count="802" type="stmt"/>
        <line num="269" count="3" type="stmt"/>
        <line num="275" count="14" type="stmt"/>
        <line num="280" count="3" type="stmt"/>
        <line num="286" count="3" type="stmt"/>
        <line num="291" count="7" type="stmt"/>
      </file>
      <file name="event-store.ts" path="/home/ivar/code/unleash/src/lib/db/event-store.ts">
        <metrics statements="63" coveredstatements="58" conditionals="19" coveredconditionals="13" methods="20" coveredmethods="19"/>
        <line num="7" count="81" type="stmt"/>
        <line num="9" count="81" type="stmt"/>
        <line num="35" count="81" type="stmt"/>
        <line num="43" count="106" type="stmt"/>
        <line num="44" count="106" type="stmt"/>
        <line num="45" count="106" type="stmt"/>
        <line num="49" count="778" type="stmt"/>
        <line num="50" count="778" type="stmt"/>
        <line num="53" count="771" type="stmt"/>
        <line num="54" count="771" type="stmt"/>
        <line num="56" count="7" type="stmt"/>
        <line num="61" count="2" type="stmt"/>
        <line num="64" count="2" type="cond" truecount="1" falsecount="1"/>
        <line num="65" count="2" type="stmt"/>
        <line num="67" count="0" type="stmt"/>
        <line num="72" count="8" type="stmt"/>
        <line num="73" count="8" type="cond" truecount="0" falsecount="1"/>
        <line num="74" count="0" type="stmt"/>
        <line num="76" count="8" type="cond" truecount="1" falsecount="0"/>
        <line num="77" count="1" type="stmt"/>
        <line num="79" count="8" type="cond" truecount="1" falsecount="0"/>
        <line num="80" count="3" type="stmt"/>
        <line num="82" count="8" type="stmt"/>
        <line num="83" count="8" type="cond" truecount="1" falsecount="1"/>
        <line num="84" count="8" type="stmt"/>
        <line num="86" count="0" type="stmt"/>
        <line num="91" count="42" type="stmt"/>
        <line num="92" count="42" type="stmt"/>
        <line num="95" count="42" type="stmt"/>
        <line num="96" count="42" type="stmt"/>
        <line num="97" count="93" type="stmt"/>
        <line num="100" count="0" type="stmt"/>
        <line num="105" count="1" type="stmt"/>
        <line num="109" count="718" type="stmt"/>
        <line num="115" count="1" type="stmt"/>
        <line num="119" count="1" type="stmt"/>
        <line num="120" count="1" type="stmt"/>
        <line num="124" count="1" type="stmt"/>
        <line num="125" count="1" type="stmt"/>
        <line num="129" count="5" type="stmt"/>
        <line num="133" count="15" type="stmt"/>
        <line num="134" count="15" type="stmt"/>
        <line num="139" count="15" type="cond" truecount="0" falsecount="1"/>
        <line num="140" count="0" type="stmt"/>
        <line num="142" count="15" type="stmt"/>
        <line num="143" count="14" type="stmt"/>
        <line num="145" count="1" type="stmt"/>
        <line num="150" count="14" type="stmt"/>
        <line num="157" count="14" type="cond" truecount="1" falsecount="0"/>
        <line num="158" count="6" type="stmt"/>
        <line num="163" count="14" type="cond" truecount="1" falsecount="0"/>
        <line num="164" count="1" type="stmt"/>
        <line num="169" count="14" type="cond" truecount="1" falsecount="0"/>
        <line num="170" count="3" type="stmt"/>
        <line num="175" count="14" type="cond" truecount="1" falsecount="0"/>
        <line num="176" count="2" type="stmt"/>
        <line num="177" count="2" type="stmt"/>
        <line num="185" count="14" type="stmt"/>
        <line num="186" count="14" type="stmt"/>
        <line num="188" count="1" type="stmt"/>
        <line num="193" count="1119" type="stmt"/>
        <line num="208" count="871" type="stmt"/>
        <line num="222" count="106" type="stmt"/>
      </file>
      <file name="favorite-features-store.ts" path="/home/ivar/code/unleash/src/lib/db/favorite-features-store.ts">
        <metrics statements="18" coveredstatements="11" conditionals="0" coveredconditionals="0" methods="10" coveredmethods="6"/>
        <line num="8" count="80" type="stmt"/>
        <line num="18" count="80" type="stmt"/>
        <line num="19" count="4" type="stmt"/>
        <line num="26" count="104" type="stmt"/>
        <line num="34" count="104" type="stmt"/>
        <line num="35" count="104" type="stmt"/>
        <line num="36" count="104" type="stmt"/>
        <line num="43" count="4" type="stmt"/>
        <line num="51" count="4" type="stmt"/>
        <line num="55" count="1" type="stmt"/>
        <line num="61" count="8" type="stmt"/>
        <line num="67" count="0" type="stmt"/>
        <line num="71" count="0" type="stmt"/>
        <line num="72" count="0" type="stmt"/>
        <line num="79" count="0" type="stmt"/>
        <line num="85" count="0" type="stmt"/>
        <line num="89" count="0" type="stmt"/>
        <line num="92" count="0" type="stmt"/>
      </file>
      <file name="favorite-projects-store.ts" path="/home/ivar/code/unleash/src/lib/db/favorite-projects-store.ts">
        <metrics statements="18" coveredstatements="13" conditionals="0" coveredconditionals="0" methods="10" coveredmethods="6"/>
        <line num="10" count="80" type="stmt"/>
        <line num="20" count="80" type="stmt"/>
        <line num="21" count="4" type="stmt"/>
        <line num="28" count="104" type="stmt"/>
        <line num="36" count="104" type="stmt"/>
        <line num="37" count="104" type="stmt"/>
        <line num="38" count="104" type="stmt"/>
        <line num="45" count="4" type="stmt"/>
        <line num="53" count="4" type="stmt"/>
        <line num="57" count="1" type="stmt"/>
        <line num="63" count="0" type="stmt"/>
        <line num="69" count="6" type="stmt"/>
        <line num="73" count="6" type="stmt"/>
        <line num="74" count="6" type="stmt"/>
        <line num="81" count="0" type="stmt"/>
        <line num="87" count="0" type="stmt"/>
        <line num="91" count="0" type="stmt"/>
        <line num="94" count="0" type="stmt"/>
      </file>
      <file name="feature-environment-store.ts" path="/home/ivar/code/unleash/src/lib/db/feature-environment-store.ts">
        <metrics statements="85" coveredstatements="49" conditionals="21" coveredconditionals="11" methods="37" coveredmethods="23"/>
        <line num="8" count="80" type="stmt"/>
        <line num="9" count="80" type="stmt"/>
        <line num="11" count="80" type="stmt"/>
        <line num="12" count="80" type="stmt"/>
        <line num="14" count="80" type="stmt"/>
        <line num="32" count="104" type="stmt"/>
        <line num="40" count="104" type="stmt"/>
        <line num="41" count="104" type="stmt"/>
        <line num="42" count="104" type="stmt"/>
        <line num="43" count="0" type="stmt"/>
        <line num="53" count="0" type="stmt"/>
        <line num="60" count="0" type="stmt"/>
        <line num="69" count="0" type="stmt"/>
        <line num="73" count="0" type="stmt"/>
        <line num="74" count="0" type="stmt"/>
        <line num="81" count="0" type="stmt"/>
        <line num="85" count="0" type="cond" truecount="0" falsecount="1"/>
        <line num="86" count="0" type="stmt"/>
        <line num="93" count="0" type="stmt"/>
        <line num="99" count="17" type="stmt"/>
        <line num="100" count="17" type="cond" truecount="1" falsecount="0"/>
        <line num="101" count="4" type="stmt"/>
        <line num="103" count="105" type="stmt"/>
        <line num="115" count="0" type="stmt"/>
        <line num="119" count="0" type="stmt"/>
        <line num="120" count="0" type="cond" truecount="0" falsecount="1"/>
        <line num="121" count="0" type="stmt"/>
        <line num="132" count="7206" type="stmt"/>
        <line num="143" count="12" type="stmt"/>
        <line num="146" count="12" type="stmt"/>
        <line num="150" count="12" type="stmt"/>
        <line num="160" count="67" type="stmt"/>
        <line num="164" count="67" type="stmt"/>
        <line num="165" count="67" type="stmt"/>
        <line num="171" count="6" type="stmt"/>
        <line num="175" count="6" type="cond" truecount="1" falsecount="0"/>
        <line num="176" count="6" type="stmt"/>
        <line num="183" count="0" type="stmt"/>
        <line num="190" count="0" type="stmt"/>
        <line num="194" count="0" type="cond" truecount="0" falsecount="1"/>
        <line num="195" count="0" type="stmt"/>
        <line num="201" count="0" type="stmt"/>
        <line num="210" count="3" type="stmt"/>
        <line num="214" count="3" type="stmt"/>
        <line num="221" count="0" type="stmt"/>
        <line num="231" count="50" type="stmt"/>
        <line num="243" count="194" type="stmt"/>
        <line num="247" count="194" type="cond" truecount="1" falsecount="1"/>
        <line num="248" count="0" type="stmt"/>
        <line num="250" count="194" type="stmt"/>
        <line num="258" count="27" type="stmt"/>
        <line num="263" count="46" type="stmt"/>
        <line num="268" count="27" type="cond" truecount="1" falsecount="0"/>
        <line num="269" count="16" type="stmt"/>
        <line num="280" count="12" type="stmt"/>
        <line num="290" count="2" type="stmt"/>
        <line num="302" count="2" type="stmt"/>
        <line num="303" count="16" type="stmt"/>
        <line num="304" count="16" type="stmt"/>
        <line num="312" count="2" type="cond" truecount="1" falsecount="0"/>
        <line num="313" count="2" type="stmt"/>
        <line num="325" count="196" type="stmt"/>
        <line num="328" count="196" type="stmt"/>
        <line num="330" count="301" type="stmt"/>
        <line num="347" count="0" type="stmt"/>
        <line num="359" count="15" type="cond" truecount="1" falsecount="1"/>
        <line num="360" count="15" type="stmt"/>
        <line num="361" count="15" type="stmt"/>
        <line num="375" count="136" type="cond" truecount="1" falsecount="1"/>
        <line num="376" count="136" type="stmt"/>
        <line num="377" count="136" type="stmt"/>
        <line num="392" count="0" type="stmt"/>
        <line num="398" count="0" type="stmt"/>
        <line num="400" count="0" type="stmt"/>
        <line num="413" count="0" type="cond" truecount="0" falsecount="1"/>
        <line num="414" count="0" type="stmt"/>
        <line num="416" count="0" type="stmt"/>
        <line num="418" count="0" type="stmt"/>
        <line num="419" count="0" type="stmt"/>
        <line num="420" count="0" type="stmt"/>
        <line num="426" count="0" type="stmt"/>
        <line num="437" count="0" type="stmt"/>
        <line num="439" count="0" type="stmt"/>
        <line num="448" count="0" type="cond" truecount="0" falsecount="1"/>
        <line num="449" count="0" type="stmt"/>
      </file>
      <file name="feature-strategy-store.ts" path="/home/ivar/code/unleash/src/lib/db/feature-strategy-store.ts">
        <metrics statements="161" coveredstatements="137" conditionals="50" coveredconditionals="34" methods="47" coveredmethods="35"/>
        <line num="3" count="80" type="stmt"/>
        <line num="4" count="80" type="stmt"/>
        <line num="5" count="80" type="stmt"/>
        <line num="7" count="80" type="stmt"/>
        <line num="20" count="80" type="stmt"/>
        <line num="21" count="80" type="stmt"/>
        <line num="22" count="80" type="stmt"/>
        <line num="27" count="80" type="stmt"/>
        <line num="45" count="80" type="stmt"/>
        <line num="72" count="27807" type="stmt"/>
        <line num="86" count="27545" type="stmt"/>
        <line num="108" count="2" type="stmt"/>
        <line num="109" count="2" type="cond" truecount="1" falsecount="0"/>
        <line num="110" count="2" type="stmt"/>
        <line num="112" count="2" type="cond" truecount="1" falsecount="0"/>
        <line num="113" count="2" type="stmt"/>
        <line num="115" count="2" type="cond" truecount="2" falsecount="0"/>
        <line num="116" count="2" type="stmt"/>
        <line num="134" count="104" type="stmt"/>
        <line num="135" count="104" type="stmt"/>
        <line num="136" count="104" type="stmt"/>
        <line num="137" count="72" type="stmt"/>
        <line num="141" count="104" type="stmt"/>
        <line num="145" count="0" type="stmt"/>
        <line num="149" count="1338" type="stmt"/>
        <line num="155" count="0" type="stmt"/>
        <line num="159" count="0" type="stmt"/>
        <line num="160" count="0" type="stmt"/>
        <line num="164" count="2" type="stmt"/>
        <line num="168" count="2" type="cond" truecount="0" falsecount="1"/>
        <line num="169" count="0" type="stmt"/>
        <line num="172" count="2" type="stmt"/>
        <line num="178" count="27545" type="stmt"/>
        <line num="179" count="27545" type="stmt"/>
        <line num="182" count="27545" type="stmt"/>
        <line num="189" count="3" type="stmt"/>
        <line num="195" count="20" type="stmt"/>
        <line num="196" count="20" type="stmt"/>
        <line num="200" count="20" type="stmt"/>
        <line num="201" count="20" type="stmt"/>
        <line num="209" count="21" type="stmt"/>
        <line num="210" count="21" type="stmt"/>
        <line num="220" count="21" type="stmt"/>
        <line num="221" count="21" type="stmt"/>
        <line num="229" count="28" type="stmt"/>
        <line num="242" count="3" type="stmt"/>
        <line num="256" count="31" type="stmt"/>
        <line num="257" count="31" type="stmt"/>
        <line num="261" count="31" type="stmt"/>
        <line num="262" count="31" type="cond" truecount="3" falsecount="0"/>
        <line num="263" count="8" type="stmt"/>
        <line num="264" count="8" type="stmt"/>
        <line num="269" count="8" type="stmt"/>
        <line num="276" count="31" type="stmt"/>
        <line num="277" count="31" type="stmt"/>
        <line num="278" count="31" type="cond" truecount="1" falsecount="0"/>
        <line num="279" count="29" type="stmt"/>
        <line num="280" count="43" type="cond" truecount="1" falsecount="0"/>
        <line num="281" count="29" type="stmt"/>
        <line num="284" count="43" type="stmt"/>
        <line num="285" count="43" type="stmt"/>
        <line num="286" count="43" type="stmt"/>
        <line num="287" count="43" type="stmt"/>
        <line num="288" count="43" type="stmt"/>
        <line num="289" count="43" type="stmt"/>
        <line num="291" count="43" type="stmt"/>
        <line num="292" count="43" type="stmt"/>
        <line num="293" count="43" type="stmt"/>
        <line num="294" count="43" type="cond" truecount="1" falsecount="0"/>
        <line num="295" count="40" type="stmt"/>
        <line num="299" count="43" type="stmt"/>
        <line num="301" count="43" type="cond" truecount="1" falsecount="1"/>
        <line num="302" count="43" type="stmt"/>
        <line num="303" count="43" type="cond" truecount="1" falsecount="0"/>
        <line num="304" count="8" type="stmt"/>
        <line num="306" count="43" type="stmt"/>
        <line num="308" count="43" type="stmt"/>
        <line num="309" count="43" type="stmt"/>
        <line num="310" count="43" type="stmt"/>
        <line num="311" count="43" type="cond" truecount="1" falsecount="0"/>
        <line num="312" count="40" type="stmt"/>
        <line num="314" count="43" type="cond" truecount="1" falsecount="0"/>
        <line num="315" count="24" type="stmt"/>
        <line num="316" count="3" type="stmt"/>
        <line num="318" count="24" type="cond" truecount="1" falsecount="0"/>
        <line num="319" count="22" type="stmt"/>
        <line num="324" count="43" type="cond" truecount="1" falsecount="0"/>
        <line num="325" count="6" type="stmt"/>
        <line num="327" count="43" type="stmt"/>
        <line num="328" count="43" type="stmt"/>
        <line num="330" count="29" type="stmt"/>
        <line num="334" count="11" type="stmt"/>
        <line num="336" count="29" type="stmt"/>
        <line num="337" count="40" type="stmt"/>
        <line num="338" count="1" type="stmt"/>
        <line num="340" count="40" type="stmt"/>
        <line num="342" count="29" type="stmt"/>
        <line num="343" count="29" type="stmt"/>
        <line num="345" count="2" type="stmt"/>
        <line num="354" count="6" type="stmt"/>
        <line num="355" count="6" type="stmt"/>
        <line num="357" count="6" type="cond" truecount="0" falsecount="1"/>
        <line num="358" count="0" type="stmt"/>
        <line num="360" count="6" type="cond" truecount="1" falsecount="0"/>
        <line num="361" count="4" type="stmt"/>
        <line num="363" count="6" type="stmt"/>
        <line num="367" count="42" type="stmt"/>
        <line num="379" count="0" type="cond" truecount="0" falsecount="2"/>
        <line num="380" count="0" type="stmt"/>
        <line num="381" count="0" type="stmt"/>
        <line num="388" count="42" type="stmt"/>
        <line num="393" count="0" type="cond" truecount="0" falsecount="2"/>
        <line num="399" count="0" type="stmt"/>
        <line num="410" count="13" type="stmt"/>
        <line num="424" count="13" type="stmt"/>
        <line num="436" count="13" type="cond" truecount="0" falsecount="1"/>
        <line num="437" count="0" type="stmt"/>
        <line num="442" count="0" type="stmt"/>
        <line num="448" count="13" type="cond" truecount="3" falsecount="0"/>
        <line num="449" count="6" type="stmt"/>
        <line num="450" count="6" type="stmt"/>
        <line num="456" count="6" type="stmt"/>
        <line num="464" count="13" type="stmt"/>
        <line num="466" count="13" type="stmt"/>
        <line num="468" count="13" type="cond" truecount="1" falsecount="0"/>
        <line num="469" count="11" type="stmt"/>
        <line num="470" count="42" type="cond" truecount="2" falsecount="0"/>
        <line num="471" count="18" type="stmt"/>
        <line num="474" count="18" type="cond" truecount="0" falsecount="1"/>
        <line num="475" count="0" type="stmt"/>
        <line num="478" count="24" type="stmt"/>
        <line num="489" count="24" type="cond" truecount="0" falsecount="1"/>
        <line num="490" count="0" type="stmt"/>
        <line num="493" count="42" type="stmt"/>
        <line num="496" count="24" type="stmt"/>
        <line num="499" count="42" type="stmt"/>
        <line num="501" count="35" type="cond" truecount="1" falsecount="0"/>
        <line num="502" count="4" type="stmt"/>
        <line num="504" count="31" type="stmt"/>
        <line num="508" count="2" type="stmt"/>
        <line num="512" count="5" type="stmt"/>
        <line num="513" count="5" type="cond" truecount="1" falsecount="0"/>
        <line num="514" count="5" type="stmt"/>
        <line num="516" count="0" type="stmt"/>
        <line num="520" count="0" type="stmt"/>
        <line num="529" count="2" type="stmt"/>
        <line num="530" count="2" type="stmt"/>
        <line num="534" count="2" type="stmt"/>
        <line num="541" count="22" type="stmt"/>
        <line num="548" count="22" type="cond" truecount="0" falsecount="1"/>
        <line num="549" count="0" type="stmt"/>
        <line num="551" count="22" type="stmt"/>
        <line num="558" count="0" type="stmt"/>
        <line num="567" count="4" type="stmt"/>
[...]
        <line num="12" count="6231" type="stmt"/>
        <line num="17" count="6231" type="cond" truecount="0" falsecount="1"/>
        <line num="18" count="0" type="stmt"/>
        <line num="20" count="6231" type="cond" truecount="0" falsecount="1"/>
        <line num="21" count="0" type="stmt"/>
        <line num="23" count="6231" type="stmt"/>
        <line num="26" count="261498" type="stmt"/>
        <line num="30" count="261498" type="cond" truecount="1" falsecount="0"/>
        <line num="31" count="7006" type="stmt"/>
        <line num="33" count="254492" type="cond" truecount="3" falsecount="0"/>
        <line num="34" count="162" type="stmt"/>
        <line num="36" count="254330" type="stmt"/>
        <line num="39" count="0" type="cond" truecount="0" falsecount="1"/>
        <line num="40" count="0" type="stmt"/>
        <line num="43" count="0" type="stmt"/>
        <line num="44" count="0" type="stmt"/>
      </file>
      <file name="index.ts" path="/home/ivar/code/unleash/src/lib/util/feature-evaluator/index.ts">
        <metrics statements="6" coveredstatements="6" conditionals="0" coveredconditionals="0" methods="5" coveredmethods="2"/>
        <line num="1" count="155" type="stmt"/>
        <line num="2" count="155" type="stmt"/>
        <line num="3" count="155" type="stmt"/>
        <line num="5" count="155" type="stmt"/>
        <line num="8" count="155" type="stmt"/>
        <line num="9" count="1106" type="stmt"/>
      </file>
      <file name="variant.ts" path="/home/ivar/code/unleash/src/lib/util/feature-evaluator/variant.ts">
        <metrics statements="41" coveredstatements="34" conditionals="17" coveredconditionals="9" methods="16" coveredmethods="14"/>
        <line num="4" count="155" type="stmt"/>
        <line num="5" count="155" type="stmt"/>
        <line num="7" count="155" type="cond" truecount="2" falsecount="0"/>
        <line num="35" count="6219" type="stmt"/>
        <line num="36" count="6219" type="stmt"/>
        <line num="43" count="182" type="stmt"/>
        <line num="46" count="155" type="stmt"/>
        <line num="48" count="527" type="cond" truecount="0" falsecount="1"/>
        <line num="49" count="0" type="stmt"/>
        <line num="50" count="0" type="cond" truecount="0" falsecount="2"/>
        <line num="53" count="527" type="stmt"/>
        <line num="54" count="948" type="stmt"/>
        <line num="55" count="948" type="cond" truecount="3" falsecount="0"/>
        <line num="56" count="345" type="stmt"/>
        <line num="57" count="345" type="stmt"/>
        <line num="59" count="603" type="stmt"/>
        <line num="61" count="527" type="cond" truecount="2" falsecount="0"/>
        <line num="65" count="2794" type="stmt"/>
        <line num="66" count="0" type="stmt"/>
        <line num="67" count="0" type="stmt"/>
        <line num="75" count="527" type="stmt"/>
        <line num="76" count="2794" type="stmt"/>
        <line num="78" count="2794" type="stmt"/>
        <line num="82" count="527" type="stmt"/>
        <line num="86" count="2794" type="stmt"/>
        <line num="87" count="527" type="cond" truecount="0" falsecount="1"/>
        <line num="88" count="0" type="stmt"/>
        <line num="90" count="527" type="stmt"/>
        <line num="91" count="527" type="cond" truecount="0" falsecount="1"/>
        <line num="92" count="0" type="stmt"/>
        <line num="95" count="527" type="stmt"/>
        <line num="97" count="527" type="stmt"/>
        <line num="103" count="527" type="stmt"/>
        <line num="104" count="527" type="stmt"/>
        <line num="106" count="1615" type="cond" truecount="0" falsecount="1"/>
        <line num="107" count="0" type="stmt"/>
        <line num="109" count="1615" type="stmt"/>
        <line num="110" count="1615" type="cond" truecount="1" falsecount="0"/>
        <line num="111" count="1088" type="stmt"/>
        <line num="113" count="527" type="stmt"/>
        <line num="116" count="527" type="cond" truecount="1" falsecount="1"/>
      </file>
    </package>
    <package name="src.lib.util.feature-evaluator.repository">
      <metrics statements="41" coveredstatements="36" conditionals="6" coveredconditionals="5" methods="23" coveredmethods="20"/>
      <file name="bootstrap-provider.ts" path="/home/ivar/code/unleash/src/lib/util/feature-evaluator/repository/bootstrap-provider.ts">
        <metrics statements="8" coveredstatements="6" conditionals="1" coveredconditionals="1" methods="5" coveredmethods="4"/>
        <line num="13" count="0" type="stmt"/>
        <line num="19" count="1106" type="stmt"/>
        <line num="20" count="1106" type="stmt"/>
        <line num="24" count="1106" type="cond" truecount="1" falsecount="0"/>
        <line num="25" count="1106" type="stmt"/>
        <line num="31" count="0" type="stmt"/>
        <line num="35" count="1106" type="stmt"/>
        <line num="38" count="1106" type="stmt"/>
      </file>
      <file name="index.ts" path="/home/ivar/code/unleash/src/lib/util/feature-evaluator/repository/index.ts">
        <metrics statements="28" coveredstatements="26" conditionals="5" coveredconditionals="4" methods="15" coveredmethods="14"/>
        <line num="23" count="1106" type="stmt"/>
        <line num="32" count="1106" type="stmt"/>
        <line num="41" count="1106" type="stmt"/>
        <line num="42" count="1106" type="stmt"/>
        <line num="43" count="1106" type="stmt"/>
        <line num="44" count="1106" type="stmt"/>
        <line num="48" count="1106" type="stmt"/>
        <line num="52" count="1106" type="cond" truecount="1" falsecount="0"/>
        <line num="53" count="18" type="stmt"/>
        <line num="55" count="2211" type="stmt"/>
        <line num="59" count="1106" type="stmt"/>
        <line num="60" count="1106" type="stmt"/>
        <line num="62" count="1106" type="stmt"/>
        <line num="66" count="1106" type="stmt"/>
        <line num="70" count="1106" type="stmt"/>
        <line num="71" count="1106" type="stmt"/>
        <line num="73" count="1106" type="cond" truecount="3" falsecount="0"/>
        <line num="74" count="1106" type="stmt"/>
        <line num="82" count="1106" type="stmt"/>
        <line num="87" count="6231" type="stmt"/>
        <line num="88" count="6231" type="stmt"/>
        <line num="89" count="6231" type="stmt"/>
        <line num="94" count="1106" type="stmt"/>
        <line num="98" count="0" type="cond" truecount="0" falsecount="1"/>
        <line num="99" count="0" type="stmt"/>
        <line num="104" count="38034" type="stmt"/>
        <line num="108" count="12450" type="stmt"/>
        <line num="112" count="6211" type="stmt"/>
      </file>
      <file name="storage-provider-in-mem.ts" path="/home/ivar/code/unleash/src/lib/util/feature-evaluator/repository/storage-provider-in-mem.ts">
        <metrics statements="5" coveredstatements="4" conditionals="0" coveredconditionals="0" methods="3" coveredmethods="2"/>
        <line num="3" count="1106" type="stmt"/>
        <line num="4" count="1106" type="stmt"/>
        <line num="7" count="1106" type="stmt"/>
        <line num="8" count="1106" type="stmt"/>
        <line num="12" count="0" type="stmt"/>
      </file>
    </package>
    <package name="src.lib.util.feature-evaluator.strategy">
      <metrics statements="138" coveredstatements="107" conditionals="54" coveredconditionals="32" methods="46" coveredmethods="37"/>
      <file name="application-hostname-strategy.ts" path="/home/ivar/code/unleash/src/lib/util/feature-evaluator/strategy/application-hostname-strategy.ts">
        <metrics statements="8" coveredstatements="5" conditionals="4" coveredconditionals="2" methods="3" coveredmethods="2"/>
        <line num="1" count="155" type="stmt"/>
        <line num="2" count="155" type="stmt"/>
        <line num="4" count="155" type="stmt"/>
        <line num="8" count="155" type="stmt"/>
        <line num="9" count="155" type="stmt"/>
        <line num="17" count="0" type="cond" truecount="0" falsecount="1"/>
        <line num="18" count="0" type="stmt"/>
        <line num="21" count="0" type="stmt"/>
      </file>
      <file name="default-strategy.ts" path="/home/ivar/code/unleash/src/lib/util/feature-evaluator/strategy/default-strategy.ts">
        <metrics statements="4" coveredstatements="4" conditionals="0" coveredconditionals="0" methods="3" coveredmethods="3"/>
        <line num="1" count="155" type="stmt"/>
        <line num="3" count="155" type="stmt"/>
        <line num="5" count="155" type="stmt"/>
        <line num="9" count="6117" type="stmt"/>
      </file>
      <file name="flexible-rollout-strategy.ts" path="/home/ivar/code/unleash/src/lib/util/feature-evaluator/strategy/flexible-rollout-strategy.ts">
        <metrics statements="22" coveredstatements="20" conditionals="16" coveredconditionals="10" methods="5" coveredmethods="5"/>
        <line num="1" count="155" type="stmt"/>
        <line num="3" count="155" type="stmt"/>
        <line num="4" count="155" type="stmt"/>
        <line num="6" count="155" type="stmt"/>
        <line num="11" count="155" type="stmt"/>
        <line num="12" count="155" type="stmt"/>
        <line num="13" count="374" type="stmt"/>
        <line num="16" count="155" type="stmt"/>
        <line num="17" count="155" type="cond" truecount="0" falsecount="1"/>
        <line num="18" count="0" type="stmt"/>
        <line num="23" count="4512" type="stmt"/>
        <line num="25" count="1496" type="stmt"/>
        <line num="31" count="0" type="stmt"/>
        <line num="33" count="3016" type="stmt"/>
        <line num="47" count="4512" type="cond" truecount="1" falsecount="3"/>
        <line num="50" count="4512" type="stmt"/>
        <line num="51" count="4512" type="cond" truecount="1" falsecount="1"/>
        <line num="52" count="4512" type="stmt"/>
        <line num="54" count="4512" type="cond" truecount="1" falsecount="0"/>
        <line num="55" count="1034" type="stmt"/>
        <line num="57" count="3478" type="stmt"/>
        <line num="58" count="3478" type="cond" truecount="2" falsecount="0"/>
      </file>
      <file name="gradual-rollout-random.ts" path="/home/ivar/code/unleash/src/lib/util/feature-evaluator/strategy/gradual-rollout-random.ts">
        <metrics statements="9" coveredstatements="5" conditionals="2" coveredconditionals="2" methods="4" coveredmethods="2"/>
        <line num="1" count="155" type="stmt"/>
        <line num="4" count="155" type="stmt"/>
        <line num="5" count="155" type="stmt"/>
        <line num="6" count="0" type="stmt"/>
        <line num="9" count="155" type="stmt"/>
        <line num="10" count="155" type="cond" truecount="2" falsecount="0"/>
        <line num="18" count="0" type="stmt"/>
        <line num="19" count="0" type="stmt"/>
        <line num="20" count="0" type="stmt"/>
      </file>
      <file name="gradual-rollout-session-id.ts" path="/home/ivar/code/unleash/src/lib/util/feature-evaluator/strategy/gradual-rollout-session-id.ts">
        <metrics statements="11" coveredstatements="4" conditionals="5" coveredconditionals="0" methods="3" coveredmethods="2"/>
        <line num="1" count="155" type="stmt"/>
        <line num="2" count="155" type="stmt"/>
        <line num="5" count="155" type="stmt"/>
        <line num="7" count="155" type="stmt"/>
        <line num="14" count="0" type="stmt"/>
        <line num="15" count="0" type="cond" truecount="0" falsecount="1"/>
        <line num="16" count="0" type="stmt"/>
        <line num="19" count="0" type="stmt"/>
        <line num="20" count="0" type="cond" truecount="0" falsecount="2"/>
        <line num="22" count="0" type="stmt"/>
        <line num="24" count="0" type="cond" truecount="0" falsecount="2"/>
      </file>
      <file name="gradual-rollout-user-id.ts" path="/home/ivar/code/unleash/src/lib/util/feature-evaluator/strategy/gradual-rollout-user-id.ts">
        <metrics statements="11" coveredstatements="4" conditionals="5" coveredconditionals="0" methods="3" coveredmethods="2"/>
        <line num="1" count="155" type="stmt"/>
        <line num="3" count="155" type="stmt"/>
        <line num="5" count="155" type="stmt"/>
        <line num="7" count="155" type="stmt"/>
        <line num="14" count="0" type="stmt"/>
        <line num="15" count="0" type="cond" truecount="0" falsecount="1"/>
        <line num="16" count="0" type="stmt"/>
        <line num="19" count="0" type="stmt"/>
        <line num="20" count="0" type="cond" truecount="0" falsecount="2"/>
        <line num="22" count="0" type="stmt"/>
        <line num="24" count="0" type="cond" truecount="0" falsecount="2"/>
      </file>
      <file name="index.ts" path="/home/ivar/code/unleash/src/lib/util/feature-evaluator/strategy/index.ts">
        <metrics statements="12" coveredstatements="11" conditionals="0" coveredconditionals="0" methods="3" coveredmethods="1"/>
        <line num="1" count="155" type="stmt"/>
        <line num="2" count="155" type="stmt"/>
        <line num="3" count="155" type="stmt"/>
        <line num="4" count="155" type="stmt"/>
        <line num="5" count="155" type="stmt"/>
        <line num="6" count="155" type="stmt"/>
        <line num="7" count="155" type="stmt"/>
        <line num="9" count="155" type="stmt"/>
        <line num="10" count="155" type="stmt"/>
        <line num="12" count="155" type="stmt"/>
        <line num="13" count="0" type="stmt"/>
        <line num="15" count="1106" type="stmt"/>
      </file>
      <file name="remote-address-strategy.ts" path="/home/ivar/code/unleash/src/lib/util/feature-evaluator/strategy/remote-address-strategy.ts">
        <metrics statements="14" coveredstatements="10" conditionals="3" coveredconditionals="1" methods="4" coveredmethods="4"/>
        <line num="1" count="155" type="stmt"/>
        <line num="3" count="155" type="stmt"/>
        <line num="5" count="155" type="stmt"/>
        <line num="7" count="155" type="stmt"/>
        <line num="11" count="4477" type="cond" truecount="1" falsecount="0"/>
        <line num="12" count="410" type="stmt"/>
        <line num="14" count="4067" type="stmt"/>
        <line num="16" count="22427" type="cond" truecount="0" falsecount="1"/>
        <line num="17" count="0" type="stmt"/>
        <line num="19" count="22427" type="cond" truecount="0" falsecount="1"/>
        <line num="20" count="0" type="stmt"/>
        <line num="21" count="0" type="stmt"/>
        <line num="25" count="0" type="stmt"/>
        <line num="28" count="22427" type="stmt"/>
      </file>
      <file name="strategy.ts" path="/home/ivar/code/unleash/src/lib/util/feature-evaluator/strategy/strategy.ts">
        <metrics statements="30" coveredstatements="28" conditionals="12" coveredconditionals="10" methods="10" coveredmethods="9"/>
        <line num="4" count="155" type="stmt"/>
        <line num="30" count="1395" type="stmt"/>
        <line num="36" count="1395" type="cond" truecount="1" falsecount="1"/>
        <line num="37" count="1395" type="stmt"/>
        <line num="41" count="295914" type="stmt"/>
        <line num="43" count="295914" type="cond" truecount="0" falsecount="1"/>
        <line num="44" count="0" type="stmt"/>
        <line num="47" count="295914" type="cond" truecount="1" falsecount="0"/>
        <line num="48" count="145141" type="stmt"/>
        <line num="51" count="150773" type="stmt"/>
        <line num="58" count="72390" type="cond" truecount="1" falsecount="0"/>
        <line num="59" count="6" type="stmt"/>
        <line num="65" count="72384" type="stmt"/>
        <line num="66" count="72384" type="stmt"/>
        <line num="67" count="295914" type="cond" truecount="1" falsecount="0"/>
        <line num="68" count="295914" type="stmt"/>
        <line num="76" count="72384" type="stmt"/>
        <line num="77" count="100952" type="stmt"/>
        <line num="80" count="72384" type="stmt"/>
        <line num="88" count="0" type="stmt"/>
        <line num="95" count="34356" type="stmt"/>
        <line num="96" count="38034" type="stmt"/>
        <line num="100" count="38034" type="stmt"/>
        <line num="108" count="34356" type="stmt"/>
        <line num="110" count="15159" type="stmt"/>
        <line num="122" count="19595" type="stmt"/>
        <line num="123" count="19595" type="stmt"/>
        <line num="124" count="19595" type="stmt"/>
        <line num="127" count="19595" type="cond" truecount="3" falsecount="0"/>
        <line num="129" count="19595" type="stmt"/>
      </file>
      <file name="unknown-strategy.ts" path="/home/ivar/code/unleash/src/lib/util/feature-evaluator/strategy/unknown-strategy.ts">
        <metrics statements="9" coveredstatements="8" conditionals="4" coveredconditionals="4" methods="4" coveredmethods="3"/>
        <line num="1" count="155" type="stmt"/>
        <line num="5" count="155" type="stmt"/>
        <line num="7" count="155" type="stmt"/>
        <line num="9" count="155" type="stmt"/>
        <line num="13" count="0" type="stmt"/>
        <line num="22" count="14761" type="stmt"/>
        <line num="23" count="14761" type="stmt"/>
        <line num="26" count="14761" type="cond" truecount="2" falsecount="0"/>
        <line num="30" count="14761" type="stmt"/>
      </file>
      <file name="user-with-id-strategy.ts" path="/home/ivar/code/unleash/src/lib/util/feature-evaluator/strategy/user-with-id-strategy.ts">
        <metrics statements="5" coveredstatements="5" conditionals="2" coveredconditionals="2" methods="3" coveredmethods="3"/>
        <line num="1" count="155" type="stmt"/>
        <line num="4" count="155" type="stmt"/>
        <line num="6" count="155" type="stmt"/>
        <line num="10" count="4489" type="stmt"/>
        <line num="13" count="4489" type="stmt"/>
      </file>
      <file name="util.ts" path="/home/ivar/code/unleash/src/lib/util/feature-evaluator/strategy/util.ts">
        <metrics statements="3" coveredstatements="3" conditionals="1" coveredconditionals="1" methods="1" coveredmethods="1"/>
        <line num="1" count="155" type="stmt"/>
        <line num="3" count="4005" type="stmt"/>
        <line num="8" count="4005" type="stmt"/>
      </file>
    </package>
    <package name="src.lib.util.validators">
      <metrics statements="24" coveredstatements="22" conditionals="6" coveredconditionals="5" methods="12" coveredmethods="10"/>
      <file name="constraint-types.ts" path="/home/ivar/code/unleash/src/lib/util/validators/constraint-types.ts">
        <metrics statements="24" coveredstatements="22" conditionals="6" coveredconditionals="5" methods="12" coveredmethods="10"/>
        <line num="5" count="75" type="stmt"/>
        <line num="6" count="75" type="stmt"/>
        <line num="8" count="75" type="stmt"/>
        <line num="10" count="75" type="stmt"/>
        <line num="11" count="1" type="stmt"/>
        <line num="14" count="75" type="stmt"/>
        <line num="15" count="6" type="stmt"/>
        <line num="18" count="75" type="stmt"/>
        <line num="19" count="4" type="cond" truecount="0" falsecount="1"/>
        <line num="20" count="0" type="stmt"/>
        <line num="23" count="4" type="cond" truecount="1" falsecount="0"/>
        <line num="24" count="3" type="stmt"/>
        <line num="30" count="75" type="stmt"/>
        <line num="31" count="0" type="stmt"/>
        <line num="34" count="75" type="stmt"/>
        <line num="38" count="4" type="stmt"/>
        <line num="39" count="12" type="stmt"/>
        <line num="42" count="4" type="cond" truecount="2" falsecount="0"/>
        <line num="44" count="3" type="stmt"/>
        <line num="45" count="2" type="cond" truecount="1" falsecount="0"/>
        <line num="46" count="1" type="stmt"/>
        <line num="50" count="2" type="stmt"/>
        <line num="51" count="2" type="cond" truecount="1" falsecount="0"/>
        <line num="52" count="1" type="stmt"/>
      </file>
    </package>
  </project>
</coverage>
