{
  "/home/jaanus/Git/unleash/src/lib/create-config.ts": {
    "path": "/home/jaanus/Git/unleash/src/lib/create-config.ts",
    "statementMap": {
      "0": {
        "start": { "line": 50, "column": 16 },
        "end": { "line": 50, "column": 34 }
      },
      "1": {
        "start": { "line": 344, "column": 16 },
        "end": { "line": 344, "column": 28 }
      },
      "2": {
        "start": { "line": 1, "column": 22 },
        "end": { "line": 1, "column": null }
      },
      "3": {
        "start": { "line": 2, "column": 18 },
        "end": { "line": 2, "column": null }
      },
      "4": {
        "start": { "line": 3, "column": 20 },
        "end": { "line": 3, "column": null }
      },
      "5": {
        "start": { "line": 21, "column": 7 },
        "end": { "line": 21, "column": null }
      },
      "6": {
        "start": { "line": 22, "column": 69 },
        "end": { "line": 22, "column": null }
      },
      "7": {
        "start": { "line": 23, "column": 41 },
        "end": { "line": 23, "column": null }
      },
      "8": {
        "start": { "line": 24, "column": 30 },
        "end": { "line": 24, "column": null }
      },
      "9": {
        "start": { "line": 25, "column": 61 },
        "end": { "line": 25, "column": null }
      },
      "10": {
        "start": { "line": 26, "column": 25 },
        "end": { "line": 26, "column": null }
      },
      "11": {
        "start": { "line": 31, "column": 7 },
        "end": { "line": 31, "column": null }
      },
      "12": {
        "start": { "line": 36, "column": 7 },
        "end": { "line": 36, "column": null }
      },
      "13": {
        "start": { "line": 40, "column": 7 },
        "end": { "line": 40, "column": null }
      },
      "14": {
        "start": { "line": 44, "column": 7 },
        "end": { "line": 44, "column": null }
      },
      "15": {
        "start": { "line": 45, "column": 25 },
        "end": { "line": 45, "column": null }
      },
      "16": {
        "start": { "line": 46, "column": 32 },
        "end": { "line": 46, "column": null }
      },
      "17": {
        "start": { "line": 48, "column": 20 },
        "end": { "line": 48, "column": 59 }
      },
      "18": {
        "start": { "line": 48, "column": 36 },
        "end": { "line": 48, "column": 59 }
      },
      "19": {
        "start": { "line": 54, "column": 4 },
        "end": { "line": 54, "column": null }
      },
      "20": {
        "start": { "line": 58, "column": 4 },
        "end": { "line": 58, "column": null }
      },
      "21": {
        "start": { "line": 58, "column": 46 },
        "end": { "line": 58, "column": null }
      },
      "22": {
        "start": { "line": 62, "column": 4 },
        "end": { "line": 69, "column": null }
      },
      "23": {
        "start": { "line": 72, "column": 58 },
        "end": { "line": 75, "column": null }
      },
      "24": {
        "start": { "line": 80, "column": 46 },
        "end": { "line": 80, "column": null }
      },
      "25": {
        "start": { "line": 81, "column": 4 },
        "end": { "line": 86, "column": 5 }
      },
      "26": {
        "start": { "line": 82, "column": 8 },
        "end": { "line": 84, "column": null }
      },
      "27": {
        "start": { "line": 87, "column": 4 },
        "end": { "line": 92, "column": 5 }
      },
      "28": {
        "start": { "line": 88, "column": 8 },
        "end": { "line": 90, "column": null }
      },
      "29": {
        "start": { "line": 94, "column": 4 },
        "end": { "line": 98, "column": null }
      },
      "30": {
        "start": { "line": 102, "column": 16 },
        "end": { "line": 102, "column": null }
      },
      "31": {
        "start": { "line": 103, "column": 26 },
        "end": { "line": 105, "column": null }
      },
      "32": {
        "start": { "line": 107, "column": 4 },
        "end": { "line": 109, "column": null }
      },
      "33": {
        "start": { "line": 110, "column": 4 },
        "end": { "line": 110, "column": null }
      },
      "34": {
        "start": { "line": 113, "column": 29 },
        "end": { "line": 117, "column": null }
      },
      "35": {
        "start": { "line": 114, "column": 4 },
        "end": { "line": 116, "column": null }
      },
      "36": {
        "start": { "line": 115, "column": 8 },
        "end": { "line": 115, "column": null }
      },
      "37": {
        "start": { "line": 119, "column": 36 },
        "end": { "line": 147, "column": null }
      },
      "38": {
        "start": { "line": 149, "column": 45 },
        "end": { "line": 157, "column": null }
      },
      "39": {
        "start": { "line": 159, "column": 43 },
        "end": { "line": 183, "column": null }
      },
      "40": {
        "start": { "line": 185, "column": 45 },
        "end": { "line": 188, "column": null }
      },
      "41": {
        "start": { "line": 190, "column": 43 },
        "end": { "line": 196, "column": null }
      },
      "42": {
        "start": { "line": 198, "column": 37 },
        "end": { "line": 205, "column": null }
      },
      "43": {
        "start": { "line": 207, "column": 35 },
        "end": { "line": 214, "column": null }
      },
      "44": {
        "start": { "line": 216, "column": 15 },
        "end": { "line": 222, "column": null }
      },
      "45": {
        "start": { "line": 217, "column": 4 },
        "end": { "line": 220, "column": 5 }
      },
      "46": {
        "start": { "line": 219, "column": 8 },
        "end": { "line": 219, "column": null }
      },
      "47": {
        "start": { "line": 221, "column": 4 },
        "end": { "line": 221, "column": null }
      },
      "48": {
        "start": { "line": 224, "column": 28 },
        "end": { "line": 232, "column": null }
      },
      "49": {
        "start": { "line": 225, "column": 4 },
        "end": { "line": 232, "column": null }
      },
      "50": {
        "start": { "line": 226, "column": 8 },
        "end": { "line": 230, "column": 9 }
      },
      "51": {
        "start": { "line": 228, "column": 12 },
        "end": { "line": 228, "column": null }
      },
      "52": {
        "start": { "line": 229, "column": 12 },
        "end": { "line": 229, "column": null }
      },
      "53": {
        "start": { "line": 231, "column": 8 },
        "end": { "line": 231, "column": null }
      },
      "54": {
        "start": { "line": 234, "column": 28 },
        "end": { "line": 250, "column": null }
      },
      "55": {
        "start": { "line": 237, "column": 4 },
        "end": { "line": 241, "column": 5 }
      },
      "56": {
        "start": { "line": 238, "column": 8 },
        "end": { "line": 240, "column": null }
      },
      "57": {
        "start": { "line": 244, "column": 4 },
        "end": { "line": 249, "column": null }
      },
      "58": {
        "start": { "line": 252, "column": 29 },
        "end": { "line": 272, "column": null }
      },
      "59": {
        "start": { "line": 253, "column": 4 },
        "end": { "line": 255, "column": 5 }
      },
      "60": {
        "start": { "line": 254, "column": 8 },
        "end": { "line": 254, "column": null }
      },
      "61": {
        "start": { "line": 256, "column": 26 },
        "end": { "line": 256, "column": null }
      },
      "62": {
        "start": { "line": 257, "column": 19 },
        "end": { "line": 270, "column": null }
      },
      "63": {
        "start": { "line": 258, "column": 38 },
        "end": { "line": 258, "column": null }
      },
      "64": {
        "start": { "line": 259, "column": 36 },
        "end": { "line": 259, "column": null }
      },
      "65": {
        "start": { "line": 260, "column": 22 },
        "end": { "line": 267, "column": null }
      },
      "66": {
        "start": { "line": 268, "column": 8 },
        "end": { "line": 268, "column": null }
      },
      "67": {
        "start": { "line": 269, "column": 8 },
        "end": { "line": 269, "column": null }
      },
      "68": {
        "start": { "line": 271, "column": 4 },
        "end": { "line": 271, "column": null }
      },
      "69": {
        "start": { "line": 274, "column": 26 },
        "end": { "line": 289, "column": null }
      },
      "70": {
        "start": { "line": 275, "column": 4 },
        "end": { "line": 288, "column": null }
      },
      "71": {
        "start": { "line": 291, "column": 39 },
        "end": { "line": 297, "column": null }
      },
      "72": {
        "start": { "line": 292, "column": 31 },
        "end": { "line": 292, "column": 63 }
      },
      "73": {
        "start": { "line": 293, "column": 4 },
        "end": { "line": 295, "column": 5 }
      },
      "74": {
        "start": { "line": 294, "column": 8 },
        "end": { "line": 294, "column": null }
      },
      "75": {
        "start": { "line": 296, "column": 4 },
        "end": { "line": 296, "column": null }
      },
      "76": {
        "start": { "line": 299, "column": 23 },
        "end": { "line": 313, "column": null }
      },
      "77": {
        "start": { "line": 302, "column": 4 },
        "end": { "line": 304, "column": 5 }
      },
      "78": {
        "start": { "line": 303, "column": 8 },
        "end": { "line": 303, "column": null }
      },
      "79": {
        "start": { "line": 306, "column": 4 },
        "end": { "line": 312, "column": null }
      },
      "80": {
        "start": { "line": 315, "column": 37 },
        "end": { "line": 328, "column": null }
      },
      "81": {
        "start": { "line": 316, "column": 23 },
        "end": { "line": 316, "column": 72 }
      },
      "82": {
        "start": { "line": 317, "column": 20 },
        "end": { "line": 317, "column": 66 }
      },
      "83": {
        "start": { "line": 318, "column": 21 },
        "end": { "line": 318, "column": 68 }
      },
      "84": {
        "start": { "line": 319, "column": 22 },
        "end": { "line": 319, "column": 70 }
      },
      "85": {
        "start": { "line": 320, "column": 19 },
        "end": { "line": 320, "column": 64 }
      },
      "86": {
        "start": { "line": 321, "column": 4 },
        "end": { "line": 327, "column": null }
      },
      "87": {
        "start": { "line": 330, "column": 32 },
        "end": { "line": 342, "column": null }
      },
      "88": {
        "start": { "line": 331, "column": 31 },
        "end": { "line": 333, "column": null }
      },
      "89": {
        "start": { "line": 336, "column": 18 },
        "end": { "line": 336, "column": null }
      },
      "90": {
        "start": { "line": 337, "column": 4 },
        "end": { "line": 339, "column": 5 }
      },
      "91": {
        "start": { "line": 338, "column": 8 },
        "end": { "line": 338, "column": 31 }
      },
      "92": {
        "start": { "line": 341, "column": 4 },
        "end": { "line": 341, "column": null }
      },
      "93": {
        "start": { "line": 345, "column": 25 },
        "end": { "line": 345, "column": null }
      },
      "94": {
        "start": { "line": 347, "column": 4 },
        "end": { "line": 351, "column": 5 }
      },
      "95": {
        "start": { "line": 348, "column": 8 },
        "end": { "line": 348, "column": null }
      },
      "96": {
        "start": { "line": 349, "column": 11 },
        "end": { "line": 351, "column": 5 }
      },
      "97": {
        "start": { "line": 350, "column": 8 },
        "end": { "line": 350, "column": null }
      },
      "98": {
        "start": { "line": 352, "column": 24 },
        "end": { "line": 352, "column": null }
      },
      "99": {
        "start": { "line": 353, "column": 4 },
        "end": { "line": 364, "column": 5 }
      },
      "100": {
        "start": { "line": 354, "column": 8 },
        "end": { "line": 355, "column": null }
      },
      "101": {
        "start": { "line": 357, "column": 11 },
        "end": { "line": 364, "column": 5 }
      },
      "102": {
        "start": { "line": 361, "column": 8 },
        "end": { "line": 362, "column": null }
      },
      "103": {
        "start": { "line": 365, "column": 26 },
        "end": { "line": 370, "column": null }
      },
      "104": {
        "start": { "line": 372, "column": 36 },
        "end": { "line": 375, "column": null }
      },
      "105": {
        "start": { "line": 378, "column": 8 },
        "end": { "line": 378, "column": 77 }
      },
      "106": {
        "start": { "line": 379, "column": 22 },
        "end": { "line": 379, "column": null }
      },
      "107": {
        "start": { "line": 380, "column": 4 },
        "end": { "line": 380, "column": null }
      },
      "108": {
        "start": { "line": 382, "column": 34 },
        "end": { "line": 385, "column": null }
      },
      "109": {
        "start": { "line": 387, "column": 41 },
        "end": { "line": 390, "column": null }
      },
      "110": {
        "start": { "line": 392, "column": 26 },
        "end": { "line": 392, "column": null }
      },
      "111": {
        "start": { "line": 394, "column": 40 },
        "end": { "line": 400, "column": null }
      },
      "112": {
        "start": { "line": 402, "column": 39 },
        "end": { "line": 402, "column": null }
      },
      "113": {
        "start": { "line": 404, "column": 41 },
        "end": { "line": 407, "column": null }
      },
      "114": {
        "start": { "line": 409, "column": 25 },
        "end": { "line": 409, "column": null }
      },
      "115": {
        "start": { "line": 410, "column": 25 },
        "end": { "line": 410, "column": null }
      },
      "116": {
        "start": { "line": 412, "column": 15 },
        "end": { "line": 412, "column": null }
      },
      "117": {
        "start": { "line": 414, "column": 32 },
        "end": { "line": 414, "column": null }
      },
      "118": {
        "start": { "line": 417, "column": 4 },
        "end": { "line": 421, "column": 5 }
      },
      "119": {
        "start": { "line": 418, "column": 8 },
        "end": { "line": 418, "column": null }
      },
      "120": {
        "start": { "line": 420, "column": 8 },
        "end": { "line": 420, "column": null }
      },
      "121": {
        "start": { "line": 423, "column": 24 },
        "end": { "line": 428, "column": null }
      },
      "122": {
        "start": { "line": 431, "column": 8 },
        "end": { "line": 432, "column": null }
      },
      "123": {
        "start": { "line": 435, "column": 8 },
        "end": { "line": 435, "column": null }
      },
      "124": {
        "start": { "line": 438, "column": 8 },
        "end": { "line": 439, "column": null }
      },
      "125": {
        "start": { "line": 442, "column": 8 },
        "end": { "line": 443, "column": null }
      },
      "126": {
        "start": { "line": 446, "column": 8 },
        "end": { "line": 448, "column": 18 }
      },
      "127": {
        "start": { "line": 450, "column": 31 },
        "end": { "line": 452, "column": null }
      },
      "128": {
        "start": { "line": 455, "column": 34 },
        "end": { "line": 457, "column": null }
      },
      "129": {
        "start": { "line": 460, "column": 32 },
        "end": { "line": 462, "column": 70 }
      },
      "130": {
        "start": { "line": 464, "column": 33 },
        "end": { "line": 464, "column": null }
      },
      "131": {
        "start": { "line": 466, "column": 26 },
        "end": { "line": 466, "column": 77 }
      },
      "132": {
        "start": { "line": 467, "column": 4 },
        "end": { "line": 498, "column": null }
      },
      "133": {
        "start": { "line": 501, "column": 0 },
        "end": { "line": 504, "column": null }
      }
    },
    "fnMap": {
      "0": {
        "name": "(anonymous_1)",
        "decl": {
          "start": { "line": 50, "column": 34 },
          "end": { "line": 50, "column": null }
        },
        "loc": {
          "start": { "line": 50, "column": 16 },
          "end": { "line": 50, "column": 34 }
        }
      },
      "1": {
        "name": "(anonymous_2)",
        "decl": {
          "start": { "line": 344, "column": 28 },
          "end": { "line": 344, "column": 29 }
        },
        "loc": {
          "start": { "line": 344, "column": 16 },
          "end": { "line": 344, "column": 28 }
        }
      },
      "2": {
        "name": "(anonymous_7)",
        "decl": {
          "start": { "line": 48, "column": 20 },
          "end": { "line": 48, "column": 21 }
        },
        "loc": {
          "start": { "line": 48, "column": 36 },
          "end": { "line": 48, "column": 59 }
        }
      },
      "3": {
        "name": "authTypeFromString",
        "decl": {
          "start": { "line": 50, "column": 16 },
          "end": { "line": 50, "column": 34 }
        },
        "loc": {
          "start": { "line": 53, "column": 13 },
          "end": { "line": 55, "column": null }
        }
      },
      "4": {
        "name": "mergeAll",
        "decl": {
          "start": { "line": 57, "column": 9 },
          "end": { "line": 57, "column": 21 }
        },
        "loc": {
          "start": { "line": 57, "column": 47 },
          "end": { "line": 59, "column": null }
        }
      },
      "5": {
        "name": "(anonymous_10)",
        "decl": {
          "start": { "line": 58, "column": 39 },
          "end": { "line": 58, "column": 40 }
        },
        "loc": {
          "start": { "line": 58, "column": 46 },
          "end": { "line": 58, "column": null }
        }
      },
      "6": {
        "name": "loadExperimental",
        "decl": {
          "start": { "line": 61, "column": 9 },
          "end": { "line": 61, "column": 26 }
        },
        "loc": {
          "start": { "line": 61, "column": 74 },
          "end": { "line": 70, "column": null }
        }
      },
      "7": {
        "name": "loadClientCachingOptions",
        "decl": {
          "start": { "line": 77, "column": 9 },
          "end": { "line": 77, "column": null }
        },
        "loc": {
          "start": { "line": 79, "column": 24 },
          "end": { "line": 99, "column": null }
        }
      },
      "8": {
        "name": "loadUI",
        "decl": {
          "start": { "line": 101, "column": 9 },
          "end": { "line": 101, "column": 16 }
        },
        "loc": {
          "start": { "line": 101, "column": 53 },
          "end": { "line": 111, "column": null }
        }
      },
      "9": {
        "name": "(anonymous_14)",
        "decl": {
          "start": { "line": 113, "column": 29 },
          "end": { "line": 113, "column": 30 }
        },
        "loc": {
          "start": { "line": 113, "column": 55 },
          "end": { "line": 117, "column": null }
        }
      },
      "10": {
        "name": "(anonymous_15)",
        "decl": {
          "start": { "line": 114, "column": 53 },
          "end": { "line": 114, "column": 54 }
        },
        "loc": {
          "start": { "line": 114, "column": 67 },
          "end": { "line": 116, "column": null }
        }
      },
      "11": {
        "name": "(anonymous_16)",
        "decl": {
          "start": { "line": 216, "column": 15 },
          "end": { "line": 216, "column": 16 }
        },
        "loc": {
          "start": { "line": 216, "column": 69 },
          "end": { "line": 222, "column": null }
        }
      },
      "12": {
        "name": "(anonymous_17)",
        "decl": {
          "start": { "line": 224, "column": 28 },
          "end": { "line": 224, "column": 29 }
        },
        "loc": {
          "start": { "line": 225, "column": 4 },
          "end": { "line": 232, "column": null }
        }
      },
      "13": {
        "name": "(anonymous_18)",
        "decl": {
          "start": { "line": 225, "column": 26 },
          "end": { "line": 225, "column": 27 }
        },
        "loc": {
          "start": { "line": 225, "column": 38 },
          "end": { "line": 232, "column": 7 }
        }
      },
      "14": {
        "name": "(anonymous_19)",
        "decl": {
          "start": { "line": 234, "column": 28 },
          "end": { "line": 234, "column": null }
        },
        "loc": {
          "start": { "line": 236, "column": 41 },
          "end": { "line": 250, "column": null }
        }
      },
      "15": {
        "name": "(anonymous_20)",
        "decl": {
          "start": { "line": 252, "column": 29 },
          "end": { "line": 252, "column": 30 }
        },
        "loc": {
          "start": { "line": 252, "column": 79 },
          "end": { "line": 272, "column": null }
        }
      },
      "16": {
        "name": "(anonymous_21)",
        "decl": {
          "start": { "line": 257, "column": 37 },
          "end": { "line": 257, "column": 38 }
        },
        "loc": {
          "start": { "line": 257, "column": 49 },
          "end": { "line": 270, "column": null }
        }
      },
      "17": {
        "name": "(anonymous_22)",
        "decl": {
          "start": { "line": 274, "column": 26 },
          "end": { "line": 274, "column": 32 }
        },
        "loc": {
          "start": { "line": 274, "column": 32 },
          "end": { "line": 289, "column": null }
        }
      },
      "18": {
        "name": "(anonymous_23)",
        "decl": {
          "start": { "line": 291, "column": 39 },
          "end": { "line": 291, "column": 45 }
        },
        "loc": {
          "start": { "line": 291, "column": 45 },
          "end": { "line": 297, "column": null }
        }
      },
      "19": {
        "name": "(anonymous_24)",
        "decl": {
          "start": { "line": 299, "column": 23 },
          "end": { "line": 299, "column": null }
        },
        "loc": {
          "start": { "line": 301, "column": 35 },
          "end": { "line": 313, "column": null }
        }
      },
      "20": {
        "name": "(anonymous_25)",
        "decl": {
          "start": { "line": 315, "column": 37 },
          "end": { "line": 315, "column": 61 }
        },
        "loc": {
          "start": { "line": 315, "column": 61 },
          "end": { "line": 328, "column": null }
        }
      },
      "21": {
        "name": "(anonymous_26)",
        "decl": {
          "start": { "line": 330, "column": 32 },
          "end": { "line": 330, "column": 33 }
        },
        "loc": {
          "start": { "line": 330, "column": 72 },
          "end": { "line": 342, "column": null }
        }
      },
      "22": {
        "name": "createConfig",
        "decl": {
          "start": { "line": 344, "column": 16 },
          "end": { "line": 344, "column": 28 }
        },
        "loc": {
          "start": { "line": 344, "column": 71 },
          "end": { "line": 499, "column": null }
        }
      }
    },
    "branchMap": {
      "0": {
        "loc": {
          "start": { "line": 48, "column": 36 },
          "end": { "line": 48, "column": 59 }
        },
        "type": "cond-expr",
        "locations": [
          {
            "start": { "line": 48, "column": 40 },
            "end": { "line": 48, "column": 58 }
          },
          {
            "start": { "line": 48, "column": 58 },
            "end": { "line": 48, "column": 59 }
          }
        ]
      },
      "1": {
        "loc": {
          "start": { "line": 52, "column": 4 },
          "end": { "line": 52, "column": 50 }
        },
        "type": "default-arg",
        "locations": [
          {
            "start": { "line": 52, "column": 29 },
            "end": { "line": 52, "column": 50 }
          }
        ]
      },
      "2": {
        "loc": {
          "start": { "line": 54, "column": 11 },
          "end": { "line": 54, "column": null }
        },
        "type": "binary-expr",
        "locations": [
          {
            "start": { "line": 54, "column": 11 },
            "end": { "line": 54, "column": 36 }
          },
          {
            "start": { "line": 54, "column": 40 },
            "end": { "line": 54, "column": null }
          }
        ]
      },
      "3": {
        "loc": {
          "start": { "line": 81, "column": 4 },
          "end": { "line": 86, "column": 5 }
        },
        "type": "if",
        "locations": [
          {
            "start": { "line": 81, "column": 4 },
            "end": { "line": 86, "column": 5 }
          }
        ]
      },
      "4": {
        "loc": {
          "start": { "line": 87, "column": 4 },
          "end": { "line": 92, "column": 5 }
        },
        "type": "if",
        "locations": [
          {
            "start": { "line": 87, "column": 4 },
            "end": { "line": 92, "column": 5 }
          }
        ]
      },
      "5": {
        "loc": {
          "start": { "line": 102, "column": 16 },
          "end": { "line": 102, "column": null }
        },
        "type": "binary-expr",
        "locations": [
          {
            "start": { "line": 102, "column": 16 },
            "end": { "line": 102, "column": 26 }
          },
          {
            "start": { "line": 102, "column": 30 },
            "end": { "line": 102, "column": null }
          }
        ]
      },
      "6": {
        "loc": {
          "start": { "line": 124, "column": 14 },
          "end": { "line": 124, "column": null }
        },
        "type": "binary-expr",
        "locations": [
          {
            "start": { "line": 124, "column": 14 },
            "end": { "line": 124, "column": 39 }
          },
          {
            "start": { "line": 124, "column": 43 },
            "end": { "line": 124, "column": null }
          }
        ]
      },
      "7": {
        "loc": {
          "start": { "line": 126, "column": 8 },
          "end": { "line": 128, "column": 43 }
        },
        "type": "cond-expr",
        "locations": [
          {
            "start": { "line": 127, "column": 14 },
            "end": { "line": 127, "column": null }
          },
          {
            "start": { "line": 128, "column": 14 },
            "end": { "line": 128, "column": 43 }
          }
        ]
      },
      "8": {
        "loc": {
          "start": { "line": 139, "column": 12 },
          "end": { "line": 141, "column": 16 }
        },
        "type": "cond-expr",
        "locations": [
          {
            "start": { "line": 140, "column": 14 },
            "end": { "line": 140, "column": null }
          },
          {
            "start": { "line": 141, "column": 14 },
            "end": { "line": 141, "column": 16 }
          }
        ]
      },
      "9": {
        "loc": {
          "start": { "line": 144, "column": 12 },
          "end": { "line": 144, "column": null }
        },
        "type": "binary-expr",
        "locations": [
          {
            "start": { "line": 144, "column": 12 },
            "end": { "line": 144, "column": 39 }
          },
          {
            "start": { "line": 144, "column": 43 },
            "end": { "line": 144, "column": null }
          }
        ]
      },
      "10": {
        "loc": {
          "start": { "line": 146, "column": 21 },
          "end": { "line": 146, "column": null }
        },
        "type": "binary-expr",
        "locations": [
          {
            "start": { "line": 146, "column": 21 },
            "end": { "line": 146, "column": 58 }
          },
          {
            "start": { "line": 146, "column": 62 },
            "end": { "line": 146, "column": null }
          }
        ]
      },
      "11": {
        "loc": {
          "start": { "line": 162, "column": 28 },
          "end": { "line": 162, "column": 69 }
        },
        "type": "binary-expr",
        "locations": [
          {
            "start": { "line": 162, "column": 28 },
            "end": { "line": 162, "column": 49 }
          },
          {
            "start": { "line": 162, "column": 53 },
            "end": { "line": 162, "column": 69 }
          }
        ]
      },
      "12": {
        "loc": {
          "start": { "line": 165, "column": 16 },
          "end": { "line": 165, "column": null }
        },
        "type": "binary-expr",
        "locations": [
          {
            "start": { "line": 165, "column": 16 },
            "end": { "line": 165, "column": 39 }
          },
          {
            "start": { "line": 165, "column": 43 },
            "end": { "line": 165, "column": null }
          }
        ]
      },
      "13": {
        "loc": {
          "start": { "line": 182, "column": 12 },
          "end": { "line": 182, "column": null }
        },
        "type": "binary-expr",
        "locations": [
          {
            "start": { "line": 182, "column": 12 },
            "end": { "line": 182, "column": 38 }
          },
          {
            "start": { "line": 182, "column": 42 },
            "end": { "line": 182, "column": null }
          }
        ]
      },
      "14": {
        "loc": {
          "start": { "line": 186, "column": 9 },
          "end": { "line": 186, "column": null }
        },
        "type": "binary-expr",
        "locations": [
          {
            "start": { "line": 186, "column": 9 },
            "end": { "line": 186, "column": 40 }
          },
          {
            "start": { "line": 186, "column": 44 },
            "end": { "line": 186, "column": null }
          }
        ]
      },
      "15": {
        "loc": {
          "start": { "line": 211, "column": 12 },
          "end": { "line": 211, "column": null }
        },
        "type": "binary-expr",
        "locations": [
          {
            "start": { "line": 211, "column": 12 },
            "end": { "line": 211, "column": 36 }
          },
          {
            "start": { "line": 211, "column": 40 },
            "end": { "line": 211, "column": null }
          }
        ]
      },
      "16": {
        "loc": {
          "start": { "line": 217, "column": 4 },
          "end": { "line": 220, "column": 5 }
        },
        "type": "if",
        "locations": [
          {
            "start": { "line": 217, "column": 4 },
            "end": { "line": 220, "column": 5 }
          }
        ]
      },
      "17": {
        "loc": {
          "start": { "line": 226, "column": 8 },
          "end": { "line": 230, "column": 9 }
        },
        "type": "if",
        "locations": [
          {
            "start": { "line": 226, "column": 8 },
            "end": { "line": 230, "column": 9 }
          }
        ]
      },
      "18": {
        "loc": {
          "start": { "line": 237, "column": 4 },
          "end": { "line": 241, "column": 5 }
        },
        "type": "if",
        "locations": [
          {
            "start": { "line": 237, "column": 4 },
            "end": { "line": 241, "column": 5 }
          }
        ]
      },
      "19": {
        "loc": {
          "start": { "line": 247, "column": 12 },
          "end": { "line": 247, "column": 66 }
        },
        "type": "binary-expr",
        "locations": [
          {
            "start": { "line": 247, "column": 12 },
            "end": { "line": 247, "column": 37 }
          },
          {
            "start": { "line": 247, "column": 41 },
            "end": { "line": 247, "column": 66 }
          }
        ]
      },
      "20": {
        "loc": {
          "start": { "line": 253, "column": 4 },
          "end": { "line": 255, "column": 5 }
        },
        "type": "if",
        "locations": [
          {
            "start": { "line": 253, "column": 4 },
            "end": { "line": 255, "column": 5 }
          }
        ]
      },
      "21": {
        "loc": {
          "start": { "line": 258, "column": 15 },
          "end": { "line": 258, "column": 28 }
        },
        "type": "default-arg",
        "locations": [
          {
            "start": { "line": 258, "column": 25 },
            "end": { "line": 258, "column": 28 }
          }
        ]
      },
      "22": {
        "loc": {
          "start": { "line": 259, "column": 15 },
          "end": { "line": 259, "column": 32 }
        },
        "type": "default-arg",
        "locations": [
          {
            "start": { "line": 259, "column": 29 },
            "end": { "line": 259, "column": 32 }
          }
        ]
      },
      "23": {
        "loc": {
          "start": { "line": 293, "column": 4 },
          "end": { "line": 295, "column": 5 }
        },
        "type": "if",
        "locations": [
          {
            "start": { "line": 293, "column": 4 },
            "end": { "line": 295, "column": 5 }
          }
        ]
      },
      "24": {
        "loc": {
          "start": { "line": 302, "column": 4 },
          "end": { "line": 304, "column": 5 }
        },
        "type": "if",
        "locations": [
          {
            "start": { "line": 302, "column": 4 },
            "end": { "line": 304, "column": 5 }
          }
        ]
      },
      "25": {
        "loc": {
          "start": { "line": 307, "column": 20 },
          "end": { "line": 307, "column": 46 }
        },
        "type": "binary-expr",
        "locations": [
          {
            "start": { "line": 307, "column": 20 },
            "end": { "line": 307, "column": 40 }
          },
          {
            "start": { "line": 307, "column": 44 },
            "end": { "line": 307, "column": 46 }
          }
        ]
      },
      "26": {
        "loc": {
          "start": { "line": 308, "column": 17 },
          "end": { "line": 308, "column": 40 }
        },
        "type": "binary-expr",
        "locations": [
          {
            "start": { "line": 308, "column": 17 },
            "end": { "line": 308, "column": 34 }
          },
          {
            "start": { "line": 308, "column": 38 },
            "end": { "line": 308, "column": 40 }
          }
        ]
      },
      "27": {
        "loc": {
          "start": { "line": 309, "column": 19 },
          "end": { "line": 309, "column": 44 }
        },
        "type": "binary-expr",
        "locations": [
          {
            "start": { "line": 309, "column": 19 },
            "end": { "line": 309, "column": 38 }
          },
          {
            "start": { "line": 309, "column": 42 },
            "end": { "line": 309, "column": 44 }
          }
        ]
      },
      "28": {
        "loc": {
          "start": { "line": 310, "column": 16 },
          "end": { "line": 310, "column": 38 }
        },
        "type": "binary-expr",
        "locations": [
          {
            "start": { "line": 310, "column": 16 },
            "end": { "line": 310, "column": 32 }
          },
          {
            "start": { "line": 310, "column": 36 },
            "end": { "line": 310, "column": 38 }
          }
        ]
      },
      "29": {
        "loc": {
          "start": { "line": 311, "column": 18 },
          "end": { "line": 311, "column": 42 }
        },
        "type": "binary-expr",
        "locations": [
          {
            "start": { "line": 311, "column": 18 },
            "end": { "line": 311, "column": 36 }
          },
          {
            "start": { "line": 311, "column": 40 },
            "end": { "line": 311, "column": 42 }
          }
        ]
      },
      "30": {
        "loc": {
          "start": { "line": 316, "column": 23 },
          "end": { "line": 316, "column": 72 }
        },
        "type": "binary-expr",
        "locations": [
          {
            "start": { "line": 316, "column": 23 },
            "end": { "line": 316, "column": 70 }
          },
          {
            "start": { "line": 316, "column": 70 },
            "end": { "line": 316, "column": 72 }
          }
        ]
      },
      "31": {
        "loc": {
          "start": { "line": 317, "column": 20 },
          "end": { "line": 317, "column": 66 }
        },
        "type": "binary-expr",
        "locations": [
          {
            "start": { "line": 317, "column": 20 },
            "end": { "line": 317, "column": 64 }
          },
          {
            "start": { "line": 317, "column": 64 },
            "end": { "line": 317, "column": 66 }
          }
        ]
      },
      "32": {
        "loc": {
          "start": { "line": 318, "column": 21 },
          "end": { "line": 318, "column": 68 }
        },
        "type": "binary-expr",
        "locations": [
          {
            "start": { "line": 318, "column": 21 },
            "end": { "line": 318, "column": 66 }
          },
          {
            "start": { "line": 318, "column": 66 },
            "end": { "line": 318, "column": 68 }
          }
        ]
      },
      "33": {
        "loc": {
          "start": { "line": 319, "column": 22 },
          "end": { "line": 319, "column": 70 }
        },
        "type": "binary-expr",
        "locations": [
          {
            "start": { "line": 319, "column": 22 },
            "end": { "line": 319, "column": 68 }
          },
          {
            "start": { "line": 319, "column": 68 },
            "end": { "line": 319, "column": 70 }
          }
        ]
      },
      "34": {
        "loc": {
          "start": { "line": 320, "column": 19 },
          "end": { "line": 320, "column": 64 }
        },
        "type": "binary-expr",
        "locations": [
          {
            "start": { "line": 320, "column": 19 },
            "end": { "line": 320, "column": 62 }
          },
          {
            "start": { "line": 320, "column": 62 },
            "end": { "line": 320, "column": 64 }
          }
        ]
      },
      "35": {
        "loc": {
          "start": { "line": 333, "column": 8 },
          "end": { "line": 333, "column": null }
        },
        "type": "binary-expr",
        "locations": [
          {
            "start": { "line": 333, "column": 8 },
            "end": { "line": 333, "column": 34 }
          },
          {
            "start": { "line": 333, "column": 38 },
            "end": { "line": 333, "column": null }
          }
        ]
      },
      "36": {
        "loc": {
          "start": { "line": 337, "column": 4 },
          "end": { "line": 339, "column": 5 }
        },
        "type": "if",
        "locations": [
          {
            "start": { "line": 337, "column": 4 },
            "end": { "line": 339, "column": 5 }
          }
        ]
      },
      "37": {
        "loc": {
          "start": { "line": 347, "column": 4 },
          "end": { "line": 351, "column": 5 }
        },
        "type": "if",
        "locations": [
          {
            "start": { "line": 347, "column": 4 },
            "end": { "line": 351, "column": 5 }
          },
          {
            "start": { "line": 349, "column": 11 },
            "end": { "line": 351, "column": 5 }
          }
        ]
      },
      "38": {
        "loc": {
          "start": { "line": 349, "column": 11 },
          "end": { "line": 351, "column": 5 }
        },
        "type": "if",
        "locations": [
          {
            "start": { "line": 349, "column": 11 },
            "end": { "line": 351, "column": 5 }
          }
        ]
      },
      "39": {
        "loc": {
          "start": { "line": 353, "column": 4 },
          "end": { "line": 364, "column": 5 }
        },
        "type": "if",
        "locations": [
          {
            "start": { "line": 353, "column": 4 },
            "end": { "line": 364, "column": 5 }
          },
          {
            "start": { "line": 357, "column": 11 },
            "end": { "line": 364, "column": 5 }
          }
        ]
      },
      "40": {
        "loc": {
          "start": { "line": 353, "column": 8 },
          "end": { "line": 353, "column": 75 }
        },
        "type": "binary-expr",
        "locations": [
          {
            "start": { "line": 353, "column": 8 },
            "end": { "line": 353, "column": 31 }
          },
          {
            "start": { "line": 353, "column": 35 },
            "end": { "line": 353, "column": 75 }
          }
        ]
      },
      "41": {
        "loc": {
          "start": { "line": 357, "column": 11 },
          "end": { "line": 364, "column": 5 }
        },
        "type": "if",
        "locations": [
          {
            "start": { "line": 357, "column": 11 },
            "end": { "line": 364, "column": 5 }
          }
        ]
      },
      "42": {
        "loc": {
          "start": { "line": 358, "column": 8 },
          "end": { "line": 359, "column": null }
        },
        "type": "binary-expr",
        "locations": [
          {
            "start": { "line": 358, "column": 8 },
            "end": { "line": 358, "column": 37 }
          },
          {
            "start": { "line": 359, "column": 8 },
            "end": { "line": 359, "column": null }
          }
        ]
      },
      "43": {
        "loc": {
          "start": { "line": 378, "column": 8 },
          "end": { "line": 378, "column": 77 }
        },
        "type": "binary-expr",
        "locations": [
          {
            "start": { "line": 378, "column": 8 },
            "end": { "line": 378, "column": 24 }
          },
          {
            "start": { "line": 378, "column": 28 },
            "end": { "line": 378, "column": 59 }
          },
          {
            "start": { "line": 378, "column": 63 },
            "end": { "line": 378, "column": 77 }
          }
        ]
      },
      "44": {
        "loc": {
          "start": { "line": 379, "column": 22 },
          "end": { "line": 379, "column": null }
        },
        "type": "binary-expr",
        "locations": [
          {
            "start": { "line": 379, "column": 22 },
            "end": { "line": 379, "column": 39 }
          },
          {
            "start": { "line": 379, "column": 43 },
            "end": { "line": 379, "column": null }
          }
        ]
      },
      "45": {
        "loc": {
          "start": { "line": 396, "column": 8 },
          "end": { "line": 398, "column": 36 }
        },
        "type": "cond-expr",
        "locations": [
          {
            "start": { "line": 397, "column": 14 },
            "end": { "line": 397, "column": null }
          },
          {
            "start": { "line": 398, "column": 14 },
            "end": { "line": 398, "column": 36 }
          }
        ]
      },
      "46": {
        "loc": {
          "start": { "line": 417, "column": 4 },
          "end": { "line": 421, "column": 5 }
        },
        "type": "if",
        "locations": [
          {
            "start": { "line": 417, "column": 4 },
            "end": { "line": 421, "column": 5 }
          },
          {
            "start": { "line": 419, "column": 11 },
            "end": { "line": 421, "column": 5 }
          }
        ]
      },
      "47": {
        "loc": {
          "start": { "line": 420, "column": 25 },
          "end": { "line": 420, "column": 51 }
        },
        "type": "binary-expr",
        "locations": [
          {
            "start": { "line": 420, "column": 25 },
            "end": { "line": 420, "column": 36 }
          },
          {
            "start": { "line": 420, "column": 40 },
            "end": { "line": 420, "column": 51 }
          }
        ]
      },
      "48": {
        "loc": {
          "start": { "line": 423, "column": 24 },
          "end": { "line": 428, "column": null }
        },
        "type": "binary-expr",
        "locations": [
          {
            "start": { "line": 423, "column": 24 },
            "end": { "line": 423, "column": 43 }
          },
          {
            "start": { "line": 423, "column": 47 },
            "end": { "line": 428, "column": null }
          }
        ]
      },
      "49": {
        "loc": {
          "start": { "line": 431, "column": 8 },
          "end": { "line": 432, "column": null }
        },
        "type": "binary-expr",
        "locations": [
          {
            "start": { "line": 431, "column": 8 },
            "end": { "line": 431, "column": 29 }
          },
          {
            "start": { "line": 432, "column": 8 },
            "end": { "line": 432, "column": null }
          }
        ]
      },
      "50": {
        "loc": {
          "start": { "line": 435, "column": 8 },
          "end": { "line": 435, "column": null }
        },
        "type": "binary-expr",
        "locations": [
          {
            "start": { "line": 435, "column": 8 },
            "end": { "line": 435, "column": 25 }
          },
          {
            "start": { "line": 435, "column": 29 },
            "end": { "line": 435, "column": null }
          }
        ]
      },
      "51": {
        "loc": {
          "start": { "line": 438, "column": 8 },
          "end": { "line": 439, "column": null }
        },
        "type": "binary-expr",
        "locations": [
          {
            "start": { "line": 438, "column": 8 },
            "end": { "line": 438, "column": 40 }
          },
          {
            "start": { "line": 439, "column": 8 },
            "end": { "line": 439, "column": null }
          }
        ]
      },
      "52": {
        "loc": {
          "start": { "line": 442, "column": 8 },
          "end": { "line": 443, "column": null }
        },
        "type": "binary-expr",
        "locations": [
          {
            "start": { "line": 442, "column": 8 },
            "end": { "line": 442, "column": null }
          },
          {
            "start": { "line": 443, "column": 8 },
            "end": { "line": 443, "column": null }
          }
        ]
      },
      "53": {
        "loc": {
          "start": { "line": 446, "column": 8 },
          "end": { "line": 448, "column": 18 }
        },
        "type": "cond-expr",
        "locations": [
          {
            "start": { "line": 447, "column": 14 },
            "end": { "line": 447, "column": 46 }
          },
          {
            "start": { "line": 448, "column": 14 },
            "end": { "line": 448, "column": 18 }
          }
        ]
      },
      "54": {
        "loc": {
          "start": { "line": 460, "column": 32 },
          "end": { "line": 462, "column": 70 }
        },
        "type": "cond-expr",
        "locations": [
          {
            "start": { "line": 461, "column": 10 },
            "end": { "line": 461, "column": 37 }
          },
          {
            "start": { "line": 462, "column": 10 },
            "end": { "line": 462, "column": 70 }
          }
        ]
      },
      "55": {
        "loc": {
          "start": { "line": 466, "column": 26 },
          "end": { "line": 466, "column": 77 }
        },
        "type": "binary-expr",
        "locations": [
          {
            "start": { "line": 466, "column": 26 },
            "end": { "line": 466, "column": 47 }
          },
          {
            "start": { "line": 466, "column": 51 },
            "end": { "line": 466, "column": 77 }
          }
        ]
      }
    },
    "s": {
      "0": 0,
      "1": 0,
      "2": 1,
      "3": 1,
      "4": 1,
      "5": 1,
      "6": 1,
      "7": 1,
      "8": 1,
      "9": 1,
      "10": 1,
      "11": 1,
      "12": 1,
      "13": 1,
      "14": 1,
      "15": 1,
      "16": 1,
      "17": 1,
      "18": 1,
      "19": 1,
      "20": 9,
      "21": 22,
      "22": 1,
      "23": 1,
      "24": 1,
      "25": 1,
      "26": 0,
      "27": 1,
      "28": 0,
      "29": 1,
      "30": 1,
      "31": 1,
      "32": 1,
      "33": 1,
      "34": 1,
      "35": 0,
      "36": 0,
      "37": 1,
      "38": 1,
      "39": 1,
      "40": 1,
      "41": 1,
      "42": 1,
      "43": 1,
      "44": 1,
      "45": 2,
      "46": 0,
      "47": 2,
      "48": 1,
      "49": 1,
      "50": 2,
      "51": 2,
      "52": 2,
      "53": 0,
      "54": 1,
      "55": 1,
      "56": 0,
      "57": 1,
      "58": 1,
      "59": 3,
      "60": 3,
      "61": 0,
      "62": 0,
      "63": 0,
      "64": 0,
      "65": 0,
      "66": 0,
      "67": 0,
      "68": 0,
      "69": 1,
      "70": 1,
      "71": 1,
      "72": 1,
      "73": 1,
      "74": 0,
      "75": 1,
      "76": 1,
      "77": 1,
      "78": 1,
      "79": 0,
      "80": 1,
      "81": 1,
      "82": 1,
      "83": 1,
      "84": 1,
      "85": 1,
      "86": 1,
      "87": 1,
      "88": 1,
      "89": 1,
      "90": 1,
      "91": 0,
      "92": 1,
      "93": 1,
      "94": 1,
      "95": 0,
      "96": 1,
      "97": 0,
      "98": 1,
      "99": 1,
      "100": 0,
      "101": 1,
      "102": 0,
      "103": 1,
      "104": 1,
      "105": 1,
      "106": 1,
      "107": 1,
      "108": 1,
      "109": 1,
      "110": 1,
      "111": 1,
      "112": 1,
      "113": 1,
      "114": 1,
      "115": 1,
      "116": 1,
      "117": 1,
      "118": 1,
      "119": 0,
      "120": 1,
      "121": 1,
      "122": 1,
      "123": 1,
      "124": 1,
      "125": 1,
      "126": 1,
      "127": 1,
      "128": 1,
      "129": 1,
      "130": 1,
      "131": 1,
      "132": 1,
      "133": 1
    },
    "f": {
      "0": 0,
      "1": 0,
      "2": 1,
      "3": 1,
      "4": 9,
      "5": 22,
      "6": 1,
      "7": 1,
      "8": 1,
      "9": 0,
      "10": 0,
      "11": 2,
      "12": 1,
      "13": 2,
      "14": 1,
      "15": 3,
      "16": 0,
      "17": 1,
      "18": 1,
      "19": 1,
      "20": 1,
      "21": 1,
      "22": 1
    },
    "b": {
      "0": [0, 1],
      "1": [1],
      "2": [1, 1],
      "3": [0],
      "4": [0],
      "5": [1, 1],
      "6": [1, 1],
      "7": [0, 1],
      "8": [0, 1],
      "9": [1, 1],
      "10": [1, 1],
      "11": [1, 1],
      "12": [1, 1],
      "13": [1, 1],
      "14": [1, 1],
      "15": [1, 1],
      "16": [0],
      "17": [2],
      "18": [0],
      "19": [1, 1],
      "20": [3],
      "21": [0],
      "22": [0],
      "23": [0],
      "24": [1],
      "25": [0, 0],
      "26": [0, 0],
      "27": [0, 0],
      "28": [0, 0],
      "29": [0, 0],
      "30": [1, 1],
      "31": [1, 1],
      "32": [1, 1],
      "33": [1, 1],
      "34": [1, 1],
      "35": [1, 1],
      "36": [0],
      "37": [0, 1],
      "38": [0],
      "39": [0, 1],
      "40": [1, 0],
      "41": [0],
      "42": [1, 0],
      "43": [1, 1, 1],
      "44": [1, 0],
      "45": [1, 0],
      "46": [0, 1],
      "47": [1, 1],
      "48": [1, 1],
      "49": [1, 1],
      "50": [1, 0],
      "51": [1, 1],
      "52": [1, 1],
      "53": [0, 1],
      "54": [0, 1],
      "55": [1, 1]
    }
  },
  "/home/jaanus/Git/unleash/src/lib/default-custom-auth-deny-all.ts": {
    "path": "/home/jaanus/Git/unleash/src/lib/default-custom-auth-deny-all.ts",
    "statementMap": {
      "0": {
        "start": { "line": 6, "column": 16 },
        "end": { "line": 6, "column": null }
      },
      "1": {
        "start": { "line": 4, "column": 4 },
        "end": { "line": 4, "column": null }
      },
      "2": {
        "start": { "line": 11, "column": 19 },
        "end": { "line": 11, "column": null }
      },
      "3": {
        "start": { "line": 12, "column": 4 },
        "end": { "line": 17, "column": null }
      },
      "4": {
        "start": { "line": 13, "column": 8 },
        "end": { "line": 13, "column": null }
      },
      "5": {
        "start": { "line": 14, "column": 8 },
        "end": { "line": 16, "column": null }
      }
    },
    "fnMap": {
      "0": {
        "name": "(anonymous_0)",
        "decl": {
          "start": { "line": 6, "column": 16 },
          "end": { "line": 6, "column": null }
        },
        "loc": {
          "start": { "line": 6, "column": 16 },
          "end": { "line": 6, "column": null }
        }
      },
      "1": {
        "name": "(anonymous_2)",
        "decl": {
          "start": { "line": 12, "column": 48 },
          "end": { "line": 12, "column": 55 }
        },
        "loc": {
          "start": { "line": 12, "column": 68 },
          "end": { "line": 17, "column": null }
        }
      }
    },
    "branchMap": {},
    "s": { "0": 1, "1": 1, "2": 0, "3": 0, "4": 0, "5": 0 },
    "f": { "0": 1, "1": 0 },
    "b": {}
  },
  "/home/jaanus/Git/unleash/src/lib/logger.ts": {
    "path": "/home/jaanus/Git/unleash/src/lib/logger.ts",
    "statementMap": {
      "0": {
        "start": { "line": 21, "column": 16 },
        "end": { "line": 21, "column": 37 }
      },
      "1": {
        "start": { "line": 42, "column": 16 },
        "end": { "line": 42, "column": 35 }
      },
      "2": {
        "start": { "line": 1, "column": 37 },
        "end": { "line": 1, "column": null }
      },
      "3": {
        "start": { "line": 5, "column": 12 },
        "end": { "line": 5, "column": 20 }
      },
      "4": {
        "start": { "line": 5, "column": 12 },
        "end": { "line": 6, "column": null }
      },
      "5": {
        "start": { "line": 5, "column": 12 },
        "end": { "line": 7, "column": null }
      },
      "6": {
        "start": { "line": 5, "column": 12 },
        "end": { "line": 8, "column": null }
      },
      "7": {
        "start": { "line": 5, "column": 12 },
        "end": { "line": 9, "column": null }
      },
      "8": {
        "start": { "line": 5, "column": 12 },
        "end": { "line": 10, "column": null }
      },
      "9": {
        "start": { "line": 24, "column": 4 },
        "end": { "line": 31, "column": null }
      },
      "10": {
        "start": { "line": 33, "column": 4 },
        "end": { "line": 33, "column": null }
      },
      "11": {
        "start": { "line": 37, "column": 4 },
        "end": { "line": 39, "column": 5 }
      },
      "12": {
        "start": { "line": 38, "column": 8 },
        "end": { "line": 38, "column": 33 }
      },
      "13": {
        "start": { "line": 43, "column": 4 },
        "end": { "line": 43, "column": null }
      },
      "14": {
        "start": { "line": 45, "column": 19 },
        "end": { "line": 45, "column": null }
      },
      "15": {
        "start": { "line": 46, "column": 4 },
        "end": { "line": 46, "column": null }
      },
      "16": {
        "start": { "line": 47, "column": 4 },
        "end": { "line": 47, "column": null }
      },
      "17": {
        "start": { "line": 48, "column": 4 },
        "end": { "line": 48, "column": null }
      },
      "18": {
        "start": { "line": 49, "column": 4 },
        "end": { "line": 49, "column": null }
      }
    },
    "fnMap": {
      "0": {
        "name": "(anonymous_2)",
        "decl": {
          "start": { "line": 21, "column": 37 },
          "end": { "line": 21, "column": null }
        },
        "loc": {
          "start": { "line": 21, "column": 16 },
          "end": { "line": 21, "column": 37 }
        }
      },
      "1": {
        "name": "(anonymous_3)",
        "decl": {
          "start": { "line": 42, "column": 35 },
          "end": { "line": 42, "column": 36 }
        },
        "loc": {
          "start": { "line": 42, "column": 16 },
          "end": { "line": 42, "column": 35 }
        }
      },
      "2": {
        "name": "(anonymous_4)",
        "decl": {
          "start": { "line": 5, "column": 12 },
          "end": { "line": 5, "column": 20 }
        },
        "loc": {
          "start": { "line": 5, "column": 20 },
          "end": { "line": 5, "column": 11 }
        }
      },
      "3": {
        "name": "getDefaultLogProvider",
        "decl": {
          "start": { "line": 21, "column": 16 },
          "end": { "line": 21, "column": 37 }
        },
        "loc": {
          "start": { "line": 23, "column": 15 },
          "end": { "line": 34, "column": null }
        }
      },
      "4": {
        "name": "validate",
        "decl": {
          "start": { "line": 36, "column": 9 },
          "end": { "line": 36, "column": 18 }
        },
        "loc": {
          "start": { "line": 36, "column": 49 },
          "end": { "line": 40, "column": null }
        }
      },
      "5": {
        "name": "validateLogProvider",
        "decl": {
          "start": { "line": 42, "column": 16 },
          "end": { "line": 42, "column": 35 }
        },
        "loc": {
          "start": { "line": 42, "column": 65 },
          "end": { "line": 50, "column": null }
        }
      }
    },
    "branchMap": {
      "0": {
        "loc": {
          "start": { "line": 5, "column": 12 },
          "end": { "line": 5, "column": 20 }
        },
        "type": "binary-expr",
        "locations": [
          {
            "start": { "line": 5, "column": 12 },
            "end": { "line": 5, "column": 20 }
          },
          {
            "start": { "line": 5, "column": 12 },
            "end": { "line": 5, "column": 20 }
          }
        ]
      },
      "1": {
        "loc": {
          "start": { "line": 22, "column": 4 },
          "end": { "line": 22, "column": 39 }
        },
        "type": "default-arg",
        "locations": [
          {
            "start": { "line": 22, "column": 25 },
            "end": { "line": 22, "column": 39 }
          }
        ]
      },
      "2": {
        "loc": {
          "start": { "line": 37, "column": 4 },
          "end": { "line": 39, "column": 5 }
        },
        "type": "if",
        "locations": [
          {
            "start": { "line": 37, "column": 4 },
            "end": { "line": 39, "column": 5 }
          }
        ]
      }
    },
    "s": {
      "0": 0,
      "1": 1,
      "2": 1,
      "3": 1,
      "4": 1,
      "5": 1,
      "6": 1,
      "7": 1,
      "8": 1,
      "9": 0,
      "10": 0,
      "11": 5,
      "12": 0,
      "13": 1,
      "14": 1,
      "15": 1,
      "16": 1,
      "17": 1,
      "18": 1
    },
    "f": { "0": 0, "1": 1, "2": 1, "3": 0, "4": 5, "5": 1 },
    "b": { "0": [1, 1], "1": [0], "2": [0] }
  },
  "/home/jaanus/Git/unleash/src/lib/error/bad-data-error.ts": {
    "path": "/home/jaanus/Git/unleash/src/lib/error/bad-data-error.ts",
    "statementMap": {
      "0": {
        "start": { "line": 23, "column": 0 },
        "end": { "line": 23, "column": 15 }
      },
      "1": {
        "start": { "line": 11, "column": 8 },
        "end": { "line": 19, "column": null }
      },
      "2": {
        "start": { "line": 3, "column": 8 },
        "end": { "line": 3, "column": null }
      },
      "3": {
        "start": { "line": 4, "column": 8 },
        "end": { "line": 4, "column": null }
      },
      "4": {
        "start": { "line": 6, "column": 8 },
        "end": { "line": 6, "column": null }
      },
      "5": {
        "start": { "line": 7, "column": 8 },
        "end": { "line": 7, "column": null }
      },
      "6": {
        "start": { "line": 23, "column": 15 },
        "end": { "line": 23, "column": null }
      }
    },
    "fnMap": {
      "0": {
        "name": "(anonymous_0)",
        "decl": {
          "start": { "line": 23, "column": 0 },
          "end": { "line": 23, "column": 15 }
        },
        "loc": {
          "start": { "line": 23, "column": 0 },
          "end": { "line": 23, "column": 15 }
        }
      },
      "1": {
        "name": "(anonymous_1)",
        "decl": {
          "start": { "line": 10, "column": 4 },
          "end": { "line": 10, "column": 21 }
        },
        "loc": {
          "start": { "line": 10, "column": 21 },
          "end": { "line": 20, "column": null }
        }
      },
      "2": {
        "name": "(anonymous_2)",
        "decl": {
          "start": { "line": 2, "column": 4 },
          "end": { "line": 2, "column": 16 }
        },
        "loc": {
          "start": { "line": 2, "column": 33 },
          "end": { "line": 8, "column": null }
        }
      }
    },
    "branchMap": {},
    "s": { "0": 0, "1": 0, "2": 0, "3": 0, "4": 0, "5": 0, "6": 1 },
    "f": { "0": 0, "1": 0, "2": 0 },
    "b": {}
  },
  "/home/jaanus/Git/unleash/src/lib/error/notfound-error.ts": {
    "path": "/home/jaanus/Git/unleash/src/lib/error/notfound-error.ts",
    "statementMap": {
      "0": {
        "start": { "line": 10, "column": 0 },
        "end": { "line": 10, "column": 15 }
      },
      "1": {
        "start": { "line": 3, "column": 8 },
        "end": { "line": 3, "column": null }
      },
      "2": {
        "start": { "line": 4, "column": 8 },
        "end": { "line": 4, "column": null }
      },
      "3": {
        "start": { "line": 6, "column": 8 },
        "end": { "line": 6, "column": null }
      },
      "4": {
        "start": { "line": 7, "column": 8 },
        "end": { "line": 7, "column": null }
      },
      "5": {
        "start": { "line": 10, "column": 15 },
        "end": { "line": 10, "column": null }
      },
      "6": {
        "start": { "line": 11, "column": 0 },
        "end": { "line": 11, "column": null }
      }
    },
    "fnMap": {
      "0": {
        "name": "(anonymous_0)",
        "decl": {
          "start": { "line": 10, "column": 0 },
          "end": { "line": 10, "column": 15 }
        },
        "loc": {
          "start": { "line": 10, "column": 0 },
          "end": { "line": 10, "column": 15 }
        }
      },
      "1": {
        "name": "(anonymous_1)",
        "decl": {
          "start": { "line": 2, "column": 4 },
          "end": { "line": 2, "column": 16 }
        },
        "loc": {
          "start": { "line": 2, "column": 34 },
          "end": { "line": 8, "column": null }
        }
      }
    },
    "branchMap": {},
    "s": { "0": 0, "1": 0, "2": 0, "3": 0, "4": 0, "5": 1, "6": 1 },
    "f": { "0": 0, "1": 0 },
    "b": {}
  },
  "/home/jaanus/Git/unleash/src/lib/openapi/spec/constraint-schema.ts": {
    "path": "/home/jaanus/Git/unleash/src/lib/openapi/spec/constraint-schema.ts",
    "statementMap": {
      "0": {
        "start": { "line": 4, "column": 13 },
        "end": { "line": 4, "column": 33 }
      },
      "1": {
        "start": { "line": 51, "column": 13 },
        "end": { "line": 51, "column": 29 }
      },
      "2": {
        "start": { "line": 2, "column": 30 },
        "end": { "line": 2, "column": null }
      },
      "3": {
        "start": { "line": 4, "column": 36 },
        "end": { "line": 49, "column": null }
      },
      "4": {
        "start": { "line": 51, "column": 32 },
        "end": { "line": 55, "column": null }
      }
    },
    "fnMap": {
      "0": {
        "name": "(anonymous_1)",
        "decl": {
          "start": { "line": 4, "column": 33 },
          "end": { "line": 4, "column": 36 }
        },
        "loc": {
          "start": { "line": 4, "column": 13 },
          "end": { "line": 4, "column": 33 }
        }
      },
      "1": {
        "name": "(anonymous_2)",
        "decl": {
          "start": { "line": 51, "column": 29 },
          "end": { "line": 51, "column": 32 }
        },
        "loc": {
          "start": { "line": 51, "column": 13 },
          "end": { "line": 51, "column": 29 }
        }
      }
    },
    "branchMap": {},
    "s": { "0": 3, "1": 0, "2": 1, "3": 1, "4": 1 },
    "f": { "0": 3, "1": 0 },
    "b": {}
  },
  "/home/jaanus/Git/unleash/src/lib/openapi/spec/parameters-schema.ts": {
    "path": "/home/jaanus/Git/unleash/src/lib/openapi/spec/parameters-schema.ts",
    "statementMap": {
      "0": {
        "start": { "line": 3, "column": 13 },
        "end": { "line": 3, "column": 32 }
      },
      "1": {
        "start": { "line": 3, "column": 32 },
        "end": { "line": 10, "column": null }
      }
    },
    "fnMap": {
      "0": {
        "name": "(anonymous_0)",
        "decl": {
          "start": { "line": 3, "column": 13 },
          "end": { "line": 3, "column": 32 }
        },
        "loc": {
          "start": { "line": 3, "column": 13 },
          "end": { "line": 3, "column": 32 }
        }
      }
    },
    "branchMap": {},
    "s": { "0": 2, "1": 1 },
    "f": { "0": 2 },
    "b": {}
  },
  "/home/jaanus/Git/unleash/src/lib/openapi/spec/playground-constraint-schema.ts": {
    "path": "/home/jaanus/Git/unleash/src/lib/openapi/spec/playground-constraint-schema.ts",
    "statementMap": {
      "0": {
        "start": { "line": 4, "column": 13 },
        "end": { "line": 4, "column": 42 }
      },
      "1": {
        "start": { "line": 1, "column": 37 },
        "end": { "line": 1, "column": null }
      },
      "2": {
        "start": { "line": 4, "column": 42 },
        "end": { "line": 16, "column": null }
      }
    },
    "fnMap": {
      "0": {
        "name": "(anonymous_0)",
        "decl": {
          "start": { "line": 4, "column": 13 },
          "end": { "line": 4, "column": 42 }
        },
        "loc": {
          "start": { "line": 4, "column": 13 },
          "end": { "line": 4, "column": 42 }
        }
      }
    },
    "branchMap": {},
    "s": { "0": 4, "1": 1, "2": 1 },
    "f": { "0": 4 },
    "b": {}
  },
  "/home/jaanus/Git/unleash/src/lib/openapi/spec/playground-segment-schema.ts": {
    "path": "/home/jaanus/Git/unleash/src/lib/openapi/spec/playground-segment-schema.ts",
    "statementMap": {
      "0": {
        "start": { "line": 4, "column": 13 },
        "end": { "line": 4, "column": 39 }
      },
      "1": {
        "start": { "line": 2, "column": 43 },
        "end": { "line": 2, "column": null }
      },
      "2": {
        "start": { "line": 4, "column": 39 },
        "end": { "line": 34, "column": null }
      }
    },
    "fnMap": {
      "0": {
        "name": "(anonymous_0)",
        "decl": {
          "start": { "line": 4, "column": 13 },
          "end": { "line": 4, "column": 39 }
        },
        "loc": {
          "start": { "line": 4, "column": 13 },
          "end": { "line": 4, "column": 39 }
        }
      }
    },
    "branchMap": {},
    "s": { "0": 2, "1": 1, "2": 1 },
    "f": { "0": 2 },
    "b": {}
  },
  "/home/jaanus/Git/unleash/src/lib/openapi/spec/playground-strategy-schema.ts": {
    "path": "/home/jaanus/Git/unleash/src/lib/openapi/spec/playground-strategy-schema.ts",
    "statementMap": {
      "0": {
        "start": { "line": 6, "column": 13 },
        "end": { "line": 6, "column": 41 }
      },
      "1": {
        "start": { "line": 12, "column": 13 },
        "end": { "line": 12, "column": 38 }
      },
      "2": {
        "start": { "line": 59, "column": 13 },
        "end": { "line": 59, "column": 37 }
      },
      "3": {
        "start": { "line": 2, "column": 33 },
        "end": { "line": 2, "column": null }
      },
      "4": {
        "start": { "line": 3, "column": 43 },
        "end": { "line": 3, "column": null }
      },
      "5": {
        "start": { "line": 4, "column": 40 },
        "end": { "line": 4, "column": null }
      },
      "6": {
        "start": { "line": 6, "column": 44 },
        "end": { "line": 10, "column": null }
      },
      "7": {
        "start": { "line": 12, "column": 41 },
        "end": { "line": 57, "column": null }
      },
      "8": {
        "start": { "line": 59, "column": 40 },
        "end": { "line": 109, "column": null }
      }
    },
    "fnMap": {
      "0": {
        "name": "(anonymous_1)",
        "decl": {
          "start": { "line": 6, "column": 41 },
          "end": { "line": 6, "column": 44 }
        },
        "loc": {
          "start": { "line": 6, "column": 13 },
          "end": { "line": 6, "column": 41 }
        }
      },
      "1": {
        "name": "(anonymous_2)",
        "decl": {
          "start": { "line": 12, "column": 38 },
          "end": { "line": 12, "column": 41 }
        },
        "loc": {
          "start": { "line": 12, "column": 13 },
          "end": { "line": 12, "column": 38 }
        }
      },
      "2": {
        "name": "(anonymous_3)",
        "decl": {
          "start": { "line": 59, "column": 37 },
          "end": { "line": 59, "column": 40 }
        },
        "loc": {
          "start": { "line": 59, "column": 13 },
          "end": { "line": 59, "column": 37 }
        }
      }
    },
    "branchMap": {},
    "s": {
      "0": 0,
      "1": 0,
      "2": 0,
      "3": 1,
      "4": 1,
      "5": 1,
      "6": 1,
      "7": 1,
      "8": 1
    },
    "f": { "0": 0, "1": 0, "2": 0 },
    "b": {}
  },
  "/home/jaanus/Git/unleash/src/lib/services/instance-stats-service.ts": {
    "path": "/home/jaanus/Git/unleash/src/lib/services/instance-stats-service.ts",
    "statementMap": {
      "0": {
        "start": { "line": 49, "column": 13 },
        "end": { "line": 49, "column": null }
      },
      "1": {
        "start": { "line": 1, "column": 23 },
        "end": { "line": 1, "column": null }
      },
      "2": {
        "start": { "line": 20, "column": 53 },
        "end": { "line": 20, "column": null }
      },
      "3": {
        "start": { "line": 131, "column": 8 },
        "end": { "line": 143, "column": null }
      },
      "4": {
        "start": { "line": 132, "column": 12 },
        "end": { "line": 132, "column": null }
      },
      "5": {
        "start": { "line": 133, "column": 40 },
        "end": { "line": 133, "column": null }
      },
      "6": {
        "start": { "line": 134, "column": 12 },
        "end": { "line": 136, "column": null }
      },
      "7": {
        "start": { "line": 135, "column": 16 },
        "end": { "line": 135, "column": null }
      },
      "8": {
        "start": { "line": 137, "column": 12 },
        "end": { "line": 137, "column": null }
      },
      "9": {
        "start": { "line": 139, "column": 12 },
        "end": { "line": 141, "column": null }
      },
      "10": {
        "start": { "line": 147, "column": 8 },
        "end": { "line": 149, "column": null }
      },
      "11": {
        "start": { "line": 153, "column": 25 },
        "end": { "line": 154, "column": null }
      },
      "12": {
        "start": { "line": 157, "column": 8 },
        "end": { "line": 157, "column": null }
      },
      "13": {
        "start": { "line": 161, "column": 25 },
        "end": { "line": 162, "column": null }
      },
      "14": {
        "start": { "line": 165, "column": 8 },
        "end": { "line": 165, "column": null }
      },
      "15": {
        "start": { "line": 172, "column": 28 },
        "end": { "line": 172, "column": null }
      },
      "16": {
        "start": { "line": 188, "column": 12 },
        "end": { "line": 203, "column": null }
      },
      "17": {
        "start": { "line": 205, "column": 8 },
        "end": { "line": 224, "column": null }
      },
      "18": {
        "start": { "line": 228, "column": 8 },
        "end": { "line": 228, "column": null }
      },
      "19": {
        "start": { "line": 234, "column": 8 },
        "end": { "line": 251, "column": null }
      },
      "20": {
        "start": { "line": 255, "column": 8 },
        "end": { "line": 255, "column": null }
      },
      "21": {
        "start": { "line": 259, "column": 30 },
        "end": { "line": 259, "column": null }
      },
      "22": {
        "start": { "line": 261, "column": 20 },
        "end": { "line": 262, "column": null }
      },
      "23": {
        "start": { "line": 264, "column": 8 },
        "end": { "line": 264, "column": null }
      },
      "24": {
        "start": { "line": 114, "column": 8 },
        "end": { "line": 114, "column": null }
      },
      "25": {
        "start": { "line": 115, "column": 8 },
        "end": { "line": 115, "column": null }
      },
      "26": {
        "start": { "line": 116, "column": 8 },
        "end": { "line": 116, "column": null }
      },
      "27": {
        "start": { "line": 117, "column": 8 },
        "end": { "line": 117, "column": null }
      },
      "28": {
        "start": { "line": 118, "column": 8 },
        "end": { "line": 118, "column": null }
      },
      "29": {
        "start": { "line": 119, "column": 8 },
        "end": { "line": 119, "column": null }
      },
      "30": {
        "start": { "line": 120, "column": 8 },
        "end": { "line": 120, "column": null }
      },
      "31": {
        "start": { "line": 121, "column": 8 },
        "end": { "line": 121, "column": null }
      },
      "32": {
        "start": { "line": 122, "column": 8 },
        "end": { "line": 122, "column": null }
      },
      "33": {
        "start": { "line": 123, "column": 8 },
        "end": { "line": 123, "column": null }
      },
      "34": {
        "start": { "line": 124, "column": 8 },
        "end": { "line": 124, "column": null }
      },
      "35": {
        "start": { "line": 125, "column": 8 },
        "end": { "line": 125, "column": null }
      },
      "36": {
        "start": { "line": 126, "column": 8 },
        "end": { "line": 126, "column": null }
      },
      "37": {
        "start": { "line": 127, "column": 8 },
        "end": { "line": 127, "column": null }
      }
    },
    "fnMap": {
      "0": {
        "name": "(anonymous_0)",
        "decl": {
          "start": { "line": 49, "column": 13 },
          "end": { "line": 49, "column": null }
        },
        "loc": {
          "start": { "line": 49, "column": 13 },
          "end": { "line": 49, "column": null }
        }
      },
      "1": {
        "name": "(anonymous_1)",
        "decl": {
          "start": { "line": 130, "column": 4 },
          "end": { "line": 130, "column": 10 }
        },
        "loc": {
          "start": { "line": 130, "column": 48 },
          "end": { "line": 144, "column": null }
        }
      },
      "2": {
        "name": "(anonymous_2)",
        "decl": {
          "start": { "line": 134, "column": 46 },
          "end": { "line": 134, "column": 47 }
        },
        "loc": {
          "start": { "line": 134, "column": 60 },
          "end": { "line": 136, "column": null }
        }
      },
      "3": {
        "name": "(anonymous_3)",
        "decl": {
          "start": { "line": 146, "column": 4 },
          "end": { "line": 146, "column": 38 }
        },
        "loc": {
          "start": { "line": 146, "column": 38 },
          "end": { "line": 150, "column": null }
        }
      },
      "4": {
        "name": "(anonymous_4)",
        "decl": {
          "start": { "line": 152, "column": 4 },
          "end": { "line": 152, "column": 10 }
        },
        "loc": {
          "start": { "line": 152, "column": 38 },
          "end": { "line": 158, "column": null }
        }
      },
      "5": {
        "name": "(anonymous_5)",
        "decl": {
          "start": { "line": 160, "column": 4 },
          "end": { "line": 160, "column": 10 }
        },
        "loc": {
          "start": { "line": 160, "column": 38 },
          "end": { "line": 166, "column": null }
        }
      },
      "6": {
        "name": "(anonymous_6)",
        "decl": {
          "start": { "line": 171, "column": 4 },
          "end": { "line": 171, "column": 10 }
        },
        "loc": {
          "start": { "line": 171, "column": 45 },
          "end": { "line": 225, "column": null }
        }
      },
      "7": {
        "name": "(anonymous_7)",
        "decl": {
          "start": { "line": 227, "column": 4 },
          "end": { "line": 227, "column": 50 }
        },
        "loc": {
          "start": { "line": 227, "column": 50 },
          "end": { "line": 229, "column": null }
        }
      },
      "8": {
        "name": "(anonymous_8)",
        "decl": {
          "start": { "line": 231, "column": 4 },
          "end": { "line": 231, "column": 10 }
        },
        "loc": {
          "start": { "line": 233, "column": 6 },
          "end": { "line": 252, "column": null }
        }
      },
      "9": {
        "name": "(anonymous_9)",
        "decl": {
          "start": { "line": 254, "column": 4 },
          "end": { "line": 254, "column": 24 }
        },
        "loc": {
          "start": { "line": 254, "column": 62 },
          "end": { "line": 256, "column": null }
        }
      },
      "10": {
        "name": "(anonymous_10)",
        "decl": {
          "start": { "line": 258, "column": 4 },
          "end": { "line": 258, "column": 10 }
        },
        "loc": {
          "start": { "line": 258, "column": 57 },
          "end": { "line": 265, "column": null }
        }
      },
      "11": {
        "name": "(anonymous_11)",
        "decl": {
          "start": { "line": 82, "column": 4 },
          "end": { "line": 82, "column": null }
        },
        "loc": {
          "start": { "line": 113, "column": 6 },
          "end": { "line": 128, "column": null }
        }
      }
    },
    "branchMap": {
      "0": {
        "loc": {
          "start": { "line": 157, "column": 15 },
          "end": { "line": 157, "column": 41 }
        },
        "type": "binary-expr",
        "locations": [
          {
            "start": { "line": 157, "column": 15 },
            "end": { "line": 157, "column": 36 }
          },
          {
            "start": { "line": 157, "column": 36 },
            "end": { "line": 157, "column": 41 }
          }
        ]
      },
      "1": {
        "loc": {
          "start": { "line": 165, "column": 15 },
          "end": { "line": 165, "column": 41 }
        },
        "type": "binary-expr",
        "locations": [
          {
            "start": { "line": 165, "column": 15 },
            "end": { "line": 165, "column": 36 }
          },
          {
            "start": { "line": 165, "column": 36 },
            "end": { "line": 165, "column": 41 }
          }
        ]
      }
    },
    "s": {
      "0": 1,
      "1": 1,
      "2": 1,
      "3": 1,
      "4": 1,
      "5": 0,
      "6": 0,
      "7": 0,
      "8": 0,
      "9": 1,
      "10": 1,
      "11": 1,
      "12": 1,
      "13": 1,
      "14": 1,
      "15": 1,
      "16": 1,
      "17": 0,
      "18": 1,
      "19": 1,
      "20": 0,
      "21": 0,
      "22": 0,
      "23": 0,
      "24": 1,
      "25": 1,
      "26": 1,
      "27": 1,
      "28": 1,
      "29": 1,
      "30": 1,
      "31": 1,
      "32": 1,
      "33": 1,
      "34": 1,
      "35": 1,
      "36": 1,
      "37": 1
    },
    "f": {
      "0": 1,
      "1": 1,
      "2": 0,
      "3": 1,
      "4": 1,
      "5": 1,
      "6": 1,
      "7": 1,
      "8": 1,
      "9": 0,
      "10": 0,
      "11": 1
    },
    "b": { "0": [1, 1], "1": [1, 1] }
  },
  "/home/jaanus/Git/unleash/src/lib/services/version-service.ts": {
    "path": "/home/jaanus/Git/unleash/src/lib/services/version-service.ts",
    "statementMap": {
      "0": {
        "start": { "line": 26, "column": 21 },
        "end": { "line": 26, "column": null }
      },
      "1": {
        "start": { "line": 1, "column": 18 },
        "end": { "line": 1, "column": null }
      },
      "2": {
        "start": { "line": 4, "column": 20 },
        "end": { "line": 4, "column": null }
      },
      "3": {
        "start": { "line": 7, "column": 36 },
        "end": { "line": 7, "column": null }
      },
      "4": {
        "start": { "line": 69, "column": 8 },
        "end": { "line": 69, "column": null }
      },
      "5": {
        "start": { "line": 70, "column": 8 },
        "end": { "line": 70, "column": null }
      },
      "6": {
        "start": { "line": 71, "column": 8 },
        "end": { "line": 73, "column": null }
      },
      "7": {
        "start": { "line": 72, "column": 24 },
        "end": { "line": 72, "column": null }
      },
      "8": {
        "start": { "line": 75, "column": 8 },
        "end": { "line": 75, "column": null }
      },
      "9": {
        "start": { "line": 79, "column": 8 },
        "end": { "line": 84, "column": null }
      },
      "10": {
        "start": { "line": 80, "column": 27 },
        "end": { "line": 80, "column": null }
      },
      "11": {
        "start": { "line": 81, "column": 12 },
        "end": { "line": 81, "column": null }
      },
      "12": {
        "start": { "line": 83, "column": 12 },
        "end": { "line": 83, "column": null }
      },
      "13": {
        "start": { "line": 88, "column": 8 },
        "end": { "line": 113, "column": 9 }
      },
      "14": {
        "start": { "line": 89, "column": 12 },
[...]
          "end": { "line": 10, "column": 14 }
        },
        "loc": {
          "start": { "line": 10, "column": 71 },
          "end": { "line": 31, "column": null }
        }
      },
      "2": {
        "name": "(anonymous_3)",
        "decl": {
          "start": { "line": 15, "column": 12 },
          "end": { "line": 15, "column": 13 }
        },
        "loc": {
          "start": { "line": 15, "column": 40 },
          "end": { "line": 29, "column": null }
        }
      },
      "3": {
        "name": "(anonymous_4)",
        "decl": {
          "start": { "line": 6, "column": 4 },
          "end": { "line": 6, "column": 18 }
        },
        "loc": {
          "start": { "line": 6, "column": 18 },
          "end": { "line": 8, "column": null }
        }
      }
    },
    "branchMap": {
      "0": {
        "loc": {
          "start": { "line": 11, "column": 8 },
          "end": { "line": 13, "column": 9 }
        },
        "type": "if",
        "locations": [
          {
            "start": { "line": 11, "column": 8 },
            "end": { "line": 13, "column": 9 }
          }
        ]
      },
      "1": {
        "loc": {
          "start": { "line": 16, "column": 16 },
          "end": { "line": 18, "column": 17 }
        },
        "type": "if",
        "locations": [
          {
            "start": { "line": 16, "column": 16 },
            "end": { "line": 18, "column": 17 }
          }
        ]
      },
      "2": {
        "loc": {
          "start": { "line": 19, "column": 16 },
          "end": { "line": 27, "column": 17 }
        },
        "type": "if",
        "locations": [
          {
            "start": { "line": 19, "column": 16 },
            "end": { "line": 27, "column": 17 }
          }
        ]
      }
    },
    "s": {
      "0": 1,
      "1": 1,
      "2": 1,
      "3": 0,
      "4": 0,
      "5": 0,
      "6": 0,
      "7": 0,
      "8": 0,
      "9": 0,
      "10": 0,
      "11": 0,
      "12": 0,
      "13": 1
    },
    "f": { "0": 1, "1": 0, "2": 0, "3": 1 },
    "b": { "0": [0], "1": [0], "2": [0] }
  },
  "/home/jaanus/Git/unleash/src/lib/util/feature-evaluator/strategy/strategy.ts": {
    "path": "/home/jaanus/Git/unleash/src/lib/util/feature-evaluator/strategy/strategy.ts",
    "statementMap": {
      "0": {
        "start": { "line": 30, "column": 13 },
        "end": { "line": 30, "column": null }
      },
      "1": {
        "start": { "line": 4, "column": 38 },
        "end": { "line": 4, "column": null }
      },
      "2": {
        "start": { "line": 41, "column": 26 },
        "end": { "line": 41, "column": null }
      },
      "3": {
        "start": { "line": 43, "column": 8 },
        "end": { "line": 45, "column": 9 }
      },
      "4": {
        "start": { "line": 44, "column": 12 },
        "end": { "line": 44, "column": null }
      },
      "5": {
        "start": { "line": 47, "column": 8 },
        "end": { "line": 49, "column": 9 }
      },
      "6": {
        "start": { "line": 48, "column": 12 },
        "end": { "line": 48, "column": null }
      },
      "7": {
        "start": { "line": 51, "column": 8 },
        "end": { "line": 51, "column": null }
      },
      "8": {
        "start": { "line": 58, "column": 8 },
        "end": { "line": 63, "column": 9 }
      },
      "9": {
        "start": { "line": 59, "column": 12 },
        "end": { "line": 62, "column": null }
      },
      "10": {
        "start": { "line": 65, "column": 34 },
        "end": { "line": 65, "column": 36 }
      },
      "11": {
        "start": { "line": 66, "column": 8 },
        "end": { "line": 74, "column": null }
      },
      "12": {
        "start": { "line": 67, "column": 12 },
        "end": { "line": 73, "column": 13 }
      },
      "13": {
        "start": { "line": 68, "column": 16 },
        "end": { "line": 72, "column": null }
      },
      "14": {
        "start": { "line": 76, "column": 23 },
        "end": { "line": 77, "column": null }
      },
      "15": {
        "start": { "line": 77, "column": 28 },
        "end": { "line": 77, "column": 45 }
      },
      "16": {
        "start": { "line": 80, "column": 8 },
        "end": { "line": 83, "column": null }
      },
      "17": {
        "start": { "line": 88, "column": 8 },
        "end": { "line": 88, "column": null }
      },
      "18": {
        "start": { "line": 95, "column": 33 },
        "end": { "line": 106, "column": null }
      },
      "19": {
        "start": { "line": 96, "column": 44 },
        "end": { "line": 98, "column": null }
      },
      "20": {
        "start": { "line": 100, "column": 12 },
        "end": { "line": 105, "column": null }
      },
      "21": {
        "start": { "line": 108, "column": 8 },
        "end": { "line": 113, "column": null }
      },
      "22": {
        "start": { "line": 110, "column": 29 },
        "end": { "line": 110, "column": 52 }
      },
      "23": {
        "start": { "line": 122, "column": 34 },
        "end": { "line": 122, "column": null }
      },
      "24": {
        "start": { "line": 123, "column": 30 },
        "end": { "line": 123, "column": null }
      },
      "25": {
        "start": { "line": 124, "column": 31 },
        "end": { "line": 124, "column": null }
      },
      "26": {
        "start": { "line": 127, "column": 12 },
        "end": { "line": 127, "column": 78 }
      },
      "27": {
        "start": { "line": 129, "column": 8 },
        "end": { "line": 133, "column": null }
      },
      "28": {
        "start": { "line": 36, "column": 8 },
        "end": { "line": 36, "column": null }
      },
      "29": {
        "start": { "line": 37, "column": 8 },
        "end": { "line": 37, "column": null }
      }
    },
    "fnMap": {
      "0": {
        "name": "(anonymous_0)",
        "decl": {
          "start": { "line": 30, "column": 13 },
          "end": { "line": 30, "column": null }
        },
        "loc": {
          "start": { "line": 30, "column": 13 },
          "end": { "line": 30, "column": null }
        }
      },
      "1": {
        "name": "(anonymous_1)",
        "decl": {
          "start": { "line": 40, "column": 4 },
          "end": { "line": 40, "column": 20 }
        },
        "loc": {
          "start": { "line": 40, "column": 71 },
          "end": { "line": 52, "column": null }
        }
      },
      "2": {
        "name": "(anonymous_2)",
        "decl": {
          "start": { "line": 54, "column": 4 },
          "end": { "line": 54, "column": null }
        },
        "loc": {
          "start": { "line": 57, "column": 70 },
          "end": { "line": 84, "column": null }
        }
      },
      "3": {
        "name": "(anonymous_3)",
        "decl": {
          "start": { "line": 77, "column": 12 },
          "end": { "line": 77, "column": 13 }
        },
        "loc": {
          "start": { "line": 77, "column": 28 },
          "end": { "line": 77, "column": 45 }
        }
      },
      "4": {
        "name": "(anonymous_4)",
        "decl": {
          "start": { "line": 87, "column": 4 },
          "end": { "line": 87, "column": 14 }
        },
        "loc": {
          "start": { "line": 87, "column": 62 },
          "end": { "line": 89, "column": null }
        }
      },
      "5": {
        "name": "(anonymous_5)",
        "decl": {
          "start": { "line": 91, "column": 4 },
          "end": { "line": 91, "column": null }
        },
        "loc": {
          "start": { "line": 94, "column": 64 },
          "end": { "line": 114, "column": null }
        }
      },
      "6": {
        "name": "(anonymous_6)",
        "decl": {
          "start": { "line": 95, "column": 46 },
          "end": { "line": 95, "column": 47 }
        },
        "loc": {
          "start": { "line": 95, "column": 59 },
          "end": { "line": 106, "column": null }
        }
      },
      "7": {
        "name": "(anonymous_7)",
        "decl": {
          "start": { "line": 110, "column": 16 },
          "end": { "line": 110, "column": 17 }
        },
        "loc": {
          "start": { "line": 110, "column": 29 },
          "end": { "line": 110, "column": 52 }
        }
      },
      "8": {
        "name": "(anonymous_8)",
        "decl": {
          "start": { "line": 116, "column": 4 },
          "end": { "line": 116, "column": null }
        },
        "loc": {
          "start": { "line": 121, "column": 32 },
          "end": { "line": 134, "column": null }
        }
      },
      "9": {
        "name": "(anonymous_9)",
        "decl": {
          "start": { "line": 35, "column": 4 },
          "end": { "line": 35, "column": 16 }
        },
        "loc": {
          "start": { "line": 35, "column": 60 },
          "end": { "line": 38, "column": null }
        }
      }
    },
    "branchMap": {
      "0": {
        "loc": {
          "start": { "line": 43, "column": 8 },
          "end": { "line": 45, "column": 9 }
        },
        "type": "if",
        "locations": [
          {
            "start": { "line": 43, "column": 8 },
            "end": { "line": 45, "column": 9 }
          }
        ]
      },
      "1": {
        "loc": {
          "start": { "line": 47, "column": 8 },
          "end": { "line": 49, "column": 9 }
        },
        "type": "if",
        "locations": [
          {
            "start": { "line": 47, "column": 8 },
            "end": { "line": 49, "column": 9 }
          }
        ]
      },
      "2": {
        "loc": {
          "start": { "line": 58, "column": 8 },
          "end": { "line": 63, "column": 9 }
        },
        "type": "if",
        "locations": [
          {
            "start": { "line": 58, "column": 8 },
            "end": { "line": 63, "column": 9 }
          }
        ]
      },
      "3": {
        "loc": {
          "start": { "line": 67, "column": 12 },
          "end": { "line": 73, "column": 13 }
        },
        "type": "if",
        "locations": [
          {
            "start": { "line": 67, "column": 12 },
            "end": { "line": 73, "column": 13 }
          }
        ]
      },
      "4": {
        "loc": {
          "start": { "line": 70, "column": 27 },
          "end": { "line": 70, "column": null }
        },
        "type": "binary-expr",
        "locations": [
          {
            "start": { "line": 70, "column": 27 },
            "end": { "line": 70, "column": 60 }
          },
          {
            "start": { "line": 70, "column": 60 },
            "end": { "line": 70, "column": null }
          }
        ]
      },
      "5": {
        "loc": {
          "start": { "line": 127, "column": 12 },
          "end": { "line": 127, "column": 78 }
        },
        "type": "binary-expr",
        "locations": [
          {
            "start": { "line": 127, "column": 12 },
            "end": { "line": 127, "column": 36 }
          },
          {
            "start": { "line": 127, "column": 40 },
            "end": { "line": 127, "column": 57 }
          },
          {
            "start": { "line": 127, "column": 57 },
            "end": { "line": 127, "column": 78 }
          }
        ]
      },
      "6": {
        "loc": {
          "start": { "line": 35, "column": 30 },
          "end": { "line": 35, "column": 58 }
        },
        "type": "default-arg",
        "locations": [
          {
            "start": { "line": 35, "column": 53 },
            "end": { "line": 35, "column": 58 }
          }
        ]
      },
      "7": {
        "loc": {
          "start": { "line": 36, "column": 20 },
          "end": { "line": 36, "column": null }
        },
        "type": "binary-expr",
        "locations": [
          {
            "start": { "line": 36, "column": 20 },
            "end": { "line": 36, "column": 28 }
          },
          {
            "start": { "line": 36, "column": 28 },
            "end": { "line": 36, "column": null }
          }
        ]
      }
    },
    "s": {
      "0": 9,
      "1": 1,
      "2": 0,
      "3": 0,
      "4": 0,
      "5": 0,
      "6": 0,
      "7": 0,
      "8": 0,
      "9": 0,
      "10": 0,
      "11": 0,
      "12": 0,
      "13": 0,
      "14": 0,
      "15": 0,
      "16": 0,
      "17": 0,
      "18": 0,
      "19": 0,
      "20": 0,
      "21": 0,
      "22": 0,
      "23": 0,
      "24": 0,
      "25": 0,
      "26": 0,
      "27": 0,
      "28": 9,
      "29": 9
    },
    "f": {
      "0": 9,
      "1": 0,
      "2": 0,
      "3": 0,
      "4": 0,
      "5": 0,
      "6": 0,
      "7": 0,
      "8": 0,
      "9": 9
    },
    "b": {
      "0": [0],
      "1": [0],
      "2": [0],
      "3": [0],
      "4": [0, 0],
      "5": [0, 0, 0],
      "6": [9],
      "7": [9, 0]
    }
  },
  "/home/jaanus/Git/unleash/src/lib/util/feature-evaluator/strategy/unknown-strategy.ts": {
    "path": "/home/jaanus/Git/unleash/src/lib/util/feature-evaluator/strategy/unknown-strategy.ts",
    "statementMap": {
      "0": {
        "start": { "line": 7, "column": 21 },
        "end": { "line": 7, "column": 45 }
      },
      "1": {
        "start": { "line": 1, "column": 45 },
        "end": { "line": 1, "column": null }
      },
      "2": {
        "start": { "line": 5, "column": 47 },
        "end": { "line": 5, "column": null }
      },
      "3": {
        "start": { "line": 13, "column": 8 },
        "end": { "line": 13, "column": null }
      },
      "4": {
        "start": { "line": 22, "column": 34 },
        "end": { "line": 22, "column": null }
      },
      "5": {
        "start": { "line": 23, "column": 31 },
        "end": { "line": 23, "column": null }
      },
      "6": {
        "start": { "line": 26, "column": 12 },
        "end": { "line": 28, "column": 23 }
      },
      "7": {
        "start": { "line": 30, "column": 8 },
        "end": { "line": 37, "column": null }
      },
      "8": {
        "start": { "line": 9, "column": 8 },
        "end": { "line": 9, "column": null }
      }
    },
    "fnMap": {
      "0": {
        "name": "(anonymous_0)",
        "decl": {
          "start": { "line": 7, "column": 21 },
          "end": { "line": 7, "column": 45 }
        },
        "loc": {
          "start": { "line": 7, "column": 21 },
          "end": { "line": 7, "column": 45 }
        }
      },
      "1": {
        "name": "(anonymous_1)",
        "decl": {
          "start": { "line": 12, "column": 4 },
          "end": { "line": 12, "column": 25 }
        },
        "loc": {
          "start": { "line": 12, "column": 25 },
          "end": { "line": 14, "column": null }
        }
      },
      "2": {
        "name": "(anonymous_2)",
        "decl": {
          "start": { "line": 16, "column": 4 },
          "end": { "line": 16, "column": null }
        },
        "loc": {
          "start": { "line": 21, "column": 32 },
          "end": { "line": 38, "column": null }
        }
      },
      "3": {
        "name": "(anonymous_3)",
        "decl": {
          "start": { "line": 8, "column": 4 },
          "end": { "line": 8, "column": 18 }
        },
        "loc": {
          "start": { "line": 8, "column": 18 },
          "end": { "line": 10, "column": null }
        }
      }
    },
    "branchMap": {
      "0": {
        "loc": {
          "start": { "line": 26, "column": 12 },
          "end": { "line": 28, "column": 23 }
        },
        "type": "cond-expr",
        "locations": [
          {
            "start": { "line": 27, "column": 18 },
            "end": { "line": 27, "column": 60 }
          },
          {
            "start": { "line": 28, "column": 18 },
            "end": { "line": 28, "column": 23 }
          }
        ]
      },
      "1": {
        "loc": {
          "start": { "line": 26, "column": 12 },
          "end": { "line": 26, "column": 61 }
        },
        "type": "binary-expr",
        "locations": [
          {
            "start": { "line": 26, "column": 12 },
            "end": { "line": 26, "column": 36 }
          },
          {
            "start": { "line": 26, "column": 40 },
            "end": { "line": 26, "column": 61 }
          }
        ]
      }
    },
    "s": {
      "0": 1,
      "1": 1,
      "2": 1,
      "3": 0,
      "4": 0,
      "5": 0,
      "6": 0,
      "7": 0,
      "8": 1
    },
    "f": { "0": 1, "1": 0, "2": 0, "3": 1 },
    "b": { "0": [0, 0], "1": [0, 0] }
  },
  "/home/jaanus/Git/unleash/src/lib/util/feature-evaluator/strategy/user-with-id-strategy.ts": {
    "path": "/home/jaanus/Git/unleash/src/lib/util/feature-evaluator/strategy/user-with-id-strategy.ts",
    "statementMap": {
      "0": {
        "start": { "line": 4, "column": 21 },
        "end": { "line": 4, "column": 48 }
      },
      "1": {
        "start": { "line": 1, "column": 25 },
        "end": { "line": 1, "column": null }
      },
      "2": {
        "start": { "line": 10, "column": 27 },
        "end": { "line": 12, "column": 16 }
      },
      "3": {
        "start": { "line": 13, "column": 8 },
        "end": { "line": 13, "column": null }
      },
      "4": {
        "start": { "line": 6, "column": 8 },
        "end": { "line": 6, "column": null }
      }
    },
    "fnMap": {
      "0": {
        "name": "(anonymous_0)",
        "decl": {
          "start": { "line": 4, "column": 21 },
          "end": { "line": 4, "column": 48 }
        },
        "loc": {
          "start": { "line": 4, "column": 21 },
          "end": { "line": 4, "column": 48 }
        }
      },
      "1": {
        "name": "(anonymous_1)",
        "decl": {
          "start": { "line": 9, "column": 4 },
          "end": { "line": 9, "column": 14 }
        },
        "loc": {
          "start": { "line": 9, "column": 75 },
          "end": { "line": 14, "column": null }
        }
      },
      "2": {
        "name": "(anonymous_2)",
        "decl": {
          "start": { "line": 5, "column": 4 },
          "end": { "line": 5, "column": 18 }
        },
        "loc": {
          "start": { "line": 5, "column": 18 },
          "end": { "line": 7, "column": null }
        }
      }
    },
    "branchMap": {
      "0": {
        "loc": {
          "start": { "line": 10, "column": 27 },
          "end": { "line": 12, "column": 16 }
        },
        "type": "cond-expr",
        "locations": [
          {
            "start": { "line": 11, "column": 14 },
            "end": { "line": 11, "column": null }
          },
          {
            "start": { "line": 12, "column": 14 },
            "end": { "line": 12, "column": 16 }
          }
        ]
      }
    },
    "s": { "0": 1, "1": 1, "2": 0, "3": 0, "4": 1 },
    "f": { "0": 1, "1": 0, "2": 1 },
    "b": { "0": [0, 0] }
  },
  "/home/jaanus/Git/unleash/src/lib/util/feature-evaluator/strategy/util.ts": {
    "path": "/home/jaanus/Git/unleash/src/lib/util/feature-evaluator/strategy/util.ts",
    "statementMap": {
      "0": {
        "start": { "line": 3, "column": 24 },
        "end": { "line": 3, "column": null }
      },
      "1": {
        "start": { "line": 1, "column": 29 },
        "end": { "line": 1, "column": null }
      },
      "2": {
        "start": { "line": 8, "column": 4 },
        "end": { "line": 8, "column": null }
      }
    },
    "fnMap": {
      "0": {
        "name": "(anonymous_0)",
        "decl": {
          "start": { "line": 3, "column": 24 },
          "end": { "line": 3, "column": null }
        },
        "loc": {
          "start": { "line": 3, "column": 24 },
          "end": { "line": 3, "column": null }
        }
      }
    },
    "branchMap": {
      "0": {
        "loc": {
          "start": { "line": 6, "column": 4 },
          "end": { "line": 6, "column": 20 }
        },
        "type": "default-arg",
        "locations": [
          {
            "start": { "line": 6, "column": 17 },
            "end": { "line": 6, "column": 20 }
          }
        ]
      }
    },
    "s": { "0": 0, "1": 1, "2": 0 },
    "f": { "0": 0 },
    "b": { "0": [0] }
  }
}
