TN:
SF:src/migrator.ts
FN:8,(anonymous_1)
FN:24,(anonymous_2)
FN:8,migrateDb
FN:24,resetDb
FNF:4
FNH:2
FNDA:98,(anonymous_1)
FNDA:0,(anonymous_2)
FNDA:98,migrateDb
FNDA:0,resetDb
DA:1,75
DA:2,75
DA:4,75
DA:6,75
DA:8,98
DA:9,98
DA:14,98
DA:20,98
DA:24,0
DA:25,0
DA:30,0
DA:36,0
LF:12
LH:8
BRF:0
BRH:0
end_of_record
TN:
SF:src/lib/app.ts
FN:28,(anonymous_0)
FN:80,(anonymous_3)
FN:154,(anonymous_4)
FN:158,(anonymous_5)
FNF:4
FNH:3
FNDA:626,(anonymous_0)
FNDA:2,(anonymous_3)
FNDA:0,(anonymous_4)
FNDA:5,(anonymous_5)
DA:1,67
DA:2,67
DA:3,67
DA:4,67
DA:5,67
DA:6,67
DA:7,67
DA:8,67
DA:9,67
DA:10,67
DA:12,67
DA:15,67
DA:17,67
DA:18,67
DA:19,67
DA:20,67
DA:21,67
DA:23,67
DA:24,67
DA:25,67
DA:26,67
DA:28,312
DA:34,314
DA:36,314
DA:37,314
DA:38,314
DA:40,314
DA:41,314
DA:42,314
DA:43,314
DA:44,314
DA:45,314
DA:48,314
DA:50,314
DA:51,21
DA:54,314
DA:55,314
DA:56,314
DA:57,314
DA:58,72
DA:60,314
DA:61,314
DA:62,314
DA:63,314
DA:64,314
DA:66,314
DA:67,314
DA:70,314
DA:71,311
DA:77,314
DA:80,2
DA:85,314
DA:87,314
DA:89,0
DA:90,0
DA:91,0
DA:94,0
DA:95,0
DA:96,0
DA:99,0
DA:100,0
DA:101,0
DA:104,12
DA:105,12
DA:111,12
DA:114,15
DA:115,15
DA:116,15
DA:119,287
DA:120,287
DA:123,0
DA:124,0
DA:130,0
DA:134,314
DA:139,314
DA:140,49
DA:144,314
DA:146,314
DA:147,311
DA:150,314
DA:151,314
DA:154,314
DA:155,0
DA:158,314
DA:159,5
DA:160,2
DA:161,2
DA:164,3
DA:167,314
LF:89
LH:76
BRDA:36,0,0,314
BRDA:36,0,1,115
BRDA:44,1,0,314
BRDA:44,2,0,314
BRDA:44,2,1,314
BRDA:50,3,0,21
BRDA:57,4,0,72
BRDA:66,5,0,314
BRDA:70,6,0,311
BRDA:70,7,0,314
BRDA:70,7,1,314
BRDA:88,8,0,0
BRDA:88,8,1,0
BRDA:88,8,2,0
BRDA:88,8,3,12
BRDA:88,8,4,15
BRDA:88,8,5,287
BRDA:88,8,6,0
BRDA:139,9,0,49
BRDA:146,10,0,311
BRDA:150,11,0,314
BRDA:159,12,0,2
BRF:22
BRH:18
end_of_record
TN:
SF:src/lib/create-config.ts
FN:50,(anonymous_1)
FN:329,(anonymous_2)
FN:48,(anonymous_7)
FN:50,authTypeFromString
FN:57,mergeAll
FN:58,(anonymous_10)
FN:61,loadExperimental
FN:77,loadClientCachingOptions
FN:101,loadUI
FN:112,(anonymous_14)
FN:113,(anonymous_15)
FN:211,(anonymous_16)
FN:219,(anonymous_17)
FN:220,(anonymous_18)
FN:229,(anonymous_19)
FN:241,(anonymous_20)
FN:246,(anonymous_21)
FN:263,(anonymous_22)
FN:276,(anonymous_23)
FN:284,(anonymous_24)
FN:300,(anonymous_25)
FN:315,(anonymous_26)
FN:329,createConfig
FNF:23
FNH:19
FNDA:0,(anonymous_1)
FNDA:0,(anonymous_2)
FNDA:117,(anonymous_7)
FNDA:117,authTypeFromString
FNDA:4573,mergeAll
FNDA:11180,(anonymous_10)
FNDA:507,loadExperimental
FNDA:507,loadClientCachingOptions
FNDA:507,loadUI
FNDA:0,(anonymous_14)
FNDA:0,(anonymous_15)
FNDA:1020,(anonymous_16)
FNDA:474,(anonymous_17)
FNDA:1025,(anonymous_18)
FNDA:509,(anonymous_19)
FNDA:1017,(anonymous_20)
FNDA:9,(anonymous_21)
FNDA:509,(anonymous_22)
FNDA:507,(anonymous_23)
FNDA:507,(anonymous_24)
FNDA:499,(anonymous_25)
FNDA:507,(anonymous_26)
FNDA:510,createConfig
DA:1,105
DA:2,105
DA:3,105
DA:21,105
DA:22,105
DA:23,105
DA:24,105
DA:25,105
DA:26,105
DA:31,105
DA:36,105
DA:40,105
DA:44,105
DA:45,105
DA:46,105
DA:48,117
DA:50,0
DA:54,117
DA:58,11180
DA:62,507
DA:72,105
DA:80,507
DA:81,507
DA:82,12
DA:87,507
DA:88,1
DA:94,507
DA:102,507
DA:103,507
DA:105,507
DA:109,507
DA:112,105
DA:113,0
DA:114,0
DA:118,105
DA:148,105
DA:158,105
DA:180,105
DA:185,105
DA:193,105
DA:202,105
DA:211,105
DA:212,1020
DA:214,9
DA:216,1020
DA:219,105
DA:220,474
DA:221,1025
DA:223,975
DA:224,975
DA:226,50
DA:229,105
DA:232,509
DA:235,477
DA:241,105
DA:242,1017
DA:243,1011
DA:245,6
DA:246,6
DA:247,9
DA:248,9
DA:249,9
DA:257,9
DA:258,7
DA:260,4
DA:263,105
DA:264,509
DA:276,105
DA:277,507
DA:278,507
DA:279,1
DA:281,506
DA:284,105
DA:287,507
DA:288,499
DA:291,8
DA:300,105
DA:301,499
DA:302,499
DA:303,499
DA:304,499
DA:305,499
DA:306,499
DA:315,105
DA:316,507
DA:321,507
DA:322,507
DA:323,2
DA:326,505
DA:329,0
DA:330,510
DA:332,510
DA:333,2
DA:334,508
DA:335,6
DA:337,510
DA:338,510
DA:339,0
DA:342,510
DA:346,1
DA:350,510
DA:357,510
DA:363,510
DA:364,510
DA:365,510
DA:367,509
DA:372,509
DA:377,509
DA:379,507
DA:387,507
DA:389,507
DA:394,507
DA:395,507
DA:397,507
DA:399,507
DA:402,507
DA:403,0
DA:405,507
DA:408,507
DA:416,507
DA:420,507
DA:423,507
DA:427,507
DA:431,507
DA:435,507
DA:440,507
DA:445,507
DA:447,507
DA:479,105
LF:129
LH:123
BRDA:48,0,0,12
BRDA:48,0,1,105
BRDA:52,1,0,117
BRDA:54,2,0,117
BRDA:54,2,1,106
BRDA:81,3,0,12
BRDA:87,4,0,1
BRDA:102,5,0,507
BRDA:102,5,1,500
BRDA:123,6,0,105
BRDA:123,6,1,105
BRDA:126,7,0,0
BRDA:126,7,1,105
BRDA:139,8,0,0
BRDA:139,8,1,105
BRDA:143,9,0,105
BRDA:143,9,1,105
BRDA:145,10,0,105
BRDA:145,10,1,105
BRDA:161,11,0,105
BRDA:161,11,1,105
BRDA:164,12,0,105
BRDA:164,12,1,105
BRDA:177,13,0,105
BRDA:177,13,1,105
BRDA:181,14,0,105
BRDA:181,14,1,105
BRDA:206,15,0,105
BRDA:206,15,1,105
BRDA:212,16,0,9
BRDA:221,17,0,975
BRDA:232,18,0,32
BRDA:242,19,0,1011
BRDA:247,20,0,0
BRDA:248,21,0,0
BRDA:278,22,0,1
BRDA:287,23,0,499
BRDA:292,24,0,8
BRDA:292,24,1,0
BRDA:293,25,0,8
BRDA:293,25,1,1
BRDA:294,26,0,8
BRDA:294,26,1,1
BRDA:295,27,0,8
BRDA:295,27,1,1
BRDA:296,28,0,8
BRDA:296,28,1,1
BRDA:301,29,0,499
BRDA:301,29,1,497
BRDA:302,30,0,499
BRDA:302,30,1,498
BRDA:303,31,0,499
BRDA:303,31,1,498
BRDA:304,32,0,499
BRDA:304,32,1,482
BRDA:305,33,0,499
BRDA:305,33,1,497
BRDA:318,34,0,507
BRDA:318,34,1,492
BRDA:322,35,0,2
BRDA:332,36,0,2
BRDA:332,36,1,508
BRDA:334,37,0,6
BRDA:338,38,0,0
BRDA:338,38,1,510
BRDA:338,39,0,510
BRDA:338,39,1,0
BRDA:342,40,0,1
BRDA:343,41,0,510
BRDA:343,41,1,1
BRDA:363,42,0,510
BRDA:363,42,1,510
BRDA:363,42,2,510
BRDA:364,43,0,510
BRDA:364,43,1,42
BRDA:382,44,0,474
BRDA:382,44,1,33
BRDA:402,45,0,0
BRDA:402,45,1,507
BRDA:405,46,0,507
BRDA:405,46,1,507
BRDA:408,47,0,507
BRDA:408,47,1,501
BRDA:416,48,0,507
BRDA:416,48,1,507
BRDA:420,49,0,507
BRDA:420,49,1,40
BRDA:423,50,0,507
BRDA:423,50,1,504
BRDA:427,51,0,507
BRDA:427,51,1,499
BRDA:432,52,0,6
BRDA:432,52,1,501
BRF:93
BRH:85
end_of_record
TN:
SF:src/lib/default-custom-auth-deny-all.ts
FN:6,(anonymous_0)
FN:12,(anonymous_2)
FNF:2
FNH:2
FNDA:106,(anonymous_0)
FNDA:1,(anonymous_2)
DA:4,105
DA:6,105
DA:11,1
DA:12,1
DA:13,1
DA:14,1
LF:6
LH:6
BRF:0
BRH:0
end_of_record
TN:
SF:src/lib/event-hook.ts
FN:10,(anonymous_0)
FN:10,(anonymous_1)
FN:14,(anonymous_2)
FN:17,(anonymous_3)
FN:20,(anonymous_4)
FN:23,(anonymous_5)
FNF:6
FNH:6
FNDA:2,(anonymous_0)
FNDA:2,(anonymous_1)
FNDA:2,(anonymous_2)
FNDA:1,(anonymous_3)
FNDA:1,(anonymous_4)
FNDA:1,(anonymous_5)
DA:8,3
DA:10,3
DA:14,2
DA:15,2
DA:17,2
DA:18,1
DA:20,2
DA:21,1
DA:23,2
DA:24,1
LF:10
LH:10
BRF:0
BRH:0
end_of_record
TN:
SF:src/lib/logger.ts
FN:21,(anonymous_2)
FN:42,(anonymous_3)
FN:5,(anonymous_4)
FN:21,getDefaultLogProvider
FN:36,validate
FN:42,validateLogProvider
FNF:6
FNH:6
FNDA:42,(anonymous_2)
FNDA:512,(anonymous_3)
FNDA:106,(anonymous_4)
FNDA:42,getDefaultLogProvider
FNDA:2554,validate
FNDA:512,validateLogProvider
DA:1,106
DA:5,106
DA:21,42
DA:24,42
DA:33,42
DA:37,2554
DA:38,2
DA:42,512
DA:43,512
DA:45,512
DA:46,512
DA:47,511
DA:48,510
DA:49,510
LF:14
LH:14
BRDA:5,0,0,106
BRDA:5,0,1,106
BRDA:22,1,0,0
BRDA:37,2,0,2
BRF:4
BRH:3
end_of_record
TN:
SF:src/lib/metric-events.ts
FN:4,(anonymous_1)
FN:4,(anonymous_2)
FNF:2
FNH:2
FNDA:1424,(anonymous_1)
FNDA:2131,(anonymous_2)
DA:1,95
DA:2,95
DA:4,2131
LF:3
LH:3
BRF:0
BRH:0
end_of_record
TN:
SF:src/lib/metrics.ts
FN:26,(anonymous_1)
FN:304,(anonymous_2)
FN:36,(anonymous_7)
FN:107,collectStaticCounters
FN:140,(anonymous_9)
FN:146,(anonymous_10)
FN:153,(anonymous_11)
FN:157,(anonymous_12)
FN:160,(anonymous_13)
FN:163,(anonymous_14)
FN:166,(anonymous_15)
FN:173,(anonymous_16)
FN:181,(anonymous_17)
FN:189,(anonymous_18)
FN:197,(anonymous_19)
FN:205,(anonymous_20)
FN:211,(anonymous_21)
FN:214,(anonymous_22)
FN:218,(anonymous_23)
FN:231,(anonymous_24)
FN:241,(anonymous_25)
FN:246,(anonymous_26)
FN:275,(anonymous_27)
FN:284,(anonymous_28)
FN:292,(anonymous_29)
FN:31,(anonymous_30)
FN:304,createMetricsMonitor
FNF:27
FNH:13
FNDA:0,(anonymous_1)
FNDA:0,(anonymous_2)
FNDA:1,(anonymous_7)
FNDA:1,collectStaticCounters
FNDA:0,(anonymous_9)
FNDA:1,(anonymous_10)
FNDA:1,(anonymous_11)
FNDA:0,(anonymous_12)
FNDA:0,(anonymous_13)
FNDA:0,(anonymous_14)
FNDA:1,(anonymous_15)
FNDA:0,(anonymous_16)
FNDA:0,(anonymous_17)
FNDA:0,(anonymous_18)
FNDA:0,(anonymous_19)
FNDA:0,(anonymous_20)
FNDA:0,(anonymous_21)
FNDA:0,(anonymous_22)
FNDA:1,(anonymous_23)
FNDA:9,(anonymous_24)
FNDA:1,(anonymous_25)
FNDA:1,(anonymous_26)
FNDA:1,(anonymous_27)
FNDA:0,(anonymous_28)
FNDA:1,(anonymous_29)
FNDA:1,(anonymous_30)
FNDA:1,createMetricsMonitor
DA:1,2
DA:4,2
DA:20,2
DA:23,2
DA:26,0
DA:32,1
DA:33,1
DA:43,1
DA:44,0
DA:53,1
DA:55,1
DA:57,1
DA:65,1
DA:73,1
DA:78,1
DA:83,1
DA:88,1
DA:92,1
DA:96,1
DA:101,1
DA:108,1
DA:112,1
DA:113,1
DA:116,1
DA:117,1
DA:118,1
DA:122,1
DA:123,1
DA:124,1
DA:125,0
DA:126,0
DA:128,1
DA:129,0
DA:130,0
DA:132,1
DA:133,0
DA:134,0
DA:138,1
DA:139,1
DA:140,0
DA:144,1
DA:147,1
DA:153,1
DA:154,1
DA:157,1
DA:158,0
DA:160,1
DA:161,0
DA:163,1
DA:164,0
DA:166,1
DA:167,1
DA:171,1
DA:174,0
DA:179,1
DA:182,0
DA:187,1
DA:190,0
DA:195,1
DA:198,0
DA:203,1
DA:206,0
DA:211,1
DA:212,0
DA:214,1
DA:215,0
DA:218,1
DA:220,1
DA:221,1
DA:225,1
DA:231,1
DA:232,9
DA:233,7
DA:234,7
DA:238,1
DA:242,1
DA:243,1
DA:247,1
DA:248,1
DA:252,1
DA:253,1
DA:257,1
DA:258,1
DA:262,1
DA:266,1
DA:270,1
DA:275,1
DA:276,1
DA:277,1
DA:278,1
DA:279,1
DA:282,1
DA:283,1
DA:284,0
DA:287,1
DA:293,1
DA:294,1
DA:304,0
DA:305,1
DA:308,2
LF:100
LH:79
BRDA:43,0,0,0
BRDA:124,1,0,0
BRDA:128,2,0,0
BRDA:132,3,0,0
BRDA:232,4,0,7
BRDA:232,5,0,9
BRDA:232,5,1,8
BRDA:247,6,0,1
BRDA:247,7,0,1
BRDA:247,7,1,1
BRF:10
BRH:6
end_of_record
TN:
SF:src/lib/server-impl.ts
FN:164,(anonymous_1)
FN:165,(anonymous_2)
FN:166,(anonymous_3)
FN:167,(anonymous_4)
FN:168,(anonymous_5)
FN:169,(anonymous_6)
FN:170,(anonymous_7)
FN:171,(anonymous_8)
FN:172,(anonymous_9)
FN:173,(anonymous_10)
FN:174,(anonymous_11)
FN:180,(anonymous_12)
FN:29,createApp
FN:43,(anonymous_18)
FN:96,(anonymous_19)
FN:99,(anonymous_20)
FN:107,(anonymous_21)
FN:111,(anonymous_22)
FN:121,start
FN:145,create
FNF:20
FNH:11
FNDA:5,(anonymous_1)
FNDA:1,(anonymous_2)
FNDA:0,(anonymous_3)
FNDA:0,(anonymous_4)
FNDA:0,(anonymous_5)
FNDA:0,(anonymous_6)
FNDA:0,(anonymous_7)
FNDA:0,(anonymous_8)
FNDA:0,(anonymous_9)
FNDA:2,(anonymous_10)
FNDA:0,(anonymous_11)
FNDA:0,(anonymous_12)
FNDA:6,createApp
FNDA:6,(anonymous_18)
FNDA:6,(anonymous_19)
FNDA:5,(anonymous_20)
FNDA:5,(anonymous_21)
FNDA:5,(anonymous_22)
FNDA:5,start
FNDA:1,create
DA:1,2
DA:2,2
DA:3,2
DA:4,2
DA:5,2
DA:6,2
DA:7,2
DA:8,2
DA:9,2
DA:10,2
DA:11,2
DA:12,2
DA:13,2
DA:16,2
DA:18,2
DA:19,2
DA:20,2
DA:21,2
DA:22,2
DA:24,2
DA:25,2
DA:26,2
DA:34,6
DA:35,6
DA:36,6
DA:37,6
DA:38,6
DA:40,6
DA:41,6
DA:43,6
DA:44,6
DA:45,6
DA:46,5
DA:47,5
DA:49,6
DA:50,6
DA:51,6
DA:52,6
DA:55,6
DA:56,0
DA:58,0
DA:60,6
DA:62,6
DA:63,1
DA:65,6
DA:72,6
DA:81,6
DA:82,0
DA:90,6
DA:91,0
DA:96,6
DA:97,6
DA:98,5
DA:100,5
DA:105,5
DA:106,5
DA:107,5
DA:108,5
DA:111,5
DA:114,5
DA:116,1
DA:122,5
DA:123,5
DA:125,5
DA:126,5
DA:127,0
DA:129,5
DA:130,5
DA:131,5
DA:134,0
DA:135,0
DA:138,5
DA:139,5
DA:140,5
DA:142,5
DA:146,1
DA:147,1
DA:149,1
DA:150,1
DA:151,0
DA:153,1
DA:156,0
DA:157,0
DA:159,1
DA:164,5
DA:165,1
DA:166,0
DA:167,0
DA:168,0
DA:169,0
DA:170,0
DA:171,0
DA:172,0
DA:173,2
DA:174,0
DA:177,2
LF:96
LH:78
BRDA:45,0,0,5
BRDA:55,1,0,0
BRDA:62,2,0,1
BRDA:81,3,0,0
BRDA:90,4,0,0
BRDA:97,5,0,5
BRDA:97,5,1,1
BRDA:121,6,0,0
BRDA:126,7,0,0
BRDA:126,7,1,5
BRDA:139,8,0,5
BRDA:150,9,0,0
BRDA:150,9,1,1
BRF:13
BRH:7
end_of_record
TN:
SF:src/lib/addons/addon-schema.ts
FN:5,(anonymous_0)
FNF:1
FNH:1
FNDA:1269,(anonymous_0)
DA:1,69
DA:2,69
DA:3,69
DA:5,1269
LF:4
LH:4
BRF:0
BRH:0
end_of_record
TN:
SF:src/lib/addons/addon.ts
FN:8,(anonymous_0)
FN:32,(anonymous_2)
FN:36,(anonymous_3)
FN:40,(anonymous_4)
FN:15,(anonymous_5)
FNF:5
FNH:5
FNDA:275,(anonymous_0)
FNDA:1244,(anonymous_2)
FNDA:1320,(anonymous_3)
FNDA:4,(anonymous_4)
FNDA:1269,(anonymous_5)
DA:1,69
DA:2,69
DA:8,275
DA:19,1269
DA:20,1269
DA:21,1269
DA:22,0
DA:26,0
DA:28,1269
DA:29,1269
DA:33,1244
DA:37,1320
DA:46,4
DA:47,4
DA:53,3
DA:55,1
DA:57,1
LF:17
LH:15
BRDA:42,0,0,3
BRDA:43,1,0,3
BRDA:21,2,0,0
BRF:3
BRH:2
end_of_record
TN:
SF:src/lib/addons/datadog-definition.ts
FN:70,(anonymous_0)
FNF:1
FNH:1
FNDA:314,(anonymous_0)
DA:16,69
DA:19,69
DA:70,314
LF:3
LH:3
BRF:0
BRH:0
end_of_record
TN:
SF:src/lib/addons/datadog.ts
FN:12,(anonymous_0)
FN:24,(anonymous_2)
FN:32,(anonymous_3)
FN:15,(anonymous_4)
FNF:4
FNH:3
FNDA:314,(anonymous_0)
FNDA:3,(anonymous_2)
FNDA:0,(anonymous_3)
FNDA:314,(anonymous_4)
DA:1,69
DA:3,69
DA:9,69
DA:12,314
DA:16,314
DA:17,314
DA:26,3
DA:28,3
DA:30,3
DA:32,3
DA:33,3
DA:39,3
DA:47,3
DA:48,3
LF:14
LH:14
BRDA:25,0,0,0
BRDA:32,1,0,3
BRDA:32,1,1,0
BRF:3
BRH:1
end_of_record
TN:
SF:src/lib/addons/feature-event-formatter-md.ts
FN:29,(anonymous_2)
FN:24,(anonymous_3)
FN:39,(anonymous_4)
FN:46,(anonymous_5)
FN:54,(anonymous_6)
FN:65,(anonymous_7)
FN:73,(anonymous_8)
FN:87,(anonymous_9)
FN:93,(anonymous_10)
FN:98,(anonymous_11)
FN:106,(anonymous_12)
FN:119,(anonymous_13)
FN:126,(anonymous_14)
FN:34,(anonymous_15)
FNF:14
FNH:10
FNDA:949,(anonymous_2)
FNDA:72,(anonymous_3)
FNDA:3,(anonymous_4)
FNDA:12,(anonymous_5)
FNDA:0,(anonymous_6)
FNDA:3,(anonymous_7)
FNDA:0,(anonymous_8)
FNDA:0,(anonymous_9)
FNDA:0,(anonymous_10)
FNDA:21,(anonymous_11)
FNDA:6,(anonymous_12)
FNDA:6,(anonymous_13)
FNDA:12,(anonymous_14)
FNDA:949,(anonymous_15)
DA:17,72
DA:24,72
DA:29,949
DA:35,949
DA:36,949
DA:40,3
DA:41,3
DA:42,3
DA:43,3
DA:47,12
DA:48,6
DA:50,6
DA:55,0
DA:56,0
DA:57,0
DA:59,0
DA:60,0
DA:62,0
DA:66,3
DA:68,3
DA:69,3
DA:70,3
DA:74,0
DA:75,0
DA:76,0
DA:77,0
DA:78,0
DA:79,0
DA:80,0
DA:81,0
DA:82,0
DA:84,0
DA:88,0
DA:89,0
DA:90,0
DA:94,0
DA:95,0
DA:99,21
DA:100,21
DA:101,5
DA:103,16
DA:107,6
DA:109,6
DA:111,0
DA:113,0
DA:115,0
DA:120,6
DA:121,6
DA:122,6
DA:123,6
DA:127,12
DA:130,3
DA:133,0
DA:136,3
DA:140,0
DA:142,0
DA:144,0
DA:146,6
LF:58
LH:30
BRDA:24,0,0,72
BRDA:24,0,1,72
BRDA:41,1,0,3
BRDA:41,1,1,0
BRDA:47,2,0,6
BRDA:47,2,1,6
BRDA:59,3,0,0
BRDA:68,4,0,0
BRDA:68,4,1,3
BRDA:77,5,0,0
BRDA:77,5,1,0
BRDA:79,6,0,0
BRDA:79,6,1,0
BRDA:81,7,0,0
BRDA:99,8,0,14
BRDA:100,9,0,5
BRDA:108,10,0,6
BRDA:108,10,1,0
BRDA:108,10,2,0
BRDA:108,10,3,0
BRDA:128,11,0,3
BRDA:128,11,1,3
BRDA:128,11,2,0
BRDA:128,11,3,0
BRDA:128,11,4,3
BRDA:128,11,5,3
BRDA:128,11,6,0
BRDA:128,11,7,0
BRDA:128,11,8,0
BRDA:128,11,9,0
BRDA:128,11,10,0
BRDA:128,11,11,6
BRDA:34,12,0,314
BRF:33
BRH:15
end_of_record
TN:
SF:src/lib/addons/index.ts
FN:12,(anonymous_0)
FN:16,(anonymous_2)
FN:23,(anonymous_3)
FNF:3
FNH:3
FNDA:311,(anonymous_0)
FNDA:311,(anonymous_2)
FNDA:1244,(anonymous_3)
DA:1,68
DA:2,68
DA:3,68
DA:4,68
DA:12,311
DA:16,68
DA:17,311
DA:23,311
DA:25,1244
DA:26,1244
LF:10
LH:10
BRF:0
BRH:0
end_of_record
TN:
SF:src/lib/addons/slack-definition.ts
FN:89,(anonymous_0)
FNF:1
FNH:1
FNDA:321,(anonymous_0)
DA:16,70
DA:19,70
DA:89,321
LF:3
LH:3
BRF:0
BRH:0
end_of_record
TN:
SF:src/lib/addons/slack.ts
FN:13,(anonymous_0)
FN:25,(anonymous_2)
FN:42,(anonymous_3)
FN:74,(anonymous_4)
FN:78,(anonymous_5)
FN:81,(anonymous_6)
FN:82,(anonymous_7)
FN:16,(anonymous_8)
FNF:8
FNH:7
FNDA:0,(anonymous_0)
FNDA:6,(anonymous_2)
FNDA:7,(anonymous_3)
FNDA:7,(anonymous_4)
FNDA:6,(anonymous_5)
FNDA:3,(anonymous_6)
FNDA:3,(anonymous_7)
FNDA:321,(anonymous_8)
DA:1,70
DA:3,70
DA:10,70
DA:13,0
DA:17,321
DA:18,321
DA:31,6
DA:33,6
DA:35,6
DA:36,4
DA:39,6
DA:40,6
DA:42,6
DA:43,7
DA:64,7
DA:70,7
DA:73,6
DA:74,7
DA:75,6
DA:79,6
DA:80,2
DA:81,3
DA:82,3
DA:84,4
DA:88,70
LF:25
LH:24
BRDA:29,0,0,6
BRDA:30,1,0,6
BRDA:35,2,0,4
BRDA:79,3,0,2
BRF:4
BRH:4
end_of_record
TN:
SF:src/lib/addons/teams-definition.ts
FN:52,(anonymous_0)
FNF:1
FNH:1
FNDA:314,(anonymous_0)
DA:16,69
DA:19,69
DA:52,314
LF:3
LH:3
BRF:0
BRH:0
end_of_record
TN:
SF:src/lib/addons/teams.ts
FN:11,(anonymous_0)
FN:20,(anonymous_2)
FN:14,(anonymous_3)
FNF:3
FNH:3
FNDA:314,(anonymous_0)
FNDA:3,(anonymous_2)
FNDA:314,(anonymous_3)
DA:1,69
DA:3,69
DA:8,69
DA:11,314
DA:15,314
DA:16,314
DA:21,3
DA:22,3
DA:23,3
DA:24,3
DA:26,3
DA:59,3
DA:64,3
DA:65,3
LF:14
LH:14
BRF:0
BRH:0
end_of_record
TN:
SF:src/lib/addons/webhook-definition.ts
FN:83,(anonymous_0)
FNF:1
FNH:1
FNDA:313,(anonymous_0)
DA:18,69
DA:21,69
DA:83,313
LF:3
LH:3
BRF:0
BRH:0
end_of_record
TN:
SF:src/lib/addons/webhook.ts
FN:13,(anonymous_0)
FN:18,(anonymous_2)
FN:14,(anonymous_3)
FNF:3
FNH:3
FNDA:313,(anonymous_0)
FNDA:2,(anonymous_2)
FNDA:313,(anonymous_3)
DA:1,69
DA:2,69
DA:3,69
DA:13,313
DA:15,313
DA:19,2
DA:20,2
DA:26,2
DA:27,1
DA:29,1
DA:32,2
DA:37,2
DA:39,2
LF:13
LH:13
BRDA:26,0,0,1
BRDA:26,0,1,1
BRDA:26,1,0,2
BRDA:26,1,1,1
BRDA:34,2,0,2
BRDA:34,2,1,1
BRF:6
BRH:6
end_of_record
TN:
SF:src/lib/db/access-store.ts
FN:42,(anonymous_0)
FN:59,(anonymous_2)
FN:63,(anonymous_3)
FN:67,(anonymous_4)
FN:69,(anonymous_5)
FN:78,(anonymous_6)
FN:92,(anonymous_7)
FN:96,(anonymous_8)
FN:105,(anonymous_9)
FN:114,(anonymous_10)
FN:129,(anonymous_11)
FN:149,(anonymous_12)
FN:170,(anonymous_13)
FN:184,(anonymous_14)
FN:195,(anonymous_15)
FN:199,(anonymous_16)
FN:209,(anonymous_17)
FN:217,(anonymous_18)
FN:227,(anonymous_19)
FN:233,(anonymous_20)
FN:241,(anonymous_21)
FN:246,(anonymous_22)
FN:249,(anonymous_23)
FN:261,(anonymous_24)
FN:275,(anonymous_25)
FN:289,(anonymous_26)
FN:303,(anonymous_27)
FN:320,(anonymous_28)
FN:337,(anonymous_29)
FN:344,(anonymous_30)
FN:352,(anonymous_31)
FN:361,(anonymous_32)
FN:377,(anonymous_33)
FN:391,(anonymous_34)
FN:401,(anonymous_35)
FN:410,(anonymous_36)
FN:431,(anonymous_37)
FN:49,(anonymous_38)
FN:52,(anonymous_39)
FNF:39
FNH:29
FNDA:98,(anonymous_0)
FNDA:0,(anonymous_2)
FNDA:0,(anonymous_3)
FNDA:0,(anonymous_4)
FNDA:0,(anonymous_5)
FNDA:16,(anonymous_6)
FNDA:0,(anonymous_7)
FNDA:0,(anonymous_8)
FNDA:0,(anonymous_9)
FNDA:195,(anonymous_10)
FNDA:195,(anonymous_11)
FNDA:8165,(anonymous_12)
FNDA:11,(anonymous_13)
FNDA:396,(anonymous_14)
FNDA:9,(anonymous_15)
FNDA:13,(anonymous_16)
FNDA:230,(anonymous_17)
FNDA:109,(anonymous_18)
FNDA:45,(anonymous_19)
FNDA:21,(anonymous_20)
FNDA:14,(anonymous_21)
FNDA:21,(anonymous_22)
FNDA:138,(anonymous_23)
FNDA:3,(anonymous_24)
FNDA:4,(anonymous_25)
FNDA:0,(anonymous_26)
FNDA:3,(anonymous_27)
FNDA:0,(anonymous_28)
FNDA:3,(anonymous_29)
FNDA:2,(anonymous_30)
FNDA:2,(anonymous_31)
FNDA:3,(anonymous_32)
FNDA:60,(anonymous_33)
FNDA:2,(anonymous_34)
FNDA:2,(anonymous_35)
FNDA:1,(anonymous_36)
FNDA:0,(anonymous_37)
FNDA:98,(anonymous_38)
FNDA:206,(anonymous_39)
DA:3,75
DA:4,75
DA:15,75
DA:19,75
DA:21,75
DA:42,98
DA:50,98
DA:51,98
DA:52,98
DA:53,206
DA:60,0
DA:64,0
DA:70,0
DA:74,0
DA:75,0
DA:79,16
DA:85,16
DA:86,0
DA:89,16
DA:93,0
DA:97,0
DA:102,0
DA:106,0
DA:115,195
DA:116,195
DA:129,195
DA:130,195
DA:144,195
DA:145,195
DA:146,195
DA:150,8165
DA:154,8165
DA:155,6301
DA:159,8165
DA:163,8165
DA:171,11
DA:172,11
DA:183,11
DA:184,11
DA:185,396
DA:199,9
DA:200,13
DA:206,9
DA:210,230
DA:221,109
DA:227,109
DA:234,21
DA:242,14
DA:246,21
DA:254,138
DA:266,3
DA:281,4
DA:294,0
DA:308,3
DA:325,0
DA:344,3
DA:345,2
DA:352,3
DA:353,2
DA:361,3
DA:362,3
DA:363,2
DA:368,3
DA:369,2
DA:381,60
DA:385,60
DA:396,2
DA:401,2
DA:407,2
DA:415,1
DA:420,1
DA:422,1
DA:432,0
LF:73
LH:60
BRDA:85,0,0,0
BRDA:154,1,0,6301
BRDA:160,2,0,4070
BRDA:160,2,1,4095
BRDA:362,3,0,2
BRDA:368,4,0,2
BRF:6
BRH:5
end_of_record
TN:
SF:src/lib/db/addon-store.ts
FN:22,(anonymous_0)
FN:39,(anonymous_2)
FN:41,(anonymous_3)
FN:48,(anonymous_4)
FN:54,(anonymous_5)
FN:64,(anonymous_6)
FN:77,(anonymous_7)
FN:88,(anonymous_8)
FN:96,(anonymous_9)
FN:100,(anonymous_10)
FN:112,(anonymous_11)
FN:127,(anonymous_12)
FN:29,(anonymous_13)
FN:32,(anonymous_14)
FNF:14
FNH:11
FNDA:98,(anonymous_0)
FNDA:0,(anonymous_2)
FNDA:46,(anonymous_3)
FNDA:5,(anonymous_4)
FNDA:5,(anonymous_5)
FNDA:7,(anonymous_6)
FNDA:1,(anonymous_7)
FNDA:5,(anonymous_8)
FNDA:0,(anonymous_9)
FNDA:0,(anonymous_10)
FNDA:12,(anonymous_11)
FNDA:8,(anonymous_12)
FNDA:98,(anonymous_13)
FNDA:58,(anonymous_14)
DA:6,75
DA:7,75
DA:8,75
DA:10,75
DA:20,75
DA:22,98
DA:30,98
DA:31,98
DA:32,98
DA:33,58
DA:42,46
DA:43,46
DA:44,46
DA:45,46
DA:49,5
DA:50,5
DA:55,5
DA:56,5
DA:57,2
DA:59,3
DA:65,7
DA:67,7
DA:71,7
DA:73,7
DA:74,7
DA:78,1
DA:82,1
DA:83,0
DA:85,1
DA:89,5
DA:91,5
DA:92,1
DA:97,0
DA:101,0
DA:102,0
DA:106,0
DA:107,0
DA:108,0
DA:113,12
DA:128,8
LF:40
LH:33
BRDA:41,0,0,3
BRDA:56,1,0,2
BRDA:56,1,1,3
BRDA:82,2,0,0
BRDA:91,3,0,1
BRDA:120,4,0,12
BRDA:120,4,1,0
BRDA:121,5,0,12
BRDA:121,5,1,0
BRDA:134,6,0,8
BRDA:134,6,1,8
BRDA:135,7,0,8
BRDA:135,7,1,8
BRF:13
BRH:10
end_of_record
TN:
SF:src/lib/db/api-token-store.ts
FN:77,(anonymous_0)
FN:36,(anonymous_2)
FN:62,(anonymous_3)
FN:72,(anonymous_4)
FN:94,(anonymous_5)
FN:97,(anonymous_6)
FN:100,(anonymous_7)
FN:107,(anonymous_8)
FN:116,(anonymous_9)
FN:136,(anonymous_10)
FN:137,(anonymous_11)
FN:144,(anonymous_12)
FN:147,(anonymous_13)
FN:164,(anonymous_14)
FN:166,(anonymous_15)
FN:175,(anonymous_16)
FN:180,(anonymous_17)
FN:184,(anonymous_18)
FN:188,(anonymous_19)
FN:199,(anonymous_20)
FN:84,(anonymous_21)
FN:87,(anonymous_22)
FNF:22
FNH:16
FNDA:98,(anonymous_0)
FNDA:38,(anonymous_2)
FNDA:72,(anonymous_3)
FNDA:97,(anonymous_4)
FNDA:0,(anonymous_5)
FNDA:0,(anonymous_6)
FNDA:28,(anonymous_7)
FNDA:67,(anonymous_8)
FNDA:97,(anonymous_9)
FNDA:72,(anonymous_10)
FNDA:72,(anonymous_11)
FNDA:69,(anonymous_12)
FNDA:20,(anonymous_13)
FNDA:0,(anonymous_14)
FNDA:0,(anonymous_15)
FNDA:0,(anonymous_16)
FNDA:13,(anonymous_17)
FNDA:43,(anonymous_18)
FNDA:2,(anonymous_19)
FNDA:0,(anonymous_20)
FNDA:98,(anonymous_21)
FNDA:95,(anonymous_22)
DA:3,75
DA:4,75
DA:6,75
DA:13,75
DA:14,75
DA:16,75
DA:17,75
DA:19,75
DA:36,75
DA:37,38
DA:38,38
DA:39,35
DA:51,38
DA:52,38
DA:53,10
DA:54,7
DA:56,10
DA:57,10
DA:59,38
DA:62,75
DA:72,75
DA:73,97
DA:74,97
DA:77,98
DA:85,98
DA:86,98
DA:87,98
DA:88,95
DA:95,0
DA:97,0
DA:101,28
DA:102,28
DA:103,28
DA:104,28
DA:108,67
DA:109,67
DA:112,67
DA:113,67
DA:117,97
DA:137,72
DA:138,72
DA:143,72
DA:145,69
DA:148,20
DA:153,72
DA:154,70
DA:161,70
DA:167,0
DA:171,0
DA:172,0
DA:176,0
DA:177,0
DA:181,13
DA:185,43
DA:189,2
DA:193,2
DA:194,2
DA:196,0
DA:200,0
DA:201,0
DA:202,0
DA:206,0
LF:62
LH:50
BRDA:38,0,0,35
BRDA:45,1,0,30
BRDA:45,1,1,5
BRDA:52,2,0,10
BRDA:53,3,0,7
BRDA:67,4,0,8
BRDA:67,4,1,64
BRDA:69,5,0,72
BRDA:69,5,1,70
BRDA:143,6,0,72
BRDA:143,6,1,6
BRDA:156,7,0,70
BRDA:156,7,1,68
BRDA:157,8,0,70
BRDA:157,8,1,6
BRDA:193,9,0,2
BRF:16
BRH:16
end_of_record
TN:
SF:src/lib/db/client-applications-store.ts
FN:60,(anonymous_0)
FN:24,(anonymous_2)
FN:38,(anonymous_3)
FN:51,(anonymous_4)
FN:72,(anonymous_5)
FN:77,(anonymous_6)
FN:82,(anonymous_7)
FN:91,(anonymous_8)
FN:100,(anonymous_9)
FN:114,(anonymous_10)
FN:126,(anonymous_11)
FN:134,(anonymous_12)
FN:141,(anonymous_13)
FN:151,(anonymous_14)
FN:161,(anonymous_15)
FN:165,(anonymous_16)
FN:169,(anonymous_17)
FN:171,(anonymous_18)
FN:67,(anonymous_19)
FNF:19
FNH:14
FNDA:98,(anonymous_0)
FNDA:47,(anonymous_2)
FNDA:52,(anonymous_3)
FNDA:520,(anonymous_4)
FNDA:19,(anonymous_5)
FNDA:5,(anonymous_6)
FNDA:1,(anonymous_7)
FNDA:0,(anonymous_8)
FNDA:11,(anonymous_9)
FNDA:0,(anonymous_10)
FNDA:2,(anonymous_11)
FNDA:0,(anonymous_12)
FNDA:10,(anonymous_13)
FNDA:6,(anonymous_14)
FNDA:2,(anonymous_15)
FNDA:0,(anonymous_16)
FNDA:0,(anonymous_17)
FNDA:1,(anonymous_18)
FNDA:98,(anonymous_19)
DA:3,75
DA:11,75
DA:22,75
DA:24,75
DA:38,75
DA:39,52
DA:51,52
DA:52,520
DA:54,211
DA:57,52
DA:60,98
DA:68,98
DA:69,98
DA:73,19
DA:74,19
DA:78,5
DA:79,5
DA:83,1
DA:87,1
DA:88,1
DA:92,0
DA:97,0
DA:101,11
DA:107,11
DA:108,0
DA:111,11
DA:115,0
DA:130,2
DA:131,2
DA:133,2
DA:134,0
DA:135,0
DA:138,2
DA:142,10
DA:145,10
DA:153,6
DA:158,6
DA:162,2
DA:166,0
DA:172,1
DA:178,1
DA:179,0
DA:182,1
LF:43
LH:35
BRDA:29,0,0,47
BRDA:29,0,1,0
BRDA:41,1,0,52
BRDA:41,1,1,52
BRDA:42,2,0,52
BRDA:42,2,1,52
BRDA:52,3,0,211
BRDA:107,4,0,0
BRDA:133,5,0,0
BRDA:178,6,0,0
BRF:10
BRH:6
end_of_record
TN:
SF:src/lib/db/client-instance-store.ts
FN:45,(anonymous_0)
FN:26,(anonymous_1)
FN:36,(anonymous_2)
FN:70,(anonymous_3)
FN:80,(anonymous_4)
FN:93,(anonymous_5)
FN:101,(anonymous_6)
FN:110,(anonymous_7)
FN:114,(anonymous_8)
FN:127,(anonymous_9)
FN:139,(anonymous_10)
FN:150,(anonymous_11)
FN:165,(anonymous_12)
FN:175,(anonymous_13)
FN:182,(anonymous_14)
FN:185,(anonymous_15)
FN:189,(anonymous_16)
FN:56,(anonymous_17)
FN:60,(anonymous_18)
FN:65,(anonymous_19)
FNF:20
FNH:14
FNDA:98,(anonymous_0)
FNDA:1,(anonymous_1)
FNDA:15,(anonymous_2)
FNDA:98,(anonymous_3)
FNDA:6,(anonymous_4)
FNDA:2,(anonymous_5)
FNDA:0,(anonymous_6)
FNDA:0,(anonymous_7)
FNDA:0,(anonymous_8)
FNDA:1,(anonymous_9)
FNDA:12,(anonymous_10)
FNDA:0,(anonymous_11)
FNDA:1,(anonymous_12)
FNDA:0,(anonymous_13)
FNDA:0,(anonymous_14)
FNDA:2,(anonymous_15)
FNDA:92,(anonymous_16)
FNDA:98,(anonymous_17)
FNDA:12,(anonymous_18)
FNDA:98,(anonymous_19)
DA:9,75
DA:12,75
DA:13,75
DA:15,75
DA:24,75
DA:26,75
DA:36,75
DA:45,98
DA:57,98
DA:58,98
DA:59,98
DA:60,98
DA:61,12
DA:65,98
DA:66,98
DA:67,98
DA:71,98
DA:75,98
DA:76,0
DA:86,6
DA:94,2
DA:95,2
DA:105,0
DA:111,0
DA:121,0
DA:124,0
DA:131,1
DA:135,1
DA:136,1
DA:140,12
DA:142,12
DA:147,12
DA:151,0
DA:153,0
DA:158,0
DA:160,0
DA:162,0
DA:166,1
DA:172,1
DA:176,0
DA:182,0
DA:186,2
DA:190,92
LF:43
LH:31
BRDA:39,0,0,15
BRDA:39,0,1,15
BRDA:41,1,0,15
BRDA:41,1,1,15
BRDA:42,2,0,15
BRDA:42,2,1,15
BRDA:75,3,0,0
BRF:7
BRH:6
end_of_record
TN:
SF:src/lib/db/client-metrics-store-v2.ts
FN:41,(anonymous_0)
FN:23,(anonymous_2)
FN:32,(anonymous_3)
FN:51,(anonymous_4)
FN:66,(anonymous_5)
FN:73,(anonymous_6)
FN:82,(anonymous_7)
FN:93,(anonymous_8)
FN:97,(anonymous_9)
FN:102,(anonymous_10)
FN:111,(anonymous_11)
FN:126,(anonymous_12)
FN:137,(anonymous_13)
FN:149,(anonymous_14)
FN:161,(anonymous_15)
FN:46,(anonymous_16)
FNF:16
FNH:15
FNDA:98,(anonymous_0)
FNDA:1555,(anonymous_2)
FNDA:1557,(anonymous_3)
FNDA:3,(anonymous_4)
FNDA:12,(anonymous_5)
FNDA:2,(anonymous_6)
FNDA:1,(anonymous_7)
FNDA:28,(anonymous_8)
FNDA:0,(anonymous_9)
FNDA:21,(anonymous_10)
FNDA:3024,(anonymous_11)
FNDA:12,(anonymous_12)
FNDA:5,(anonymous_13)
FNDA:1,(anonymous_14)
FNDA:1,(anonymous_15)
FNDA:98,(anonymous_16)
DA:8,75
DA:9,75
DA:10,75
DA:21,75
DA:23,1555
DA:32,1557
DA:41,98
DA:47,98
DA:48,98
DA:52,3
DA:60,3
DA:61,2
DA:63,1
DA:67,12
DA:70,12
DA:74,2
DA:75,2
DA:76,1
DA:78,1
DA:83,1
DA:94,28
DA:103,21
DA:104,2
DA:107,19
DA:110,19
DA:112,3024
DA:118,19
DA:122,19
DA:123,19
DA:130,12
DA:134,12
DA:141,5
DA:153,1
DA:162,1
LF:34
LH:34
BRDA:60,0,0,2
BRDA:66,1,0,12
BRDA:103,2,0,2
BRDA:103,3,0,21
BRDA:103,3,1,20
BRDA:112,4,0,3024
BRDA:112,4,1,23
BRDA:112,4,2,7
BRDA:128,5,0,5
BRDA:139,6,0,5
BRDA:151,7,0,1
BRF:11
BRH:11
end_of_record
TN:
SF:src/lib/db/context-field-store.ts
FN:123,(anonymous_0)
FN:29,(anonymous_1)
FN:57,(anonymous_2)
FN:69,(anonymous_3)
FN:78,(anonymous_4)
FN:86,(anonymous_5)
FN:90,(anonymous_6)
FN:92,(anonymous_7)
FN:102,(anonymous_8)
FN:110,(anonymous_9)
FN:119,(anonymous_10)
FN:52,(anonymous_11)
FNF:12
FNH:10
FNDA:98,(anonymous_0)
FNDA:660,(anonymous_1)
FNDA:624,(anonymous_2)
FNDA:1,(anonymous_3)
FNDA:33,(anonymous_4)
FNDA:200,(anonymous_5)
FNDA:0,(anonymous_6)
FNDA:0,(anonymous_7)
FNDA:522,(anonymous_8)
FNDA:102,(anonymous_9)
FNDA:1,(anonymous_10)
FNDA:98,(anonymous_11)
DA:10,75
DA:18,75
DA:29,660
DA:53,98
DA:54,98
DA:60,624
DA:70,1
DA:75,1
DA:79,33
DA:87,200
DA:93,0
DA:97,0
DA:98,0
DA:103,522
DA:107,522
DA:111,102
DA:116,102
DA:120,1
DA:123,98
LF:19
LH:16
BRDA:34,0,0,654
BRDA:34,0,1,0
BRDA:65,1,0,624
BRDA:65,1,1,364
BRF:4
BRH:3
end_of_record
TN:
SF:src/lib/db/db-pool.ts
FN:4,(anonymous_0)
FN:20,(anonymous_2)
FN:21,(anonymous_3)
FN:22,(anonymous_4)
FNF:4
FNH:1
FNDA:202,(anonymous_0)
FNDA:0,(anonymous_2)
FNDA:0,(anonymous_3)
FNDA:0,(anonymous_4)
DA:1,76
DA:4,0
DA:8,202
DA:9,202
DA:20,0
DA:21,0
DA:22,0
DA:28,76
LF:8
LH:4
BRF:0
BRH:0
end_of_record
TN:
SF:src/lib/db/environment-store.ts
FN:51,(anonymous_0)
FN:29,mapRow
FN:39,fieldToRow
FN:68,(anonymous_4)
FN:80,(anonymous_5)
FN:84,(anonymous_6)
FN:88,(anonymous_7)
FN:91,(anonymous_8)
FN:101,(anonymous_9)
FN:112,(anonymous_10)
FN:121,(anonymous_11)
FN:133,(anonymous_12)
FN:145,(anonymous_13)
FN:153,(anonymous_14)
FN:165,(anonymous_15)
FN:173,(anonymous_16)
FN:180,(anonymous_17)
FN:184,(anonymous_18)
FN:191,(anonymous_19)
FN:195,(anonymous_20)
FN:199,(anonymous_21)
FN:58,(anonymous_22)
FN:61,(anonymous_23)
FNF:23
FNH:17
FNDA:98,(anonymous_0)
FNDA:872,mapRow
FNDA:17,fieldToRow
FNDA:5,(anonymous_4)
FNDA:378,(anonymous_5)
FNDA:0,(anonymous_6)
FNDA:0,(anonymous_7)
FNDA:5,(anonymous_8)
FNDA:173,(anonymous_9)
FNDA:12,(anonymous_10)
FNDA:0,(anonymous_11)
FNDA:10,(anonymous_12)
FNDA:2,(anonymous_13)
FNDA:0,(anonymous_14)
FNDA:4018,(anonymous_15)
FNDA:3,(anonymous_16)
FNDA:14,(anonymous_17)
FNDA:3,(anonymous_18)
FNDA:3,(anonymous_19)
FNDA:7,(anonymous_20)
FNDA:0,(anonymous_21)
FNDA:98,(anonymous_22)
FNDA:0,(anonymous_23)
DA:4,75
DA:5,75
DA:7,75
DA:9,75
DA:20,75
DA:30,872
DA:40,17
DA:49,75
DA:51,98
DA:59,98
DA:60,98
DA:61,98
DA:62,0
DA:71,5
DA:77,5
DA:81,378
DA:85,0
DA:88,0
DA:92,5
DA:95,5
DA:96,3
DA:98,2
DA:102,173
DA:105,173
DA:106,51
DA:108,173
DA:109,173
DA:113,12
DA:117,12
DA:118,12
DA:122,0
DA:125,0
DA:126,0
DA:130,0
DA:138,10
DA:146,2
DA:157,0
DA:162,0
DA:166,4018
DA:170,512
DA:174,3
DA:180,14
DA:185,3
DA:191,3
DA:196,7
LF:45
LH:36
BRDA:95,0,0,3
BRDA:105,1,0,51
BRDA:125,2,0,0
BRF:3
BRH:2
end_of_record
TN:
SF:src/lib/db/event-store.ts
FN:222,(anonymous_0)
FN:48,(anonymous_1)
FN:54,(anonymous_2)
FN:60,(anonymous_3)
FN:71,(anonymous_4)
FN:90,(anonymous_5)
FN:96,(anonymous_6)
FN:97,(anonymous_7)
FN:104,(anonymous_8)
FN:108,(anonymous_9)
FN:112,(anonymous_10)
FN:114,(anonymous_11)
FN:123,(anonymous_12)
FN:128,(anonymous_13)
FN:132,(anonymous_14)
FN:149,(anonymous_15)
FN:176,(anonymous_16)
FN:192,(anonymous_17)
FN:207,(anonymous_18)
FN:42,(anonymous_19)
FNF:20
FNH:19
FNDA:100,(anonymous_0)
FNDA:860,(anonymous_1)
FNDA:853,(anonymous_2)
FNDA:2,(anonymous_3)
FNDA:8,(anonymous_4)
FNDA:27,(anonymous_5)
FNDA:27,(anonymous_6)
FNDA:70,(anonymous_7)
FNDA:1,(anonymous_8)
FNDA:403,(anonymous_9)
FNDA:0,(anonymous_10)
FNDA:1,(anonymous_11)
FNDA:1,(anonymous_12)
FNDA:11,(anonymous_13)
FNDA:21,(anonymous_14)
FNDA:14,(anonymous_15)
FNDA:2,(anonymous_16)
FNDA:1188,(anonymous_17)
FNDA:930,(anonymous_18)
FNDA:100,(anonymous_19)
DA:7,76
DA:9,76
DA:35,76
DA:43,100
DA:44,100
DA:45,100
DA:49,860
DA:50,860
DA:53,853
DA:54,853
DA:56,7
DA:61,2
DA:64,2
DA:65,2
DA:67,0
DA:72,8
DA:73,8
DA:74,0
DA:76,8
DA:77,1
DA:79,8
DA:80,3
DA:82,8
DA:83,8
DA:84,8
DA:86,0
DA:91,27
DA:92,27
DA:95,27
DA:96,27
DA:97,70
DA:100,0
DA:105,1
DA:109,403
DA:115,1
DA:119,1
DA:120,1
DA:124,1
DA:125,1
DA:129,11
DA:133,21
DA:134,21
DA:139,21
DA:140,6
DA:142,21
DA:143,20
DA:145,1
DA:150,14
DA:157,14
DA:158,6
DA:163,14
DA:164,1
DA:169,14
DA:170,3
DA:175,14
DA:176,2
DA:177,2
DA:185,14
DA:186,14
DA:188,1
DA:193,1188
DA:208,930
DA:222,100
LF:63
LH:59
BRDA:64,0,0,2
BRDA:64,0,1,0
BRDA:73,1,0,0
BRDA:76,2,0,1
BRDA:79,3,0,3
BRDA:83,4,0,8
BRDA:83,4,1,0
BRDA:139,5,0,6
BRDA:149,6,0,0
BRDA:153,7,0,14
BRDA:153,7,1,13
BRDA:154,8,0,14
BRDA:154,8,1,13
BRDA:157,9,0,6
BRDA:163,10,0,1
BRDA:169,11,0,3
BRDA:175,12,0,2
BRDA:200,13,0,1188
BRDA:200,13,1,0
BRF:19
BRH:14
end_of_record
TN:
SF:src/lib/db/feature-environment-store.ts
FN:24,(anonymous_0)
FN:41,(anonymous_2)
FN:51,(anonymous_3)
FN:55,(anonymous_4)
FN:57,(anonymous_5)
FN:69,(anonymous_6)
FN:89,(anonymous_7)
FN:94,(anonymous_8)
FN:101,(anonymous_9)
FN:117,(anonymous_10)
FN:129,(anonymous_11)
FN:146,(anonymous_12)
FN:158,(anonymous_13)
FN:178,(anonymous_14)
FN:189,(anonymous_15)
FN:198,(anonymous_16)
FN:210,(anonymous_17)
FN:220,(anonymous_18)
FN:229,(anonymous_19)
FN:242,(anonymous_20)
FN:251,(anonymous_21)
FN:259,(anonymous_22)
FN:31,(anonymous_23)
FN:34,(anonymous_24)
FNF:24
FNH:17
FNDA:98,(anonymous_0)
FNDA:0,(anonymous_2)
FNDA:0,(anonymous_3)
FNDA:0,(anonymous_4)
FNDA:0,(anonymous_5)
FNDA:0,(anonymous_6)
FNDA:13,(anonymous_7)
FNDA:59,(anonymous_8)
FNDA:4,(anonymous_9)
FNDA:3931,(anonymous_10)
FNDA:12,(anonymous_11)
FNDA:138,(anonymous_12)
FNDA:6,(anonymous_13)
FNDA:3,(anonymous_14)
FNDA:0,(anonymous_15)
FNDA:84,(anonymous_16)
FNDA:219,(anonymous_17)
FNDA:52,(anonymous_18)
FNDA:817,(anonymous_19)
FNDA:12,(anonymous_20)
FNDA:196,(anonymous_21)
FNDA:282,(anonymous_22)
FNDA:98,(anonymous_23)
FNDA:0,(anonymous_24)
DA:8,75
DA:9,75
DA:11,75
DA:13,75
DA:24,98
DA:32,98
DA:33,98
DA:34,98
DA:35,0
DA:45,0
DA:52,0
DA:61,0
DA:65,0
DA:66,0
DA:73,0
DA:77,0
DA:78,0
DA:84,0
DA:90,13
DA:91,13
DA:92,5
DA:94,59
DA:105,4
DA:109,4
DA:110,4
DA:111,3
DA:122,3931
DA:133,12
DA:136,12
DA:140,12
DA:150,138
DA:154,138
DA:155,138
DA:162,6
DA:166,6
DA:167,5
DA:173,1
DA:182,3
DA:186,3
DA:193,0
DA:203,84
DA:214,219
DA:224,52
DA:229,817
DA:234,52
DA:235,37
DA:246,12
DA:255,196
DA:258,196
DA:260,282
LF:50
LH:39
BRDA:77,0,0,0
BRDA:91,1,0,5
BRDA:110,2,0,3
BRDA:120,3,0,0
BRDA:166,4,0,5
BRDA:234,5,0,37
BRF:6
BRH:4
end_of_record
TN:
SF:src/lib/db/feature-strategy-store.ts
FN:464,(anonymous_0)
FN:59,mapRow
FN:73,mapInput
FN:93,mapStrategyUpdate
FN:124,(anonymous_5)
FN:128,(anonymous_6)
FN:132,(anonymous_7)
FN:134,(anonymous_8)
FN:143,(anonymous_9)
FN:155,(anonymous_10)
FN:165,(anonymous_11)
FN:174,(anonymous_12)
FN:184,(anonymous_13)
FN:201,(anonymous_14)
FN:233,(anonymous_15)
FN:253,(anonymous_16)
FN:288,(anonymous_17)
FN:292,(anonymous_18)
FN:294,(anonymous_19)
FN:299,(anonymous_20)
FN:308,(anonymous_21)
FN:317,(anonymous_22)
FN:346,(anonymous_23)
FN:365,(anonymous_24)
FN:368,(anonymous_25)
FN:369,(anonymous_26)
FN:380,(anonymous_27)
FN:388,(anonymous_28)
FN:394,(anonymous_29)
FN:406,(anonymous_30)
FN:423,(anonymous_31)
FN:432,(anonymous_32)
FN:441,(anonymous_33)
FN:458,(anonymous_34)
FN:459,(anonymous_35)
FN:114,(anonymous_36)
FN:117,(anonymous_37)
FNF:37
FNH:30
FNDA:0,(anonymous_0)
FNDA:14500,mapRow
FNDA:14077,mapInput
FNDA:7,mapStrategyUpdate
FNDA:4,(anonymous_5)
FNDA:749,(anonymous_6)
FNDA:0,(anonymous_7)
FNDA:0,(anonymous_8)
FNDA:16,(anonymous_9)
FNDA:14077,(anonymous_10)
FNDA:3,(anonymous_11)
FNDA:18,(anonymous_12)
FNDA:60,(anonymous_13)
FNDA:44,(anonymous_14)
FNDA:44,(anonymous_15)
FNDA:63,(anonymous_16)
FNDA:16,(anonymous_17)
FNDA:55,(anonymous_18)
FNDA:12,(anonymous_19)
FNDA:8,(anonymous_20)
FNDA:63,(anonymous_21)
FNDA:15,(anonymous_22)
FNDA:63,(anonymous_23)
FNDA:37,(anonymous_24)
FNDA:63,(anonymous_25)
FNDA:43,(anonymous_26)
FNDA:5,(anonymous_27)
FNDA:5,(anonymous_28)
FNDA:7,(anonymous_29)
FNDA:36,(anonymous_30)
FNDA:0,(anonymous_31)
FNDA:4,(anonymous_32)
FNDA:0,(anonymous_33)
FNDA:0,(anonymous_34)
FNDA:0,(anonymous_35)
FNDA:98,(anonymous_36)
FNDA:122,(anonymous_37)
DA:3,75
DA:4,75
DA:5,75
DA:7,75
DA:18,75
DA:19,75
DA:20,75
DA:22,75
DA:40,75
DA:60,14500
DA:74,14077
DA:96,7
DA:97,7
DA:98,7
DA:100,7
DA:101,7
DA:103,7
DA:104,7
DA:115,98
DA:116,98
DA:117,98
DA:118,122
DA:125,4
DA:129,749
DA:135,0
DA:139,0
DA:140,0
DA:144,16
DA:148,16
DA:149,1
DA:152,15
DA:158,14077
DA:159,14077
DA:162,14076
DA:169,3
DA:175,18
DA:176,18
DA:180,18
DA:181,18
DA:189,60
DA:190,60
DA:197,60
DA:198,60
DA:205,44
DA:206,44
DA:234,44
DA:251,44
DA:252,44
DA:253,40
DA:254,63
DA:255,40
DA:257,63
DA:258,63
DA:259,63
DA:260,63
DA:261,63
DA:262,63
DA:263,63
DA:264,63
DA:265,63
DA:266,63
DA:267,55
DA:271,63
DA:272,63
DA:273,63
DA:274,63
DA:275,63
DA:276,55
DA:278,63
DA:279,36
DA:283,63
DA:284,63
DA:286,40
DA:290,16
DA:292,40
DA:293,55
DA:294,12
DA:296,55
DA:298,40
DA:299,40
DA:300,40
DA:301,40
DA:303,4
DA:309,63
DA:321,15
DA:345,15
DA:346,14
DA:347,63
DA:348,26
DA:352,37
DA:363,63
DA:365,37
DA:368,63
DA:370,43
DA:371,4
DA:373,39
DA:377,1
DA:381,5
DA:382,5
DA:383,4
DA:385,1
DA:389,5
DA:398,7
DA:399,7
DA:403,7
DA:410,36
DA:417,36
DA:418,0
DA:420,36
DA:427,0
DA:436,4
DA:444,0
DA:445,0
DA:454,0
DA:455,0
DA:459,0
DA:463,75
DA:464,75
LF:118
LH:108
BRDA:66,0,0,14500
BRDA:66,0,1,0
BRDA:67,1,0,14500
BRDA:67,1,1,0
BRDA:81,2,0,14077
BRDA:81,2,1,79
BRDA:97,3,0,7
BRDA:100,4,0,7
BRDA:103,5,0,7
BRDA:103,5,1,3
BRDA:148,6,0,1
BRDA:203,7,0,17
BRDA:252,8,0,40
BRDA:254,9,0,40
BRDA:266,10,0,55
BRDA:275,11,0,55
BRDA:278,12,0,36
BRDA:298,13,0,40
BRDA:298,13,1,0
BRDA:319,14,0,0
BRDA:345,15,0,14
BRDA:347,16,0,26
BRDA:347,16,1,37
BRDA:370,17,0,4
BRDA:382,18,0,4
BRDA:408,19,0,36
BRDA:412,20,0,36
BRDA:412,20,1,0
BRDA:417,21,0,0
BRF:29
BRH:23
end_of_record
TN:
SF:src/lib/db/feature-tag-store.ts
FN:219,(anonymous_0)
FN:41,(anonymous_2)
FN:55,(anonymous_3)
FN:57,(anonymous_4)
FN:70,(anonymous_5)
FN:89,(anonymous_6)
FN:91,(anonymous_7)
FN:98,(anonymous_8)
FN:108,(anonymous_9)
FN:112,(anonymous_10)
FN:127,(anonymous_11)
FN:135,(anonymous_12)
FN:142,(anonymous_13)
FN:148,(anonymous_14)
FN:162,(anonymous_15)
FN:174,(anonymous_16)
FN:184,(anonymous_17)
FN:194,(anonymous_18)
FN:206,(anonymous_19)
FN:31,(anonymous_20)
FN:34,(anonymous_21)
FNF:21
FNH:17
FNDA:0,(anonymous_0)
FNDA:1,(anonymous_2)
FNDA:0,(anonymous_3)
FNDA:1,(anonymous_4)
FNDA:1,(anonymous_5)
FNDA:15,(anonymous_6)
FNDA:12,(anonymous_7)
FNDA:506,(anonymous_8)
FNDA:26,(anonymous_9)
FNDA:4,(anonymous_10)
FNDA:0,(anonymous_11)
FNDA:0,(anonymous_12)
FNDA:11,(anonymous_13)
FNDA:4,(anonymous_14)
FNDA:2,(anonymous_15)
FNDA:6,(anonymous_16)
FNDA:8,(anonymous_17)
FNDA:8,(anonymous_18)
FNDA:28,(anonymous_19)
FNDA:98,(anonymous_20)
FNDA:545,(anonymous_21)
DA:5,75
DA:6,75
DA:7,75
DA:8,75
DA:15,75
DA:16,75
DA:32,98
DA:33,98
DA:34,98
DA:35,545
DA:46,1
DA:62,1
DA:66,1
DA:67,1
DA:75,1
DA:82,1
DA:90,15
DA:91,15
DA:99,506
DA:100,506
DA:104,506
DA:105,506
DA:109,26
DA:110,26
DA:113,4
DA:114,4
DA:118,0
DA:121,22
DA:122,22
DA:129,0
DA:135,0
DA:143,11
DA:144,11
DA:145,11
DA:151,4
DA:156,4
DA:157,4
DA:159,0
DA:163,2
DA:164,2
DA:165,2
DA:169,0
DA:171,2
DA:175,6
DA:176,6
DA:181,0
DA:185,8
DA:199,8
DA:210,28
DA:218,75
DA:219,75
LF:51
LH:45
BRDA:113,0,0,4
BRDA:113,0,1,0
BRDA:156,1,0,4
BRDA:175,2,0,6
BRF:4
BRH:3
end_of_record
TN:
SF:src/lib/db/feature-toggle-client-store.ts
FN:29,(anonymous_0)
FN:56,(anonymous_2)
FN:134,(anonymous_3)
FN:179,(anonymous_4)
FN:188,(anonymous_5)
FN:189,(anonymous_6)
FN:190,(anonymous_7)
FN:196,(anonymous_8)
FN:202,(anonymous_9)
FN:206,(anonymous_10)
FN:211,(anonymous_11)
FN:215,(anonymous_12)
FN:220,(anonymous_13)
FN:231,(anonymous_14)
FN:238,(anonymous_15)
FN:40,(anonymous_16)
FN:49,(anonymous_17)
FNF:17
FNH:16
FNDA:0,(anonymous_0)
FNDA:815,(anonymous_2)
FNDA:23768,(anonymous_3)
FNDA:13356,(anonymous_4)
FNDA:71,(anonymous_5)
FNDA:212,(anonymous_6)
FNDA:612,(anonymous_7)
FNDA:23768,(anonymous_8)
FNDA:75173,(anonymous_9)
FNDA:9,(anonymous_10)
FNDA:9,(anonymous_11)
FNDA:15281,(anonymous_12)
FNDA:58503,(anonymous_13)
FNDA:798,(anonymous_14)
FNDA:17,(anonymous_15)
FNDA:98,(anonymous_16)
FNDA:815,(anonymous_17)
DA:2,75
DA:3,75
DA:11,75
DA:14,75
DA:15,75
DA:16,75
DA:29,0
DA:46,98
DA:47,98
DA:48,98
DA:49,98
DA:50,815
DA:62,815
DA:63,815
DA:65,815
DA:85,815
DA:111,815
DA:112,776
DA:113,6
DA:117,6
DA:119,776
DA:120,169
DA:122,776
DA:123,8
DA:131,815
DA:132,811
DA:134,811
DA:135,23768
DA:138,23768
DA:139,13356
DA:143,23768
DA:144,9
DA:145,23759
DA:149,15281
DA:151,23768
DA:152,23768
DA:153,23768
DA:154,23768
DA:155,23768
DA:156,23768
DA:157,23768
DA:158,23768
DA:159,23768
DA:160,23768
DA:161,55
DA:162,55
DA:164,23768
DA:165,23768
DA:168,811
DA:170,811
DA:173,71
DA:176,811
DA:180,13356
DA:189,71
DA:190,212
DA:191,612
DA:200,23768
DA:202,75173
DA:210,9
DA:211,9
DA:219,15281
DA:220,58503
DA:222,15281
DA:223,0
DA:225,15281
DA:226,5308
DA:228,15281
DA:235,798
DA:242,17
DA:246,75
LF:70
LH:68
BRDA:58,0,0,0
BRDA:59,1,0,0
BRDA:62,2,0,815
BRDA:62,2,1,57
BRDA:111,3,0,776
BRDA:112,4,0,6
BRDA:119,5,0,169
BRDA:122,6,0,8
BRDA:135,7,0,23768
BRDA:135,7,1,3570
BRDA:138,8,0,13356
BRDA:143,9,0,9
BRDA:143,9,1,23759
BRDA:143,10,0,23768
BRDA:143,10,1,45
BRDA:145,11,0,15281
BRDA:146,12,0,23759
BRDA:146,12,1,23723
BRDA:160,13,0,55
BRDA:170,14,0,71
BRDA:170,15,0,811
BRDA:170,15,1,794
BRDA:183,16,0,13356
BRDA:183,16,1,0
BRDA:184,17,0,13356
BRDA:184,17,1,0
BRDA:201,18,0,23768
BRDA:201,18,1,23333
BRDA:222,19,0,0
BRDA:225,20,0,5308
BRDA:240,21,0,0
BRF:31
BRH:25
end_of_record
TN:
SF:src/lib/db/feature-toggle-store.ts
FN:39,(anonymous_0)
FN:56,(anonymous_2)
FN:69,(anonymous_3)
FN:72,(anonymous_4)
FN:76,(anonymous_5)
FN:78,(anonymous_6)
FN:86,(anonymous_7)
FN:106,(anonymous_8)
FN:112,(anonymous_9)
FN:113,(anonymous_10)
FN:119,(anonymous_11)
FN:128,(anonymous_12)
FN:155,(anonymous_13)
FN:160,(anonymous_14)
FN:176,(anonymous_15)
FN:181,(anonymous_16)
FN:186,(anonymous_17)
FN:204,(anonymous_18)
FN:220,(anonymous_19)
FN:231,(anonymous_20)
FN:240,(anonymous_21)
FN:247,(anonymous_22)
FN:255,(anonymous_23)
FN:262,(anonymous_24)
FN:46,(anonymous_25)
FN:49,(anonymous_26)
FN:146,(anonymous_27)
FNF:27
FNH:21
FNDA:0,(anonymous_0)
FNDA:0,(anonymous_2)
FNDA:0,(anonymous_3)
FNDA:780,(anonymous_4)
FNDA:0,(anonymous_5)
FNDA:347,(anonymous_6)
FNDA:50,(anonymous_7)
FNDA:3473,(anonymous_8)
FNDA:3472,(anonymous_9)
FNDA:1,(anonymous_10)
FNDA:0,(anonymous_11)
FNDA:6,(anonymous_12)
FNDA:4840,(anonymous_13)
FNDA:27323,(anonymous_14)
FNDA:94,(anonymous_15)
FNDA:34,(anonymous_16)
FNDA:4159,(anonymous_17)
FNDA:4140,(anonymous_18)
FNDA:19,(anonymous_19)
FNDA:12,(anonymous_20)
FNDA:3,(anonymous_21)
FNDA:3,(anonymous_22)
FNDA:94,(anonymous_23)
FNDA:136,(anonymous_24)
FNDA:98,(anonymous_25)
FNDA:0,(anonymous_26)
FNDA:924,(anonymous_27)
DA:3,75
DA:4,75
DA:5,75
DA:10,75
DA:37,75
DA:39,75
DA:47,98
DA:48,98
DA:49,98
DA:50,0
DA:63,0
DA:64,0
DA:69,0
DA:73,780
DA:79,347
DA:93,50
DA:94,50
DA:99,50
DA:108,3473
DA:112,3472
DA:114,1
DA:115,1
DA:120,0
DA:124,0
DA:125,0
DA:129,6
DA:130,6
DA:131,6
DA:142,0
DA:150,924
DA:156,4840
DA:157,208
DA:159,4632
DA:160,27323
DA:161,4632
DA:177,94
DA:178,3
DA:180,91
DA:181,91
DA:183,91
DA:187,4159
DA:198,4159
DA:199,4142
DA:201,4159
DA:208,4140
DA:209,4140
DA:213,4140
DA:215,0
DA:217,0
DA:224,19
DA:228,19
DA:232,12
DA:233,12
DA:237,12
DA:241,3
DA:248,3
DA:252,3
DA:256,94
DA:259,94
DA:267,136
DA:271,136
DA:275,75
LF:62
LH:52
BRDA:61,0,0,0
BRDA:91,1,0,11
BRDA:112,2,0,3468
BRDA:112,2,1,4
BRDA:156,3,0,208
BRDA:159,4,0,4632
BRDA:159,4,1,0
BRDA:177,5,0,3
BRDA:180,6,0,91
BRDA:180,6,1,0
BRDA:192,7,0,8
BRDA:192,7,1,4151
BRDA:198,8,0,4142
BRDA:151,9,0,8
BRDA:151,9,1,916
BRF:15
BRH:12
end_of_record
TN:
SF:src/lib/db/feature-type-store.ts
FN:71,(anonymous_0)
FN:28,(anonymous_1)
FN:33,(anonymous_2)
FN:42,(anonymous_3)
FN:47,(anonymous_4)
FN:52,(anonymous_5)
FN:56,(anonymous_6)
FN:60,(anonymous_7)
FN:62,(anonymous_8)
FN:23,(anonymous_9)
FNF:10
FNH:6
FNDA:0,(anonymous_0)
FNDA:8,(anonymous_1)
FNDA:40,(anonymous_2)
FNDA:0,(anonymous_3)
FNDA:1,(anonymous_4)
FNDA:1,(anonymous_5)
FNDA:0,(anonymous_6)
FNDA:0,(anonymous_7)
FNDA:2,(anonymous_8)
FNDA:98,(anonymous_9)
DA:8,75
DA:9,75
DA:24,98
DA:25,98
DA:29,8
DA:30,8
DA:34,40
DA:43,0
DA:44,0
DA:48,1
DA:49,1
DA:53,1
DA:57,0
DA:63,2
DA:67,2
DA:68,2
DA:71,75
DA:72,75
LF:18
LH:15
BRF:0
BRH:0
end_of_record
TN:
SF:src/lib/db/group-store.ts
FN:54,(anonymous_0)
FN:25,(anonymous_2)
FN:38,(anonymous_3)
FN:49,(anonymous_4)
FN:61,(anonymous_5)
FN:69,(anonymous_6)
FN:81,(anonymous_7)
FN:88,(anonymous_8)
FN:98,(anonymous_9)
FN:104,(anonymous_10)
FN:112,(anonymous_11)
FN:121,(anonymous_12)
FN:126,(anonymous_13)
FN:130,(anonymous_14)
FN:134,(anonymous_15)
FN:136,(anonymous_16)
FN:145,(anonymous_17)
FN:154,(anonymous_18)
FN:159,(anonymous_19)
FN:166,(anonymous_20)
FN:172,(anonymous_21)
FN:182,(anonymous_22)
FN:189,(anonymous_23)
FN:194,(anonymous_24)
FN:201,(anonymous_25)
FN:57,(anonymous_26)
FNF:26
FNH:8
FNDA:98,(anonymous_0)
FNDA:6,(anonymous_2)
FNDA:0,(anonymous_3)
FNDA:6,(anonymous_4)
FNDA:0,(anonymous_5)
FNDA:0,(anonymous_6)
FNDA:30,(anonymous_7)
FNDA:0,(anonymous_8)
FNDA:0,(anonymous_9)
FNDA:0,(anonymous_10)
FNDA:0,(anonymous_11)
FNDA:0,(anonymous_12)
FNDA:0,(anonymous_13)
FNDA:0,(anonymous_14)
FNDA:0,(anonymous_15)
FNDA:0,(anonymous_16)
FNDA:0,(anonymous_17)
FNDA:0,(anonymous_18)
FNDA:6,(anonymous_19)
FNDA:4,(anonymous_20)
FNDA:4,(anonymous_21)
FNDA:0,(anonymous_22)
FNDA:0,(anonymous_23)
FNDA:0,(anonymous_24)
FNDA:0,(anonymous_25)
FNDA:98,(anonymous_26)
DA:3,75
DA:11,75
DA:14,75
DA:23,75
DA:25,75
DA:26,6
DA:27,0
DA:29,6
DA:38,75
DA:39,0
DA:40,0
DA:42,0
DA:49,75
DA:54,98
DA:58,98
DA:62,0
DA:66,0
DA:70,0
DA:78,0
DA:82,30
DA:88,30
DA:89,0
DA:99,0
DA:104,0
DA:105,0
DA:113,0
DA:118,0
DA:122,0
DA:123,0
DA:127,0
DA:131,0
DA:137,0
DA:141,0
DA:142,0
DA:146,0
DA:150,0
DA:151,0
DA:155,0
DA:156,0
DA:160,6
DA:163,6
DA:172,4
DA:173,4
DA:179,4
DA:186,0
DA:189,0
DA:201,0
DA:202,0
DA:203,0
LF:49
LH:18
BRDA:26,0,0,0
BRDA:39,1,0,0
BRDA:179,2,0,4
BRDA:179,2,1,4
BRDA:186,3,0,0
BRDA:186,3,1,0
BRF:6
BRH:2
end_of_record
TN:
SF:src/lib/db/index.ts
FN:36,(anonymous_0)
FN:36,(anonymous_2)
FNF:2
FNH:1
FNDA:0,(anonymous_0)
FNDA:98,(anonymous_2)
DA:5,75
DA:6,75
DA:7,75
DA:8,75
DA:9,75
DA:10,75
DA:11,75
DA:12,75
DA:13,75
DA:14,75
DA:15,75
DA:16,75
DA:17,75
DA:18,75
DA:19,75
DA:20,75
DA:21,75
DA:22,75
DA:23,75
DA:24,75
DA:25,75
DA:26,75
DA:27,75
DA:28,75
DA:29,75
DA:30,75
DA:31,75
DA:32,75
DA:33,75
DA:34,75
DA:36,75
DA:40,98
DA:41,98
DA:43,98
DA:98,75
LF:35
LH:35
BRF:0
BRH:0
end_of_record
TN:
SF:src/lib/db/pat-store.ts
FN:39,(anonymous_0)
FN:18,(anonymous_2)
FN:32,(anonymous_3)
FN:49,(anonymous_4)
FN:54,(anonymous_5)
FN:58,(anonymous_6)
FN:62,(anonymous_7)
FN:64,(anonymous_8)
FN:73,(anonymous_9)
FN:78,(anonymous_10)
FN:83,(anonymous_11)
FN:44,(anonymous_12)
FNF:12
FNH:7
FNDA:98,(anonymous_0)
FNDA:6,(anonymous_2)
FNDA:3,(anonymous_3)
FNDA:3,(anonymous_4)
FNDA:1,(anonymous_5)
FNDA:0,(anonymous_6)
FNDA:0,(anonymous_7)
FNDA:0,(anonymous_8)
FNDA:0,(anonymous_9)
FNDA:0,(anonymous_10)
FNDA:3,(anonymous_11)
FNDA:98,(anonymous_12)
DA:4,75
DA:5,75
DA:7,75
DA:9,75
DA:18,75
DA:19,6
DA:20,0
DA:22,6
DA:32,75
DA:39,98
DA:45,98
DA:46,98
DA:50,3
DA:51,3
DA:55,1
DA:59,0
DA:65,0
DA:69,0
DA:70,0
DA:74,0
DA:75,0
DA:79,0
DA:80,0
DA:84,3
DA:88,3
LF:25
LH:16
BRDA:19,0,0,0
BRF:1
BRH:0
end_of_record
TN:
SF:src/lib/db/project-store.ts
FN:381,(anonymous_0)
FN:55,(anonymous_2)
FN:63,(anonymous_3)
FN:65,(anonymous_4)
FN:74,(anonymous_5)
FN:101,(anonymous_6)
FN:103,(anonymous_7)
FN:109,(anonymous_8)
FN:121,(anonymous_9)
FN:131,(anonymous_10)
FN:139,(anonymous_11)
FN:148,(anonymous_12)
FN:154,(anonymous_13)
FN:162,(anonymous_14)
FN:172,(anonymous_15)
FN:185,(anonymous_16)
FN:186,(anonymous_17)
FN:196,(anonymous_18)
FN:200,(anonymous_19)
FN:208,(anonymous_20)
FN:217,(anonymous_21)
FN:229,(anonymous_22)
FN:239,(anonymous_23)
FN:254,(anonymous_24)
FN:257,(anonymous_25)
FN:261,(anonymous_26)
FN:262,(anonymous_27)
FN:272,(anonymous_28)
FN:278,(anonymous_29)
FN:291,(anonymous_30)
FN:293,(anonymous_31)
FN:300,(anonymous_32)
FN:317,(anonymous_33)
FN:319,(anonymous_34)
FN:323,(anonymous_35)
FN:328,(anonymous_36)
FN:331,(anonymous_37)
FN:349,(anonymous_38)
FN:353,(anonymous_39)
FN:357,(anonymous_40)
FN:365,(anonymous_41)
FN:44,(anonymous_42)
FN:47,(anonymous_43)
FNF:43
FNH:37
FNDA:98,(anonymous_0)
FNDA:201,(anonymous_2)
FNDA:0,(anonymous_3)
FNDA:1,(anonymous_4)
FNDA:3,(anonymous_5)
FNDA:2,(anonymous_6)
FNDA:4,(anonymous_7)
FNDA:4,(anonymous_8)
FNDA:83,(anonymous_9)
FNDA:31,(anonymous_10)
FNDA:251,(anonymous_11)
FNDA:17,(anonymous_12)
FNDA:177,(anonymous_13)
FNDA:2,(anonymous_14)
FNDA:7,(anonymous_15)
FNDA:7,(anonymous_16)
FNDA:22,(anonymous_17)
FNDA:5,(anonymous_18)
FNDA:3,(anonymous_19)
FNDA:3,(anonymous_20)
FNDA:27,(anonymous_21)
FNDA:8,(anonymous_22)
FNDA:105,(anonymous_23)
FNDA:3,(anonymous_24)
FNDA:3,(anonymous_25)
FNDA:3,(anonymous_26)
FNDA:3,(anonymous_27)
FNDA:3,(anonymous_28)
FNDA:3,(anonymous_29)
FNDA:0,(anonymous_30)
FNDA:0,(anonymous_31)
FNDA:0,(anonymous_32)
FNDA:10,(anonymous_33)
FNDA:10,(anonymous_34)
FNDA:10,(anonymous_35)
FNDA:10,(anonymous_36)
FNDA:10,(anonymous_37)
FNDA:0,(anonymous_38)
FNDA:0,(anonymous_39)
FNDA:5,(anonymous_40)
FNDA:353,(anonymous_41)
FNDA:98,(anonymous_42)
FNDA:6,(anonymous_43)
DA:4,75
DA:12,75
DA:13,75
DA:14,75
DA:17,75
DA:25,75
DA:45,98
DA:46,98
DA:47,98
DA:48,6
DA:56,201
DA:66,1
DA:70,1
DA:71,1
DA:77,3
DA:78,3
DA:87,3
DA:88,2
DA:90,3
DA:92,3
DA:95,3
DA:96,3
DA:98,3
DA:99,3
DA:100,3
DA:101,2
DA:103,3
DA:104,4
DA:110,4
DA:122,83
DA:128,46
DA:132,31
DA:140,251
DA:144,251
DA:145,251
DA:149,17
DA:155,177
DA:158,177
DA:163,2
DA:164,2
DA:168,0
DA:173,7
DA:178,7
DA:179,7
DA:180,7
DA:182,0
DA:186,22
DA:190,7
DA:197,5
DA:201,3
DA:202,3
DA:204,0
DA:211,3
DA:214,3
DA:221,27
DA:233,8
DA:240,105
DA:255,3
DA:258,3
DA:261,3
DA:263,3
DA:273,3
DA:279,3
DA:288,3
DA:292,0
DA:294,0
DA:301,0
DA:314,0
DA:318,10
DA:320,10
DA:324,10
DA:329,10
DA:332,10
DA:346,10
DA:350,0
DA:353,0
DA:358,5
DA:366,353
DA:367,7
DA:370,346
DA:381,98
LF:81
LH:72
BRDA:87,0,0,2
BRDA:115,1,0,4
BRDA:115,1,1,4
BRDA:116,2,0,4
BRDA:116,2,1,4
BRDA:121,3,0,83
BRDA:178,4,0,7
BRDA:366,5,0,7
BRDA:375,6,0,346
BRDA:375,6,1,0
BRDA:376,7,0,346
BRDA:376,7,1,0
BRF:12
BRH:10
end_of_record
TN:
SF:src/lib/db/public-signup-token-store.ts
FN:89,(anonymous_0)
FN:34,(anonymous_2)
FN:72,(anonymous_3)
FN:84,(anonymous_4)
FN:106,(anonymous_5)
FN:109,(anonymous_6)
FN:112,(anonymous_7)
FN:138,(anonymous_8)
FN:145,(anonymous_9)
FN:154,(anonymous_10)
FN:161,(anonymous_11)
FN:171,(anonymous_12)
FN:180,(anonymous_13)
FN:182,(anonymous_14)
FN:191,(anonymous_15)
FN:203,(anonymous_16)
FN:207,(anonymous_17)
FN:211,(anonymous_18)
FN:96,(anonymous_19)
FN:99,(anonymous_20)
FNF:20
FNH:11
FNDA:98,(anonymous_0)
FNDA:6,(anonymous_2)
FNDA:4,(anonymous_3)
FNDA:6,(anonymous_4)
FNDA:0,(anonymous_5)
FNDA:0,(anonymous_6)
FNDA:6,(anonymous_7)
FNDA:0,(anonymous_8)
FNDA:0,(anonymous_9)
FNDA:2,(anonymous_10)
FNDA:4,(anonymous_11)
FNDA:3,(anonymous_12)
FNDA:0,(anonymous_13)
FNDA:0,(anonymous_14)
FNDA:6,(anonymous_15)
FNDA:0,(anonymous_16)
FNDA:5,(anonymous_17)
FNDA:0,(anonymous_18)
FNDA:98,(anonymous_19)
FNDA:0,(anonymous_20)
DA:3,75
DA:4,75
DA:6,75
DA:12,75
DA:13,75
DA:34,75
DA:43,6
DA:44,6
DA:45,6
DA:61,6
DA:62,6
DA:63,1
DA:69,6
DA:72,75
DA:73,4
DA:74,4
DA:84,75
DA:85,6
DA:86,6
DA:89,98
DA:97,98
DA:98,98
DA:99,98
DA:100,0
DA:107,0
DA:109,0
DA:113,6
DA:139,0
DA:140,0
DA:141,0
DA:142,0
DA:146,0
DA:147,0
DA:150,0
DA:151,0
DA:155,2
DA:164,4
DA:168,4
DA:172,3
DA:176,3
DA:177,3
DA:183,0
DA:187,0
DA:188,0
DA:192,6
DA:197,6
DA:198,6
DA:200,0
DA:204,0
DA:208,5
DA:215,0
DA:219,0
DA:220,0
DA:222,0
LF:54
LH:34
BRDA:44,0,0,6
BRDA:62,1,0,1
BRDA:73,2,0,0
BRDA:78,3,0,4
BRDA:78,3,1,0
BRDA:197,4,0,6
BRDA:219,5,0,0
BRF:7
BRH:4
end_of_record
TN:
SF:src/lib/db/reset-token-store.ts
FN:35,(anonymous_0)
FN:26,(anonymous_2)
FN:52,(anonymous_3)
FN:63,(anonymous_4)
FN:71,(anonymous_5)
FN:84,(anonymous_6)
FN:95,(anonymous_7)
FN:99,(anonymous_8)
FN:103,(anonymous_9)
FN:107,(anonymous_10)
FN:113,(anonymous_11)
FN:117,(anonymous_12)
FN:119,(anonymous_13)
FN:128,(anonymous_14)
FN:133,(anonymous_15)
FN:42,(anonymous_16)
FN:45,(anonymous_17)
FNF:17
FNH:9
FNDA:98,(anonymous_0)
FNDA:27,(anonymous_2)
FNDA:19,(anonymous_3)
FNDA:3,(anonymous_4)
FNDA:33,(anonymous_5)
FNDA:4,(anonymous_6)
FNDA:0,(anonymous_7)
FNDA:1,(anonymous_8)
FNDA:0,(anonymous_9)
FNDA:33,(anonymous_10)
FNDA:0,(anonymous_11)
FNDA:0,(anonymous_12)
FNDA:0,(anonymous_13)
FNDA:0,(anonymous_14)
FNDA:0,(anonymous_15)
FNDA:98,(anonymous_16)
FNDA:0,(anonymous_17)
DA:3,75
DA:4,75
DA:6,75
DA:15,75
DA:26,75
DA:35,98
DA:43,98
DA:44,98
DA:45,98
DA:46,0
DA:53,19
DA:57,19
DA:58,3
DA:60,16
DA:64,3
DA:68,3
DA:72,33
DA:75,33
DA:85,4
DA:86,4
DA:89,4
DA:91,0
DA:96,0
DA:100,1
DA:104,0
DA:108,33
DA:114,0
DA:120,0
DA:124,0
DA:125,0
DA:129,0
DA:130,0
DA:134,0
DA:135,0
LF:34
LH:22
BRDA:57,0,0,3
BRF:1
BRH:1
end_of_record
TN:
SF:src/lib/db/role-store.ts
FN:28,(anonymous_0)
FN:41,(anonymous_2)
FN:50,(anonymous_3)
FN:61,(anonymous_4)
FN:65,(anonymous_5)
FN:73,(anonymous_6)
FN:87,(anonymous_7)
FN:96,(anonymous_8)
FN:105,(anonymous_9)
FN:109,(anonymous_10)
FN:122,(anonymous_11)
FN:128,(anonymous_12)
FN:136,(anonymous_13)
FN:144,(anonymous_14)
FN:152,(anonymous_15)
FN:159,(anonymous_16)
FN:167,(anonymous_17)
FN:175,(anonymous_18)
FN:181,(anonymous_19)
FN:185,(anonymous_20)
FN:35,(anonymous_21)
FNF:21
FNH:12
FNDA:98,(anonymous_0)
FNDA:0,(anonymous_2)
FNDA:13,(anonymous_3)
FNDA:0,(anonymous_4)
FNDA:0,(anonymous_5)
FNDA:0,(anonymous_6)
FNDA:0,(anonymous_7)
FNDA:9,(anonymous_8)
FNDA:0,(anonymous_9)
FNDA:13,(anonymous_10)
FNDA:0,(anonymous_11)
FNDA:0,(anonymous_12)
FNDA:28,(anonymous_13)
FNDA:6,(anonymous_14)
FNDA:94,(anonymous_15)
FNDA:2,(anonymous_16)
FNDA:3,(anonymous_17)
FNDA:14,(anonymous_18)
FNDA:75,(anonymous_19)
FNDA:0,(anonymous_20)
FNDA:98,(anonymous_21)
DA:4,75
DA:13,75
DA:19,75
DA:28,98
DA:36,98
DA:37,98
DA:38,98
DA:42,0
DA:47,0
DA:51,13
DA:58,13
DA:62,0
DA:66,0
DA:67,0
DA:68,0
DA:70,0
DA:74,0
DA:84,0
DA:88,0
DA:92,0
DA:93,0
DA:97,9
DA:98,9
DA:99,0
DA:101,9
DA:102,9
DA:106,0
DA:110,13
DA:111,0
DA:114,13
DA:123,0
DA:129,0
DA:137,28
DA:145,6
DA:153,94
DA:160,2
DA:168,3
DA:175,14
DA:182,75
LF:39
LH:22
BRDA:67,0,0,0
BRDA:98,1,0,0
BRDA:110,2,0,0
BRF:3
BRH:0
end_of_record
TN:
SF:src/lib/db/segment-store.ts
FN:40,(anonymous_0)
FN:53,(anonymous_2)
FN:70,(anonymous_3)
FN:83,(anonymous_4)
FN:87,(anonymous_5)
FN:96,(anonymous_6)
FN:110,(anonymous_7)
FN:127,(anonymous_8)
FN:131,(anonymous_9)
FN:140,(anonymous_10)
FN:149,(anonymous_11)
FN:156,(anonymous_12)
FN:162,(anonymous_13)
FN:167,(anonymous_14)
FN:173,(anonymous_15)
FN:182,(anonymous_16)
FN:183,(anonymous_17)
FN:186,(anonymous_18)
FN:201,(anonymous_19)
FN:47,(anonymous_20)
FNF:20
FNH:16
FNDA:98,(anonymous_0)
FNDA:1572,(anonymous_2)
FNDA:0,(anonymous_3)
FNDA:1,(anonymous_4)
FNDA:45,(anonymous_5)
FNDA:742,(anonymous_6)
FNDA:35,(anonymous_7)
FNDA:778,(anonymous_8)
FNDA:0,(anonymous_9)
FNDA:1,(anonymous_10)
FNDA:14261,(anonymous_11)
FNDA:0,(anonymous_12)
FNDA:8,(anonymous_13)
FNDA:1,(anonymous_14)
FNDA:26,(anonymous_15)
FNDA:849,(anonymous_16)
FNDA:5094,(anonymous_17)
FNDA:2707,(anonymous_18)
FNDA:0,(anonymous_19)
FNDA:98,(anonymous_20)
DA:6,75
DA:10,75
DA:16,75
DA:40,98
DA:48,98
DA:49,98
DA:50,98
DA:57,1572
DA:67,1572
DA:71,0
DA:80,0
DA:84,1
DA:88,45
DA:93,45
DA:97,742
DA:107,742
DA:111,35
DA:124,35
DA:128,778
DA:132,0
DA:137,0
DA:141,1
DA:146,1
DA:150,14261
DA:157,0
DA:163,8
DA:167,8
DA:174,26
DA:179,26
DA:183,5094
DA:187,2707
DA:188,0
DA:191,2707
LF:33
LH:27
BRDA:63,0,0,1572
BRDA:63,0,1,26
BRDA:187,1,0,0
BRF:3
BRH:2
end_of_record
TN:
SF:src/lib/db/session-store.ts
FN:17,(anonymous_0)
FN:30,(anonymous_2)
FN:38,(anonymous_3)
FN:51,(anonymous_4)
FN:61,(anonymous_5)
FN:67,(anonymous_6)
FN:71,(anonymous_7)
FN:85,(anonymous_8)
FN:89,(anonymous_9)
FN:91,(anonymous_10)
FN:100,(anonymous_11)
FN:105,(anonymous_12)
FN:24,(anonymous_13)
FNF:13
FNH:9
FNDA:0,(anonymous_0)
FNDA:3,(anonymous_2)
FNDA:4,(anonymous_3)
FNDA:1,(anonymous_4)
FNDA:12,(anonymous_5)
FNDA:1,(anonymous_6)
FNDA:9,(anonymous_7)
FNDA:4,(anonymous_8)
FNDA:0,(anonymous_9)
FNDA:0,(anonymous_10)
FNDA:0,(anonymous_11)
FNDA:17,(anonymous_12)
FNDA:99,(anonymous_13)
DA:4,75
DA:6,75
DA:8,75
DA:17,0
DA:25,99
DA:26,99
DA:27,99
DA:31,3
DA:35,3
DA:39,4
DA:43,4
DA:44,2
DA:46,2
DA:52,1
DA:55,1
DA:56,0
DA:58,1
DA:62,12
DA:68,1
DA:72,9
DA:79,9
DA:80,9
DA:82,0
DA:86,4
DA:92,0
DA:96,0
DA:97,0
DA:101,0
DA:102,0
DA:106,17
DA:115,75
LF:31
LH:23
BRDA:43,0,0,2
BRDA:43,1,0,4
BRDA:43,1,1,4
BRDA:55,2,0,0
BRDA:76,3,0,9
BRDA:76,3,1,9
BRDA:79,4,0,9
BRF:7
BRH:6
end_of_record
TN:
SF:src/lib/db/setting-store.ts
FN:7,(anonymous_0)
FN:18,(anonymous_1)
FN:27,(anonymous_2)
FN:31,(anonymous_3)
FN:40,(anonymous_4)
FN:50,(anonymous_5)
FN:59,(anonymous_6)
FN:63,(anonymous_7)
FN:67,(anonymous_8)
FN:69,(anonymous_9)
FN:71,(anonymous_10)
FN:12,(anonymous_11)
FNF:12
FNH:10
FNDA:0,(anonymous_0)
FNDA:7,(anonymous_1)
FNDA:10,(anonymous_2)
FNDA:23,(anonymous_3)
FNDA:91,(anonymous_4)
FNDA:14,(anonymous_5)
FNDA:2,(anonymous_6)
FNDA:5,(anonymous_7)
FNDA:0,(anonymous_8)
FNDA:2,(anonymous_9)
FNDA:5,(anonymous_10)
FNDA:98,(anonymous_11)
DA:5,75
DA:7,0
DA:13,98
DA:14,98
DA:19,7
DA:28,10
DA:32,23
DA:36,23
DA:37,23
DA:41,91
DA:43,91
DA:44,72
DA:46,19
DA:51,14
DA:52,14
DA:53,4
DA:55,10
DA:60,2
DA:64,5
DA:70,2
DA:71,5
DA:75,75
LF:22
LH:21
BRDA:43,0,0,72
BRDA:52,1,0,4
BRDA:52,1,1,10
BRF:3
BRH:3
end_of_record
TN:
SF:src/lib/db/strategy-store.ts
FN:30,(anonymous_0)
FN:40,(anonymous_2)
FN:50,(anonymous_3)
FN:61,(anonymous_4)
FN:69,(anonymous_5)
FN:73,(anonymous_6)
FN:77,(anonymous_7)
FN:79,(anonymous_8)
FN:88,(anonymous_9)
FN:93,(anonymous_10)
FN:107,(anonymous_11)
FN:120,(anonymous_12)
FN:129,(anonymous_13)
FN:134,(anonymous_14)
FN:140,(anonymous_15)
FN:144,(anonymous_16)
FN:148,(anonymous_17)
FN:153,(anonymous_18)
FN:158,(anonymous_19)
FN:35,(anonymous_20)
FNF:20
FNH:15
FNDA:0,(anonymous_0)
FNDA:11,(anonymous_2)
FNDA:8,(anonymous_3)
FNDA:0,(anonymous_4)
FNDA:1,(anonymous_5)
FNDA:0,(anonymous_6)
FNDA:0,(anonymous_7)
FNDA:2,(anonymous_8)
FNDA:21,(anonymous_9)
FNDA:57,(anonymous_10)
FNDA:32,(anonymous_11)
FNDA:246,(anonymous_12)
FNDA:216,(anonymous_13)
FNDA:2,(anonymous_14)
FNDA:2,(anonymous_15)
FNDA:1,(anonymous_16)
FNDA:0,(anonymous_17)
FNDA:28,(anonymous_18)
FNDA:4,(anonymous_19)
FNDA:98,(anonymous_20)
DA:4,75
DA:12,75
DA:20,75
DA:30,0
DA:36,98
DA:37,98
DA:41,11
DA:47,11
DA:51,8
DA:58,8
DA:62,0
DA:70,1
DA:74,0
DA:80,2
DA:84,2
DA:85,2
DA:89,21
DA:90,21
DA:94,57
DA:95,7
DA:97,50
DA:108,32
DA:109,0
DA:111,32
DA:121,246
DA:130,216
DA:135,2
DA:141,2
DA:145,1
DA:149,0
DA:154,28
DA:155,28
DA:159,4
DA:165,75
LF:34
LH:29
BRDA:94,0,0,7
BRDA:108,1,0,0
BRF:2
BRH:1
end_of_record
TN:
SF:src/lib/db/tag-store.ts
FN:18,(anonymous_0)
FN:35,(anonymous_2)
FN:42,(anonymous_3)
FN:49,(anonymous_4)
FN:64,(anonymous_5)
FN:75,(anonymous_6)
FN:81,(anonymous_7)
FN:87,(anonymous_8)
FN:93,(anonymous_9)
FN:101,(anonymous_10)
FN:103,(anonymous_11)
FN:118,(anonymous_12)
FN:25,(anonymous_13)
FN:28,(anonymous_14)
FNF:14
FNH:10
FNDA:0,(anonymous_0)
FNDA:0,(anonymous_2)
FNDA:15,(anonymous_3)
FNDA:20,(anonymous_4)
FNDA:3,(anonymous_5)
FNDA:15,(anonymous_6)
FNDA:2,(anonymous_7)
FNDA:4,(anonymous_8)
FNDA:3,(anonymous_9)
FNDA:0,(anonymous_10)
FNDA:0,(anonymous_11)
FNDA:10,(anonymous_12)
FNDA:98,(anonymous_13)
FNDA:59,(anonymous_14)
DA:3,75
DA:4,75
DA:6,75
DA:10,75
DA:11,75
DA:18,0
DA:26,98
DA:27,98
DA:28,98
DA:29,59
DA:36,0
DA:37,0
DA:38,0
DA:39,0
DA:43,15
DA:44,15
DA:45,15
DA:46,15
DA:50,20
DA:51,20
DA:55,20
DA:56,20
DA:57,13
DA:61,7
DA:65,3
DA:66,3
DA:70,3
DA:71,3
DA:72,3
DA:76,15
DA:77,15
DA:78,15
DA:82,2
DA:83,2
DA:84,2
DA:88,4
DA:89,4
DA:90,4
DA:94,3
DA:104,0
DA:105,0
DA:109,0
DA:110,0
DA:111,0
DA:115,0
DA:119,10
DA:125,75
LF:47
LH:36
BRDA:56,0,0,13
BRDA:110,1,0,0
BRF:2
BRH:1
end_of_record
TN:
SF:src/lib/db/tag-type-store.ts
FN:18,(anonymous_0)
FN:35,(anonymous_2)
FN:42,(anonymous_3)
FN:48,(anonymous_4)
FN:58,(anonymous_5)
FN:69,(anonymous_6)
FN:75,(anonymous_7)
FN:81,(anonymous_8)
FN:87,(anonymous_9)
FN:99,(anonymous_10)
FN:105,(anonymous_11)
FN:107,(anonymous_12)
FN:25,(anonymous_13)
FN:28,(anonymous_14)
FNF:14
FNH:12
FNDA:0,(anonymous_0)
FNDA:14,(anonymous_2)
FNDA:7,(anonymous_3)
FNDA:7,(anonymous_4)
FNDA:10,(anonymous_5)
FNDA:110,(anonymous_6)
FNDA:1,(anonymous_7)
FNDA:4,(anonymous_8)
FNDA:4,(anonymous_9)
FNDA:2,(anonymous_10)
FNDA:0,(anonymous_11)
FNDA:19,(anonymous_12)
FNDA:98,(anonymous_13)
FNDA:148,(anonymous_14)
DA:4,75
DA:5,75
DA:6,75
DA:9,75
DA:10,75
DA:18,0
DA:26,98
DA:27,98
DA:28,98
DA:29,148
DA:36,14
DA:37,14
DA:38,14
DA:39,14
DA:43,7
DA:44,7
DA:49,7
DA:50,7
DA:51,2
DA:53,5
DA:59,10
DA:60,10
DA:64,10
DA:65,10
DA:66,10
DA:70,110
DA:71,110
DA:72,110
DA:76,1
DA:77,1
DA:78,1
DA:82,4
DA:83,4
DA:84,4
DA:88,4
DA:93,4
DA:94,4
DA:96,0
DA:100,2
DA:101,2
DA:102,2
DA:108,19
DA:116,75
LF:43
LH:41
BRDA:50,0,0,2
BRDA:50,0,1,5
BRDA:93,1,0,4
BRF:3
BRH:3
end_of_record
TN:
SF:src/lib/db/user-feedback-store.ts
FN:34,(anonymous_0)
FN:20,(anonymous_1)
FN:27,(anonymous_2)
FN:44,(anonymous_3)
FN:53,(anonymous_4)
FN:66,(anonymous_5)
FN:77,(anonymous_6)
FN:83,(anonymous_7)
FN:87,(anonymous_8)
FN:89,(anonymous_9)
FN:98,(anonymous_10)
FN:105,(anonymous_11)
FN:39,(anonymous_12)
FNF:13
FNH:9
FNDA:0,(anonymous_0)
FNDA:6,(anonymous_1)
FNDA:10,(anonymous_2)
FNDA:5,(anonymous_3)
FNDA:1,(anonymous_4)
FNDA:6,(anonymous_5)
FNDA:0,(anonymous_6)
FNDA:5,(anonymous_7)
FNDA:0,(anonymous_8)
FNDA:2,(anonymous_9)
FNDA:0,(anonymous_10)
FNDA:1,(anonymous_11)
FNDA:98,(anonymous_12)
DA:10,75
DA:11,75
DA:20,75
DA:27,75
DA:34,0
DA:40,98
DA:41,98
DA:45,5
DA:50,5
DA:57,1
DA:63,1
DA:67,6
DA:74,6
DA:78,0
DA:84,5
DA:90,2
DA:94,2
DA:95,2
DA:102,0
DA:106,1
DA:110,1
DA:114,75
LF:22
LH:19
BRF:0
BRH:0
end_of_record
TN:
SF:src/lib/db/user-splash-store.ts
FN:31,(anonymous_0)
FN:19,(anonymous_1)
FN:25,(anonymous_2)
FN:41,(anonymous_3)
FN:50,(anonymous_4)
FN:60,(anonymous_5)
FN:71,(anonymous_6)
FN:77,(anonymous_7)
FN:81,(anonymous_8)
FN:83,(anonymous_9)
FN:92,(anonymous_10)
FN:96,(anonymous_11)
FN:36,(anonymous_12)
FNF:13
FNH:9
FNDA:0,(anonymous_0)
FNDA:5,(anonymous_1)
FNDA:9,(anonymous_2)
FNDA:5,(anonymous_3)
FNDA:1,(anonymous_4)
FNDA:5,(anonymous_5)
FNDA:0,(anonymous_6)
FNDA:5,(anonymous_7)
FNDA:0,(anonymous_8)
FNDA:2,(anonymous_9)
FNDA:0,(anonymous_10)
FNDA:1,(anonymous_11)
FNDA:98,(anonymous_12)
DA:10,75
DA:11,75
DA:19,75
DA:25,75
DA:31,0
DA:37,98
DA:38,98
DA:42,5
DA:47,5
DA:51,1
DA:57,1
DA:61,5
DA:68,5
DA:72,0
DA:78,5
DA:84,2
DA:88,2
DA:89,2
DA:93,0
DA:97,1
DA:101,1
DA:105,75
LF:22
LH:19
BRF:0
BRH:0
end_of_record
TN:
SF:src/lib/db/user-store.ts
FN:224,(anonymous_0)
FN:37,(anonymous_2)
FN:44,(anonymous_3)
FN:46,(anonymous_4)
FN:53,(anonymous_5)
FN:79,(anonymous_6)
FN:84,(anonymous_7)
FN:91,(anonymous_8)
FN:100,(anonymous_9)
FN:114,(anonymous_10)
FN:120,(anonymous_11)
FN:125,(anonymous_12)
FN:135,(anonymous_13)
FN:143,(anonymous_14)
FN:148,(anonymous_15)
FN:152,(anonymous_16)
FN:164,(anonymous_17)
FN:170,(anonymous_18)
FN:174,(anonymous_19)
FN:181,(anonymous_20)
FN:185,(anonymous_21)
FN:189,(anonymous_22)
FN:192,(anonymous_23)
FN:194,(anonymous_24)
FN:203,(anonymous_25)
FN:208,(anonymous_26)
FN:210,(anonymous_27)
FN:74,(anonymous_28)
FNF:28
FNH:25
FNDA:0,(anonymous_0)
FNDA:2004,(anonymous_2)
FNDA:216,(anonymous_3)
FNDA:122,(anonymous_4)
FNDA:513,(anonymous_5)
FNDA:11,(anonymous_6)
FNDA:111,(anonymous_7)
FNDA:13,(anonymous_8)
FNDA:141,(anonymous_9)
FNDA:68,(anonymous_10)
FNDA:40,(anonymous_11)
FNDA:1,(anonymous_12)
FNDA:53,(anonymous_13)
FNDA:40,(anonymous_14)
FNDA:3,(anonymous_15)
FNDA:12,(anonymous_16)
FNDA:16,(anonymous_17)
FNDA:5,(anonymous_18)
FNDA:28,(anonymous_19)
FNDA:39,(anonymous_20)
FNDA:2,(anonymous_21)
FNDA:2,(anonymous_22)
FNDA:0,(anonymous_23)
FNDA:0,(anonymous_24)
FNDA:53,(anonymous_25)
FNDA:3,(anonymous_26)
FNDA:24,(anonymous_27)
FNDA:98,(anonymous_28)
DA:5,75
DA:7,75
DA:15,75
DA:17,75
DA:28,75
DA:37,75
DA:38,2004
DA:39,1086
DA:41,918
DA:44,216
DA:46,122
DA:53,75
DA:54,513
DA:55,12
DA:57,501
DA:75,98
DA:76,98
DA:80,11
DA:81,11
DA:85,111
DA:88,110
DA:92,13
DA:94,12
DA:95,5
DA:97,7
DA:101,141
DA:102,141
DA:103,33
DA:105,108
DA:106,94
DA:108,14
DA:109,13
DA:111,1
DA:115,68
DA:116,67
DA:117,67
DA:121,40
DA:122,40
DA:126,1
DA:132,1
DA:136,53
DA:140,53
DA:144,40
DA:145,40
DA:149,3
DA:153,12
DA:157,12
DA:158,1
DA:161,11
DA:165,16
DA:171,5
DA:175,28
DA:182,39
DA:186,2
DA:189,2
DA:195,0
DA:199,0
DA:200,0
DA:204,53
DA:205,53
DA:209,3
DA:210,24
DA:219,3
DA:223,75
DA:224,75
LF:65
LH:62
BRDA:38,0,0,1086
BRDA:44,1,0,206
BRDA:44,1,1,10
BRDA:54,2,0,12
BRDA:94,3,0,5
BRDA:102,4,0,33
BRDA:105,5,0,94
BRDA:108,6,0,13
BRDA:117,7,0,6
BRDA:117,7,1,61
BRDA:157,8,0,1
BRF:11
BRH:11
end_of_record
TN:
SF:src/lib/error/bad-data-error.ts
FN:23,(anonymous_0)
FN:10,(anonymous_1)
FN:2,(anonymous_2)
FNF:3
FNH:3
FNDA:30,(anonymous_0)
FNDA:12,(anonymous_1)
FNDA:30,(anonymous_2)
DA:3,30
DA:4,30
DA:6,30
DA:7,30
DA:11,12
DA:23,152
LF:6
LH:6
BRF:0
BRH:0
end_of_record
TN:
SF:src/lib/error/base-error.ts
FN:26,(anonymous_0)
FN:13,(anonymous_1)
FN:4,(anonymous_2)
FNF:3
FNH:3
FNDA:246,(anonymous_0)
FNDA:1,(anonymous_1)
FNDA:3,(anonymous_2)
DA:5,3
DA:7,3
DA:8,3
DA:9,3
DA:10,3
DA:14,1
DA:26,246
LF:7
LH:7
BRF:0
BRH:0
end_of_record
TN:
SF:src/lib/error/db-error.ts
FN:4,(anonymous_1)
FN:4,(anonymous_2)
FNF:2
FNH:2
FNDA:5,(anonymous_1)
FNDA:3,(anonymous_2)
DA:1,94
DA:2,94
DA:4,5
LF:3
LH:3
BRF:0
BRH:0
end_of_record
TN:
SF:src/lib/error/disabled-error.ts
FN:10,(anonymous_0)
FN:4,(anonymous_2)
FNF:2
FNH:2
FNDA:1,(anonymous_0)
FNDA:1,(anonymous_2)
DA:1,69
DA:5,1
DA:6,1
DA:10,69
LF:4
LH:4
BRF:0
BRH:0
end_of_record
TN:
SF:src/lib/error/feature-has-tag-error.ts
FN:22,(anonymous_0)
FN:10,(anonymous_1)
FN:2,(anonymous_2)
FNF:3
FNH:2
FNDA:0,(anonymous_0)
FNDA:3,(anonymous_1)
FNDA:4,(anonymous_2)
DA:3,4
DA:4,4
DA:6,4
DA:7,4
DA:11,3
DA:22,75
DA:23,75
LF:7
LH:7
BRF:0
BRH:0
end_of_record
TN:
SF:src/lib/error/incompatible-project-error.ts
FN:1,(anonymous_0)
FN:10,(anonymous_1)
FN:2,(anonymous_2)
FNF:3
FNH:2
FNDA:4,(anonymous_0)
FNDA:0,(anonymous_1)
FNDA:3,(anonymous_2)
DA:1,4
DA:3,3
DA:4,3
DA:6,3
DA:7,3
DA:11,0
DA:21,0
LF:7
LH:5
BRF:0
BRH:0
end_of_record
TN:
SF:src/lib/error/invalid-operation-error.ts
FN:22,(anonymous_0)
FN:10,(anonymous_1)
FN:2,(anonymous_2)
FNF:3
FNH:2
FNDA:0,(anonymous_0)
FNDA:6,(anonymous_1)
FNDA:12,(anonymous_2)
DA:3,12
DA:4,12
DA:6,12
DA:7,12
DA:11,6
DA:22,76
DA:23,76
LF:7
LH:7
BRF:0
BRH:0
end_of_record
TN:
SF:src/lib/error/invalid-token-error.ts
FN:23,(anonymous_0)
FN:9,(anonymous_1)
FN:2,(anonymous_2)
FNF:3
FNH:2
FNDA:0,(anonymous_0)
FNDA:2,(anonymous_1)
FNDA:3,(anonymous_2)
DA:3,3
DA:4,3
DA:5,3
DA:6,3
DA:10,2
DA:19,2
DA:23,69
DA:24,69
LF:8
LH:8
BRF:0
BRH:0
end_of_record
TN:
SF:src/lib/error/minimum-one-environment-error.ts
FN:22,(anonymous_0)
FN:10,(anonymous_1)
FN:2,(anonymous_2)
FNF:3
FNH:2
FNDA:0,(anonymous_0)
FNDA:1,(anonymous_1)
FNDA:1,(anonymous_2)
DA:3,1
DA:4,1
DA:6,1
DA:7,1
DA:11,1
DA:22,68
DA:23,68
LF:7
LH:7
BRF:0
BRH:0
end_of_record
TN:
SF:src/lib/error/name-exists-error.ts
FN:22,(anonymous_0)
FN:10,(anonymous_1)
FN:2,(anonymous_2)
FNF:3
FNH:2
FNDA:0,(anonymous_0)
FNDA:15,(anonymous_1)
FNDA:23,(anonymous_2)
DA:3,23
DA:4,23
DA:6,23
DA:7,23
DA:11,15
DA:22,79
DA:23,79
LF:7
LH:7
BRF:0
BRH:0
end_of_record
TN:
SF:src/lib/error/no-access-error.ts
FN:25,(anonymous_0)
FN:17,(anonymous_1)
FN:8,(anonymous_2)
FNF:3
FNH:2
FNDA:0,(anonymous_0)
FNDA:3,(anonymous_1)
FNDA:6,(anonymous_2)
DA:9,6
DA:10,6
DA:12,6
DA:13,6
DA:14,6
DA:18,3
DA:25,72
DA:26,72
LF:8
LH:8
BRF:0
BRH:0
end_of_record
TN:
SF:src/lib/error/notfound-error.ts
FN:10,(anonymous_0)
FN:2,(anonymous_1)
FNF:2
FNH:1
FNDA:0,(anonymous_0)
FNDA:292,(anonymous_1)
DA:3,292
DA:4,292
DA:6,292
DA:7,292
DA:10,102
DA:11,102
LF:6
LH:6
BRF:0
BRH:0
end_of_record
TN:
SF:src/lib/error/operation-denied-error.ts
FN:1,(anonymous_0)
FN:10,(anonymous_1)
FN:2,(anonymous_2)
FNF:3
FNH:3
FNDA:1,(anonymous_0)
FNDA:1,(anonymous_1)
FNDA:1,(anonymous_2)
DA:1,1
DA:3,1
DA:4,1
DA:6,1
DA:7,1
DA:11,1
LF:6
LH:6
BRF:0
BRH:0
end_of_record
TN:
SF:src/lib/error/owasp-validation-error.ts
FN:28,(anonymous_0)
FN:13,(anonymous_1)
FN:6,(anonymous_2)
FNF:3
FNH:2
FNDA:0,(anonymous_0)
FNDA:2,(anonymous_1)
FNDA:10,(anonymous_2)
DA:7,10
DA:8,10
DA:9,10
DA:10,10
DA:14,2
DA:24,2
DA:28,69
DA:29,69
LF:8
LH:8
BRF:0
BRH:0
end_of_record
TN:
SF:src/lib/error/password-mismatch.ts
FN:10,(anonymous_0)
FN:4,(anonymous_2)
FNF:2
FNH:2
FNDA:2,(anonymous_0)
FNDA:2,(anonymous_2)
DA:1,70
DA:5,2
DA:6,2
DA:10,70
LF:4
LH:4
BRDA:4,0,0,2
BRF:1
BRH:1
end_of_record
TN:
SF:src/lib/error/password-undefined.ts
FN:1,(anonymous_0)
FN:10,(anonymous_1)
FN:2,(anonymous_2)
FNF:3
FNH:0
FNDA:0,(anonymous_0)
FNDA:0,(anonymous_1)
FNDA:0,(anonymous_2)
DA:1,0
DA:3,0
DA:4,0
DA:6,0
DA:7,0
DA:11,0
DA:21,0
LF:7
LH:0
BRF:0
BRH:0
end_of_record
TN:
SF:src/lib/error/project-without-owner-error.ts
FN:1,(anonymous_0)
FN:10,(anonymous_1)
FN:2,(anonymous_2)
FNF:3
FNH:2
FNDA:2,(anonymous_0)
FNDA:0,(anonymous_1)
FNDA:2,(anonymous_2)
DA:1,2
DA:3,2
DA:4,2
DA:6,2
DA:7,2
DA:11,0
DA:21,0
LF:7
LH:5
BRF:0
BRH:0
end_of_record
TN:
SF:src/lib/error/role-in-use-error.ts
FN:23,(anonymous_0)
FN:10,(anonymous_1)
FN:2,(anonymous_2)
FNF:3
FNH:2
FNDA:1,(anonymous_0)
FNDA:0,(anonymous_1)
FNDA:1,(anonymous_2)
DA:3,1
DA:4,1
DA:6,1
DA:7,1
DA:11,0
DA:23,74
LF:6
LH:5
BRF:0
BRH:0
end_of_record
TN:
SF:src/lib/error/used-token-error.ts
FN:23,(anonymous_0)
FN:9,(anonymous_1)
FN:2,(anonymous_2)
FNF:3
FNH:2
FNDA:0,(anonymous_0)
FNDA:1,(anonymous_1)
FNDA:2,(anonymous_2)
DA:3,2
DA:4,2
DA:5,2
DA:6,2
DA:10,1
DA:19,1
DA:23,69
DA:24,69
LF:8
LH:8
BRF:0
BRH:0
end_of_record
TN:
SF:src/lib/middleware/api-token-middleware.ts
FN:25,(anonymous_1)
FN:77,(anonymous_2)
FN:6,(anonymous_3)
FN:10,(anonymous_4)
FN:28,(anonymous_5)
FN:40,(anonymous_6)
FN:43,(anonymous_7)
FNF:7
FNH:7
FNDA:1,(anonymous_1)
FNDA:35,(anonymous_2)
FNDA:12,(anonymous_3)
FNDA:33,(anonymous_4)
FNDA:35,(anonymous_5)
FNDA:1,(anonymous_6)
FNDA:488,(anonymous_7)
DA:2,68
DA:6,68
DA:7,12
DA:10,68
DA:11,33
DA:12,0
DA:17,33
DA:25,1
DA:26,68
DA:28,68
DA:36,35
DA:37,35
DA:39,35
DA:40,1
DA:43,34
DA:44,488
DA:45,3
DA:48,485
DA:49,485
DA:50,485
DA:51,484
DA:52,482
DA:54,482
DA:55,422
DA:61,4
DA:64,4
DA:66,418
DA:70,2
DA:73,481
DA:77,68
LF:30
LH:29
BRDA:7,0,0,12
BRDA:7,0,1,12
BRDA:11,1,0,0
BRDA:18,2,0,33
BRDA:18,2,1,33
BRDA:18,2,2,33
BRDA:18,2,3,33
BRDA:39,3,0,1
BRDA:44,4,0,3
BRDA:50,5,0,484
BRDA:54,6,0,422
BRDA:55,7,0,4
BRDA:56,8,0,422
BRDA:56,8,1,12
BRDA:56,8,2,420
BRDA:56,8,3,33
BRDA:56,8,4,418
BRDA:56,8,5,31
BRF:18
BRH:17
end_of_record
TN:
SF:src/lib/middleware/conditional-middleware.ts
FN:3,(anonymous_0)
FN:3,(anonymous_1)
FN:9,(anonymous_2)
FNF:3
FNH:3
FNDA:924,(anonymous_0)
FNDA:924,(anonymous_1)
FNDA:42,(anonymous_2)
DA:1,67
DA:3,924
DA:7,924
DA:9,924
DA:10,42
DA:11,42
DA:13,0
DA:17,924
DA:18,924
LF:9
LH:8
BRDA:10,0,0,42
BRDA:10,0,1,0
BRF:2
BRH:1
end_of_record
TN:
SF:src/lib/middleware/content_type_checker.ts
FN:13,(anonymous_0)
FN:19,(anonymous_2)
FNF:2
FNH:2
FNDA:37184,(anonymous_0)
FNDA:1034,(anonymous_2)
DA:2,69
DA:4,69
DA:13,18592
DA:16,18592
DA:17,18589
DA:19,18592
DA:20,1034
DA:21,1034
DA:22,1028
DA:24,6
LF:10
LH:10
BRDA:16,0,0,18589
BRDA:21,1,0,1028
BRDA:21,1,1,6
BRF:3
BRH:3
end_of_record
TN:
SF:src/lib/middleware/cors-origin-middleware.ts
FN:5,(anonymous_1)
FN:16,(anonymous_2)
FN:5,(anonymous_4)
FN:9,(anonymous_5)
FN:16,(anonymous_6)
FN:19,(anonymous_7)
FNF:6
FNH:6
FNDA:9,(anonymous_1)
FNDA:619,(anonymous_2)
FNDA:43,(anonymous_4)
FNDA:43,(anonymous_5)
FNDA:619,(anonymous_6)
FNDA:34,(anonymous_7)
DA:2,68
DA:5,68
DA:9,43
DA:10,43
DA:16,619
DA:19,619
DA:20,34
DA:22,34
DA:23,34
DA:30,0
LF:10
LH:9
BRDA:10,0,0,43
BRDA:10,0,1,37
BRDA:21,1,0,0
BRF:3
BRH:2
end_of_record
TN:
SF:src/lib/middleware/demo-authentication.ts
FN:75,(anonymous_0)
FN:8,demoAuthentication
FN:14,(anonymous_3)
FN:31,(anonymous_4)
FN:40,(anonymous_5)
FN:56,(anonymous_6)
FNF:6
FNH:6
FNDA:12,(anonymous_0)
FNDA:12,demoAuthentication
FNDA:8,(anonymous_3)
FNDA:398,(anonymous_4)
FNDA:9,(anonymous_5)
FNDA:446,(anonymous_6)
DA:2,67
DA:5,67
DA:6,67
DA:14,12
DA:15,8
DA:16,8
DA:17,8
DA:22,8
DA:23,8
DA:25,0
DA:31,12
DA:33,398
DA:35,15
DA:37,398
DA:40,12
DA:42,9
DA:44,0
DA:53,9
DA:56,12
DA:58,446
DA:59,435
DA:61,11
DA:75,67
LF:23
LH:21
BRDA:10,0,0,0
BRDA:33,1,0,15
BRDA:33,2,0,398
BRDA:33,2,1,15
BRDA:42,3,0,0
BRDA:42,4,0,9
BRDA:42,4,1,0
BRDA:58,5,0,435
BRF:8
BRH:5
end_of_record
TN:
SF:src/lib/middleware/no-authentication.ts
FN:15,(anonymous_0)
FN:5,noneAuthentication
FN:6,(anonymous_3)
FNF:3
FNH:3
FNDA:288,(anonymous_0)
FNDA:288,noneAuthentication
FNDA:855,(anonymous_3)
DA:2,68
DA:6,288
DA:8,855
DA:10,836
DA:12,855
DA:15,288
LF:6
LH:6
BRDA:5,0,0,0
BRDA:8,1,0,836
BRF:2
BRH:1
end_of_record
TN:
SF:src/lib/middleware/oss-authentication.ts
FN:33,(anonymous_0)
FN:5,ossAuthHook
FN:6,(anonymous_3)
FN:15,(anonymous_4)
FNF:4
FNH:4
FNDA:2,(anonymous_0)
FNDA:2,ossAuthHook
FNDA:1,(anonymous_3)
FNDA:2,(anonymous_4)
DA:3,67
DA:6,2
DA:7,1
DA:13,2
DA:16,2
DA:17,0
DA:18,0
DA:20,2
DA:21,1
DA:23,1
DA:25,0
DA:28,1
DA:29,1
DA:33,67
LF:14
LH:11
BRDA:16,0,0,0
BRDA:16,1,0,2
BRDA:16,1,1,2
BRDA:20,2,0,1
BRDA:23,3,0,0
BRF:5
BRH:3
end_of_record
TN:
SF:src/lib/middleware/pat-middleware.ts
FN:35,(anonymous_0)
FN:5,(anonymous_1)
FN:16,(anonymous_2)
FN:19,(anonymous_3)
FNF:4
FNH:4
FNDA:319,(anonymous_0)
FNDA:319,(anonymous_1)
FNDA:1,(anonymous_2)
FNDA:1420,(anonymous_3)
DA:5,68
DA:12,319
DA:13,319
DA:15,319
DA:16,1
DA:19,318
DA:20,1420
DA:21,1420
DA:22,1420
DA:23,6
DA:26,5
DA:29,1
DA:31,1420
DA:35,319
LF:14
LH:14
BRDA:15,0,0,1
BRDA:22,1,0,6
BRF:2
BRH:2
end_of_record
TN:
SF:src/lib/middleware/rbac-middleware.ts
FN:70,(anonymous_0)
FN:21,(anonymous_1)
FN:29,(anonymous_2)
FN:30,(anonymous_3)
FNF:4
FNH:4
FNDA:326,(anonymous_0)
FNDA:326,(anonymous_1)
FNDA:1404,(anonymous_2)
FNDA:540,(anonymous_3)
DA:7,68
DA:21,68
DA:26,326
DA:27,326
DA:29,326
DA:30,1404
DA:31,540
DA:33,540
DA:34,1
DA:35,1
DA:38,539
DA:39,520
DA:42,19
DA:43,1
DA:44,1
DA:48,18
DA:52,18
DA:53,4
DA:54,4
DA:55,14
DA:56,4
DA:59,18
DA:66,1404
DA:70,326
LF:24
LH:24
BRDA:33,0,0,1
BRDA:38,1,0,520
BRDA:42,2,0,1
BRDA:52,3,0,4
BRDA:52,3,1,14
BRDA:55,4,0,4
BRDA:56,5,0,4
BRDA:56,5,1,3
BRDA:56,5,2,2
BRF:9
BRH:9
end_of_record
TN:
SF:src/lib/middleware/request-logger.ts
FN:19,(anonymous_0)
FN:5,(anonymous_2)
FN:8,(anonymous_3)
FN:10,(anonymous_4)
FNF:4
FNH:3
FNDA:314,(anonymous_0)
FNDA:314,(anonymous_2)
FNDA:1422,(anonymous_3)
FNDA:0,(anonymous_4)
DA:1,67
DA:5,67
DA:6,314
DA:7,314
DA:8,314
DA:9,1422
DA:10,0
DA:11,0
DA:12,0
DA:15,1422
DA:19,314
LF:11
LH:8
BRDA:9,0,0,0
BRF:1
BRH:0
end_of_record
TN:
SF:src/lib/middleware/response-time-metrics.ts
FN:9,(anonymous_0)
FN:13,(anonymous_5)
FNF:2
FNH:2
FNDA:628,(anonymous_0)
FNDA:1422,(anonymous_5)
DA:1,67
DA:3,67
DA:7,67
DA:9,314
DA:13,314
DA:14,1422
DA:16,1422
DA:19,1422
DA:20,22
DA:23,1422
DA:30,1422
LF:11
LH:11
BRDA:16,0,0,1400
BRDA:16,0,1,22
BRDA:19,1,0,22
BRF:3
BRH:3
end_of_record
TN:
SF:src/lib/middleware/secure-headers.ts
FN:60,(anonymous_0)
FN:6,(anonymous_2)
FN:55,(anonymous_3)
FNF:3
FNH:3
FNDA:314,(anonymous_0)
FNDA:314,(anonymous_2)
FNDA:1421,(anonymous_3)
DA:1,67
DA:4,67
DA:6,67
DA:7,314
DA:8,0
DA:55,314
DA:56,1421
DA:60,314
LF:8
LH:7
BRDA:7,0,0,0
BRF:1
BRH:0
end_of_record
TN:
SF:src/lib/middleware/session-db.ts
FN:44,(anonymous_0)
FN:8,sessionDb
FNF:2
FNH:2
FNDA:72,(anonymous_0)
FNDA:72,sessionDb
DA:2,50
DA:3,50
DA:6,50
DA:13,72
DA:15,72
DA:16,72
DA:17,72
DA:18,0
DA:24,72
DA:26,72
DA:44,72
LF:11
LH:10
BRDA:15,0,0,72
BRDA:15,0,1,0
BRDA:17,1,0,0
BRDA:17,1,1,72
BRDA:36,2,0,70
BRDA:36,2,1,2
BRF:6
BRH:4
end_of_record
TN:
SF:src/lib/openapi/endpoint-descriptions.ts
FN:1,(anonymous_0)
FNF:1
FNH:1
FNDA:915,(anonymous_0)
DA:1,915
LF:1
LH:1
BRF:0
BRH:0
end_of_record
TN:
SF:src/lib/openapi/index.ts
FN:127,(anonymous_1)
FN:260,(anonymous_2)
FN:280,(anonymous_3)
FN:260,(anonymous_5)
FN:266,(anonymous_6)
FN:280,(anonymous_7)
FNF:6
FNH:6
FNDA:112,(anonymous_1)
FNDA:1,(anonymous_2)
FNDA:319,(anonymous_3)
FNDA:37324,(anonymous_5)
FNDA:319,(anonymous_6)
FNDA:319,(anonymous_7)
DA:2,111
DA:3,111
DA:4,111
DA:5,111
DA:6,111
DA:7,111
DA:8,111
DA:9,111
DA:10,111
DA:11,111
DA:12,111
DA:13,111
DA:14,111
DA:15,111
DA:16,111
DA:17,111
DA:18,111
DA:19,111
DA:20,111
DA:21,111
DA:22,111
DA:23,111
DA:24,111
DA:25,111
DA:26,111
DA:27,111
DA:28,111
DA:29,111
DA:30,111
DA:31,111
DA:32,111
DA:33,111
DA:34,111
DA:35,111
DA:36,111
DA:37,111
DA:38,111
DA:39,111
DA:40,111
DA:41,111
DA:42,111
DA:43,111
DA:44,111
DA:45,111
DA:46,111
DA:47,111
DA:48,111
DA:49,111
DA:50,111
DA:51,111
DA:52,111
DA:54,111
DA:55,111
DA:56,111
DA:57,111
DA:58,111
DA:59,111
DA:60,111
DA:61,111
DA:62,111
DA:63,111
DA:64,111
DA:65,111
DA:66,111
DA:67,111
DA:68,111
DA:69,111
DA:70,111
DA:71,111
DA:72,111
DA:73,111
DA:74,111
DA:75,111
DA:76,111
DA:77,111
DA:78,111
DA:79,111
DA:80,111
DA:81,111
DA:82,111
DA:83,111
DA:84,111
DA:85,111
DA:86,111
DA:87,111
DA:88,111
DA:89,111
DA:90,111
DA:91,111
DA:92,111
DA:93,111
DA:94,111
DA:95,111
DA:96,111
DA:97,111
DA:98,111
DA:99,111
DA:100,111
DA:101,111
DA:102,111
DA:103,111
DA:104,111
DA:105,111
DA:106,111
DA:107,111
DA:108,111
DA:109,111
DA:110,111
DA:111,111
DA:112,111
DA:113,111
DA:114,111
DA:115,111
DA:116,111
DA:117,111
DA:118,111
DA:119,111
DA:120,111
DA:121,111
DA:122,111
DA:123,111
DA:124,111
DA:127,112
DA:260,111
DA:263,37324
DA:266,111
DA:270,319
DA:271,116
DA:273,203
DA:274,203
DA:275,3
DA:277,200
DA:280,319
DA:287,319
DA:288,319
LF:135
LH:135
BRDA:270,0,0,116
BRDA:274,1,0,3
BRDA:290,2,0,319
BRDA:290,2,1,0
BRF:4
BRH:3
end_of_record
TN:
SF:src/lib/openapi/validate.ts
FN:24,(anonymous_0)
FN:11,(anonymous_2)
FN:24,(anonymous_3)
FNF:3
FNH:3
FNDA:2160,(anonymous_0)
FNDA:12870,(anonymous_2)
FNDA:2160,(anonymous_3)
DA:1,110
DA:2,110
DA:3,110
DA:10,110
DA:12,12870
DA:24,2160
DA:28,2160
DA:29,155
LF:8
LH:8
BRDA:28,0,0,155
BRDA:31,1,0,155
BRDA:31,1,1,0
BRF:3
BRH:2
end_of_record
TN:
SF:src/lib/openapi/spec/addon-parameter-schema.ts
FN:3,(anonymous_0)
FNF:1
FNH:1
FNDA:333,(anonymous_0)
DA:3,333
LF:1
LH:1
BRF:0
BRH:0
end_of_record
TN:
SF:src/lib/openapi/spec/addon-schema.ts
FN:3,(anonymous_0)
FNF:1
FNH:1
FNDA:229,(anonymous_0)
DA:3,229
LF:1
LH:1
BRF:0
BRH:0
end_of_record
TN:
SF:src/lib/openapi/spec/addon-type-schema.ts
FN:5,(anonymous_0)
FNF:1
FNH:1
FNDA:222,(anonymous_0)
DA:2,111
DA:3,111
DA:5,222
LF:3
LH:3
BRF:0
BRH:0
end_of_record
TN:
SF:src/lib/openapi/spec/addons-schema.ts
FN:7,(anonymous_0)
FNF:1
FNH:1
FNDA:112,(anonymous_0)
DA:2,111
DA:3,111
DA:4,111
DA:5,111
DA:7,112
LF:5
LH:5
BRF:0
BRH:0
end_of_record
TN:
SF:src/lib/openapi/spec/api-token-schema.ts
FN:4,(anonymous_0)
FNF:1
FNH:1
FNDA:241,(anonymous_0)
DA:2,111
DA:4,241
LF:2
LH:2
BRF:0
BRH:0
end_of_record
TN:
SF:src/lib/openapi/spec/api-tokens-schema.ts
FN:4,(anonymous_0)
FNF:1
FNH:1
FNDA:116,(anonymous_0)
DA:2,111
DA:4,116
LF:2
LH:2
BRF:0
BRH:0
end_of_record
TN:
SF:src/lib/openapi/spec/application-schema.ts
FN:3,(anonymous_0)
FNF:1
FNH:1
FNDA:222,(anonymous_0)
DA:3,222
LF:1
LH:1
BRF:0
BRH:0
end_of_record
TN:
SF:src/lib/openapi/spec/applications-schema.ts
FN:4,(anonymous_0)
FNF:1
FNH:1
FNDA:111,(anonymous_0)
DA:1,111
DA:4,111
LF:2
LH:2
BRF:0
BRH:0
end_of_record
TN:
SF:src/lib/openapi/spec/change-password-schema.ts
FN:3,(anonymous_0)
FNF:1
FNH:1
FNDA:111,(anonymous_0)
DA:3,111
LF:1
LH:1
BRF:0
BRH:0
end_of_record
TN:
SF:src/lib/openapi/spec/client-application-schema.ts
FN:3,(anonymous_0)
FNF:1
FNH:1
FNDA:111,(anonymous_0)
DA:3,111
LF:1
LH:1
BRF:0
BRH:0
end_of_record
TN:
SF:src/lib/openapi/spec/client-feature-schema.ts
FN:8,(anonymous_0)
FNF:1
FNH:1
FNDA:227,(anonymous_0)
DA:2,111
DA:3,111
DA:4,111
DA:5,111
DA:6,111
DA:8,227
LF:6
LH:6
BRF:0
BRH:0
end_of_record
TN:
SF:src/lib/openapi/spec/client-features-query-schema.ts
FN:3,(anonymous_0)
FNF:1
FNH:1
FNDA:222,(anonymous_0)
DA:3,222
LF:1
LH:1
BRF:0
BRH:0
end_of_record
TN:
SF:src/lib/openapi/spec/client-features-schema.ts
FN:12,(anonymous_0)
FNF:1
FNH:1
FNDA:136,(anonymous_0)
DA:2,111
DA:3,111
DA:4,111
DA:5,111
DA:6,111
DA:7,111
DA:8,111
DA:9,111
DA:10,111
DA:12,136
LF:10
LH:10
BRF:0
BRH:0
end_of_record
TN:
SF:src/lib/openapi/spec/client-metrics-schema.ts
FN:4,(anonymous_0)
FNF:1
FNH:1
FNDA:111,(anonymous_0)
DA:2,111
DA:4,111
LF:2
LH:2
BRF:0
BRH:0
end_of_record
TN:
SF:src/lib/openapi/spec/clone-feature-schema.ts
FN:3,(anonymous_0)
FNF:1
FNH:1
FNDA:111,(anonymous_0)
DA:3,111
LF:1
LH:1
BRF:0
BRH:0
end_of_record
TN:
SF:src/lib/openapi/spec/constraint-schema.ts
FN:4,(anonymous_1)
FN:51,(anonymous_2)
FNF:2
FNH:2
FNDA:336,(anonymous_1)
FNDA:1443,(anonymous_2)
DA:2,112
DA:4,336
DA:51,1443
LF:3
LH:3
BRF:0
BRH:0
end_of_record
TN:
SF:src/lib/openapi/spec/context-field-schema.ts
FN:4,(anonymous_0)
FNF:1
FNH:1
FNDA:228,(anonymous_0)
DA:2,111
DA:4,228
LF:2
LH:2
BRF:0
BRH:0
end_of_record
TN:
SF:src/lib/openapi/spec/context-fields-schema.ts
FN:5,(anonymous_0)
FNF:1
FNH:1
FNDA:111,(anonymous_0)
DA:2,111
DA:3,111
DA:5,111
LF:3
LH:3
BRF:0
BRH:0
end_of_record
TN:
SF:src/lib/openapi/spec/create-api-token-schema.ts
FN:20,(anonymous_0)
FNF:1
FNH:1
FNDA:111,(anonymous_0)
DA:2,111
DA:20,111
LF:2
LH:2
BRF:0
BRH:0
end_of_record
TN:
SF:src/lib/openapi/spec/create-feature-schema.ts
FN:3,(anonymous_0)
FNF:1
FNH:1
FNDA:111,(anonymous_0)
DA:3,111
LF:1
LH:1
BRF:0
BRH:0
end_of_record
TN:
SF:src/lib/openapi/spec/create-feature-strategy-schema.ts
FN:5,(anonymous_0)
FNF:1
FNH:1
FNDA:111,(anonymous_0)
DA:2,111
DA:3,111
DA:5,111
LF:3
LH:3
BRF:0
BRH:0
end_of_record
TN:
SF:src/lib/openapi/spec/create-invited-user-schema.ts
FN:3,(anonymous_0)
FNF:1
FNH:1
FNDA:111,(anonymous_0)
DA:3,111
LF:1
LH:1
BRF:0
BRH:0
end_of_record
TN:
SF:src/lib/openapi/spec/create-user-schema.ts
FN:3,(anonymous_0)
FNF:1
FNH:1
FNDA:111,(anonymous_0)
DA:3,111
LF:1
LH:1
BRF:0
BRH:0
end_of_record
TN:
SF:src/lib/openapi/spec/date-schema.ts
FN:3,(anonymous_0)
FNF:1
FNH:1
FNDA:222,(anonymous_0)
DA:3,222
LF:1
LH:1
BRF:0
BRH:0
end_of_record
TN:
SF:src/lib/openapi/spec/edge-token-schema.ts
FN:4,(anonymous_0)
FNF:1
FNH:1
FNDA:222,(anonymous_0)
DA:2,111
DA:4,222
LF:2
LH:2
BRF:0
BRH:0
end_of_record
TN:
SF:src/lib/openapi/spec/email-schema.ts
FN:3,(anonymous_0)
FNF:1
FNH:1
[...]
DA:19,3476
DA:22,13590
DA:30,13295
DA:35,41552
DA:44,68
DA:45,640
DA:54,593
DA:59,593
DA:69,593
DA:71,593
LF:14
LH:14
BRDA:10,0,0,68
BRDA:10,0,1,68
BRDA:22,1,0,3476
BRDA:22,1,1,0
BRDA:25,2,0,13590
BRDA:25,2,1,9429
BRDA:34,3,0,13295
BRDA:34,3,1,13289
BRF:8
BRH:7
end_of_record
TN:
SF:src/lib/util/omit-keys.ts
FN:8,(anonymous_0)
FN:8,(anonymous_1)
FNF:2
FNH:2
FNDA:50196,(anonymous_0)
FNDA:50196,(anonymous_1)
DA:8,50196
DA:9,50196
DA:15,50196
DA:16,280153
DA:17,192630
DA:21,50196
LF:6
LH:6
BRDA:16,0,0,192630
BRF:1
BRH:1
end_of_record
TN:
SF:src/lib/util/parseEnvVar.ts
FN:1,(anonymous_1)
FN:11,(anonymous_2)
FN:22,(anonymous_3)
FN:1,parseEnvVarNumber
FN:11,parseEnvVarBoolean
FN:22,parseEnvVarStrings
FN:29,(anonymous_7)
FNF:7
FNH:7
FNDA:2375,(anonymous_1)
FNDA:2538,(anonymous_2)
FNDA:516,(anonymous_3)
FNDA:2375,parseEnvVarNumber
FNDA:2538,parseEnvVarBoolean
FNDA:516,parseEnvVarStrings
FNDA:22,(anonymous_7)
DA:1,2375
DA:2,2375
DA:4,2375
DA:5,2254
DA:8,121
DA:11,2538
DA:15,2538
DA:16,9
DA:19,2529
DA:22,516
DA:26,516
DA:27,11
DA:29,22
DA:33,505
LF:14
LH:14
BRDA:4,0,0,2254
BRDA:15,1,0,9
BRDA:16,2,0,9
BRDA:16,2,1,8
BRDA:16,2,2,7
BRDA:26,3,0,11
BRF:6
BRH:6
end_of_record
TN:
SF:src/lib/util/random-id.ts
FN:3,(anonymous_0)
FN:3,(anonymous_1)
FNF:2
FNH:2
FNDA:342,(anonymous_0)
FNDA:342,(anonymous_1)
DA:1,11
DA:3,342
DA:4,342
LF:3
LH:3
BRF:0
BRH:0
end_of_record
TN:
SF:src/lib/util/rewriteHTML.ts
FN:1,(anonymous_0)
FN:1,(anonymous_1)
FNF:2
FNH:2
FNDA:321,(anonymous_0)
FNDA:321,(anonymous_1)
DA:1,321
DA:6,321
DA:7,321
DA:8,321
DA:10,321
DA:11,321
DA:13,321
DA:18,321
LF:8
LH:8
BRDA:8,0,0,321
BRDA:8,0,1,319
BRDA:10,1,0,2
BRDA:10,1,1,319
BRDA:15,2,0,321
BRDA:15,2,1,319
BRF:6
BRH:6
end_of_record
TN:
SF:src/lib/util/segments.ts
FN:1,(anonymous_1)
FN:2,(anonymous_2)
FNF:2
FNH:2
FNDA:512,(anonymous_1)
FNDA:509,(anonymous_2)
DA:1,512
DA:2,509
LF:2
LH:2
BRF:0
BRH:0
end_of_record
TN:
SF:src/lib/util/semver.ts
FN:3,(anonymous_1)
FN:15,(anonymous_2)
FN:3,(anonymous_4)
FN:15,(anonymous_5)
FNF:4
FNH:4
FNDA:31,(anonymous_1)
FNDA:323,(anonymous_2)
FNDA:354,(anonymous_4)
FNDA:323,(anonymous_5)
DA:1,75
DA:3,75
DA:4,354
DA:5,22
DA:8,332
DA:9,332
DA:11,0
DA:15,323
DA:16,323
DA:18,323
DA:19,7
DA:22,316
LF:12
LH:11
BRDA:4,0,0,22
BRDA:18,1,0,7
BRF:2
BRH:2
end_of_record
TN:
SF:src/lib/util/snakeCase.ts
FN:1,(anonymous_1)
FN:15,(anonymous_2)
FN:1,(anonymous_3)
FN:15,(anonymous_4)
FN:20,(anonymous_5)
FNF:5
FNH:5
FNDA:2,(anonymous_1)
FNDA:4019,(anonymous_2)
FNDA:12216,(anonymous_3)
FNDA:4019,(anonymous_4)
FNDA:12214,(anonymous_5)
DA:1,76
DA:2,12216
DA:3,12216
DA:4,12216
DA:5,61859
DA:6,61859
DA:7,122
DA:9,61737
DA:12,12216
DA:15,4019
DA:18,4019
DA:20,4019
DA:21,12214
DA:23,12214
DA:26,4019
LF:15
LH:15
BRDA:6,0,0,122
BRDA:6,0,1,61737
BRDA:6,1,0,61859
BRDA:6,1,1,49643
BRF:4
BRH:4
end_of_record
TN:
SF:src/lib/util/timer.ts
FN:18,(anonymous_0)
FN:5,(anonymous_1)
FN:8,(anonymous_2)
FN:10,(anonymous_3)
FNF:4
FNH:3
FNDA:0,(anonymous_0)
FNDA:2063,(anonymous_1)
FNDA:2067,(anonymous_2)
FNDA:2059,(anonymous_3)
DA:1,76
DA:5,76
DA:6,2063
DA:8,76
DA:9,2067
DA:10,2067
DA:13,76
DA:18,76
DA:20,76
LF:9
LH:9
BRF:0
BRH:0
end_of_record
TN:
SF:src/lib/util/validateJsonString.ts
FN:1,(anonymous_0)
FN:1,(anonymous_1)
FNF:2
FNH:2
FNDA:7,(anonymous_0)
FNDA:7,(anonymous_1)
DA:1,76
DA:3,7
DA:4,7
DA:5,4
DA:6,3
DA:11,4
LF:6
LH:6
BRDA:5,0,0,3
BRDA:5,1,0,4
BRDA:5,1,1,3
BRF:3
BRH:3
end_of_record
TN:
SF:src/lib/util/validateOrigin.ts
FN:1,(anonymous_1)
FN:18,(anonymous_2)
FN:1,(anonymous_3)
FN:18,(anonymous_4)
FNF:4
FNH:4
FNDA:19,(anonymous_1)
FNDA:515,(anonymous_2)
FNDA:529,(anonymous_3)
FNDA:515,(anonymous_4)
DA:1,106
DA:2,529
DA:3,501
DA:6,28
DA:7,3
DA:10,25
DA:11,25
DA:12,16
DA:14,9
DA:18,515
DA:19,515
DA:20,510
DA:21,3
LF:13
LH:13
BRDA:2,0,0,501
BRDA:6,1,0,3
BRDA:12,2,0,16
BRDA:12,2,1,16
BRDA:20,3,0,3
BRF:5
BRH:5
end_of_record
TN:
SF:src/lib/util/version.ts
FN:5,(anonymous_0)
FNF:1
FNH:0
FNDA:0,(anonymous_0)
DA:2,111
DA:4,111
DA:5,111
DA:6,111
LF:4
LH:4
BRF:0
BRH:0
end_of_record
TN:
SF:src/lib/util/feature-evaluator/client.ts
FN:25,(anonymous_0)
FN:47,(anonymous_1)
FN:49,(anonymous_2)
FN:53,(anonymous_3)
FN:62,(anonymous_4)
FN:86,(anonymous_5)
FN:87,(anonymous_6)
FN:123,(anonymous_7)
FN:126,(anonymous_8)
FN:134,(anonymous_9)
FN:151,(anonymous_10)
FN:152,(anonymous_11)
FN:165,(anonymous_12)
FN:176,(anonymous_13)
FN:184,(anonymous_14)
FN:205,(anonymous_15)
FN:30,(anonymous_16)
FN:34,(anonymous_17)
FNF:18
FNH:16
FNDA:593,(anonymous_0)
FNDA:22598,(anonymous_1)
FNDA:164622,(anonymous_2)
FNDA:3324,(anonymous_3)
FNDA:4533,(anonymous_4)
FNDA:17444,(anonymous_5)
FNDA:17444,(anonymous_6)
FNDA:4046,(anonymous_7)
FNDA:15920,(anonymous_8)
FNDA:10794,(anonymous_9)
FNDA:6772,(anonymous_10)
FNDA:19311,(anonymous_11)
FNDA:3312,(anonymous_12)
FNDA:0,(anonymous_13)
FNDA:3312,(anonymous_14)
FNDA:0,(anonymous_15)
FNDA:593,(anonymous_16)
FNDA:5337,(anonymous_17)
DA:9,68
DA:13,68
DA:25,593
DA:31,593
DA:32,593
DA:34,593
DA:35,5337
DA:42,0
DA:48,22598
DA:49,164622
DA:58,3324
DA:59,3324
DA:67,4533
DA:68,0
DA:71,4533
DA:72,0
DA:78,4533
DA:79,487
DA:85,4046
DA:87,17444
DA:92,17444
DA:93,2247
DA:95,15197
DA:101,17444
DA:104,17444
DA:108,17444
DA:123,4046
DA:125,4046
DA:126,15920
DA:128,977
DA:132,3069
DA:134,10794
DA:137,992
DA:140,2077
DA:143,4046
DA:148,4046
DA:152,6772
DA:153,19311
DA:154,19311
DA:155,0
DA:157,19311
DA:170,3312
DA:181,0
DA:190,3312
DA:191,3312
DA:192,3312
DA:199,2103
DA:202,1209
DA:203,1209
DA:204,1209
DA:206,0
DA:208,1209
DA:209,901
DA:213,308
DA:217,308
DA:218,0
DA:221,308
LF:57
LH:50
BRDA:67,0,0,0
BRDA:71,1,0,0
BRDA:78,2,0,487
BRDA:92,3,0,2247
BRDA:96,4,0,15197
BRDA:96,4,1,5154
BRDA:104,5,0,17444
BRDA:104,5,1,10672
BRDA:125,6,0,977
BRDA:132,7,0,992
BRDA:154,8,0,0
BRDA:190,9,0,3312
BRDA:190,9,1,3312
BRDA:192,10,0,2103
BRDA:193,11,0,3312
BRDA:193,11,1,3312
BRDA:193,11,2,3312
BRDA:193,11,3,3312
BRDA:193,11,4,2492
BRDA:203,12,0,1209
BRDA:206,13,0,0
BRDA:206,13,1,0
BRDA:208,14,0,901
BRDA:217,15,0,0
BRDA:224,16,0,308
BRDA:224,16,1,308
BRDA:32,17,0,593
BRDA:32,17,1,0
BRDA:35,18,0,0
BRDA:36,19,0,5337
BRDA:36,19,1,5337
BRDA:36,19,2,5337
BRDA:36,19,3,5337
BRDA:36,19,4,5337
BRF:34
BRH:26
end_of_record
TN:
SF:src/lib/util/feature-evaluator/constraint.ts
FN:139,(anonymous_2)
FN:14,(anonymous_3)
FN:37,(anonymous_4)
FN:38,(anonymous_5)
FN:38,(anonymous_6)
FN:40,(anonymous_7)
FN:45,(anonymous_8)
FN:49,(anonymous_9)
FN:55,(anonymous_10)
FN:60,(anonymous_11)
FN:63,(anonymous_12)
FN:66,(anonymous_13)
FN:71,(anonymous_14)
FN:95,(anonymous_15)
FN:111,(anonymous_16)
FNF:15
FNH:15
FNDA:143385,(anonymous_2)
FNDA:68,(anonymous_3)
FNDA:50078,(anonymous_4)
FNDA:238670,(anonymous_5)
FNDA:216355,(anonymous_6)
FNDA:22075,(anonymous_7)
FNDA:89065,(anonymous_8)
FNDA:28003,(anonymous_9)
FNDA:64706,(anonymous_10)
FNDA:44296,(anonymous_11)
FNDA:41681,(anonymous_12)
FNDA:41313,(anonymous_13)
FNDA:27786,(anonymous_14)
FNDA:19100,(anonymous_15)
FNDA:46421,(anonymous_16)
DA:1,68
DA:3,68
DA:14,68
DA:37,68
DA:38,238670
DA:40,68
DA:41,22075
DA:42,22075
DA:43,22075
DA:45,89065
DA:46,22075
DA:49,68
DA:50,28003
DA:51,28003
DA:52,28003
DA:54,28003
DA:55,64706
DA:56,14703
DA:59,28003
DA:60,44296
DA:62,18316
DA:63,41681
DA:65,9085
DA:66,41313
DA:68,0
DA:71,68
DA:72,27786
DA:73,27786
DA:74,27786
DA:75,27786
DA:76,27785
DA:79,1
DA:80,1
DA:81,1
DA:83,0
DA:84,0
DA:86,0
DA:87,0
DA:90,1
DA:92,0
DA:95,68
DA:96,19100
DA:97,19100
DA:98,19100
DA:102,19100
DA:103,9442
DA:105,9658
DA:106,9658
DA:108,0
DA:111,68
DA:112,46421
DA:113,46421
DA:114,46421
DA:115,46421
DA:117,46421
DA:118,46421
DA:121,0
DA:122,0
DA:124,0
DA:125,0
DA:127,0
DA:128,0
DA:130,0
DA:131,0
DA:133,0
DA:134,0
DA:136,0
DA:139,143385
DA:140,68
DA:141,68
DA:142,68
DA:143,68
DA:144,68
DA:145,68
DA:146,68
DA:147,68
DA:148,68
DA:149,68
DA:150,68
DA:151,68
DA:152,68
DA:153,68
DA:154,68
LF:83
LH:65
BRDA:14,0,0,68
BRDA:14,0,1,68
BRDA:46,1,0,12543
BRDA:46,1,1,9532
BRDA:54,2,0,14703
BRDA:59,3,0,9687
BRDA:62,4,0,9231
BRDA:65,5,0,9085
BRDA:75,6,0,27785
BRDA:80,7,0,1
BRDA:83,8,0,0
BRDA:86,9,0,0
BRDA:99,10,0,14791
BRDA:99,10,1,4309
BRDA:102,11,0,9442
BRDA:105,12,0,9658
BRDA:117,13,0,46421
BRDA:117,14,0,46421
BRDA:117,14,1,5388
BRDA:121,15,0,0
BRDA:124,16,0,0
BRDA:127,17,0,0
BRDA:130,18,0,0
BRDA:133,19,0,0
BRF:24
BRH:17
end_of_record
TN:
SF:src/lib/util/feature-evaluator/feature-evaluator.ts
FN:15,(anonymous_1)
FN:31,(anonymous_2)
FN:63,(anonymous_4)
FN:67,(anonymous_5)
FN:81,(anonymous_6)
FN:96,(anonymous_7)
FN:105,(anonymous_8)
FN:118,(anonymous_9)
FN:122,(anonymous_10)
FN:38,(anonymous_11)
FNF:10
FNH:6
FNDA:0,(anonymous_1)
FNDA:593,(anonymous_2)
FNDA:593,(anonymous_4)
FNDA:0,(anonymous_5)
FNDA:3324,(anonymous_6)
FNDA:3312,(anonymous_7)
FNDA:0,(anonymous_8)
FNDA:0,(anonymous_9)
FNDA:575,(anonymous_10)
FNDA:593,(anonymous_11)
DA:1,68
DA:2,68
DA:4,68
DA:8,68
DA:12,68
DA:15,0
DA:31,593
DA:46,593
DA:48,593
DA:50,593
DA:59,593
DA:60,593
DA:64,593
DA:68,0
DA:86,3324
DA:87,3324
DA:93,3324
DA:101,3312
DA:102,3312
DA:110,0
DA:111,0
DA:119,0
DA:123,575
LF:23
LH:18
BRDA:83,0,0,10
BRDA:98,1,0,4
BRDA:107,2,0,0
BRDA:40,3,0,184
BRDA:41,4,0,593
BRDA:43,5,0,0
BRDA:51,6,0,593
BRDA:51,6,1,593
BRF:8
BRH:6
end_of_record
TN:
SF:src/lib/util/feature-evaluator/helpers.ts
FN:6,(anonymous_1)
FN:25,(anonymous_2)
FN:38,(anonymous_3)
FN:6,createFallbackFunction
FN:11,(anonymous_5)
FN:17,(anonymous_6)
FN:20,(anonymous_7)
FN:22,(anonymous_8)
FN:25,resolveContextValue
FN:38,safeName
FNF:10
FNH:4
FNDA:3324,(anonymous_1)
FNDA:125793,(anonymous_2)
FNDA:0,(anonymous_3)
FNDA:3324,createFallbackFunction
FNDA:0,(anonymous_5)
FNDA:0,(anonymous_6)
FNDA:0,(anonymous_7)
FNDA:0,(anonymous_8)
FNDA:125793,resolveContextValue
FNDA:0,safeName
DA:6,3324
DA:11,3324
DA:16,3324
DA:17,0
DA:19,3324
DA:20,0
DA:22,3324
DA:25,125793
DA:29,125793
DA:30,3846
DA:32,121947
DA:33,36
DA:35,121911
DA:38,0
DA:39,0
LF:15
LH:11
BRDA:16,0,0,0
BRDA:19,1,0,0
BRDA:29,2,0,3846
BRDA:32,3,0,36
BRDA:32,4,0,121947
BRDA:32,4,1,100569
BRDA:38,5,0,0
BRF:7
BRH:4
end_of_record
TN:
SF:src/lib/util/feature-evaluator/index.ts
FN:8,(anonymous_1)
FN:9,(anonymous_2)
FN:9,(anonymous_3)
FN:9,(anonymous_4)
FN:9,(anonymous_5)
FNF:5
FNH:2
FNDA:0,(anonymous_1)
FNDA:0,(anonymous_2)
FNDA:0,(anonymous_3)
FNDA:593,(anonymous_4)
FNDA:593,(anonymous_5)
DA:1,68
DA:2,68
DA:3,68
DA:5,68
DA:8,68
DA:9,593
LF:6
LH:6
BRF:0
BRH:0
end_of_record
TN:
SF:src/lib/util/feature-evaluator/variant.ts
FN:35,(anonymous_1)
FN:82,(anonymous_2)
FN:7,(anonymous_4)
FN:35,getDefaultVariant
FN:42,randomString
FN:47,getSeed
FN:53,(anonymous_8)
FN:64,overrideMatchesContext
FN:65,(anonymous_10)
FN:67,(anonymous_11)
FN:71,findOverride
FN:76,(anonymous_13)
FN:77,(anonymous_14)
FN:82,selectVariant
FN:86,(anonymous_16)
FN:105,(anonymous_17)
FNF:16
FNH:14
FNDA:3312,(anonymous_1)
FNDA:308,(anonymous_2)
FNDA:68,(anonymous_4)
FNDA:3312,getDefaultVariant
FNDA:124,randomString
FNDA:308,getSeed
FNDA:582,(anonymous_8)
FNDA:1657,overrideMatchesContext
FNDA:0,(anonymous_10)
FNDA:0,(anonymous_11)
FNDA:308,findOverride
FNDA:1657,(anonymous_13)
FNDA:1657,(anonymous_14)
FNDA:308,selectVariant
FNDA:1657,(anonymous_16)
FNDA:940,(anonymous_17)
DA:4,68
DA:5,68
DA:7,68
DA:35,3312
DA:36,3312
DA:43,124
DA:46,68
DA:48,308
DA:49,0
DA:50,0
DA:53,308
DA:54,582
DA:55,582
DA:56,184
DA:57,184
DA:59,398
DA:61,308
DA:65,1657
DA:66,0
DA:67,0
DA:75,308
DA:76,1657
DA:78,1657
DA:82,308
DA:86,1657
DA:87,308
DA:88,0
DA:90,308
DA:91,308
DA:92,0
DA:95,308
DA:97,308
DA:103,308
DA:104,308
DA:106,940
DA:107,0
DA:109,940
DA:110,940
DA:111,632
DA:113,308
DA:116,308
LF:41
LH:34
BRDA:7,0,0,68
BRDA:7,0,1,68
BRDA:47,1,0,0
BRDA:48,2,0,0
BRDA:50,3,0,0
BRDA:50,3,1,0
BRDA:55,4,0,184
BRDA:55,5,0,582
BRDA:55,5,1,184
BRDA:61,6,0,308
BRDA:61,6,1,124
BRDA:87,7,0,0
BRDA:91,8,0,0
BRDA:106,9,0,0
BRDA:110,10,0,632
BRDA:116,11,0,308
BRDA:116,11,1,0
BRF:17
BRH:9
end_of_record
TN:
SF:src/lib/util/feature-evaluator/repository/bootstrap-provider.ts
FN:13,(anonymous_1)
FN:35,(anonymous_2)
FN:23,(anonymous_3)
FN:18,(anonymous_4)
FN:35,resolveBootstrapProvider
FNF:5
FNH:4
FNDA:0,(anonymous_1)
FNDA:593,(anonymous_2)
FNDA:593,(anonymous_3)
FNDA:593,(anonymous_4)
FNDA:593,resolveBootstrapProvider
DA:13,0
DA:19,593
DA:20,593
DA:24,593
DA:25,593
DA:31,0
DA:35,593
DA:38,593
LF:8
LH:6
BRDA:24,0,0,593
BRF:1
BRH:1
end_of_record
TN:
SF:src/lib/util/feature-evaluator/repository/index.ts
FN:23,(anonymous_0)
FN:47,(anonymous_1)
FN:51,(anonymous_2)
FN:55,(anonymous_3)
FN:58,(anonymous_4)
FN:65,(anonymous_5)
FN:69,(anonymous_6)
FN:81,(anonymous_7)
FN:83,(anonymous_8)
FN:97,(anonymous_9)
FN:103,(anonymous_10)
FN:107,(anonymous_11)
FN:111,(anonymous_12)
FN:112,(anonymous_13)
FN:36,(anonymous_14)
FNF:15
FNH:14
FNDA:593,(anonymous_0)
FNDA:593,(anonymous_1)
FNDA:593,(anonymous_2)
FNDA:1058,(anonymous_3)
FNDA:593,(anonymous_4)
FNDA:593,(anonymous_5)
FNDA:593,(anonymous_6)
FNDA:593,(anonymous_7)
FNDA:3324,(anonymous_8)
FNDA:0,(anonymous_9)
FNDA:19311,(anonymous_10)
FNDA:6636,(anonymous_11)
FNDA:575,(anonymous_12)
FNDA:3304,(anonymous_13)
FNDA:593,(anonymous_14)
DA:23,593
DA:32,593
DA:41,593
DA:42,593
DA:43,593
DA:44,593
DA:48,593
DA:52,593
DA:53,18
DA:55,1058
DA:59,593
DA:60,593
DA:62,593
DA:66,593
DA:70,593
DA:71,593
DA:73,593
DA:74,593
DA:82,593
DA:87,3324
DA:88,3324
DA:89,3324
DA:94,593
DA:98,0
DA:99,0
DA:104,19311
DA:108,6636
DA:112,3304
LF:28
LH:26
BRDA:52,0,0,18
BRDA:73,1,0,593
BRDA:73,2,0,593
BRDA:73,2,1,593
BRDA:98,3,0,0
BRF:5
BRH:4
end_of_record
TN:
SF:src/lib/util/feature-evaluator/repository/storage-provider-in-mem.ts
FN:3,(anonymous_0)
FN:6,(anonymous_1)
FN:11,(anonymous_2)
FNF:3
FNH:2
FNDA:593,(anonymous_0)
FNDA:593,(anonymous_1)
FNDA:0,(anonymous_2)
DA:3,593
DA:4,593
DA:7,593
DA:8,593
DA:12,0
LF:5
LH:4
BRF:0
BRH:0
end_of_record
TN:
SF:src/lib/util/feature-evaluator/strategy/application-hostname-strategy.ts
FN:4,(anonymous_0)
FN:16,(anonymous_1)
FN:7,(anonymous_2)
FNF:3
FNH:2
FNDA:68,(anonymous_0)
FNDA:0,(anonymous_1)
FNDA:68,(anonymous_2)
DA:1,68
DA:2,68
DA:4,68
DA:8,68
DA:9,68
DA:17,0
DA:18,0
DA:21,0
LF:8
LH:5
BRDA:17,0,0,0
BRDA:10,1,0,68
BRDA:10,1,1,68
BRDA:10,1,2,0
BRF:4
BRH:2
end_of_record
TN:
SF:src/lib/util/feature-evaluator/strategy/default-strategy.ts
FN:3,(anonymous_0)
FN:8,(anonymous_1)
FN:4,(anonymous_2)
FNF:3
FNH:3
FNDA:68,(anonymous_0)
FNDA:3116,(anonymous_1)
FNDA:68,(anonymous_2)
DA:1,68
DA:3,68
DA:5,68
DA:9,3116
LF:4
LH:4
BRF:0
BRH:0
end_of_record
TN:
SF:src/lib/util/feature-evaluator/strategy/flexible-rollout-strategy.ts
FN:11,(anonymous_0)
FN:22,(anonymous_2)
FN:38,(anonymous_3)
FN:15,(anonymous_4)
FN:12,(anonymous_5)
FNF:5
FNH:5
FNDA:68,(anonymous_0)
FNDA:2310,(anonymous_2)
FNDA:2310,(anonymous_3)
FNDA:68,(anonymous_4)
FNDA:190,(anonymous_5)
DA:1,68
DA:3,68
DA:4,68
DA:6,68
DA:11,68
DA:12,68
DA:13,190
DA:16,68
DA:17,68
DA:18,0
DA:23,2310
DA:25,802
DA:31,0
DA:33,1508
DA:47,2310
DA:50,2310
DA:51,2310
DA:52,2310
DA:54,2310
DA:55,498
DA:57,1812
DA:58,1812
LF:22
LH:20
BRDA:24,0,0,802
BRDA:24,0,1,0
BRDA:24,0,2,1508
BRDA:26,1,0,802
BRDA:26,1,1,265
BRDA:26,1,2,190
BRDA:47,2,0,2310
BRDA:47,2,1,0
BRDA:47,2,2,0
BRDA:47,2,3,0
BRDA:51,3,0,2310
BRDA:51,3,1,0
BRDA:54,4,0,498
BRDA:58,5,0,1812
BRDA:58,5,1,1789
BRDA:17,6,0,0
BRF:16
BRH:10
end_of_record
TN:
SF:src/lib/util/feature-evaluator/strategy/gradual-rollout-random.ts
FN:4,(anonymous_0)
FN:13,(anonymous_1)
FN:8,(anonymous_2)
FN:5,(anonymous_3)
FNF:4
FNH:2
FNDA:68,(anonymous_0)
FNDA:0,(anonymous_1)
FNDA:68,(anonymous_2)
FNDA:0,(anonymous_3)
DA:1,68
DA:4,68
DA:5,68
DA:6,0
DA:9,68
DA:10,68
DA:18,0
DA:19,0
DA:20,0
LF:9
LH:5
BRDA:10,0,0,68
BRDA:10,0,1,68
BRF:2
BRH:2
end_of_record
TN:
SF:src/lib/util/feature-evaluator/strategy/gradual-rollout-session-id.ts
FN:5,(anonymous_0)
FN:10,(anonymous_2)
FN:6,(anonymous_3)
FNF:3
FNH:2
FNDA:68,(anonymous_0)
FNDA:0,(anonymous_2)
FNDA:68,(anonymous_3)
DA:1,68
DA:2,68
DA:5,68
DA:7,68
DA:14,0
DA:15,0
DA:16,0
DA:19,0
DA:20,0
DA:22,0
DA:24,0
LF:11
LH:4
BRDA:15,0,0,0
BRDA:20,1,0,0
BRDA:20,1,1,0
BRDA:24,2,0,0
BRDA:24,2,1,0
BRF:5
BRH:0
end_of_record
TN:
SF:src/lib/util/feature-evaluator/strategy/gradual-rollout-user-id.ts
FN:5,(anonymous_0)
FN:10,(anonymous_2)
FN:6,(anonymous_3)
FNF:3
FNH:2
FNDA:68,(anonymous_0)
FNDA:0,(anonymous_2)
FNDA:68,(anonymous_3)
DA:1,68
DA:3,68
DA:5,68
DA:7,68
DA:14,0
DA:15,0
DA:16,0
DA:19,0
DA:20,0
DA:22,0
DA:24,0
LF:11
LH:4
BRDA:15,0,0,0
BRDA:20,1,0,0
BRDA:20,1,1,0
BRDA:24,2,0,0
BRDA:24,2,1,0
BRF:5
BRH:0
end_of_record
TN:
SF:src/lib/util/feature-evaluator/strategy/index.ts
FN:12,(anonymous_1)
FN:13,(anonymous_2)
FN:15,(anonymous_3)
FNF:3
FNH:1
FNDA:0,(anonymous_1)
FNDA:0,(anonymous_2)
FNDA:593,(anonymous_3)
DA:1,68
DA:2,68
DA:3,68
DA:4,68
DA:5,68
DA:6,68
DA:7,68
DA:9,68
DA:10,68
DA:12,68
DA:13,0
DA:15,593
LF:12
LH:11
BRF:0
BRH:0
end_of_record
TN:
SF:src/lib/util/feature-evaluator/strategy/remote-address-strategy.ts
FN:5,(anonymous_0)
FN:10,(anonymous_2)
FN:15,(anonymous_3)
FN:6,(anonymous_4)
FNF:4
FNH:4
FNDA:68,(anonymous_0)
FNDA:2329,(anonymous_2)
FNDA:11692,(anonymous_3)
FNDA:68,(anonymous_4)
DA:1,68
DA:3,68
DA:5,68
DA:7,68
DA:11,2329
DA:12,220
DA:14,2109
DA:16,11692
DA:17,0
DA:19,11692
DA:20,0
DA:21,0
DA:25,0
DA:28,11692
LF:14
LH:10
BRDA:11,0,0,220
BRDA:16,1,0,0
BRDA:19,2,0,0
BRF:3
BRH:1
end_of_record
TN:
SF:src/lib/util/feature-evaluator/strategy/strategy.ts
FN:30,(anonymous_0)
FN:40,(anonymous_1)
FN:54,(anonymous_2)
FN:77,(anonymous_3)
FN:87,(anonymous_4)
FN:91,(anonymous_5)
FN:95,(anonymous_6)
FN:110,(anonymous_7)
FN:116,(anonymous_8)
FN:35,(anonymous_9)
FNF:10
FNH:9
FNDA:612,(anonymous_0)
FNDA:143385,(anonymous_1)
FNDA:36755,(anonymous_2)
FNDA:50293,(anonymous_3)
FNDA:0,(anonymous_4)
FNDA:17444,(anonymous_5)
FNDA:19311,(anonymous_6)
FNDA:8020,(anonymous_7)
FNDA:10043,(anonymous_8)
FNDA:612,(anonymous_9)
DA:4,68
DA:30,612
DA:36,612
DA:37,612
DA:41,143385
DA:43,143385
DA:44,0
DA:47,143385
DA:48,69949
DA:51,73436
DA:58,36755
DA:59,6
DA:65,36749
DA:66,36749
DA:67,143385
DA:68,143385
DA:76,36749
DA:77,50293
DA:80,36749
DA:88,0
DA:95,17444
DA:96,19311
DA:100,19311
DA:108,17444
DA:110,8020
DA:122,10043
DA:123,10043
DA:124,10043
DA:127,10043
DA:129,10043
LF:30
LH:28
BRDA:43,0,0,0
BRDA:47,1,0,69949
BRDA:58,2,0,6
BRDA:67,3,0,143385
BRDA:70,4,0,143385
BRDA:70,4,1,2988
BRDA:127,5,0,10043
BRDA:127,5,1,3130
BRDA:127,5,2,1383
BRDA:35,6,0,612
BRDA:36,7,0,612
BRDA:36,7,1,0
BRF:12
BRH:10
end_of_record
TN:
SF:src/lib/util/feature-evaluator/strategy/unknown-strategy.ts
FN:7,(anonymous_0)
FN:12,(anonymous_1)
FN:16,(anonymous_2)
FN:8,(anonymous_3)
FNF:4
FNH:3
FNDA:68,(anonymous_0)
FNDA:0,(anonymous_1)
FNDA:7401,(anonymous_2)
FNDA:68,(anonymous_3)
DA:1,68
DA:5,68
DA:7,68
DA:9,68
DA:13,0
DA:22,7401
DA:23,7401
DA:26,7401
DA:30,7401
LF:9
LH:8
BRDA:27,0,0,2558
BRDA:27,0,1,4843
BRDA:26,1,0,7401
BRDA:26,1,1,3042
BRF:4
BRH:4
end_of_record
TN:
SF:src/lib/util/feature-evaluator/strategy/user-with-id-strategy.ts
FN:4,(anonymous_0)
FN:9,(anonymous_1)
FN:5,(anonymous_2)
FNF:3
FNH:3
FNDA:68,(anonymous_0)
FNDA:2288,(anonymous_1)
FNDA:68,(anonymous_2)
DA:1,68
DA:4,68
DA:6,68
DA:10,2288
DA:13,2288
LF:5
LH:5
BRDA:11,0,0,2067
BRDA:11,0,1,221
BRF:2
BRH:2
end_of_record
TN:
SF:src/lib/util/feature-evaluator/strategy/util.ts
FN:3,(anonymous_0)
FNF:1
FNH:1
FNDA:4240,(anonymous_0)
DA:1,68
DA:3,2120
DA:8,2120
LF:3
LH:3
BRDA:6,0,0,1812
BRF:1
BRH:1
end_of_record
TN:
SF:src/lib/util/validators/constraint-types.ts
FN:10,(anonymous_1)
FN:14,(anonymous_2)
FN:18,(anonymous_3)
FN:30,(anonymous_4)
FN:34,(anonymous_5)
FN:10,(anonymous_7)
FN:14,(anonymous_8)
FN:18,(anonymous_9)
FN:30,(anonymous_10)
FN:34,(anonymous_11)
FN:38,(anonymous_12)
FN:44,(anonymous_13)
FNF:12
FNH:10
FNDA:3,(anonymous_1)
FNDA:14,(anonymous_2)
FNDA:4,(anonymous_3)
FNDA:0,(anonymous_4)
FNDA:4,(anonymous_5)
FNDA:3,(anonymous_7)
FNDA:14,(anonymous_8)
FNDA:4,(anonymous_9)
FNDA:0,(anonymous_10)
FNDA:4,(anonymous_11)
FNDA:12,(anonymous_12)
FNDA:3,(anonymous_13)
DA:5,73
DA:6,73
DA:8,73
DA:10,73
DA:11,3
DA:14,73
DA:15,14
DA:18,73
DA:19,4
DA:20,0
DA:23,4
DA:24,3
DA:30,73
DA:31,0
DA:34,73
DA:38,4
DA:39,12
DA:42,4
DA:44,3
DA:45,2
DA:46,1
DA:50,2
DA:51,2
DA:52,1
LF:24
LH:22
BRDA:19,0,0,0
BRDA:23,1,0,3
BRDA:42,2,0,2
BRDA:42,2,1,2
BRDA:45,3,0,1
BRDA:51,4,0,1
BRF:6
BRH:5
end_of_record
