TN:
SF:src/migrator.ts
FN:8,migrateDb
FN:24,resetDb
FNF:2
FNH:1
FNDA:88,migrateDb
FNDA:0,resetDb
DA:1,69
DA:2,69
DA:4,69
DA:6,69
DA:8,69
DA:9,88
DA:14,88
DA:20,88
DA:24,69
DA:25,0
DA:30,0
DA:36,0
LF:12
LH:9
BRF:0
BRH:0
end_of_record
TN:
SF:src/lib/app.ts
FN:26,getApp
FN:144,(anonymous_2)
FN:148,(anonymous_3)
FNF:3
FNH:2
FNDA:151,getApp
FNDA:0,(anonymous_2)
FNDA:5,(anonymous_3)
DA:1,61
DA:2,61
DA:3,61
DA:4,61
DA:5,61
DA:6,61
DA:7,61
DA:8,61
DA:9,61
DA:10,61
DA:11,61
DA:13,61
DA:16,61
DA:18,61
DA:19,61
DA:20,61
DA:21,61
DA:22,61
DA:24,61
DA:26,61
DA:32,151
DA:34,151
DA:36,151
DA:38,151
DA:39,151
DA:40,151
DA:41,151
DA:43,151
DA:44,151
DA:47,151
DA:49,151
DA:50,22
DA:53,151
DA:54,0
DA:57,151
DA:58,151
DA:59,151
DA:60,151
DA:61,64
DA:63,151
DA:64,151
DA:65,151
DA:66,151
DA:67,151
DA:69,151
DA:70,151
DA:73,151
DA:74,148
DA:77,151
DA:79,0
DA:80,0
DA:81,0
DA:84,0
DA:85,0
DA:86,0
DA:89,0
DA:90,0
DA:91,0
DA:94,10
DA:95,10
DA:101,10
DA:104,10
DA:105,10
DA:106,10
DA:109,131
DA:110,131
DA:113,0
DA:114,0
DA:120,0
DA:124,151
DA:129,151
DA:130,36
DA:134,151
DA:136,151
DA:137,148
DA:140,151
DA:141,151
DA:144,151
DA:145,0
DA:148,151
DA:149,5
DA:150,2
DA:151,2
DA:154,3
DA:157,151
LF:85
LH:71
BRDA:34,0,0,151
BRDA:34,0,1,94
BRDA:43,1,0,151
BRDA:43,2,0,151
BRDA:43,2,1,151
BRDA:49,3,0,22
BRDA:53,4,0,0
BRDA:60,5,0,64
BRDA:69,6,0,151
BRDA:73,7,0,148
BRDA:73,8,0,151
BRDA:73,8,1,151
BRDA:78,9,0,0
BRDA:78,9,1,0
BRDA:78,9,2,0
BRDA:78,9,3,10
BRDA:78,9,4,10
BRDA:78,9,5,131
BRDA:78,9,6,0
BRDA:129,10,0,36
BRDA:136,11,0,148
BRDA:140,12,0,151
BRDA:149,13,0,2
BRF:23
BRH:18
end_of_record
TN:
SF:src/lib/create-config.ts
FN:30,(anonymous_7)
FN:32,authTypeFromString
FN:39,safeNumber
FN:51,safeBoolean
FN:58,mergeAll
FN:59,(anonymous_12)
FN:62,loadExperimental
FN:68,loadUI
FN:160,(anonymous_15)
FN:168,(anonymous_16)
FN:169,(anonymous_17)
FN:178,(anonymous_18)
FN:190,(anonymous_19)
FN:195,(anonymous_20)
FN:212,(anonymous_21)
FN:225,(anonymous_22)
FN:233,createConfig
FNF:17
FNH:17
FNDA:106,(anonymous_7)
FNDA:106,authTypeFromString
FNDA:752,safeNumber
FNDA:1167,safeBoolean
FNDA:2370,mergeAll
FNDA:5631,(anonymous_12)
FNDA:295,loadExperimental
FNDA:295,loadUI
FNDA:596,(anonymous_15)
FNDA:286,(anonymous_16)
FNDA:641,(anonymous_17)
FNDA:297,(anonymous_18)
FNDA:593,(anonymous_19)
FNDA:9,(anonymous_20)
FNDA:297,(anonymous_21)
FNDA:295,(anonymous_22)
FNDA:298,createConfig
DA:1,94
DA:2,94
DA:3,94
DA:4,94
DA:19,94
DA:20,94
DA:21,94
DA:22,94
DA:23,94
DA:24,94
DA:30,106
DA:32,94
DA:36,106
DA:40,752
DA:41,94
DA:42,94
DA:44,0
DA:47,658
DA:52,1167
DA:53,0
DA:55,1167
DA:59,5631
DA:63,295
DA:65,295
DA:69,295
DA:70,295
DA:72,295
DA:75,295
DA:78,94
DA:105,94
DA:110,94
DA:132,94
DA:137,94
DA:145,94
DA:151,94
DA:160,94
DA:161,596
DA:163,9
DA:165,596
DA:168,94
DA:169,286
DA:170,641
DA:172,594
DA:173,594
DA:175,47
DA:178,94
DA:181,297
DA:184,289
DA:190,94
DA:191,593
DA:192,587
DA:194,6
DA:195,6
DA:196,9
DA:197,9
DA:198,9
DA:206,9
DA:207,7
DA:209,4
DA:212,94
DA:213,297
DA:225,94
DA:226,295
DA:227,295
DA:228,1
DA:230,294
DA:233,94
DA:234,298
DA:236,298
DA:237,2
DA:238,296
DA:239,6
DA:241,298
DA:242,298
DA:243,0
DA:246,298
DA:250,1
DA:254,298
DA:261,298
DA:267,298
DA:268,298
DA:269,298
DA:271,297
DA:276,297
DA:281,297
DA:283,295
DA:291,295
DA:293,295
DA:298,295
DA:300,295
DA:302,295
DA:305,295
DA:306,0
DA:308,295
DA:312,295
DA:315,295
DA:318,295
DA:321,295
DA:345,94
LF:99
LH:95
BRDA:30,0,0,12
BRDA:30,0,1,94
BRDA:34,1,0,106
BRDA:36,2,0,106
BRDA:36,2,1,95
BRDA:40,3,0,94
BRDA:40,3,1,658
BRDA:52,4,0,0
BRDA:53,5,0,0
BRDA:53,5,1,0
BRDA:53,5,2,0
BRDA:63,6,0,295
BRDA:63,6,1,16
BRDA:69,7,0,295
BRDA:69,7,1,288
BRDA:83,8,0,94
BRDA:83,8,1,94
BRDA:86,9,0,0
BRDA:86,9,1,94
BRDA:100,10,0,94
BRDA:100,10,1,94
BRDA:102,11,0,94
BRDA:102,11,1,94
BRDA:113,12,0,94
BRDA:113,12,1,94
BRDA:116,13,0,94
BRDA:116,13,1,94
BRDA:129,14,0,94
BRDA:129,14,1,94
BRDA:133,15,0,94
BRDA:133,15,1,94
BRDA:155,16,0,94
BRDA:155,16,1,94
BRDA:161,17,0,9
BRDA:170,18,0,594
BRDA:181,19,0,8
BRDA:191,20,0,587
BRDA:196,21,0,0
BRDA:197,22,0,0
BRDA:227,23,0,1
BRDA:236,24,0,2
BRDA:236,24,1,296
BRDA:238,25,0,6
BRDA:242,26,0,0
BRDA:242,26,1,298
BRDA:242,27,0,298
BRDA:242,27,1,0
BRDA:246,28,0,1
BRDA:247,29,0,298
BRDA:247,29,1,1
BRDA:267,30,0,298
BRDA:267,30,1,298
BRDA:267,30,2,298
BRDA:268,31,0,298
BRDA:268,31,1,18
BRDA:286,32,0,286
BRDA:286,32,1,9
BRDA:305,33,0,0
BRDA:305,33,1,295
BRDA:308,34,0,295
BRDA:308,34,1,295
BRDA:312,35,0,295
BRDA:312,35,1,295
BRDA:315,36,0,295
BRDA:315,36,1,16
BRDA:318,37,0,295
BRDA:318,37,1,292
BRF:67
BRH:57
end_of_record
TN:
SF:src/lib/default-custom-auth-deny-all.ts
FN:6,defaultCustomAuthDenyAll
FN:12,(anonymous_1)
FNF:2
FNH:2
FNDA:1,defaultCustomAuthDenyAll
FNDA:1,(anonymous_1)
DA:4,94
DA:6,94
DA:11,1
DA:12,1
DA:13,1
DA:14,1
LF:6
LH:6
BRF:0
BRH:0
end_of_record
TN:
SF:src/lib/event-hook.ts
FN:10,(anonymous_0)
FN:14,(anonymous_1)
FN:17,(anonymous_2)
FN:20,(anonymous_3)
FN:23,(anonymous_4)
FNF:5
FNH:5
FNDA:2,(anonymous_0)
FNDA:2,(anonymous_1)
FNDA:1,(anonymous_2)
FNDA:1,(anonymous_3)
FNDA:1,(anonymous_4)
DA:3,3
DA:10,3
DA:14,2
DA:15,2
DA:17,2
DA:18,1
DA:20,2
DA:21,1
DA:23,2
DA:24,1
LF:10
LH:10
BRF:0
BRH:0
end_of_record
TN:
SF:src/lib/experimental.ts
FN:17,(anonymous_0)
FNF:1
FNH:1
FNDA:273,(anonymous_0)
DA:17,92
DA:18,273
LF:2
LH:2
BRF:0
BRH:0
end_of_record
TN:
SF:src/lib/logger.ts
FN:5,(anonymous_0)
FN:21,getDefaultLogProvider
FN:36,validate
FN:42,validateLogProvider
FNF:4
FNH:4
FNDA:95,(anonymous_0)
FNDA:18,getDefaultLogProvider
FNDA:1494,validate
FNDA:300,validateLogProvider
DA:1,95
DA:5,95
DA:6,95
DA:7,95
DA:8,95
DA:9,95
DA:10,95
DA:21,95
DA:24,18
DA:33,18
DA:37,1494
DA:38,2
DA:42,95
DA:43,300
DA:45,300
DA:46,300
DA:47,299
DA:48,298
DA:49,298
LF:19
LH:19
BRDA:5,0,0,95
BRDA:5,0,1,95
BRDA:22,1,0,0
BRDA:37,2,0,2
BRF:4
BRH:3
end_of_record
TN:
SF:src/lib/metric-events.ts
FNF:0
FNH:0
DA:1,87
DA:2,87
DA:4,87
LF:3
LH:3
BRF:0
BRH:0
end_of_record
TN:
SF:src/lib/metrics.ts
FN:26,(anonymous_7)
FN:31,(anonymous_8)
FN:83,collectStaticCounters
FN:110,(anonymous_10)
FN:116,(anonymous_11)
FN:121,(anonymous_12)
FN:125,(anonymous_13)
FN:128,(anonymous_14)
FN:131,(anonymous_15)
FN:134,(anonymous_16)
FN:137,(anonymous_17)
FN:140,(anonymous_18)
FN:143,(anonymous_19)
FN:147,(anonymous_20)
FN:164,(anonymous_21)
FN:169,(anonymous_22)
FN:198,(anonymous_23)
FN:207,(anonymous_24)
FN:215,(anonymous_25)
FN:227,createMetricsMonitor
FNF:20
FNH:12
FNDA:1,(anonymous_7)
FNDA:1,(anonymous_8)
FNDA:1,collectStaticCounters
FNDA:0,(anonymous_10)
FNDA:1,(anonymous_11)
FNDA:1,(anonymous_12)
FNDA:0,(anonymous_13)
FNDA:1,(anonymous_14)
FNDA:0,(anonymous_15)
FNDA:0,(anonymous_16)
FNDA:0,(anonymous_17)
FNDA:0,(anonymous_18)
FNDA:0,(anonymous_19)
FNDA:1,(anonymous_20)
FNDA:1,(anonymous_21)
FNDA:1,(anonymous_22)
FNDA:1,(anonymous_23)
FNDA:0,(anonymous_24)
FNDA:1,(anonymous_25)
FNDA:1,createMetricsMonitor
DA:1,2
DA:4,2
DA:5,2
DA:18,2
DA:21,2
DA:27,1
DA:28,1
DA:38,1
DA:39,0
DA:43,1
DA:45,1
DA:47,1
DA:53,1
DA:59,1
DA:64,1
DA:69,1
DA:74,1
DA:78,1
DA:84,1
DA:87,1
DA:88,1
DA:91,1
DA:92,1
DA:96,1
DA:97,1
DA:98,1
DA:99,0
DA:100,0
DA:102,1
DA:103,0
DA:104,0
DA:108,1
DA:109,1
DA:110,0
DA:114,1
DA:117,1
DA:121,1
DA:122,1
DA:125,1
DA:126,0
DA:128,1
DA:129,1
DA:131,1
DA:132,0
DA:134,1
DA:135,0
DA:137,1
DA:138,0
DA:140,1
DA:141,0
DA:143,1
DA:144,0
DA:147,1
DA:149,1
DA:150,1
DA:154,1
DA:161,1
DA:165,1
DA:166,1
DA:170,1
DA:171,1
DA:175,1
DA:176,1
DA:180,1
DA:181,1
DA:185,1
DA:189,1
DA:193,1
DA:198,1
DA:199,1
DA:200,1
DA:201,1
DA:202,1
DA:205,1
DA:206,1
DA:207,0
DA:210,1
DA:216,1
DA:217,1
DA:227,2
DA:228,1
DA:231,2
LF:82
LH:69
BRDA:38,0,0,0
BRDA:98,1,0,0
BRDA:102,2,0,0
BRDA:170,3,0,1
BRDA:170,4,0,1
BRDA:170,4,1,1
BRF:6
BRH:3
end_of_record
TN:
SF:src/lib/server-impl.ts
FN:174,(anonymous_7)
FN:172,(anonymous_8)
FN:173,(anonymous_9)
FN:29,createApp
FN:43,(anonymous_11)
FN:96,(anonymous_12)
FN:99,(anonymous_13)
FN:107,(anonymous_14)
FN:111,(anonymous_15)
FN:121,start
FN:145,create
FNF:11
FNH:9
FNDA:0,(anonymous_7)
FNDA:0,(anonymous_8)
FNDA:2,(anonymous_9)
FNDA:6,createApp
FNDA:6,(anonymous_11)
FNDA:6,(anonymous_12)
FNDA:5,(anonymous_13)
FNDA:5,(anonymous_14)
FNDA:5,(anonymous_15)
FNDA:5,start
FNDA:1,create
DA:1,2
DA:2,2
DA:3,2
DA:4,2
DA:5,2
DA:6,2
DA:7,2
DA:8,2
DA:9,2
DA:10,2
DA:11,2
DA:12,2
DA:13,2
DA:16,2
DA:18,2
DA:19,2
DA:20,2
DA:21,2
DA:22,2
DA:24,2
DA:25,2
DA:26,2
DA:34,6
DA:35,6
DA:36,6
DA:37,6
DA:38,6
DA:40,6
DA:41,6
DA:43,6
DA:44,6
DA:45,6
DA:46,5
DA:47,5
DA:49,6
DA:50,6
DA:51,6
DA:52,6
DA:55,6
DA:56,0
DA:58,0
DA:60,6
DA:62,6
DA:63,1
DA:65,6
DA:72,6
DA:81,6
DA:82,0
DA:90,6
DA:91,0
DA:96,6
DA:97,6
DA:98,5
DA:100,5
DA:105,5
DA:106,5
DA:107,5
DA:108,5
DA:111,5
DA:114,5
DA:116,1
DA:122,5
DA:123,5
DA:125,5
DA:126,5
DA:127,0
DA:129,5
DA:130,5
DA:131,5
DA:134,0
DA:135,0
DA:138,5
DA:139,5
DA:140,5
DA:142,5
DA:146,1
DA:147,1
DA:149,1
DA:150,1
DA:151,0
DA:153,1
DA:156,0
DA:157,0
DA:159,1
DA:164,2
DA:165,2
DA:166,2
DA:167,2
DA:168,2
DA:169,2
DA:170,2
DA:171,2
DA:172,2
DA:173,4
DA:174,2
DA:177,2
LF:96
LH:86
BRDA:45,0,0,5
BRDA:55,1,0,0
BRDA:62,2,0,1
BRDA:81,3,0,0
BRDA:90,4,0,0
BRDA:97,5,0,5
BRDA:97,5,1,1
BRDA:121,6,0,0
BRDA:126,7,0,0
BRDA:126,7,1,5
BRDA:139,8,0,5
BRDA:150,9,0,0
BRDA:150,9,1,1
BRF:13
BRH:7
end_of_record
TN:
SF:src/lib/addons/addon-schema.ts
FNF:0
FNH:0
DA:1,63
DA:2,63
DA:3,63
DA:5,63
LF:4
LH:4
BRF:0
BRH:0
end_of_record
TN:
SF:src/lib/addons/addon.ts
FN:15,(anonymous_1)
FN:32,(anonymous_2)
FN:36,(anonymous_3)
FN:40,(anonymous_4)
FNF:4
FNH:4
FNDA:598,(anonymous_1)
FNDA:592,(anonymous_2)
FNDA:650,(anonymous_3)
FNDA:4,(anonymous_4)
DA:1,63
DA:2,63
DA:8,63
DA:19,598
DA:20,598
DA:21,598
DA:22,0
DA:26,0
DA:28,598
DA:29,598
DA:33,592
DA:37,650
DA:46,4
DA:47,4
DA:53,3
DA:55,1
DA:57,1
LF:17
LH:15
BRDA:21,0,0,0
BRDA:42,1,0,3
BRDA:43,2,0,3
BRF:3
BRH:2
end_of_record
TN:
SF:src/lib/addons/datadog-definition.ts
FNF:0
FNH:0
DA:1,63
DA:19,63
DA:70,63
LF:3
LH:3
BRF:0
BRH:0
end_of_record
TN:
SF:src/lib/addons/datadog.ts
FN:15,(anonymous_1)
FN:24,(anonymous_2)
FN:32,(anonymous_3)
FNF:3
FNH:2
FNDA:151,(anonymous_1)
FNDA:3,(anonymous_2)
FNDA:0,(anonymous_3)
DA:1,63
DA:3,63
DA:5,63
DA:12,63
DA:16,151
DA:17,151
DA:26,3
DA:28,3
DA:30,3
DA:32,3
DA:33,3
DA:39,3
DA:47,3
DA:48,3
LF:14
LH:14
BRDA:25,0,0,0
BRDA:32,1,0,3
BRDA:32,1,1,0
BRF:3
BRH:1
end_of_record
TN:
SF:src/lib/addons/feature-event-formatter-md.ts
FN:24,(anonymous_0)
FN:34,(anonymous_1)
FN:39,(anonymous_2)
FN:46,(anonymous_3)
FN:54,(anonymous_4)
FN:65,(anonymous_5)
FN:73,(anonymous_6)
FN:87,(anonymous_7)
FN:93,(anonymous_8)
FN:98,(anonymous_9)
FN:106,(anonymous_10)
FN:119,(anonymous_11)
FN:126,(anonymous_12)
FNF:13
FNH:9
FNDA:66,(anonymous_0)
FNDA:460,(anonymous_1)
FNDA:3,(anonymous_2)
FNDA:12,(anonymous_3)
FNDA:0,(anonymous_4)
FNDA:3,(anonymous_5)
FNDA:0,(anonymous_6)
FNDA:0,(anonymous_7)
FNDA:0,(anonymous_8)
FNDA:21,(anonymous_9)
FNDA:6,(anonymous_10)
FNDA:6,(anonymous_11)
FNDA:12,(anonymous_12)
DA:1,66
DA:24,66
DA:25,66
DA:26,66
DA:29,66
DA:35,460
DA:36,460
DA:40,3
DA:41,3
DA:42,3
DA:43,3
DA:47,12
DA:48,6
DA:50,6
DA:55,0
DA:56,0
DA:57,0
DA:59,0
DA:60,0
DA:62,0
DA:66,3
DA:68,3
DA:69,3
DA:70,3
DA:74,0
DA:75,0
DA:76,0
DA:77,0
DA:78,0
DA:79,0
DA:80,0
DA:81,0
DA:82,0
DA:84,0
DA:88,0
DA:89,0
DA:90,0
DA:94,0
DA:95,0
DA:99,21
DA:100,21
DA:101,5
DA:103,16
DA:107,6
DA:109,6
DA:111,0
DA:113,0
DA:115,0
DA:120,6
DA:121,6
DA:122,6
DA:123,6
DA:127,12
DA:130,3
DA:133,0
DA:136,3
DA:140,0
DA:142,0
DA:144,0
DA:146,6
LF:60
LH:32
BRDA:24,0,0,66
BRDA:24,0,1,66
BRDA:34,1,0,151
BRDA:41,2,0,3
BRDA:41,2,1,0
BRDA:47,3,0,6
BRDA:47,3,1,6
BRDA:59,4,0,0
BRDA:68,5,0,0
BRDA:68,5,1,3
BRDA:77,6,0,0
BRDA:77,6,1,0
BRDA:79,7,0,0
BRDA:79,7,1,0
BRDA:81,8,0,0
BRDA:99,9,0,14
BRDA:100,10,0,5
BRDA:108,11,0,6
BRDA:108,11,1,0
BRDA:108,11,2,0
BRDA:108,11,3,0
BRDA:128,12,0,3
BRDA:128,12,1,3
BRDA:128,12,2,0
BRDA:128,12,3,0
BRDA:128,12,4,3
BRDA:128,12,5,3
BRDA:128,12,6,0
BRDA:128,12,7,0
BRDA:128,12,8,0
BRDA:128,12,9,0
BRDA:128,12,10,0
BRDA:128,12,11,6
BRF:33
BRH:15
end_of_record
TN:
SF:src/lib/addons/index.ts
FN:16,(anonymous_1)
FN:23,(anonymous_2)
FNF:2
FNH:2
FNDA:148,(anonymous_1)
FNDA:592,(anonymous_2)
DA:1,62
DA:2,62
DA:3,62
DA:4,62
DA:12,62
DA:16,62
DA:17,148
DA:23,148
DA:25,592
DA:26,592
LF:10
LH:10
BRF:0
BRH:0
end_of_record
TN:
SF:src/lib/addons/slack-definition.ts
FNF:0
FNH:0
DA:1,64
DA:19,64
DA:88,64
LF:3
LH:3
BRF:0
BRH:0
end_of_record
TN:
SF:src/lib/addons/slack.ts
FN:16,(anonymous_1)
FN:25,(anonymous_2)
FN:42,(anonymous_3)
FN:74,(anonymous_4)
FN:78,(anonymous_5)
FN:81,(anonymous_6)
FN:82,(anonymous_7)
FNF:7
FNH:7
FNDA:158,(anonymous_1)
FNDA:6,(anonymous_2)
FNDA:7,(anonymous_3)
FNDA:7,(anonymous_4)
FNDA:6,(anonymous_5)
FNDA:3,(anonymous_6)
FNDA:3,(anonymous_7)
DA:1,64
DA:3,64
DA:6,64
DA:13,64
DA:17,158
DA:18,158
DA:31,6
DA:33,6
DA:35,6
DA:36,4
DA:39,6
DA:40,6
DA:42,6
DA:43,7
DA:64,7
DA:70,7
DA:73,6
DA:74,7
DA:75,6
DA:79,6
DA:80,2
DA:81,3
DA:82,3
DA:84,4
DA:88,64
LF:25
LH:25
BRDA:29,0,0,6
BRDA:30,1,0,6
BRDA:35,2,0,4
BRDA:79,3,0,2
BRF:4
BRH:4
end_of_record
TN:
SF:src/lib/addons/teams-definition.ts
FNF:0
FNH:0
DA:1,63
DA:19,63
DA:51,63
LF:3
LH:3
BRF:0
BRH:0
end_of_record
TN:
SF:src/lib/addons/teams.ts
FN:14,(anonymous_1)
FN:20,(anonymous_2)
FNF:2
FNH:2
FNDA:151,(anonymous_1)
FNDA:3,(anonymous_2)
DA:1,63
DA:3,63
DA:5,63
DA:11,63
DA:15,151
DA:16,151
DA:21,3
DA:22,3
DA:23,3
DA:24,3
DA:26,3
DA:59,3
DA:64,3
DA:65,3
LF:14
LH:14
BRF:0
BRH:0
end_of_record
TN:
SF:src/lib/addons/webhook-definition.ts
FNF:0
FNH:0
DA:1,63
DA:21,63
DA:83,63
LF:3
LH:3
BRF:0
BRH:0
end_of_record
TN:
SF:src/lib/addons/webhook.ts
FN:14,(anonymous_1)
FN:18,(anonymous_2)
FNF:2
FNH:2
FNDA:150,(anonymous_1)
FNDA:2,(anonymous_2)
DA:1,63
DA:2,63
DA:3,63
DA:13,63
DA:15,150
DA:19,2
DA:20,2
DA:26,2
DA:27,1
DA:29,1
DA:32,2
DA:37,2
DA:39,2
LF:13
LH:13
BRDA:26,0,0,1
BRDA:26,0,1,1
BRDA:26,1,0,2
BRDA:26,1,1,1
BRDA:34,2,0,2
BRDA:34,2,1,1
BRF:6
BRH:6
end_of_record
TN:
SF:src/lib/db/access-store.ts
FN:43,(anonymous_1)
FN:46,(anonymous_2)
FN:53,(anonymous_3)
FN:57,(anonymous_4)
FN:61,(anonymous_5)
FN:63,(anonymous_6)
FN:72,(anonymous_7)
FN:86,(anonymous_8)
FN:90,(anonymous_9)
FN:99,(anonymous_10)
FN:108,(anonymous_11)
FN:126,(anonymous_12)
FN:148,(anonymous_13)
FN:162,(anonymous_14)
FN:173,(anonymous_15)
FN:177,(anonymous_16)
FN:187,(anonymous_17)
FN:195,(anonymous_18)
FN:205,(anonymous_19)
FN:208,(anonymous_20)
FN:216,(anonymous_21)
FN:221,(anonymous_22)
FN:224,(anonymous_23)
FN:236,(anonymous_24)
FN:250,(anonymous_25)
FN:263,(anonymous_26)
FN:277,(anonymous_27)
FN:287,(anonymous_28)
FN:296,(anonymous_29)
FN:317,(anonymous_30)
FNF:30
FNH:22
FNDA:88,(anonymous_1)
FNDA:147,(anonymous_2)
FNDA:0,(anonymous_3)
FNDA:0,(anonymous_4)
FNDA:0,(anonymous_5)
FNDA:0,(anonymous_6)
FNDA:16,(anonymous_7)
FNDA:0,(anonymous_8)
FNDA:0,(anonymous_9)
FNDA:0,(anonymous_10)
FNDA:136,(anonymous_11)
FNDA:5011,(anonymous_12)
FNDA:11,(anonymous_13)
FNDA:396,(anonymous_14)
FNDA:4,(anonymous_15)
FNDA:8,(anonymous_16)
FNDA:164,(anonymous_17)
FNDA:107,(anonymous_18)
FNDA:45,(anonymous_19)
FNDA:21,(anonymous_20)
FNDA:14,(anonymous_21)
FNDA:21,(anonymous_22)
FNDA:119,(anonymous_23)
FNDA:3,(anonymous_24)
FNDA:2,(anonymous_25)
FNDA:53,(anonymous_26)
FNDA:2,(anonymous_27)
FNDA:2,(anonymous_28)
FNDA:1,(anonymous_29)
FNDA:0,(anonymous_30)
DA:3,69
DA:4,69
DA:12,69
DA:13,69
DA:18,69
DA:36,69
DA:44,88
DA:45,88
DA:46,88
DA:47,147
DA:54,0
DA:58,0
DA:64,0
DA:68,0
DA:69,0
DA:73,16
DA:79,16
DA:80,0
DA:83,16
DA:87,0
DA:91,0
DA:96,0
DA:100,0
DA:109,136
DA:110,136
DA:122,136
DA:123,136
DA:127,5011
DA:131,5011
DA:132,3497
DA:136,5011
DA:140,5011
DA:145,5011
DA:149,11
DA:150,11
DA:161,11
DA:162,11
DA:163,396
DA:177,4
DA:178,8
DA:184,4
DA:188,164
DA:199,107
DA:205,107
DA:209,21
DA:217,14
DA:221,21
DA:229,119
DA:241,3
DA:255,2
DA:267,53
DA:271,53
DA:282,2
DA:287,2
DA:293,2
DA:301,1
DA:306,1
DA:308,1
DA:318,0
LF:59
LH:48
BRDA:79,0,0,0
BRDA:131,1,0,3497
BRDA:137,2,0,2270
BRDA:137,2,1,2741
BRF:4
BRH:3
end_of_record
TN:
SF:src/lib/db/addon-store.ts
FN:27,(anonymous_1)
FN:30,(anonymous_2)
FN:37,(anonymous_3)
FN:39,(anonymous_4)
FN:46,(anonymous_5)
FN:52,(anonymous_6)
FN:62,(anonymous_7)
FN:75,(anonymous_8)
FN:86,(anonymous_9)
FN:94,(anonymous_10)
FN:98,(anonymous_11)
FN:110,(anonymous_12)
FN:123,(anonymous_13)
FNF:13
FNH:10
FNDA:88,(anonymous_1)
FNDA:51,(anonymous_2)
FNDA:0,(anonymous_3)
FNDA:39,(anonymous_4)
FNDA:5,(anonymous_5)
FNDA:5,(anonymous_6)
FNDA:7,(anonymous_7)
FNDA:1,(anonymous_8)
FNDA:5,(anonymous_9)
FNDA:0,(anonymous_10)
FNDA:0,(anonymous_11)
FNDA:12,(anonymous_12)
FNDA:8,(anonymous_13)
DA:6,69
DA:7,69
DA:8,69
DA:10,69
DA:18,69
DA:20,69
DA:28,88
DA:29,88
DA:30,88
DA:31,51
DA:40,39
DA:41,39
DA:42,39
DA:43,39
DA:47,5
DA:48,5
DA:53,5
DA:54,5
DA:55,2
DA:57,3
DA:63,7
DA:65,7
DA:69,7
DA:71,7
DA:72,7
DA:76,1
DA:80,1
DA:81,0
DA:83,1
DA:87,5
DA:89,5
DA:90,1
DA:95,0
DA:99,0
DA:100,0
DA:104,0
DA:105,0
DA:106,0
DA:111,12
DA:124,8
LF:40
LH:33
BRDA:39,0,0,3
BRDA:54,1,0,2
BRDA:54,1,1,3
BRDA:80,2,0,0
BRDA:89,3,0,1
BRF:5
BRH:4
end_of_record
TN:
SF:src/lib/db/api-token-store.ts
FN:36,(anonymous_1)
FN:61,(anonymous_2)
FN:70,(anonymous_3)
FN:82,(anonymous_4)
FN:85,(anonymous_5)
FN:92,(anonymous_6)
FN:95,(anonymous_7)
FN:98,(anonymous_8)
FN:105,(anonymous_9)
FN:114,(anonymous_10)
FN:133,(anonymous_11)
FN:134,(anonymous_12)
FN:141,(anonymous_13)
FN:144,(anonymous_14)
FN:160,(anonymous_15)
FN:162,(anonymous_16)
FN:171,(anonymous_17)
FN:176,(anonymous_18)
FN:180,(anonymous_19)
FN:184,(anonymous_20)
FN:195,(anonymous_21)
FNF:21
FNH:15
FNDA:34,(anonymous_1)
FNDA:44,(anonymous_2)
FNDA:82,(anonymous_3)
FNDA:88,(anonymous_4)
FNDA:80,(anonymous_5)
FNDA:0,(anonymous_6)
FNDA:0,(anonymous_7)
FNDA:21,(anonymous_8)
FNDA:59,(anonymous_9)
FNDA:82,(anonymous_10)
FNDA:44,(anonymous_11)
FNDA:44,(anonymous_12)
FNDA:40,(anonymous_13)
FNDA:14,(anonymous_14)
FNDA:0,(anonymous_15)
FNDA:0,(anonymous_16)
FNDA:0,(anonymous_17)
FNDA:11,(anonymous_18)
FNDA:23,(anonymous_19)
FNDA:2,(anonymous_20)
FNDA:0,(anonymous_21)
DA:3,69
DA:4,69
DA:6,69
DA:8,69
DA:14,69
DA:16,69
DA:17,69
DA:19,69
DA:36,69
DA:37,34
DA:38,34
DA:39,31
DA:50,34
DA:51,34
DA:52,8
DA:53,5
DA:55,8
DA:56,8
DA:58,34
DA:61,69
DA:70,69
DA:71,82
DA:72,82
DA:75,69
DA:83,88
DA:84,88
DA:85,88
DA:86,80
DA:93,0
DA:95,0
DA:99,21
DA:100,21
DA:101,21
DA:102,21
DA:106,59
DA:107,59
DA:110,59
DA:111,59
DA:115,82
DA:134,44
DA:135,44
DA:140,44
DA:142,40
DA:145,14
DA:150,44
DA:151,42
DA:157,42
DA:163,0
DA:167,0
DA:168,0
DA:172,0
DA:173,0
DA:177,11
DA:181,23
DA:185,2
DA:189,2
DA:190,2
DA:192,0
DA:196,0
DA:197,0
DA:198,0
DA:202,0
LF:62
LH:50
BRDA:38,0,0,31
BRDA:45,1,0,26
BRDA:45,1,1,5
BRDA:51,2,0,8
BRDA:52,3,0,5
BRDA:66,4,0,5
BRDA:66,4,1,39
BRDA:140,5,0,44
BRDA:140,5,1,6
BRDA:153,6,0,42
BRDA:153,6,1,6
BRDA:189,7,0,2
BRF:12
BRH:12
end_of_record
TN:
SF:src/lib/db/client-applications-store.ts
FN:24,(anonymous_1)
FN:38,(anonymous_2)
FN:51,(anonymous_3)
FN:67,(anonymous_4)
FN:72,(anonymous_5)
FN:77,(anonymous_6)
FN:82,(anonymous_7)
FN:91,(anonymous_8)
FN:100,(anonymous_9)
FN:114,(anonymous_10)
FN:127,(anonymous_11)
FN:134,(anonymous_12)
FN:141,(anonymous_13)
FN:152,(anonymous_14)
FN:161,(anonymous_15)
FN:165,(anonymous_16)
FN:169,(anonymous_17)
FN:171,(anonymous_18)
FNF:18
FNH:13
FNDA:47,(anonymous_1)
FNDA:52,(anonymous_2)
FNDA:520,(anonymous_3)
FNDA:88,(anonymous_4)
FNDA:19,(anonymous_5)
FNDA:5,(anonymous_6)
FNDA:1,(anonymous_7)
FNDA:0,(anonymous_8)
FNDA:11,(anonymous_9)
FNDA:0,(anonymous_10)
FNDA:2,(anonymous_11)
FNDA:0,(anonymous_12)
FNDA:10,(anonymous_13)
FNDA:6,(anonymous_14)
FNDA:2,(anonymous_15)
FNDA:0,(anonymous_16)
FNDA:0,(anonymous_17)
FNDA:1,(anonymous_18)
DA:3,69
DA:11,69
DA:22,69
DA:24,69
DA:38,69
DA:39,52
DA:51,52
DA:52,520
DA:54,211
DA:57,52
DA:60,69
DA:68,88
DA:69,88
DA:73,19
DA:74,19
DA:78,5
DA:79,5
DA:83,1
DA:87,1
DA:88,1
DA:92,0
DA:97,0
DA:101,11
DA:107,11
DA:108,0
DA:111,11
DA:115,0
DA:130,2
DA:131,2
DA:133,2
DA:134,0
DA:135,0
DA:138,2
DA:142,10
DA:145,10
DA:153,6
DA:158,6
DA:162,2
DA:166,0
DA:172,1
DA:178,1
DA:179,0
DA:182,1
LF:43
LH:35
BRDA:29,0,0,47
BRDA:29,0,1,0
BRDA:41,1,0,52
BRDA:41,1,1,52
BRDA:42,2,0,52
BRDA:42,2,1,52
BRDA:52,3,0,211
BRDA:107,4,0,0
BRDA:133,5,0,0
BRDA:178,6,0,0
BRF:10
BRH:6
end_of_record
TN:
SF:src/lib/db/client-instance-store.ts
FN:26,(anonymous_0)
FN:36,(anonymous_1)
FN:56,(anonymous_2)
FN:60,(anonymous_3)
FN:65,(anonymous_4)
FN:70,(anonymous_5)
FN:80,(anonymous_6)
FN:93,(anonymous_7)
FN:101,(anonymous_8)
FN:110,(anonymous_9)
FN:114,(anonymous_10)
FN:127,(anonymous_11)
FN:139,(anonymous_12)
FN:150,(anonymous_13)
FN:165,(anonymous_14)
FN:175,(anonymous_15)
FN:182,(anonymous_16)
FN:185,(anonymous_17)
FN:189,(anonymous_18)
FNF:19
FNH:13
FNDA:1,(anonymous_0)
FNDA:15,(anonymous_1)
FNDA:88,(anonymous_2)
FNDA:12,(anonymous_3)
FNDA:88,(anonymous_4)
FNDA:88,(anonymous_5)
FNDA:6,(anonymous_6)
FNDA:2,(anonymous_7)
FNDA:0,(anonymous_8)
FNDA:0,(anonymous_9)
FNDA:0,(anonymous_10)
FNDA:1,(anonymous_11)
FNDA:12,(anonymous_12)
FNDA:0,(anonymous_13)
FNDA:1,(anonymous_14)
FNDA:0,(anonymous_15)
FNDA:0,(anonymous_16)
FNDA:2,(anonymous_17)
FNDA:87,(anonymous_18)
DA:9,69
DA:12,69
DA:13,69
DA:15,69
DA:24,69
DA:26,69
DA:36,69
DA:45,69
DA:57,88
DA:58,88
DA:59,88
DA:60,88
DA:61,12
DA:65,88
DA:66,88
DA:67,88
DA:71,88
DA:75,88
DA:76,0
DA:86,6
DA:94,2
DA:95,2
DA:105,0
DA:111,0
DA:121,0
DA:124,0
DA:131,1
DA:135,1
DA:136,1
DA:140,12
DA:142,12
DA:147,12
DA:151,0
DA:153,0
DA:158,0
DA:160,0
DA:162,0
DA:166,1
DA:172,1
DA:176,0
DA:182,0
DA:186,2
DA:190,87
LF:43
LH:31
BRDA:39,0,0,15
BRDA:39,0,1,15
BRDA:41,1,0,15
BRDA:41,1,1,15
BRDA:42,2,0,15
BRDA:42,2,1,15
BRDA:75,3,0,0
BRF:7
BRH:6
end_of_record
TN:
SF:src/lib/db/client-metrics-store-v2.ts
FN:22,(anonymous_1)
FN:31,(anonymous_2)
FN:45,(anonymous_3)
FN:50,(anonymous_4)
FN:65,(anonymous_5)
FN:72,(anonymous_6)
FN:81,(anonymous_7)
FN:92,(anonymous_8)
FN:96,(anonymous_9)
FN:101,(anonymous_10)
FN:107,(anonymous_11)
FN:121,(anonymous_12)
FN:136,(anonymous_13)
FN:147,(anonymous_14)
FN:159,(anonymous_15)
FN:171,(anonymous_16)
FNF:16
FNH:15
FNDA:1552,(anonymous_1)
FNDA:1763,(anonymous_2)
FNDA:88,(anonymous_3)
FNDA:3,(anonymous_4)
FNDA:12,(anonymous_5)
FNDA:2,(anonymous_6)
FNDA:1,(anonymous_7)
FNDA:8,(anonymous_8)
FNDA:0,(anonymous_9)
FNDA:24,(anonymous_10)
FNDA:1763,(anonymous_11)
FNDA:3022,(anonymous_12)
FNDA:10,(anonymous_13)
FNDA:3,(anonymous_14)
FNDA:1,(anonymous_15)
FNDA:1,(anonymous_16)
DA:8,69
DA:9,69
DA:20,69
DA:22,1552
DA:31,1763
DA:40,69
DA:46,88
DA:47,88
DA:51,3
DA:59,3
DA:60,2
DA:62,1
DA:66,12
DA:69,12
DA:73,2
DA:74,2
DA:75,1
DA:77,1
DA:82,1
DA:93,8
DA:102,24
DA:103,4
DA:105,20
DA:107,20
DA:109,1763
DA:110,1763
DA:111,205
DA:112,205
DA:114,1558
DA:116,1763
DA:120,20
DA:122,3022
DA:128,20
DA:132,20
DA:133,20
DA:140,10
DA:144,10
DA:151,3
DA:163,1
DA:172,1
LF:40
LH:40
BRDA:59,0,0,2
BRDA:65,1,0,12
BRDA:102,2,0,4
BRDA:102,3,0,24
BRDA:102,3,1,23
BRDA:110,4,0,205
BRDA:110,4,1,1558
BRDA:122,5,0,3022
BRDA:122,5,1,23
BRDA:122,5,2,7
BRDA:138,6,0,5
BRDA:149,7,0,3
BRDA:161,8,0,1
BRF:13
BRH:13
end_of_record
TN:
SF:src/lib/db/context-field-store.ts
FN:19,(anonymous_0)
FN:42,(anonymous_1)
FN:47,(anonymous_2)
FN:59,(anonymous_3)
FN:68,(anonymous_4)
FN:76,(anonymous_5)
FN:80,(anonymous_6)
FN:82,(anonymous_7)
FN:91,(anonymous_8)
FN:98,(anonymous_9)
FN:107,(anonymous_10)
FNF:11
FNH:8
FNDA:333,(anonymous_0)
FNDA:88,(anonymous_1)
FNDA:294,(anonymous_2)
FNDA:2,(anonymous_3)
FNDA:34,(anonymous_4)
FNDA:0,(anonymous_5)
FNDA:0,(anonymous_6)
FNDA:0,(anonymous_7)
FNDA:292,(anonymous_8)
FNDA:2,(anonymous_9)
FNDA:1,(anonymous_10)
DA:9,69
DA:17,69
DA:19,333
DA:43,88
DA:44,88
DA:50,294
DA:60,2
DA:65,2
DA:69,34
DA:77,0
DA:83,0
DA:87,0
DA:88,0
DA:92,292
DA:95,292
DA:99,2
DA:104,2
DA:108,1
DA:111,69
LF:19
LH:15
BRDA:24,0,0,327
BRDA:24,0,1,294
BRDA:55,1,0,294
BRDA:55,1,1,291
BRF:4
BRH:4
end_of_record
TN:
SF:src/lib/db/db-pool.ts
FN:4,createDb
FN:20,(anonymous_1)
FN:21,(anonymous_2)
FN:22,(anonymous_3)
FNF:4
FNH:1
FNDA:182,createDb
FNDA:0,(anonymous_1)
FNDA:0,(anonymous_2)
FNDA:0,(anonymous_3)
DA:1,70
DA:4,70
DA:8,182
DA:9,182
DA:20,0
DA:21,0
DA:22,0
DA:28,70
LF:8
LH:5
BRF:0
BRH:0
end_of_record
TN:
SF:src/lib/db/environment-store.ts
FN:29,mapRow
FN:39,fieldToRow
FN:58,(anonymous_3)
FN:61,(anonymous_4)
FN:68,(anonymous_5)
FN:80,(anonymous_6)
FN:84,(anonymous_7)
FN:94,(anonymous_8)
FN:105,(anonymous_9)
FN:114,(anonymous_10)
FN:126,(anonymous_11)
FN:138,(anonymous_12)
FN:146,(anonymous_13)
FN:158,(anonymous_14)
FN:166,(anonymous_15)
FN:173,(anonymous_16)
FN:177,(anonymous_17)
FN:184,(anonymous_18)
FN:188,(anonymous_19)
FN:192,(anonymous_20)
FNF:20
FNH:16
FNDA:381,mapRow
FNDA:9,fieldToRow
FNDA:88,(anonymous_3)
FNDA:0,(anonymous_4)
FNDA:3,(anonymous_5)
FNDA:3,(anonymous_6)
FNDA:5,(anonymous_7)
FNDA:128,(anonymous_8)
FNDA:12,(anonymous_9)
FNDA:0,(anonymous_10)
FNDA:10,(anonymous_11)
FNDA:2,(anonymous_12)
FNDA:0,(anonymous_13)
FNDA:159,(anonymous_14)
FNDA:3,(anonymous_15)
FNDA:14,(anonymous_16)
FNDA:3,(anonymous_17)
FNDA:3,(anonymous_18)
FNDA:3,(anonymous_19)
FNDA:0,(anonymous_20)
DA:4,69
DA:5,69
DA:7,69
DA:9,69
DA:20,69
DA:30,381
DA:40,9
DA:49,69
DA:51,69
DA:59,88
DA:60,88
DA:61,88
DA:62,0
DA:71,3
DA:77,3
DA:81,3
DA:85,5
DA:88,5
DA:89,3
DA:91,2
DA:95,128
DA:98,128
DA:99,40
DA:101,128
DA:102,128
DA:106,12
DA:110,12
DA:111,12
DA:115,0
DA:118,0
DA:119,0
DA:123,0
DA:131,10
DA:139,2
DA:150,0
DA:155,0
DA:159,159
DA:163,159
DA:167,3
DA:173,14
DA:178,3
DA:184,3
DA:189,3
LF:43
LH:36
BRDA:88,0,0,3
BRDA:98,1,0,40
BRDA:118,2,0,0
BRF:3
BRH:2
end_of_record
TN:
SF:src/lib/db/event-store.ts
FN:41,(anonymous_0)
FN:47,(anonymous_1)
FN:53,(anonymous_2)
FN:59,(anonymous_3)
FN:65,(anonymous_4)
FN:66,(anonymous_5)
FN:73,(anonymous_6)
FN:77,(anonymous_7)
FN:81,(anonymous_8)
FN:83,(anonymous_9)
FN:92,(anonymous_10)
FN:97,(anonymous_11)
FN:101,(anonymous_12)
FN:118,(anonymous_13)
FN:141,(anonymous_14)
FN:154,(anonymous_15)
FN:167,(anonymous_16)
FN:182,(anonymous_17)
FNF:18
FNH:17
FNDA:90,(anonymous_0)
FNDA:664,(anonymous_1)
FNDA:640,(anonymous_2)
FNDA:19,(anonymous_3)
FNDA:19,(anonymous_4)
FNDA:47,(anonymous_5)
FNDA:1,(anonymous_6)
FNDA:1,(anonymous_7)
FNDA:0,(anonymous_8)
FNDA:1,(anonymous_9)
FNDA:1,(anonymous_10)
FNDA:11,(anonymous_11)
FNDA:18,(anonymous_12)
FNDA:1,(anonymous_13)
FNDA:1,(anonymous_14)
FNDA:3,(anonymous_15)
FNDA:904,(anonymous_16)
FNDA:711,(anonymous_17)
DA:1,70
DA:3,70
DA:8,70
DA:34,70
DA:42,90
DA:43,90
DA:44,90
DA:48,664
DA:49,664
DA:52,640
DA:53,640
DA:55,24
DA:60,19
DA:61,19
DA:64,19
DA:65,19
DA:66,47
DA:69,0
DA:74,1
DA:78,1
DA:84,1
DA:88,1
DA:89,1
DA:93,1
DA:94,1
DA:98,11
DA:102,18
DA:103,18
DA:108,18
DA:109,6
DA:111,18
DA:112,17
DA:114,1
DA:119,1
DA:120,1
DA:134,0
DA:136,1
DA:137,1
DA:142,1
DA:143,1
DA:148,1
DA:150,0
DA:155,3
DA:156,3
DA:161,3
DA:163,0
DA:168,904
DA:183,711
DA:197,70
LF:49
LH:45
BRDA:108,0,0,6
BRDA:175,1,0,904
BRDA:175,1,1,0
BRF:3
BRH:2
end_of_record
TN:
SF:src/lib/db/feature-environment-store.ts
FN:31,(anonymous_1)
FN:34,(anonymous_2)
FN:41,(anonymous_3)
FN:51,(anonymous_4)
FN:55,(anonymous_5)
FN:57,(anonymous_6)
FN:69,(anonymous_7)
FN:89,(anonymous_8)
FN:94,(anonymous_9)
FN:101,(anonymous_10)
FN:117,(anonymous_11)
FN:129,(anonymous_12)
FN:146,(anonymous_13)
FN:158,(anonymous_14)
FN:178,(anonymous_15)
FN:189,(anonymous_16)
FN:198,(anonymous_17)
FN:210,(anonymous_18)
FN:220,(anonymous_19)
FN:229,(anonymous_20)
FN:242,(anonymous_21)
FN:251,(anonymous_22)
FN:259,(anonymous_23)
FNF:23
FNH:16
FNDA:88,(anonymous_1)
FNDA:0,(anonymous_2)
FNDA:0,(anonymous_3)
FNDA:0,(anonymous_4)
FNDA:0,(anonymous_5)
FNDA:0,(anonymous_6)
FNDA:0,(anonymous_7)
FNDA:11,(anonymous_8)
FNDA:42,(anonymous_9)
FNDA:4,(anonymous_10)
FNDA:77,(anonymous_11)
FNDA:12,(anonymous_12)
FNDA:84,(anonymous_13)
FNDA:6,(anonymous_14)
FNDA:3,(anonymous_15)
FNDA:0,(anonymous_16)
FNDA:52,(anonymous_17)
FNDA:185,(anonymous_18)
FNDA:47,(anonymous_19)
FNDA:769,(anonymous_20)
FNDA:12,(anonymous_21)
FNDA:155,(anonymous_22)
FNDA:191,(anonymous_23)
DA:8,69
DA:9,69
DA:11,69
DA:13,69
DA:24,69
DA:32,88
DA:33,88
DA:34,88
DA:35,0
DA:45,0
DA:52,0
DA:61,0
DA:65,0
DA:66,0
DA:73,0
DA:77,0
DA:78,0
DA:84,0
DA:90,11
DA:91,11
DA:92,4
DA:94,42
DA:105,4
DA:109,4
DA:110,4
DA:111,3
DA:122,77
DA:133,12
DA:136,12
DA:140,12
DA:150,84
DA:154,84
DA:155,84
DA:162,6
DA:166,6
DA:167,5
DA:173,1
DA:182,3
DA:186,3
DA:193,0
DA:203,52
DA:214,185
DA:224,47
DA:229,769
DA:234,47
DA:235,36
DA:246,12
DA:255,155
DA:258,155
DA:260,191
LF:50
LH:39
BRDA:77,0,0,0
BRDA:91,1,0,4
BRDA:110,2,0,3
BRDA:120,3,0,0
BRDA:166,4,0,5
BRDA:234,5,0,36
BRF:6
BRH:4
end_of_record
TN:
SF:src/lib/db/feature-strategy-store.ts
FN:56,ensureStringValues
FN:57,(anonymous_2)
FN:65,mapRow
FN:79,mapInput
FN:99,mapStrategyUpdate
FN:120,(anonymous_6)
FN:123,(anonymous_7)
FN:130,(anonymous_8)
FN:134,(anonymous_9)
FN:138,(anonymous_10)
FN:140,(anonymous_11)
FN:149,(anonymous_12)
FN:161,(anonymous_13)
FN:171,(anonymous_14)
FN:180,(anonymous_15)
FN:190,(anonymous_16)
FN:207,(anonymous_17)
FN:239,(anonymous_18)
FN:259,(anonymous_19)
FN:294,(anonymous_20)
FN:298,(anonymous_21)
FN:300,(anonymous_22)
FN:305,(anonymous_23)
FN:315,(anonymous_24)
FN:324,(anonymous_25)
FN:352,(anonymous_26)
FN:371,(anonymous_27)
FN:374,(anonymous_28)
FN:375,(anonymous_29)
FN:386,(anonymous_30)
FN:394,(anonymous_31)
FN:406,(anonymous_32)
FN:423,(anonymous_33)
FN:432,(anonymous_34)
FN:441,(anonymous_35)
FN:458,(anonymous_36)
FN:459,(anonymous_37)
FNF:37
FNH:31
FNDA:592,ensureStringValues
FNDA:239,(anonymous_2)
FNDA:592,mapRow
FNDA:240,mapInput
FNDA:7,mapStrategyUpdate
FNDA:88,(anonymous_6)
FNDA:97,(anonymous_7)
FNDA:4,(anonymous_8)
FNDA:3,(anonymous_9)
FNDA:0,(anonymous_10)
FNDA:0,(anonymous_11)
FNDA:16,(anonymous_12)
FNDA:240,(anonymous_13)
FNDA:3,(anonymous_14)
FNDA:17,(anonymous_15)
FNDA:38,(anonymous_16)
FNDA:42,(anonymous_17)
FNDA:42,(anonymous_18)
FNDA:59,(anonymous_19)
FNDA:14,(anonymous_20)
FNDA:51,(anonymous_21)
FNDA:12,(anonymous_22)
FNDA:6,(anonymous_23)
FNDA:63,(anonymous_24)
FNDA:15,(anonymous_25)
FNDA:63,(anonymous_26)
FNDA:37,(anonymous_27)
FNDA:63,(anonymous_28)
FNDA:43,(anonymous_29)
FNDA:5,(anonymous_30)
FNDA:7,(anonymous_31)
FNDA:36,(anonymous_32)
FNDA:0,(anonymous_33)
FNDA:3,(anonymous_34)
FNDA:0,(anonymous_35)
FNDA:0,(anonymous_36)
FNDA:0,(anonymous_37)
DA:3,69
DA:4,69
DA:5,69
DA:7,69
DA:19,69
DA:37,69
DA:57,592
DA:62,592
DA:66,592
DA:80,240
DA:102,7
DA:103,7
DA:104,7
DA:106,7
DA:107,7
DA:109,7
DA:110,7
DA:121,88
DA:122,88
DA:123,88
DA:124,97
DA:131,4
DA:135,3
DA:141,0
DA:145,0
DA:146,0
DA:150,16
DA:154,16
DA:155,1
DA:158,15
DA:164,240
DA:165,240
DA:168,239
DA:175,3
DA:181,17
DA:182,17
DA:186,17
DA:187,17
DA:195,38
DA:196,38
DA:203,38
DA:204,38
DA:211,42
DA:212,42
DA:240,42
DA:257,42
DA:258,42
DA:259,38
DA:260,59
DA:261,38
DA:263,59
DA:264,59
DA:265,59
DA:266,59
DA:267,59
DA:268,59
DA:269,59
DA:270,59
DA:271,59
DA:272,59
DA:273,51
DA:277,59
DA:278,59
DA:279,59
DA:280,59
DA:281,59
DA:282,51
DA:284,59
DA:285,36
DA:289,59
DA:290,59
DA:292,38
DA:296,14
DA:298,38
DA:299,51
DA:300,12
DA:302,51
DA:304,38
DA:305,38
DA:306,38
DA:307,38
DA:309,4
DA:316,63
DA:328,15
DA:351,15
DA:352,14
DA:353,63
DA:354,26
DA:358,37
DA:369,63
DA:371,37
DA:374,63
DA:376,43
DA:377,4
DA:379,39
DA:383,1
DA:387,5
DA:388,5
DA:389,4
DA:391,1
DA:398,7
DA:399,7
DA:403,7
DA:410,36
DA:417,36
DA:418,0
DA:420,36
DA:427,0
DA:436,3
DA:444,0
DA:445,0
DA:454,0
DA:455,0
DA:459,0
DA:463,69
DA:464,69
LF:116
LH:106
BRDA:73,0,0,592
BRDA:73,0,1,0
BRDA:87,1,0,240
BRDA:87,1,1,30
BRDA:103,2,0,7
BRDA:106,3,0,7
BRDA:109,4,0,7
BRDA:109,4,1,3
BRDA:154,5,0,1
BRDA:209,6,0,16
BRDA:256,7,0,0
BRDA:256,7,1,42
BRDA:258,8,0,38
BRDA:260,9,0,38
BRDA:272,10,0,51
BRDA:281,11,0,51
BRDA:284,12,0,36
BRDA:304,13,0,38
BRDA:304,13,1,0
BRDA:326,14,0,0
BRDA:351,15,0,14
BRDA:353,16,0,26
BRDA:353,16,1,37
BRDA:376,17,0,4
BRDA:388,18,0,4
BRDA:408,19,0,36
BRDA:412,20,0,36
BRDA:412,20,1,0
BRDA:417,21,0,0
BRF:29
BRH:23
end_of_record
TN:
SF:src/lib/db/feature-tag-store.ts
FN:31,(anonymous_1)
FN:34,(anonymous_2)
FN:41,(anonymous_3)
FN:55,(anonymous_4)
FN:57,(anonymous_5)
FN:70,(anonymous_6)
FN:89,(anonymous_7)
FN:91,(anonymous_8)
FN:98,(anonymous_9)
FN:108,(anonymous_10)
FN:112,(anonymous_11)
FN:128,(anonymous_12)
FN:135,(anonymous_13)
FN:142,(anonymous_14)
FN:148,(anonymous_15)
FN:162,(anonymous_16)
FN:174,(anonymous_17)
FN:184,(anonymous_18)
FN:194,(anonymous_19)
FN:206,(anonymous_20)
FNF:20
FNH:17
FNDA:88,(anonymous_1)
FNDA:433,(anonymous_2)
FNDA:1,(anonymous_3)
FNDA:0,(anonymous_4)
FNDA:1,(anonymous_5)
FNDA:1,(anonymous_6)
FNDA:14,(anonymous_7)
FNDA:10,(anonymous_8)
FNDA:395,(anonymous_9)
FNDA:26,(anonymous_10)
FNDA:4,(anonymous_11)
FNDA:0,(anonymous_12)
FNDA:0,(anonymous_13)
FNDA:10,(anonymous_14)
FNDA:3,(anonymous_15)
FNDA:2,(anonymous_16)
FNDA:6,(anonymous_17)
FNDA:6,(anonymous_18)
FNDA:6,(anonymous_19)
FNDA:28,(anonymous_20)
DA:5,69
DA:6,69
DA:7,69
DA:8,69
DA:15,69
DA:16,69
DA:32,88
DA:33,88
DA:34,88
DA:35,433
DA:46,1
DA:62,1
DA:66,1
DA:67,1
DA:75,1
DA:82,1
DA:90,14
DA:91,14
DA:99,395
DA:100,395
DA:104,395
DA:105,395
DA:109,26
DA:110,26
DA:113,4
DA:114,4
DA:118,0
DA:121,22
DA:122,22
DA:129,0
DA:135,0
DA:143,10
DA:144,10
DA:145,10
DA:151,3
DA:156,3
DA:157,3
DA:159,0
DA:163,2
DA:164,2
DA:165,2
DA:169,0
DA:171,2
DA:175,6
DA:176,6
DA:181,0
DA:185,6
DA:199,6
DA:210,28
DA:218,69
DA:219,69
LF:51
LH:45
BRDA:113,0,0,4
BRDA:113,0,1,0
BRDA:156,1,0,3
BRDA:175,2,0,6
BRF:4
BRH:3
end_of_record
TN:
SF:src/lib/db/feature-toggle-client-store.ts
FN:38,(anonymous_1)
FN:47,(anonymous_2)
FN:54,(anonymous_3)
FN:147,(anonymous_4)
FN:187,(anonymous_5)
FN:196,(anonymous_6)
FN:197,(anonymous_7)
FN:198,(anonymous_8)
FN:204,(anonymous_9)
FN:210,(anonymous_10)
FN:214,(anonymous_11)
FN:219,(anonymous_12)
FN:223,(anonymous_13)
FN:229,(anonymous_14)
FNF:14
FNH:14
FNDA:88,(anonymous_1)
FNDA:30,(anonymous_2)
FNDA:30,(anonymous_3)
FNDA:79,(anonymous_4)
FNDA:57,(anonymous_5)
FNDA:18,(anonymous_6)
FNDA:38,(anonymous_7)
FNDA:20,(anonymous_8)
FNDA:79,(anonymous_9)
FNDA:3,(anonymous_10)
FNDA:6,(anonymous_11)
FNDA:6,(anonymous_12)
FNDA:18,(anonymous_13)
FNDA:12,(anonymous_14)
DA:2,69
DA:3,69
DA:11,69
DA:27,69
DA:44,88
DA:45,88
DA:46,88
DA:47,88
DA:48,30
DA:59,30
DA:60,30
DA:63,30
DA:65,30
DA:83,30
DA:84,30
DA:91,30
DA:110,30
DA:111,30
DA:120,30
DA:124,30
DA:125,16
DA:126,6
DA:130,6
DA:132,16
DA:133,3
DA:135,16
DA:136,8
DA:144,30
DA:145,30
DA:147,30
DA:148,79
DA:151,79
DA:152,57
DA:156,79
DA:157,6
DA:159,79
DA:160,79
DA:161,79
DA:162,79
DA:163,79
DA:164,79
DA:165,79
DA:166,79
DA:167,79
DA:168,79
DA:169,38
DA:170,38
DA:172,79
DA:173,79
DA:176,30
DA:178,30
DA:181,18
DA:184,30
DA:188,57
DA:197,18
DA:198,38
DA:199,20
DA:208,79
DA:210,3
DA:218,6
DA:219,6
DA:226,18
DA:233,12
DA:237,69
LF:64
LH:64
BRDA:56,0,0,0
BRDA:57,1,0,0
BRDA:59,2,0,30
BRDA:59,2,1,25
BRDA:62,3,0,0
BRDA:63,4,0,30
BRDA:63,4,1,0
BRDA:83,5,0,30
BRDA:110,6,0,30
BRDA:124,7,0,16
BRDA:125,8,0,6
BRDA:132,9,0,3
BRDA:135,10,0,8
BRDA:148,11,0,79
BRDA:148,11,1,76
BRDA:151,12,0,57
BRDA:156,13,0,6
BRDA:156,14,0,79
BRDA:156,14,1,79
BRDA:168,15,0,38
BRDA:178,16,0,18
BRDA:191,17,0,57
BRDA:191,17,1,0
BRDA:209,18,0,79
BRDA:209,18,1,60
BRDA:231,19,0,0
BRF:26
BRH:20
end_of_record
TN:
SF:src/lib/db/feature-toggle-store.ts
FN:43,(anonymous_1)
FN:46,(anonymous_2)
FN:53,(anonymous_3)
FN:64,(anonymous_4)
FN:67,(anonymous_5)
FN:71,(anonymous_6)
FN:73,(anonymous_7)
FN:81,(anonymous_8)
FN:95,(anonymous_9)
FN:108,(anonymous_10)
FN:113,(anonymous_11)
FN:114,(anonymous_12)
FN:120,(anonymous_13)
FN:129,(anonymous_14)
FN:138,(anonymous_15)
FN:156,(anonymous_16)
FN:161,(anonymous_17)
FN:175,(anonymous_18)
FN:180,(anonymous_19)
FN:185,(anonymous_20)
FN:202,(anonymous_21)
FN:218,(anonymous_22)
FN:229,(anonymous_23)
FN:237,(anonymous_24)
FN:243,(anonymous_25)
FN:251,(anonymous_26)
FN:258,(anonymous_27)
FNF:27
FNH:20
FNDA:88,(anonymous_1)
FNDA:0,(anonymous_2)
FNDA:0,(anonymous_3)
FNDA:0,(anonymous_4)
FNDA:9,(anonymous_5)
FNDA:0,(anonymous_6)
FNDA:271,(anonymous_7)
FNDA:48,(anonymous_8)
FNDA:0,(anonymous_9)
FNDA:130,(anonymous_10)
FNDA:129,(anonymous_11)
FNDA:1,(anonymous_12)
FNDA:0,(anonymous_13)
FNDA:0,(anonymous_14)
FNDA:4,(anonymous_15)
FNDA:822,(anonymous_16)
FNDA:69,(anonymous_17)
FNDA:81,(anonymous_18)
FNDA:32,(anonymous_19)
FNDA:263,(anonymous_20)
FNDA:245,(anonymous_21)
FNDA:18,(anonymous_22)
FNDA:12,(anonymous_23)
FNDA:3,(anonymous_24)
FNDA:3,(anonymous_25)
FNDA:81,(anonymous_26)
FNDA:108,(anonymous_27)
DA:3,69
DA:4,69
DA:5,69
DA:10,69
DA:34,69
DA:36,69
DA:44,88
DA:45,88
DA:46,88
DA:47,0
DA:60,0
DA:64,0
DA:68,9
DA:74,271
DA:88,48
DA:92,48
DA:96,0
DA:100,0
DA:109,130
DA:113,129
DA:115,1
DA:116,1
DA:121,0
DA:125,0
DA:126,0
DA:130,0
DA:135,0
DA:139,4
DA:140,4
DA:141,4
DA:152,0
DA:157,822
DA:158,166
DA:160,656
DA:161,656
DA:162,656
DA:176,81
DA:177,3
DA:179,78
DA:180,78
DA:182,78
DA:186,263
DA:196,263
DA:197,248
DA:199,263
DA:206,245
DA:207,245
DA:211,245
DA:213,0
DA:215,0
DA:222,18
DA:226,18
DA:230,12
DA:234,12
DA:238,3
DA:244,3
DA:248,3
DA:252,81
DA:255,81
DA:263,108
DA:267,108
DA:271,69
LF:62
LH:49
BRDA:58,0,0,0
BRDA:86,1,0,11
BRDA:113,2,0,125
BRDA:113,2,1,4
BRDA:157,3,0,166
BRDA:160,4,0,656
BRDA:160,4,1,0
BRDA:176,5,0,3
BRDA:179,6,0,78
BRDA:179,6,1,0
BRDA:191,7,0,263
BRDA:191,7,1,255
BRDA:196,8,0,248
BRF:13
BRH:10
end_of_record
TN:
SF:src/lib/db/feature-type-store.ts
FN:23,(anonymous_0)
FN:28,(anonymous_1)
FN:33,(anonymous_2)
FN:42,(anonymous_3)
FN:47,(anonymous_4)
FN:52,(anonymous_5)
FN:56,(anonymous_6)
FN:60,(anonymous_7)
FN:62,(anonymous_8)
FNF:9
FNH:6
FNDA:88,(anonymous_0)
FNDA:9,(anonymous_1)
FNDA:45,(anonymous_2)
FNDA:0,(anonymous_3)
FNDA:1,(anonymous_4)
FNDA:1,(anonymous_5)
FNDA:0,(anonymous_6)
FNDA:0,(anonymous_7)
FNDA:1,(anonymous_8)
DA:8,69
DA:9,69
DA:24,88
DA:25,88
DA:29,9
DA:30,9
DA:34,45
DA:43,0
DA:44,0
DA:48,1
DA:49,1
DA:53,1
DA:57,0
DA:63,1
DA:67,1
DA:68,1
DA:71,69
DA:72,69
LF:18
LH:15
BRF:0
BRH:0
end_of_record
TN:
SF:src/lib/db/index.ts
FN:33,(anonymous_1)
FNF:1
FNH:1
FNDA:88,(anonymous_1)
DA:5,69
DA:6,69
DA:7,69
DA:8,69
DA:9,69
DA:10,69
DA:11,69
DA:12,69
DA:13,69
DA:14,69
DA:15,69
DA:16,69
DA:17,69
DA:18,69
DA:19,69
DA:20,69
DA:21,69
DA:22,69
DA:23,69
DA:24,69
DA:25,69
DA:26,69
DA:27,69
DA:28,69
DA:29,69
DA:30,69
DA:31,69
DA:33,69
DA:37,88
DA:38,88
DA:40,88
DA:88,69
LF:32
LH:32
BRF:0
BRH:0
end_of_record
TN:
SF:src/lib/db/project-store.ts
FN:39,(anonymous_1)
FN:42,(anonymous_2)
FN:50,(anonymous_3)
FN:58,(anonymous_4)
FN:60,(anonymous_5)
FN:69,(anonymous_6)
FN:98,(anonymous_7)
FN:100,(anonymous_8)
FN:106,(anonymous_9)
FN:118,(anonymous_10)
FN:128,(anonymous_11)
FN:136,(anonymous_12)
FN:145,(anonymous_13)
FN:151,(anonymous_14)
FN:159,(anonymous_15)
FN:169,(anonymous_16)
FN:182,(anonymous_17)
FN:183,(anonymous_18)
FN:193,(anonymous_19)
FN:197,(anonymous_20)
FN:205,(anonymous_21)
FN:214,(anonymous_22)
FN:226,(anonymous_23)
FN:236,(anonymous_24)
FN:244,(anonymous_25)
FN:261,(anonymous_26)
FN:265,(anonymous_27)
FN:269,(anonymous_28)
FN:277,(anonymous_29)
FNF:29
FNH:26
FNDA:88,(anonymous_1)
FNDA:6,(anonymous_2)
FNDA:170,(anonymous_3)
FNDA:0,(anonymous_4)
FNDA:1,(anonymous_5)
FNDA:3,(anonymous_6)
FNDA:2,(anonymous_7)
FNDA:4,(anonymous_8)
FNDA:4,(anonymous_9)
FNDA:18,(anonymous_10)
FNDA:30,(anonymous_11)
FNDA:199,(anonymous_12)
FNDA:17,(anonymous_13)
FNDA:153,(anonymous_14)
FNDA:2,(anonymous_15)
FNDA:5,(anonymous_16)
FNDA:5,(anonymous_17)
FNDA:15,(anonymous_18)
FNDA:3,(anonymous_19)
FNDA:3,(anonymous_20)
FNDA:3,(anonymous_21)
FNDA:26,(anonymous_22)
FNDA:6,(anonymous_23)
FNDA:98,(anonymous_24)
FNDA:10,(anonymous_25)
FNDA:0,(anonymous_26)
FNDA:0,(anonymous_27)
FNDA:5,(anonymous_28)
FNDA:250,(anonymous_29)
DA:4,69
DA:12,69
DA:13,69
DA:14,69
DA:17,69
DA:25,69
DA:40,88
DA:41,88
DA:42,88
DA:43,6
DA:51,170
DA:61,1
DA:65,1
DA:66,1
DA:72,3
DA:73,3
DA:82,3
DA:83,1
DA:85,3
DA:88,3
DA:91,3
DA:92,3
DA:93,3
DA:96,3
DA:97,3
DA:98,2
DA:100,3
DA:101,4
DA:107,4
DA:119,18
DA:125,18
DA:129,30
DA:137,199
DA:141,199
DA:142,199
DA:146,17
DA:152,153
DA:155,153
DA:160,2
DA:161,2
DA:165,0
DA:170,5
DA:175,5
DA:176,5
DA:177,5
DA:179,0
DA:183,15
DA:187,5
DA:194,3
DA:198,3
DA:199,3
DA:201,0
DA:208,3
DA:211,3
DA:218,26
DA:230,6
DA:237,98
DA:245,10
DA:250,10
DA:254,10
DA:255,10
DA:256,10
DA:258,0
DA:262,0
DA:265,0
DA:270,5
DA:278,250
DA:279,7
DA:282,243
DA:293,69
LF:70
LH:64
BRDA:82,0,0,1
BRDA:113,1,0,4
BRDA:113,1,1,4
BRDA:118,2,0,18
BRDA:175,3,0,5
BRDA:255,4,0,10
BRDA:278,5,0,7
BRDA:287,6,0,243
BRDA:287,6,1,0
BRDA:288,7,0,243
BRDA:288,7,1,0
BRF:11
BRH:9
end_of_record
TN:
SF:src/lib/db/reset-token-store.ts
FN:26,(anonymous_1)
FN:42,(anonymous_2)
FN:45,(anonymous_3)
FN:52,(anonymous_4)
FN:63,(anonymous_5)
FN:71,(anonymous_6)
FN:84,(anonymous_7)
FN:95,(anonymous_8)
FN:99,(anonymous_9)
FN:103,(anonymous_10)
FN:107,(anonymous_11)
FN:113,(anonymous_12)
FN:117,(anonymous_13)
FN:119,(anonymous_14)
FN:128,(anonymous_15)
FN:133,(anonymous_16)
FNF:16
FNH:8
FNDA:27,(anonymous_1)
FNDA:88,(anonymous_2)
FNDA:0,(anonymous_3)
FNDA:19,(anonymous_4)
FNDA:3,(anonymous_5)
FNDA:32,(anonymous_6)
FNDA:4,(anonymous_7)
FNDA:0,(anonymous_8)
FNDA:1,(anonymous_9)
FNDA:0,(anonymous_10)
FNDA:32,(anonymous_11)
FNDA:0,(anonymous_12)
FNDA:0,(anonymous_13)
FNDA:0,(anonymous_14)
FNDA:0,(anonymous_15)
FNDA:0,(anonymous_16)
DA:3,69
DA:4,69
DA:6,69
DA:15,69
DA:26,69
DA:35,69
DA:43,88
DA:44,88
DA:45,88
DA:46,0
DA:53,19
DA:57,19
DA:58,3
DA:60,16
DA:64,3
DA:68,3
DA:72,32
DA:75,32
DA:85,4
DA:86,4
DA:89,4
DA:91,0
DA:96,0
DA:100,1
DA:104,0
DA:108,32
DA:114,0
DA:120,0
DA:124,0
DA:125,0
DA:129,0
DA:130,0
DA:134,0
DA:135,0
LF:34
LH:22
BRDA:57,0,0,3
BRF:1
BRH:1
end_of_record
TN:
SF:src/lib/db/role-store.ts
FN:34,(anonymous_1)
FN:40,(anonymous_2)
FN:49,(anonymous_3)
FN:60,(anonymous_4)
FN:64,(anonymous_5)
FN:72,(anonymous_6)
FN:86,(anonymous_7)
FN:95,(anonymous_8)
FN:104,(anonymous_9)
FN:108,(anonymous_10)
FN:121,(anonymous_11)
FN:127,(anonymous_12)
FN:135,(anonymous_13)
FN:143,(anonymous_14)
FN:151,(anonymous_15)
FN:158,(anonymous_16)
FN:166,(anonymous_17)
FN:174,(anonymous_18)
FN:180,(anonymous_19)
FN:184,(anonymous_20)
FNF:20
FNH:11
FNDA:88,(anonymous_1)
FNDA:0,(anonymous_2)
FNDA:6,(anonymous_3)
FNDA:0,(anonymous_4)
FNDA:0,(anonymous_5)
FNDA:0,(anonymous_6)
FNDA:0,(anonymous_7)
FNDA:4,(anonymous_8)
FNDA:0,(anonymous_9)
FNDA:6,(anonymous_10)
FNDA:0,(anonymous_11)
FNDA:0,(anonymous_12)
FNDA:28,(anonymous_13)
FNDA:6,(anonymous_14)
FNDA:85,(anonymous_15)
FNDA:2,(anonymous_16)
FNDA:3,(anonymous_17)
FNDA:14,(anonymous_18)
FNDA:61,(anonymous_19)
FNDA:0,(anonymous_20)
DA:4,69
DA:13,69
DA:18,69
DA:27,69
DA:35,88
DA:36,88
DA:37,88
DA:41,0
DA:46,0
DA:50,6
DA:57,6
DA:61,0
DA:65,0
DA:66,0
DA:67,0
DA:69,0
DA:73,0
DA:83,0
DA:87,0
DA:91,0
DA:92,0
DA:96,4
DA:97,4
DA:98,0
DA:100,4
DA:101,4
DA:105,0
DA:109,6
DA:110,0
DA:113,6
DA:122,0
DA:128,0
DA:136,28
DA:144,6
DA:152,85
DA:159,2
DA:167,3
DA:174,14
DA:181,61
LF:39
LH:22
BRDA:66,0,0,0
BRDA:97,1,0,0
BRDA:109,2,0,0
BRF:3
BRH:0
end_of_record
TN:
SF:src/lib/db/segment-store.ts
FN:47,(anonymous_1)
FN:53,(anonymous_2)
FN:70,(anonymous_3)
FN:83,(anonymous_4)
FN:87,(anonymous_5)
FN:96,(anonymous_6)
FN:110,(anonymous_7)
FN:127,(anonymous_8)
FN:131,(anonymous_9)
FN:140,(anonymous_10)
FN:149,(anonymous_11)
FN:156,(anonymous_12)
FN:162,(anonymous_13)
FN:167,(anonymous_14)
FN:173,(anonymous_15)
FN:182,(anonymous_16)
FN:183,(anonymous_17)
FN:186,(anonymous_18)
FN:201,(anonymous_19)
FNF:19
FNH:12
FNDA:88,(anonymous_1)
FNDA:14,(anonymous_2)
FNDA:0,(anonymous_3)
FNDA:0,(anonymous_4)
FNDA:11,(anonymous_5)
FNDA:2,(anonymous_6)
FNDA:15,(anonymous_7)
FNDA:8,(anonymous_8)
FNDA:0,(anonymous_9)
FNDA:0,(anonymous_10)
FNDA:15,(anonymous_11)
FNDA:0,(anonymous_12)
FNDA:7,(anonymous_13)
FNDA:0,(anonymous_14)
FNDA:12,(anonymous_15)
FNDA:40,(anonymous_16)
FNDA:240,(anonymous_17)
FNDA:51,(anonymous_18)
FNDA:0,(anonymous_19)
DA:6,69
DA:10,69
DA:16,69
DA:40,69
DA:48,88
DA:49,88
DA:50,88
DA:57,14
DA:67,14
DA:71,0
DA:80,0
DA:84,0
DA:88,11
DA:93,11
DA:97,2
DA:107,2
DA:111,15
DA:124,15
DA:128,8
DA:132,0
DA:137,0
DA:141,0
DA:146,0
DA:150,15
DA:157,0
DA:163,7
DA:167,7
DA:174,12
DA:179,12
DA:183,240
DA:187,51
DA:188,0
DA:191,51
LF:33
LH:24
BRDA:63,0,0,14
BRDA:63,0,1,12
BRDA:187,1,0,0
BRF:3
BRH:2
end_of_record
TN:
SF:src/lib/db/session-store.ts
FN:24,(anonymous_1)
FN:30,(anonymous_2)
FN:38,(anonymous_3)
FN:51,(anonymous_4)
FN:61,(anonymous_5)
FN:67,(anonymous_6)
FN:71,(anonymous_7)
FN:85,(anonymous_8)
FN:89,(anonymous_9)
FN:91,(anonymous_10)
FN:100,(anonymous_11)
FN:105,(anonymous_12)
FNF:12
FNH:9
FNDA:89,(anonymous_1)
FNDA:3,(anonymous_2)
FNDA:4,(anonymous_3)
FNDA:1,(anonymous_4)
FNDA:7,(anonymous_5)
FNDA:1,(anonymous_6)
FNDA:9,(anonymous_7)
FNDA:4,(anonymous_8)
FNDA:0,(anonymous_9)
FNDA:0,(anonymous_10)
FNDA:0,(anonymous_11)
FNDA:17,(anonymous_12)
DA:4,69
DA:6,69
DA:8,69
DA:17,69
DA:25,89
DA:26,89
DA:27,89
DA:31,3
DA:35,3
DA:39,4
DA:43,4
DA:44,2
DA:46,2
DA:52,1
DA:55,1
DA:56,0
DA:58,1
DA:62,7
DA:68,1
DA:72,9
DA:79,9
DA:80,9
DA:82,0
DA:86,4
DA:92,0
DA:96,0
DA:97,0
DA:101,0
DA:102,0
DA:106,17
DA:115,69
LF:31
LH:24
BRDA:43,0,0,2
BRDA:43,1,0,4
BRDA:43,1,1,4
BRDA:55,2,0,0
BRDA:76,3,0,9
BRDA:76,3,1,9
BRDA:79,4,0,9
BRF:7
BRH:6
end_of_record
TN:
SF:src/lib/db/setting-store.ts
FN:12,(anonymous_0)
FN:18,(anonymous_1)
FN:27,(anonymous_2)
FN:31,(anonymous_3)
FN:40,(anonymous_4)
FN:50,(anonymous_5)
FN:59,(anonymous_6)
FN:63,(anonymous_7)
FN:67,(anonymous_8)
FN:69,(anonymous_9)
FN:71,(anonymous_10)
FNF:11
FNH:10
FNDA:88,(anonymous_0)
FNDA:5,(anonymous_1)
FNDA:7,(anonymous_2)
FNDA:13,(anonymous_3)
FNDA:87,(anonymous_4)
FNDA:12,(anonymous_5)
FNDA:2,(anonymous_6)
FNDA:1,(anonymous_7)
FNDA:0,(anonymous_8)
FNDA:2,(anonymous_9)
FNDA:5,(anonymous_10)
DA:5,69
DA:7,69
DA:13,88
DA:14,88
DA:19,5
DA:28,7
DA:32,13
DA:36,13
DA:37,13
DA:41,87
DA:43,87
DA:44,62
DA:46,25
DA:51,12
DA:52,12
DA:53,5
DA:55,7
DA:60,2
DA:64,1
DA:70,2
DA:71,5
DA:75,69
LF:22
LH:22
BRDA:43,0,0,62
BRDA:52,1,0,5
BRDA:52,1,1,7
BRF:3
BRH:3
end_of_record
TN:
SF:src/lib/db/strategy-store.ts
FN:35,(anonymous_1)
FN:40,(anonymous_2)
FN:50,(anonymous_3)
FN:61,(anonymous_4)
FN:69,(anonymous_5)
FN:73,(anonymous_6)
FN:77,(anonymous_7)
FN:79,(anonymous_8)
FN:88,(anonymous_9)
FN:93,(anonymous_10)
FN:107,(anonymous_11)
FN:120,(anonymous_12)
FN:129,(anonymous_13)
FN:134,(anonymous_14)
FN:140,(anonymous_15)
FN:144,(anonymous_16)
FN:148,(anonymous_17)
FN:153,(anonymous_18)
FN:158,(anonymous_19)
FNF:19
FNH:15
FNDA:88,(anonymous_1)
FNDA:12,(anonymous_2)
FNDA:7,(anonymous_3)
FNDA:0,(anonymous_4)
FNDA:1,(anonymous_5)
FNDA:0,(anonymous_6)
FNDA:0,(anonymous_7)
FNDA:2,(anonymous_8)
FNDA:17,(anonymous_9)
FNDA:55,(anonymous_10)
FNDA:26,(anonymous_11)
FNDA:220,(anonymous_12)
FNDA:196,(anonymous_13)
FNDA:2,(anonymous_14)
FNDA:2,(anonymous_15)
FNDA:1,(anonymous_16)
FNDA:0,(anonymous_17)
FNDA:22,(anonymous_18)
FNDA:3,(anonymous_19)
DA:4,69
DA:12,69
DA:20,69
DA:30,69
DA:36,88
DA:37,88
DA:41,12
DA:47,12
DA:51,7
DA:58,7
DA:62,0
DA:70,1
DA:74,0
DA:80,2
DA:84,2
DA:85,2
DA:89,17
DA:90,17
DA:94,55
DA:95,7
DA:97,48
DA:108,26
DA:109,0
DA:111,26
DA:121,220
DA:130,196
DA:135,2
DA:141,2
DA:145,1
DA:149,0
DA:154,22
DA:155,22
DA:159,3
DA:165,69
LF:34
LH:30
BRDA:94,0,0,7
BRDA:108,1,0,0
BRF:2
BRH:1
end_of_record
TN:
SF:src/lib/db/tag-store.ts
FN:25,(anonymous_1)
FN:28,(anonymous_2)
FN:35,(anonymous_3)
FN:42,(anonymous_4)
FN:49,(anonymous_5)
FN:64,(anonymous_6)
FN:75,(anonymous_7)
FN:81,(anonymous_8)
FN:87,(anonymous_9)
FN:93,(anonymous_10)
FN:101,(anonymous_11)
FN:103,(anonymous_12)
FN:118,(anonymous_13)
FNF:13
FNH:10
FNDA:88,(anonymous_1)
FNDA:57,(anonymous_2)
FNDA:0,(anonymous_3)
FNDA:14,(anonymous_4)
FNDA:20,(anonymous_5)
FNDA:3,(anonymous_6)
FNDA:15,(anonymous_7)
FNDA:2,(anonymous_8)
FNDA:3,(anonymous_9)
FNDA:2,(anonymous_10)
FNDA:0,(anonymous_11)
FNDA:0,(anonymous_12)
FNDA:8,(anonymous_13)
DA:3,69
DA:4,69
DA:6,69
DA:10,69
DA:11,69
DA:18,69
DA:26,88
DA:27,88
DA:28,88
DA:29,57
DA:36,0
DA:37,0
DA:38,0
DA:39,0
DA:43,14
DA:44,14
DA:45,14
DA:46,14
DA:50,20
DA:51,20
DA:55,20
DA:56,20
DA:57,13
DA:61,7
DA:65,3
DA:66,3
DA:70,3
DA:71,3
DA:72,3
DA:76,15
DA:77,15
DA:78,15
DA:82,2
DA:83,2
DA:84,2
DA:88,3
DA:89,3
DA:90,3
DA:94,2
DA:104,0
DA:105,0
DA:109,0
DA:110,0
DA:111,0
DA:115,0
DA:119,8
DA:125,69
LF:47
LH:37
BRDA:56,0,0,13
BRDA:110,1,0,0
BRF:2
BRH:1
end_of_record
TN:
SF:src/lib/db/tag-type-store.ts
FN:25,(anonymous_1)
FN:28,(anonymous_2)
FN:35,(anonymous_3)
FN:42,(anonymous_4)
FN:48,(anonymous_5)
FN:58,(anonymous_6)
FN:69,(anonymous_7)
FN:75,(anonymous_8)
FN:81,(anonymous_9)
FN:87,(anonymous_10)
FN:99,(anonymous_11)
FN:105,(anonymous_12)
FN:107,(anonymous_13)
FNF:13
FNH:12
FNDA:88,(anonymous_1)
FNDA:135,(anonymous_2)
FNDA:14,(anonymous_3)
FNDA:7,(anonymous_4)
FNDA:7,(anonymous_5)
FNDA:9,(anonymous_6)
FNDA:100,(anonymous_7)
FNDA:1,(anonymous_8)
FNDA:3,(anonymous_9)
FNDA:3,(anonymous_10)
FNDA:1,(anonymous_11)
FNDA:0,(anonymous_12)
FNDA:19,(anonymous_13)
DA:4,69
DA:5,69
DA:6,69
DA:9,69
DA:10,69
DA:18,69
DA:26,88
DA:27,88
DA:28,88
DA:29,135
DA:36,14
DA:37,14
DA:38,14
DA:39,14
DA:43,7
DA:44,7
DA:49,7
DA:50,7
DA:51,2
DA:53,5
DA:59,9
DA:60,9
DA:64,9
DA:65,9
DA:66,9
DA:70,100
DA:71,100
DA:72,100
DA:76,1
DA:77,1
DA:78,1
DA:82,3
DA:83,3
DA:84,3
DA:88,3
DA:93,3
DA:94,3
DA:96,0
DA:100,1
DA:101,1
DA:102,1
DA:108,19
DA:116,69
LF:43
LH:42
BRDA:50,0,0,2
BRDA:50,0,1,5
BRDA:93,1,0,3
BRF:3
BRH:3
end_of_record
TN:
SF:src/lib/db/user-feedback-store.ts
FN:20,(anonymous_0)
FN:27,(anonymous_1)
FN:39,(anonymous_2)
FN:44,(anonymous_3)
FN:53,(anonymous_4)
FN:66,(anonymous_5)
FN:77,(anonymous_6)
FN:83,(anonymous_7)
FN:87,(anonymous_8)
FN:89,(anonymous_9)
FN:98,(anonymous_10)
FN:105,(anonymous_11)
FNF:12
FNH:9
FNDA:6,(anonymous_0)
FNDA:10,(anonymous_1)
FNDA:88,(anonymous_2)
FNDA:4,(anonymous_3)
FNDA:1,(anonymous_4)
FNDA:6,(anonymous_5)
FNDA:0,(anonymous_6)
FNDA:5,(anonymous_7)
FNDA:0,(anonymous_8)
FNDA:2,(anonymous_9)
FNDA:0,(anonymous_10)
FNDA:1,(anonymous_11)
DA:10,69
DA:11,69
DA:20,69
DA:27,69
DA:34,69
DA:40,88
DA:41,88
DA:45,4
DA:50,4
DA:57,1
DA:63,1
DA:67,6
DA:74,6
DA:78,0
DA:84,5
DA:90,2
DA:94,2
DA:95,2
DA:102,0
DA:106,1
DA:110,1
DA:114,69
LF:22
LH:20
BRF:0
BRH:0
end_of_record
TN:
SF:src/lib/db/user-splash-store.ts
FN:19,(anonymous_0)
FN:25,(anonymous_1)
FN:36,(anonymous_2)
FN:41,(anonymous_3)
FN:50,(anonymous_4)
FN:60,(anonymous_5)
FN:71,(anonymous_6)
FN:77,(anonymous_7)
FN:81,(anonymous_8)
FN:83,(anonymous_9)
FN:92,(anonymous_10)
FN:96,(anonymous_11)
FNF:12
FNH:9
FNDA:5,(anonymous_0)
FNDA:9,(anonymous_1)
FNDA:88,(anonymous_2)
FNDA:4,(anonymous_3)
FNDA:1,(anonymous_4)
FNDA:5,(anonymous_5)
FNDA:0,(anonymous_6)
FNDA:5,(anonymous_7)
FNDA:0,(anonymous_8)
FNDA:2,(anonymous_9)
FNDA:0,(anonymous_10)
FNDA:1,(anonymous_11)
DA:10,69
DA:11,69
DA:19,69
DA:25,69
DA:31,69
DA:37,88
DA:38,88
DA:42,4
DA:47,4
DA:51,1
DA:57,1
DA:61,5
DA:68,5
DA:72,0
DA:78,5
DA:84,2
DA:88,2
DA:89,2
DA:93,0
DA:97,1
DA:101,1
DA:105,69
LF:22
LH:20
BRF:0
BRH:0
end_of_record
TN:
SF:src/lib/db/user-store.ts
FN:31,(anonymous_1)
FN:38,(anonymous_2)
FN:40,(anonymous_3)
FN:47,(anonymous_4)
FN:68,(anonymous_5)
FN:73,(anonymous_6)
FN:78,(anonymous_7)
FN:85,(anonymous_8)
FN:94,(anonymous_9)
FN:108,(anonymous_10)
FN:114,(anonymous_11)
FN:119,(anonymous_12)
FN:129,(anonymous_13)
FN:137,(anonymous_14)
FN:142,(anonymous_15)
FN:146,(anonymous_16)
FN:158,(anonymous_17)
FN:164,(anonymous_18)
FN:168,(anonymous_19)
FN:175,(anonymous_20)
FN:179,(anonymous_21)
FN:183,(anonymous_22)
FN:186,(anonymous_23)
FN:188,(anonymous_24)
FN:197,(anonymous_25)
FNF:25
FNH:23
FNDA:1640,(anonymous_1)
FNDA:190,(anonymous_2)
FNDA:107,(anonymous_3)
FNDA:421,(anonymous_4)
FNDA:88,(anonymous_5)
FNDA:9,(anonymous_6)
FNDA:98,(anonymous_7)
FNDA:13,(anonymous_8)
FNDA:124,(anonymous_9)
FNDA:63,(anonymous_10)
FNDA:35,(anonymous_11)
FNDA:1,(anonymous_12)
FNDA:53,(anonymous_13)
FNDA:34,(anonymous_14)
FNDA:3,(anonymous_15)
FNDA:7,(anonymous_16)
FNDA:14,(anonymous_17)
FNDA:5,(anonymous_18)
FNDA:22,(anonymous_19)
FNDA:32,(anonymous_20)
FNDA:2,(anonymous_21)
FNDA:2,(anonymous_22)
FNDA:0,(anonymous_23)
FNDA:0,(anonymous_24)
FNDA:49,(anonymous_25)
DA:5,69
DA:7,69
DA:16,69
DA:18,69
DA:29,69
DA:31,69
DA:32,1640
DA:33,895
DA:35,745
DA:38,190
DA:40,107
DA:47,69
DA:48,421
DA:49,11
DA:51,410
DA:69,88
DA:70,88
DA:74,9
DA:75,9
DA:79,98
DA:82,97
DA:86,13
DA:88,12
DA:89,5
DA:91,7
DA:95,124
DA:96,124
DA:97,27
DA:99,97
DA:100,83
DA:102,14
DA:103,13
DA:105,1
DA:109,63
DA:110,62
DA:111,62
DA:115,35
DA:116,35
DA:120,1
DA:126,1
DA:130,53
DA:134,53
DA:138,34
DA:139,34
DA:143,3
DA:147,7
DA:151,7
DA:152,1
DA:155,6
DA:159,14
DA:165,5
DA:169,22
DA:176,32
DA:180,2
DA:183,2
DA:189,0
DA:193,0
DA:194,0
DA:198,49
DA:199,49
DA:203,69
DA:204,69
LF:62
LH:59
BRDA:32,0,0,895
BRDA:38,1,0,178
BRDA:38,1,1,12
BRDA:48,2,0,11
BRDA:88,3,0,5
BRDA:96,4,0,27
BRDA:99,5,0,83
BRDA:102,6,0,13
BRDA:111,7,0,6
BRDA:111,7,1,56
BRDA:151,8,0,1
BRF:11
BRH:11
end_of_record
TN:
SF:src/lib/error/bad-data-error.ts
FN:2,(anonymous_0)
FN:10,(anonymous_1)
FNF:2
FNH:2
FNDA:21,(anonymous_0)
FNDA:10,(anonymous_1)
DA:3,21
DA:4,21
DA:6,21
DA:7,21
DA:11,10
DA:23,96
LF:6
LH:6
BRF:0
BRH:0
end_of_record
TN:
SF:src/lib/error/base-error.ts
FN:4,(anonymous_0)
FN:13,(anonymous_1)
FNF:2
FNH:2
FNDA:3,(anonymous_0)
FNDA:1,(anonymous_1)
DA:5,3
DA:7,3
DA:8,3
DA:9,3
DA:10,3
DA:14,1
DA:26,78
LF:7
LH:7
BRF:0
BRH:0
end_of_record
TN:
SF:src/lib/error/db-error.ts
FNF:0
FNH:0
DA:1,86
DA:2,86
DA:4,86
LF:3
LH:3
BRF:0
BRH:0
end_of_record
TN:
SF:src/lib/error/disabled-error.ts
FN:4,(anonymous_1)
FNF:1
FNH:1
FNDA:1,(anonymous_1)
DA:1,63
DA:5,1
DA:6,1
DA:10,63
LF:4
LH:4
BRF:0
BRH:0
end_of_record
TN:
SF:src/lib/error/feature-has-tag-error.ts
FN:2,(anonymous_0)
FN:10,(anonymous_1)
FNF:2
FNH:2
FNDA:4,(anonymous_0)
FNDA:3,(anonymous_1)
DA:3,4
DA:4,4
DA:6,4
DA:7,4
DA:11,3
DA:22,69
DA:23,69
LF:7
LH:7
BRF:0
BRH:0
end_of_record
TN:
SF:src/lib/error/incompatible-project-error.ts
FN:2,(anonymous_0)
FN:10,(anonymous_1)
FNF:2
FNH:1
FNDA:3,(anonymous_0)
FNDA:0,(anonymous_1)
DA:1,64
DA:3,3
DA:4,3
DA:6,3
DA:7,3
DA:11,0
DA:21,0
LF:7
LH:5
BRF:0
BRH:0
end_of_record
TN:
SF:src/lib/error/invalid-operation-error.ts
FN:2,(anonymous_0)
FN:10,(anonymous_1)
FNF:2
FNH:2
FNDA:12,(anonymous_0)
FNDA:6,(anonymous_1)
DA:3,12
DA:4,12
DA:6,12
DA:7,12
DA:11,6
DA:22,86
DA:23,86
LF:7
LH:7
BRF:0
BRH:0
end_of_record
TN:
SF:src/lib/error/invalid-token-error.ts
FN:2,(anonymous_0)
FN:9,(anonymous_1)
FNF:2
FNH:2
FNDA:3,(anonymous_0)
FNDA:2,(anonymous_1)
DA:3,3
DA:4,3
DA:5,3
DA:6,3
DA:10,2
DA:19,2
DA:23,63
DA:24,63
LF:8
LH:8
BRF:0
BRH:0
end_of_record
TN:
SF:src/lib/error/minimum-one-environment-error.ts
FN:2,(anonymous_0)
FN:10,(anonymous_1)
FNF:2
FNH:2
FNDA:1,(anonymous_0)
FNDA:1,(anonymous_1)
DA:3,1
DA:4,1
DA:6,1
DA:7,1
DA:11,1
DA:22,62
DA:23,62
LF:7
LH:7
BRF:0
BRH:0
end_of_record
TN:
SF:src/lib/error/name-exists-error.ts
FN:2,(anonymous_0)
FN:10,(anonymous_1)
FNF:2
FNH:2
FNDA:21,(anonymous_0)
FNDA:15,(anonymous_1)
DA:3,21
DA:4,21
DA:6,21
DA:7,21
DA:11,15
DA:22,87
DA:23,87
LF:7
LH:7
BRF:0
BRH:0
end_of_record
TN:
SF:src/lib/error/no-access-error.ts
FN:8,(anonymous_0)
FN:17,(anonymous_1)
FNF:2
FNH:2
FNDA:6,(anonymous_0)
FNDA:3,(anonymous_1)
DA:9,6
DA:10,6
DA:12,6
DA:13,6
DA:14,6
DA:18,3
DA:25,66
DA:26,66
LF:8
LH:8
BRF:0
BRH:0
end_of_record
TN:
SF:src/lib/error/notfound-error.ts
FN:2,(anonymous_0)
FNF:1
FNH:1
FNDA:250,(anonymous_0)
DA:3,250
DA:4,250
DA:6,250
DA:7,250
DA:10,93
DA:11,93
LF:6
LH:6
BRF:0
BRH:0
end_of_record
TN:
SF:src/lib/error/operation-denied-error.ts
FN:2,(anonymous_0)
FN:10,(anonymous_1)
FNF:2
FNH:2
FNDA:1,(anonymous_0)
FNDA:1,(anonymous_1)
DA:1,65
DA:3,1
DA:4,1
DA:6,1
DA:7,1
DA:11,1
LF:6
LH:6
BRF:0
BRH:0
end_of_record
TN:
SF:src/lib/error/owasp-validation-error.ts
FN:6,(anonymous_0)
FN:13,(anonymous_1)
FNF:2
FNH:2
FNDA:10,(anonymous_0)
FNDA:2,(anonymous_1)
DA:7,10
DA:8,10
DA:9,10
DA:10,10
DA:14,2
DA:24,2
DA:28,63
DA:29,63
LF:8
LH:8
BRF:0
BRH:0
end_of_record
TN:
SF:src/lib/error/password-mismatch.ts
FN:4,(anonymous_1)
FNF:1
FNH:1
FNDA:2,(anonymous_1)
DA:1,64
DA:5,2
DA:6,2
DA:10,64
LF:4
LH:4
BRDA:4,0,0,2
BRF:1
BRH:1
end_of_record
TN:
SF:src/lib/error/password-undefined.ts
FN:2,(anonymous_0)
FN:10,(anonymous_1)
FNF:2
FNH:2
FNDA:1,(anonymous_0)
FNDA:1,(anonymous_1)
DA:1,63
DA:3,1
DA:4,1
DA:6,1
DA:7,1
DA:11,1
DA:21,1
LF:7
LH:7
BRF:0
BRH:0
end_of_record
TN:
SF:src/lib/error/project-without-owner-error.ts
FN:2,(anonymous_0)
FN:10,(anonymous_1)
FNF:2
FNH:1
FNDA:2,(anonymous_0)
FNDA:0,(anonymous_1)
DA:1,64
DA:3,2
DA:4,2
DA:6,2
DA:7,2
DA:11,0
DA:21,0
LF:7
LH:5
BRF:0
BRH:0
end_of_record
TN:
SF:src/lib/error/role-in-use-error.ts
FN:2,(anonymous_0)
FN:10,(anonymous_1)
FNF:2
FNH:1
FNDA:1,(anonymous_0)
FNDA:0,(anonymous_1)
DA:3,1
DA:4,1
DA:6,1
DA:7,1
DA:11,0
DA:23,86
LF:6
LH:5
BRF:0
BRH:0
end_of_record
TN:
SF:src/lib/error/used-token-error.ts
FN:2,(anonymous_0)
FN:9,(anonymous_1)
FNF:2
FNH:2
FNDA:2,(anonymous_0)
FNDA:1,(anonymous_1)
DA:3,2
DA:4,2
DA:5,2
DA:6,2
DA:10,1
DA:19,1
DA:23,63
DA:24,63
LF:8
LH:8
BRF:0
BRH:0
end_of_record
TN:
SF:src/lib/middleware/api-token-middleware.ts
FN:5,(anonymous_0)
FN:9,(anonymous_1)
FN:20,(anonymous_2)
FN:23,(anonymous_3)
FNF:4
FNH:4
FNDA:11,(anonymous_0)
FNDA:27,(anonymous_1)
FNDA:1,(anonymous_2)
FNDA:51,(anonymous_3)
DA:2,62
DA:5,62
DA:6,11
DA:9,62
DA:16,27
DA:17,27
DA:19,27
DA:20,1
DA:23,26
DA:24,51
DA:25,0
DA:28,51
DA:29,51
DA:30,51
DA:31,49
DA:32,11
DA:33,1
DA:35,10
DA:38,2
DA:41,50
DA:45,62
DA:46,62
LF:22
LH:21
BRDA:6,0,0,11
BRDA:6,0,1,11
BRDA:19,1,0,1
BRDA:24,2,0,0
BRDA:31,3,0,11
BRDA:32,4,0,1
BRDA:32,5,0,11
BRDA:32,5,1,11
BRF:8
BRH:7
end_of_record
TN:
SF:src/lib/middleware/content_type_checker.ts
FN:13,requireContentType
FN:19,(anonymous_1)
FNF:2
FNH:2
FNDA:7797,requireContentType
FNDA:461,(anonymous_1)
DA:2,63
DA:4,63
DA:13,63
DA:16,7797
DA:17,7794
DA:19,7797
DA:20,461
DA:21,461
DA:22,455
DA:24,6
LF:10
LH:10
BRDA:16,0,0,7794
BRDA:21,1,0,455
BRDA:21,1,1,6
BRF:3
BRH:3
end_of_record
TN:
SF:src/lib/middleware/demo-authentication.ts
FN:8,demoAuthentication
FN:14,(anonymous_2)
FN:31,(anonymous_3)
FN:40,(anonymous_4)
FN:55,(anonymous_5)
FNF:5
FNH:5
FNDA:10,demoAuthentication
FNDA:7,(anonymous_2)
FNDA:11,(anonymous_3)
FNDA:9,(anonymous_4)
FNDA:20,(anonymous_5)
DA:2,61
DA:5,61
DA:6,61
DA:14,10
DA:15,7
DA:16,7
DA:17,7
DA:22,7
DA:23,7
DA:25,0
DA:31,10
DA:33,11
DA:35,8
DA:37,11
DA:40,10
DA:42,9
DA:44,0
DA:52,9
DA:55,10
DA:57,20
DA:58,17
DA:60,3
DA:74,61
LF:23
LH:21
BRDA:10,0,0,0
BRDA:33,1,0,8
BRDA:33,2,0,11
BRDA:33,2,1,8
BRDA:42,3,0,0
BRDA:42,4,0,9
BRDA:42,4,1,0
BRDA:57,5,0,17
BRF:8
BRH:5
end_of_record
TN:
SF:src/lib/middleware/no-authentication.ts
FN:5,noneAuthentication
FN:6,(anonymous_2)
FNF:2
FNH:2
FNDA:132,noneAuthentication
FNDA:648,(anonymous_2)
DA:2,62
DA:6,132
DA:8,648
DA:10,628
DA:12,648
DA:15,62
LF:6
LH:6
BRDA:5,0,0,0
BRDA:8,1,0,628
BRF:2
BRH:1
end_of_record
TN:
SF:src/lib/middleware/oss-authentication.ts
FN:5,ossAuthHook
FN:6,(anonymous_2)
FN:15,(anonymous_3)
FNF:3
FNH:3
FNDA:2,ossAuthHook
FNDA:1,(anonymous_2)
FNDA:2,(anonymous_3)
DA:3,61
DA:6,2
DA:7,1
DA:13,2
DA:16,2
DA:17,0
DA:18,0
DA:20,2
DA:21,1
DA:23,1
DA:25,0
DA:28,1
DA:29,1
DA:33,61
LF:14
LH:11
BRDA:16,0,0,0
BRDA:16,1,0,2
BRDA:16,1,1,2
BRDA:20,2,0,1
BRDA:23,3,0,0
BRF:5
BRH:3
end_of_record
TN:
SF:src/lib/middleware/rbac-middleware.ts
FN:21,(anonymous_0)
FN:29,(anonymous_1)
FN:30,(anonymous_2)
FNF:3
FNH:3
FNDA:163,(anonymous_0)
FNDA:753,(anonymous_1)
FNDA:492,(anonymous_2)
DA:2,62
DA:21,62
DA:26,163
DA:27,163
DA:29,163
DA:30,753
DA:31,492
DA:33,492
DA:34,1
DA:35,1
DA:38,491
DA:39,475
DA:42,16
DA:43,1
DA:44,1
DA:48,15
DA:52,15
DA:53,4
DA:54,4
DA:55,11
DA:56,3
DA:59,15
DA:66,753
DA:70,62
LF:24
LH:24
BRDA:33,0,0,1
BRDA:38,1,0,475
BRDA:42,2,0,1
BRDA:52,3,0,4
BRDA:52,3,1,11
BRDA:55,4,0,3
BRDA:56,5,0,3
BRDA:56,5,1,3
BRDA:56,5,2,2
BRF:9
BRH:9
end_of_record
TN:
SF:src/lib/middleware/request-logger.ts
FN:5,(anonymous_1)
FN:8,(anonymous_2)
FN:10,(anonymous_3)
FNF:3
FNH:2
FNDA:151,(anonymous_1)
FNDA:755,(anonymous_2)
FNDA:0,(anonymous_3)
DA:1,61
DA:5,61
DA:6,151
DA:7,151
DA:8,151
DA:9,755
DA:10,0
DA:11,0
DA:12,0
DA:15,755
DA:19,61
LF:11
LH:8
BRDA:9,0,0,0
BRF:1
BRH:0
end_of_record
TN:
SF:src/lib/middleware/response-time-metrics.ts
FN:8,responseTimeMetrics
FN:9,(anonymous_7)
FNF:2
FNH:2
FNDA:151,responseTimeMetrics
FNDA:755,(anonymous_7)
DA:1,61
DA:3,61
DA:6,61
DA:8,61
DA:9,151
DA:10,755
DA:12,755
DA:14,755
DA:20,755
LF:9
LH:9
BRDA:12,0,0,746
BRDA:12,0,1,9
BRF:2
BRH:2
end_of_record
TN:
SF:src/lib/middleware/secure-headers.ts
FN:6,(anonymous_1)
FN:43,(anonymous_2)
FNF:2
FNH:2
FNDA:151,(anonymous_1)
FNDA:755,(anonymous_2)
DA:1,61
DA:4,61
DA:6,61
DA:7,151
DA:8,0
DA:43,151
DA:44,755
DA:48,61
LF:8
LH:7
BRDA:7,0,0,0
BRF:1
BRH:0
end_of_record
TN:
SF:src/lib/middleware/session-db.ts
FN:8,sessionDb
FNF:1
FNH:1
FNDA:64,sessionDb
DA:2,46
DA:3,46
DA:6,46
DA:13,64
DA:15,64
DA:16,64
DA:17,64
DA:18,0
DA:25,64
DA:27,64
DA:45,46
LF:11
LH:10
BRDA:15,0,0,64
BRDA:15,0,1,0
BRDA:17,1,0,0
BRDA:17,1,1,64
BRDA:37,2,0,62
BRDA:37,2,1,2
BRF:6
BRH:4
end_of_record
TN:
SF:src/lib/openapi/index.ts
FN:21,(anonymous_0)
FNF:1
FNH:1
FNDA:148,(anonymous_0)
DA:2,60
DA:3,60
DA:4,60
DA:5,60
DA:6,60
DA:7,60
DA:8,60
DA:9,60
DA:10,60
DA:11,60
DA:12,60
DA:13,60
DA:14,60
DA:15,60
DA:16,60
DA:17,60
DA:18,60
DA:19,60
DA:21,60
DA:24,148
LF:20
LH:20
BRDA:26,0,0,148
BRDA:26,0,1,0
BRF:2
BRH:1
end_of_record
TN:
SF:src/lib/openapi/types.ts
FN:38,(anonymous_0)
FNF:1
FNH:1
FNDA:1080,(anonymous_0)
DA:38,60
DA:43,1080
DA:44,1080
LF:3
LH:3
BRF:0
BRH:0
end_of_record
TN:
SF:src/lib/openapi/mappers/environment-info.mapper.ts
FN:6,(anonymous_0)
FN:16,(anonymous_1)
FN:23,(anonymous_2)
FNF:3
FNH:2
FNDA:142,(anonymous_0)
FNDA:0,(anonymous_1)
FNDA:5,(anonymous_2)
DA:4,59
DA:6,59
DA:14,142
DA:17,0
DA:24,5
LF:5
LH:4
BRF:0
BRH:0
end_of_record
TN:
SF:src/lib/openapi/mappers/feature-strategy.mapper.ts
FN:15,(anonymous_0)
FN:23,(anonymous_1)
FNF:2
FNH:1
FNDA:0,(anonymous_0)
FNDA:4,(anonymous_1)
DA:7,59
DA:16,0
DA:24,4
LF:3
LH:2
BRDA:18,0,0,0
BRDA:18,0,1,0
BRDA:19,1,0,0
BRDA:19,1,1,0
BRF:4
BRH:0
end_of_record
TN:
SF:src/lib/openapi/mappers/index.ts
FNF:0
FNH:0
DA:1,59
DA:2,59
DA:3,59
LF:3
LH:3
BRF:0
BRH:0
end_of_record
TN:
SF:src/lib/openapi/mappers/strategy.mapper.ts
FN:15,(anonymous_0)
FN:19,(anonymous_1)
FN:23,(anonymous_2)
FNF:3
FNH:3
FNDA:5,(anonymous_0)
FNDA:46,(anonymous_1)
FNDA:42,(anonymous_2)
DA:7,59
DA:16,5
DA:20,46
DA:26,42
LF:4
LH:4
BRDA:28,0,0,42
BRDA:28,0,1,0
BRDA:29,1,0,42
BRDA:29,1,1,10
BRDA:30,2,0,42
BRDA:30,2,1,34
BRF:6
BRH:5
end_of_record
TN:
SF:src/lib/openapi/spec/clone-feature-request.ts
FNF:0
FNH:0
DA:3,59
LF:1
LH:1
BRF:0
BRH:0
end_of_record
TN:
SF:src/lib/openapi/spec/clone-feature-schema.ts
FNF:0
FNH:0
DA:1,60
DA:3,60
DA:19,60
LF:3
LH:3
BRF:0
BRH:0
end_of_record
TN:
SF:src/lib/openapi/spec/constraint-schema.ts
FNF:0
FNH:0
DA:1,60
DA:2,60
DA:4,60
DA:37,60
LF:4
LH:4
BRF:0
BRH:0
end_of_record
TN:
SF:src/lib/openapi/spec/create-feature-request.ts
FNF:0
FNH:0
DA:3,59
LF:1
LH:1
BRF:0
BRH:0
end_of_record
TN:
SF:src/lib/openapi/spec/create-feature-schema.ts
FNF:0
FNH:0
DA:1,60
DA:3,60
DA:25,60
LF:3
LH:3
BRF:0
BRH:0
end_of_record
TN:
SF:src/lib/openapi/spec/create-strategy-request.ts
FNF:0
FNH:0
DA:3,59
LF:1
LH:1
BRF:0
BRH:0
end_of_record
TN:
SF:src/lib/openapi/spec/create-strategy-schema.ts
FNF:0
FNH:0
DA:1,60
DA:2,60
DA:3,60
DA:5,60
DA:31,60
LF:5
LH:5
BRF:0
BRH:0
end_of_record
TN:
SF:src/lib/openapi/spec/create-tag-request.ts
FNF:0
FNH:0
DA:3,59
LF:1
LH:1
BRF:0
BRH:0
end_of_record
TN:
SF:src/lib/openapi/spec/empty-response-schema.ts
FNF:0
FNH:0
DA:1,60
DA:3,60
DA:11,60
LF:3
LH:3
BRF:0
BRH:0
end_of_record
TN:
SF:src/lib/openapi/spec/empty-response.ts
FNF:0
FNH:0
DA:3,59
LF:1
LH:1
BRF:0
BRH:0
end_of_record
TN:
SF:src/lib/openapi/spec/feature-environment-info-response.ts
FNF:0
FNH:0
DA:3,59
LF:1
LH:1
BRF:0
BRH:0
end_of_record
TN:
SF:src/lib/openapi/spec/feature-environment-info-schema.ts
FNF:0
FNH:0
DA:1,60
DA:2,60
DA:4,60
DA:35,60
LF:4
LH:4
BRF:0
BRH:0
end_of_record
TN:
SF:src/lib/openapi/spec/feature-response.ts
FNF:0
FNH:0
DA:3,59
LF:1
LH:1
BRF:0
BRH:0
end_of_record
TN:
SF:src/lib/openapi/spec/feature-schema.ts
FNF:0
FNH:0
DA:1,60
DA:2,60
DA:3,60
DA:4,60
DA:6,60
DA:71,60
LF:6
LH:6
BRF:0
BRH:0
end_of_record
TN:
SF:src/lib/openapi/spec/feature-strategy-schema.ts
FNF:0
FNH:0
DA:1,60
DA:2,60
DA:3,60
DA:5,60
DA:58,60
LF:5
LH:5
BRF:0
BRH:0
end_of_record
TN:
SF:src/lib/openapi/spec/features-response.ts
FNF:0
FNH:0
DA:3,59
LF:1
LH:1
BRF:0
BRH:0
end_of_record
TN:
SF:src/lib/openapi/spec/features-schema.ts
FNF:0
FNH:0
DA:1,60
DA:2,60
DA:4,60
DA:24,60
LF:4
LH:4
BRF:0
BRH:0
end_of_record
TN:
SF:src/lib/openapi/spec/override-schema.ts
FNF:0
FNH:0
DA:1,60
DA:3,60
DA:23,60
LF:3
LH:3
BRF:0
BRH:0
end_of_record
TN:
SF:src/lib/openapi/spec/parameters-schema.ts
FNF:0
FNH:0
DA:1,60
DA:3,60
DA:14,60
LF:3
LH:3
BRF:0
BRH:0
end_of_record
TN:
SF:src/lib/openapi/spec/patch-operation-schema.ts
FNF:0
FNH:0
DA:1,60
DA:3,60
DA:24,60
LF:3
LH:3
BRF:0
BRH:0
end_of_record
TN:
SF:src/lib/openapi/spec/patch-request.ts
FNF:0
FNH:0
DA:3,59
LF:1
LH:1
BRF:0
BRH:0
end_of_record
TN:
SF:src/lib/openapi/spec/strategies-response.ts
FNF:0
FNH:0
DA:3,59
LF:1
LH:1
BRF:0
BRH:0
end_of_record
TN:
SF:src/lib/openapi/spec/strategy-response.ts
FNF:0
FNH:0
DA:3,59
LF:1
LH:1
BRF:0
BRH:0
end_of_record
TN:
SF:src/lib/openapi/spec/strategy-schema.ts
FNF:0
FNH:0
DA:1,60
DA:2,60
DA:3,60
DA:5,60
DA:33,60
LF:5
LH:5
BRF:0
BRH:0
end_of_record
TN:
SF:src/lib/openapi/spec/tag-response.ts
FNF:0
FNH:0
DA:3,59
LF:1
LH:1
BRF:0
BRH:0
end_of_record
TN:
SF:src/lib/openapi/spec/tag-schema.ts
FNF:0
FNH:0
DA:1,60
DA:3,60
DA:20,60
LF:3
LH:3
BRF:0
BRH:0
end_of_record
TN:
SF:src/lib/openapi/spec/tags-response-schema.ts
FNF:0
FNH:0
DA:1,60
DA:2,60
DA:4,60
DA:26,60
LF:4
LH:4
BRF:0
BRH:0
end_of_record
TN:
SF:src/lib/openapi/spec/tags-response.ts
FNF:0
FNH:0
DA:3,59
LF:1
LH:1
BRF:0
BRH:0
end_of_record
TN:
SF:src/lib/openapi/spec/update-feature-request.ts
FNF:0
FNH:0
DA:3,59
LF:1
LH:1
BRF:0
BRH:0
end_of_record
TN:
SF:src/lib/openapi/spec/update-strategy-request.ts
FNF:0
FNH:0
DA:3,59
LF:1
LH:1
BRF:0
BRH:0
end_of_record
TN:
SF:src/lib/openapi/spec/update-strategy-schema.ts
FNF:0
FNH:0
DA:1,60
DA:2,60
DA:4,60
DA:11,60
LF:4
LH:4
BRF:0
BRH:0
end_of_record
TN:
SF:src/lib/openapi/spec/updateFeatureSchema.ts
FNF:0
FNH:0
DA:1,60
DA:2,60
DA:4,60
DA:42,60
LF:4
LH:4
BRF:0
BRH:0
end_of_record
TN:
SF:src/lib/openapi/spec/variant-schema.ts
FNF:0
FNH:0
DA:1,60
DA:2,60
DA:4,60
DA:45,60
LF:4
LH:4
BRF:0
BRH:0
end_of_record
TN:
SF:src/lib/routes/api-def.ts
FNF:0
FNH:0
DA:1,59
DA:2,59
DA:3,59
DA:5,59
LF:4
LH:4
BRF:0
BRH:0
end_of_record
TN:
SF:src/lib/routes/backstage.ts
FN:8,(anonymous_1)
FN:14,(anonymous_2)
FNF:2
FNH:2
FNDA:142,(anonymous_1)
FNDA:1,(anonymous_2)
DA:1,59
DA:2,59
DA:9,142
DA:11,142
DA:13,142
DA:14,142
DA:15,1
DA:16,1
DA:22,59
LF:9
LH:9
BRDA:13,0,0,142
BRF:1
BRH:1
end_of_record
TN:
SF:src/lib/routes/controller.ts
FN:31,(anonymous_1)
FN:31,(anonymous_2)
FN:56,(anonymous_3)
FN:64,(anonymous_4)
FN:65,(anonymous_5)
FN:74,(anonymous_6)
FN:82,(anonymous_7)
FN:91,(anonymous_8)
FN:101,(anonymous_9)
FN:116,(anonymous_10)
FN:131,(anonymous_11)
FN:146,(anonymous_12)
FN:156,(anonymous_13)
FN:170,(anonymous_14)
FN:174,(anonymous_15)
FNF:15
FNH:15
FNDA:18729,(anonymous_1)
FNDA:739,(anonymous_2)
FNDA:5548,(anonymous_3)
FNDA:18729,(anonymous_4)
FNDA:735,(anonymous_5)
FNDA:18587,(anonymous_6)
FNDA:18587,(anonymous_7)
FNDA:7106,(anonymous_8)
FNDA:5097,(anonymous_9)
FNDA:1417,(anonymous_10)
FNDA:142,(anonymous_11)
FNDA:1559,(anonymous_12)
FNDA:142,(anonymous_13)
FNDA:2130,(anonymous_14)
FNDA:5546,(anonymous_15)
DA:1,62
DA:4,62
DA:5,62
DA:6,62
DA:7,62
DA:31,18729
DA:32,739
DA:33,258
DA:35,481
DA:36,478
DA:38,3
DA:49,62
DA:57,5548
DA:60,5548
DA:61,5548
DA:65,18729
DA:66,735
DA:67,735
DA:69,111
DA:75,18587
DA:77,18587
DA:83,18587
DA:92,7106
DA:107,5097
DA:122,1417
DA:137,142
DA:147,1559
DA:162,142
DA:171,2130
DA:175,5546
DA:179,62
LF:31
LH:31
BRDA:32,0,0,258
BRDA:32,1,0,739
BRDA:32,1,1,594
BRDA:35,2,0,478
BRDA:35,3,0,481
BRDA:35,3,1,481
BRDA:75,4,0,15321
BRDA:75,5,0,11931
BRDA:78,6,0,10795
BRDA:78,6,1,7792
BRF:10
BRH:10
end_of_record
TN:
SF:src/lib/routes/health-check.ts
FN:14,(anonymous_0)
FN:21,(anonymous_1)
FN:24,(anonymous_2)
FNF:3
FNH:3
FNDA:142,(anonymous_0)
FNDA:4,(anonymous_1)
FNDA:4,(anonymous_2)
DA:7,59
DA:18,142
DA:19,142
DA:20,142
DA:21,142
DA:25,4
DA:26,4
DA:27,3
DA:29,1
DA:30,1
DA:34,59
DA:35,59
LF:12
LH:12
BRF:0
BRH:0
end_of_record
TN:
SF:src/lib/routes/index.ts
FN:16,(anonymous_1)
FN:34,(anonymous_2)
FNF:2
FNH:2
FNDA:142,(anonymous_1)
FNDA:1,(anonymous_2)
DA:2,59
DA:3,59
DA:4,59
DA:7,59
DA:9,59
DA:10,59
DA:11,59
DA:12,59
DA:13,59
DA:17,142
DA:18,142
DA:19,142
DA:20,142
DA:21,142
DA:25,142
DA:29,142
DA:30,142
DA:31,142
DA:35,1
DA:39,59
DA:41,59
LF:21
LH:21
BRF:0
BRH:0
end_of_record
TN:
SF:src/lib/routes/logout.ts
FN:9,(anonymous_1)
FN:15,(anonymous_2)
FNF:2
FNH:2
FNDA:147,(anonymous_1)
FNDA:5,(anonymous_2)
DA:3,60
DA:10,147
DA:11,147
DA:12,147
DA:16,5
DA:18,2
DA:19,1
DA:20,1
DA:23,1
DA:26,4
DA:27,0
DA:30,4
DA:31,4
DA:35,60
DA:36,60
LF:15
LH:14
BRDA:16,0,0,2
BRDA:18,1,0,1
BRDA:26,2,0,0
BRF:3
BRH:2
end_of_record
TN:
SF:src/lib/routes/util.ts
FN:6,(anonymous_1)
FN:12,(anonymous_2)
FN:28,(anonymous_3)
FNF:3
FNH:3
FNDA:75,(anonymous_1)
FNDA:1815,(anonymous_2)
FNDA:124,(anonymous_3)
DA:1,75
DA:4,75
DA:6,75
DA:14,1815
DA:16,12
DA:18,1803
DA:22,75
DA:24,75
DA:28,75
DA:29,124
DA:32,124
DA:34,124
DA:35,1
DA:38,123
DA:40,41
DA:42,10
DA:44,2
DA:46,1
DA:48,1
DA:50,2
DA:52,0
DA:54,1
DA:56,6
DA:58,0
DA:60,1
DA:62,38
DA:64,15
DA:66,3
DA:68,0
DA:70,0
DA:72,2
DA:73,2
LF:32
LH:28
BRDA:14,0,0,12
BRDA:34,1,0,1
BRDA:39,2,0,41
BRDA:39,2,1,10
BRDA:39,2,2,2
BRDA:39,2,3,1
BRDA:39,2,4,1
BRDA:39,2,5,2
BRDA:39,2,6,0
BRDA:39,2,7,1
BRDA:39,2,8,6
BRDA:39,2,9,0
BRDA:39,2,10,1
BRDA:39,2,11,38
BRDA:39,2,12,15
BRDA:39,2,13,3
BRDA:39,2,14,0
BRDA:39,2,15,0
BRDA:39,2,16,2
BRF:19
BRH:15
end_of_record
TN:
SF:src/lib/routes/admin-api/addon.ts
FN:21,(anonymous_1)
FN:36,(anonymous_2)
FN:42,(anonymous_3)
FN:51,(anonymous_4)
FN:63,(anonymous_5)
FN:70,(anonymous_6)
FNF:6
FNH:6
FNDA:142,(anonymous_1)
FNDA:1,(anonymous_2)
FNDA:3,(anonymous_3)
FNDA:3,(anonymous_4)
FNDA:5,(anonymous_5)
FNDA:2,(anonymous_6)
DA:2,59
DA:8,59
DA:9,59
DA:25,142
DA:26,142
DA:27,142
DA:29,142
DA:30,142
DA:31,142
DA:32,142
DA:33,142
DA:37,1
DA:38,1
DA:39,1
DA:46,3
DA:47,3
DA:48,2
DA:55,3
DA:56,3
DA:57,3
DA:59,3
DA:60,1
DA:64,5
DA:65,5
DA:66,5
DA:67,4
DA:74,2
DA:75,2
DA:76,2
DA:77,1
DA:80,59
DA:81,59
LF:32
LH:32
BRF:0
BRH:0
end_of_record
TN:
SF:src/lib/routes/admin-api/api-token-controller.ts
FN:32,(anonymous_1)
FN:44,(anonymous_2)
FN:50,(anonymous_3)
FN:56,(anonymous_4)
FN:63,(anonymous_5)
FN:76,(anonymous_6)
FN:87,(anonymous_7)
FNF:7
FNH:7
FNDA:142,(anonymous_1)
FNDA:5,(anonymous_2)
FNDA:26,(anonymous_3)
FNDA:1,(anonymous_4)
FNDA:1,(anonymous_5)
FNDA:5,(anonymous_6)
FNDA:2,(anonymous_7)
DA:3,59
DA:4,59
DA:17,59
DA:18,59
DA:33,142
DA:34,142
DA:35,142
DA:36,142
DA:38,142
DA:39,142
DA:40,142
DA:41,142
DA:45,5
DA:46,5
DA:47,5
DA:51,26
DA:52,26
DA:53,19
DA:57,1
DA:59,1
DA:60,1
DA:64,1
DA:65,1
DA:67,1
DA:68,0
DA:69,0
DA:72,1
DA:73,1
DA:77,5
DA:79,5
DA:80,4
DA:83,1
DA:84,0
DA:87,2
DA:91,59
DA:92,59
LF:36
LH:33
BRDA:67,0,0,0
BRDA:79,1,0,4
BRDA:79,2,0,5
BRDA:79,2,1,4
BRDA:83,3,0,0
BRF:5
BRH:3
end_of_record
TN:
SF:src/lib/routes/admin-api/archive.ts
FN:20,(anonymous_1)
FN:69,(anonymous_2)
FN:83,(anonymous_3)
FN:99,(anonymous_4)
FN:109,(anonymous_5)
FNF:5
FNH:5
FNDA:142,(anonymous_1)
FNDA:5,(anonymous_2)
FNDA:2,(anonymous_3)
FNDA:3,(anonymous_4)
FNDA:3,(anonymous_5)
DA:6,59
DA:8,59
DA:9,59
DA:12,59
DA:15,59
DA:27,142
DA:28,142
DA:29,142
DA:31,142
DA:46,142
DA:61,142
DA:62,142
DA:73,5
DA:77,5
DA:87,2
DA:89,2
DA:93,2
DA:103,3
DA:104,3
DA:105,3
DA:106,3
DA:110,3
DA:111,3
DA:112,3
DA:113,2
DA:117,59
LF:26
LH:26
BRF:0
BRH:0
end_of_record
TN:
SF:src/lib/routes/admin-api/bootstrap-controller.ts
FN:42,(anonymous_1)
FN:82,(anonymous_2)
FNF:2
FNH:2
FNDA:142,(anonymous_1)
FNDA:1,(anonymous_2)
DA:2,59
DA:15,59
DA:65,142
DA:66,142
DA:67,142
DA:68,142
DA:69,142
DA:70,142
DA:71,142
DA:72,142
DA:73,142
DA:75,142
DA:79,142
DA:90,1
DA:105,1
DA:108,1
DA:109,1
DA:111,1
DA:120,1
DA:133,59
DA:134,59
LF:21
LH:21
BRDA:108,0,0,1
BRDA:108,0,1,1
BRF:2
BRH:2
end_of_record
TN:
SF:src/lib/routes/admin-api/client-metrics.ts
FN:17,(anonymous_1)
FN:32,(anonymous_2)
FN:46,(anonymous_3)
FN:56,(anonymous_4)
FNF:4
FNH:4
FNDA:142,(anonymous_1)
FNDA:7,(anonymous_2)
FNDA:2,(anonymous_3)
FNDA:7,(anonymous_4)
DA:2,59
DA:13,59
DA:15,59
DA:23,142
DA:24,142
DA:26,142
DA:28,142
DA:29,142
DA:33,7
DA:34,7
DA:35,7
DA:39,7
DA:47,2
DA:48,2
DA:49,2
DA:57,7
DA:58,2
DA:61,5
DA:63,5
DA:67,3
DA:72,59
LF:21
LH:21
BRDA:57,0,0,2
BRDA:63,1,0,3
BRDA:64,2,0,5
BRDA:64,2,1,4
BRF:4
BRH:4
end_of_record
TN:
SF:src/lib/routes/admin-api/config.ts
FN:21,(anonymous_1)
FN:43,(anonymous_2)
FNF:2
FNH:2
FNDA:142,(anonymous_1)
FNDA:3,(anonymous_2)
DA:3,59
DA:4,59
DA:6,59
DA:9,59
DA:28,142
DA:29,142
DA:30,142
DA:32,142
DA:33,142
DA:40,142
DA:44,3
DA:46,3
DA:48,3
DA:50,3
DA:52,3
DA:55,59
LF:16
LH:16
BRDA:32,0,0,142
BRDA:32,0,1,142
BRDA:50,1,0,3
BRDA:50,1,1,2
BRF:4
BRH:4
end_of_record
TN:
SF:src/lib/routes/admin-api/constraints.ts
FN:15,(anonymous_1)
FN:28,(anonymous_2)
FNF:2
FNH:2
FNDA:142,(anonymous_1)
FNDA:6,(anonymous_2)
DA:6,59
DA:7,59
DA:10,59
DA:21,142
DA:22,142
DA:23,142
DA:25,142
DA:32,6
DA:33,2
LF:9
LH:9
BRF:0
BRH:0
end_of_record
TN:
SF:src/lib/routes/admin-api/context.ts
FN:23,(anonymous_1)
FN:47,(anonymous_2)
FN:52,(anonymous_3)
FN:64,(anonymous_4)
FN:72,(anonymous_5)
FN:83,(anonymous_6)
FN:91,(anonymous_7)
FNF:7
FNH:7
FNDA:142,(anonymous_1)
FNDA:2,(anonymous_2)
FNDA:6,(anonymous_3)
FNDA:12,(anonymous_4)
FNDA:6,(anonymous_5)
FNDA:3,(anonymous_6)
FNDA:5,(anonymous_7)
DA:3,59
DA:5,59
DA:7,59
DA:27,142
DA:28,142
DA:29,142
DA:31,142
DA:32,142
DA:33,142
DA:34,142
DA:39,142
DA:44,142
DA:48,2
DA:49,2
DA:53,6
DA:54,6
DA:55,6
DA:58,6
DA:60,0
DA:65,12
DA:66,12
DA:68,12
DA:69,6
DA:73,6
DA:74,6
DA:75,6
DA:77,6
DA:79,6
DA:80,3
DA:84,3
DA:85,3
DA:87,3
DA:88,2
DA:92,5
DA:94,5
DA:95,2
DA:98,59
DA:99,59
LF:38
LH:37
BRF:0
BRH:0
end_of_record
TN:
SF:src/lib/routes/admin-api/email.ts
FN:10,(anonymous_0)
FN:21,(anonymous_1)
FN:35,(anonymous_2)
FNF:3
FNH:3
FNDA:142,(anonymous_0)
FNDA:1,(anonymous_1)
FNDA:2,(anonymous_2)
DA:1,59
DA:2,59
DA:7,59
DA:9,59
DA:14,142
DA:15,142
DA:16,142
DA:17,142
DA:18,142
DA:22,1
DA:23,1
DA:24,1
DA:29,1
DA:30,1
DA:31,1
DA:32,1
DA:36,2
DA:37,2
DA:38,2
DA:43,1
DA:44,1
DA:45,1
DA:46,1
DA:49,59
LF:24
LH:24
BRF:0
BRH:0
end_of_record
TN:
SF:src/lib/routes/admin-api/environments-controller.ts
FN:19,(anonymous_1)
FN:33,(anonymous_2)
FN:38,(anonymous_3)
FN:46,(anonymous_4)
FN:55,(anonymous_5)
FN:64,(anonymous_6)
FNF:6
FNH:6
FNDA:142,(anonymous_1)
FNDA:2,(anonymous_2)
FNDA:2,(anonymous_3)
FNDA:2,(anonymous_4)
FNDA:2,(anonymous_5)
FNDA:2,(anonymous_6)
DA:2,59
DA:8,59
DA:14,59
DA:23,142
DA:24,142
DA:25,142
DA:26,142
DA:27,142
DA:28,142
DA:29,142
DA:30,142
DA:34,2
DA:35,2
DA:42,2
DA:43,1
DA:50,2
DA:51,2
DA:52,1
DA:59,2
DA:60,2
DA:61,1
DA:68,2
DA:70,2
DA:71,1
LF:24
LH:24
BRF:0
BRH:0
end_of_record
TN:
SF:src/lib/routes/admin-api/event.ts
FN:14,(anonymous_1)
FN:24,(anonymous_2)
FN:38,(anonymous_3)
FNF:3
FNH:3
FNDA:142,(anonymous_1)
FNDA:4,(anonymous_2)
FNDA:3,(anonymous_3)
DA:5,59
DA:7,59
DA:9,59
DA:11,59
DA:18,142
DA:19,142
DA:20,142
DA:21,142
DA:28,4
DA:30,4
DA:31,1
DA:33,3
DA:35,4
DA:42,3
DA:43,3
DA:45,3
DA:46,3
DA:48,0
LF:18
LH:17
BRDA:30,0,0,1
BRDA:30,0,1,3
BRDA:45,1,0,3
BRDA:45,1,1,0
BRF:4
BRH:3
end_of_record
TN:
SF:src/lib/routes/admin-api/feature-type.ts
FN:16,(anonymous_0)
FN:27,(anonymous_1)
FNF:2
FNH:2
FNDA:142,(anonymous_0)
FNDA:1,(anonymous_1)
DA:7,59
DA:9,59
DA:11,59
DA:20,142
DA:21,142
DA:22,142
DA:24,142
DA:28,1
DA:29,1
DA:33,59
LF:10
LH:10
BRF:0
BRH:0
end_of_record
TN:
SF:src/lib/routes/admin-api/feature.ts
FN:37,(anonymous_1)
FN:146,(anonymous_2)
FN:153,(anonymous_3)
FN:169,(anonymous_4)
FN:174,(anonymous_5)
FN:186,(anonymous_6)
FN:195,(anonymous_7)
FN:203,(anonymous_8)
FN:223,(anonymous_9)
FN:233,(anonymous_10)
FN:243,(anonymous_11)
FN:256,(anonymous_12)
FN:285,(anonymous_13)
FN:306,(anonymous_14)
FN:339,(anonymous_15)
FN:356,(anonymous_16)
FN:374,(anonymous_17)
FN:392,(anonymous_18)
FN:400,(anonymous_19)
FN:408,(anonymous_20)
FNF:20
FNH:17
FNDA:142,(anonymous_1)
FNDA:8,(anonymous_2)
FNDA:12,(anonymous_3)
FNDA:5,(anonymous_4)
FNDA:12,(anonymous_5)
FNDA:8,(anonymous_6)
FNDA:4,(anonymous_7)
FNDA:16,(anonymous_8)
FNDA:1,(anonymous_9)
FNDA:6,(anonymous_10)
FNDA:38,(anonymous_11)
FNDA:34,(anonymous_12)
FNDA:4,(anonymous_13)
FNDA:3,(anonymous_14)
FNDA:2,(anonymous_15)
FNDA:0,(anonymous_16)
FNDA:0,(anonymous_17)
FNDA:1,(anonymous_18)
FNDA:0,(anonymous_19)
FNDA:3,(anonymous_20)
DA:4,59
DA:6,59
DA:7,59
DA:16,59
DA:20,59
DA:21,59
DA:23,59
DA:24,59
DA:25,59
DA:26,59
DA:30,59
DA:48,142
DA:49,142
DA:50,142
DA:52,142
DA:53,139
DA:54,139
DA:55,139
DA:56,139
DA:57,139
DA:58,139
DA:59,139
DA:65,139
DA:66,139
DA:69,142
DA:85,142
DA:99,142
DA:114,142
DA:129,142
DA:147,8
DA:148,4
DA:150,4
DA:158,12
DA:159,8
DA:161,4
DA:162,4
DA:163,4
DA:168,4
DA:169,5
DA:171,4
DA:178,12
DA:179,12
DA:180,12
DA:190,8
DA:191,8
DA:192,6
DA:199,4
DA:200,4
DA:212,16
DA:213,16
DA:214,16
DA:219,13
DA:227,1
DA:228,1
DA:229,1
DA:230,1
DA:237,6
DA:239,6
DA:240,3
DA:244,38
DA:245,38
DA:247,38
DA:248,37
DA:249,37
DA:255,34
DA:257,34
DA:268,34
DA:275,34
DA:277,34
DA:286,4
DA:287,4
DA:288,4
DA:290,4
DA:292,4
DA:293,4
DA:295,4
DA:302,3
DA:304,3
DA:305,3
DA:307,3
DA:315,3
DA:322,3
DA:329,3
DA:334,3
DA:340,2
DA:341,2
DA:342,2
DA:343,2
DA:349,1
DA:353,1
DA:357,0
DA:358,0
DA:359,0
DA:360,0
DA:367,0
DA:371,0
DA:375,0
DA:376,0
DA:377,0
DA:378,0
DA:385,0
DA:389,0
DA:393,1
DA:394,1
DA:395,1
DA:396,1
DA:397,1
DA:401,0
DA:402,0
DA:403,0
DA:404,0
DA:405,0
DA:409,3
DA:410,3
DA:412,3
DA:413,2
DA:416,59
LF:117
LH:100
BRDA:52,0,0,139
BRDA:147,1,0,4
BRDA:150,2,0,1
BRDA:150,2,1,3
BRDA:158,3,0,8
BRDA:158,4,0,12
BRDA:158,4,1,8
BRDA:158,4,2,8
BRDA:168,5,0,4
BRDA:248,6,0,35
BRDA:256,7,0,34
BRDA:256,7,1,0
BRDA:304,8,0,3
BRDA:325,9,0,3
BRDA:325,9,1,3
BRF:15
BRH:14
end_of_record
TN:
SF:src/lib/routes/admin-api/index.ts
FN:30,(anonymous_1)
FN:109,(anonymous_2)
FNF:2
FNH:2
FNDA:142,(anonymous_1)
FNDA:1,(anonymous_2)
DA:1,59
DA:2,59
DA:5,59
DA:6,59
DA:7,59
DA:8,59
DA:9,59
DA:10,59
DA:11,59
DA:12,59
DA:13,59
DA:14,59
DA:15,59
DA:16,59
DA:17,59
DA:18,59
DA:19,59
DA:20,59
DA:21,59
DA:22,59
DA:23,59
DA:24,59
DA:25,59
DA:26,59
DA:27,59
DA:31,142
DA:33,142
DA:35,142
DA:40,142
DA:44,142
DA:48,142
DA:52,142
DA:53,142
DA:57,142
DA:61,142
DA:62,142
DA:66,142
DA:70,142
DA:74,142
DA:75,142
DA:76,142
DA:80,142
DA:81,142
DA:85,142
DA:86,142
DA:90,142
DA:94,142
DA:95,142
DA:99,142
DA:103,142
DA:110,1
DA:114,59
LF:52
LH:52
BRF:0
BRH:0
end_of_record
TN:
SF:src/lib/routes/admin-api/metrics.ts
FN:14,(anonymous_1)
FN:46,(anonymous_2)
FN:54,(anonymous_3)
FN:61,(anonymous_4)
FN:67,(anonymous_5)
FN:77,(anonymous_6)
FNF:6
FNH:6
FNDA:142,(anonymous_1)
FNDA:2,(anonymous_2)
FNDA:4,(anonymous_3)
FNDA:2,(anonymous_4)
FNDA:4,(anonymous_5)
FNDA:1,(anonymous_6)
DA:2,59
DA:3,59
DA:20,142
DA:21,142
DA:23,142
DA:26,142
DA:27,142
DA:28,142
DA:29,142
DA:32,142
DA:37,142
DA:42,142
DA:43,142
DA:47,2
DA:55,4
DA:57,4
DA:58,4
DA:62,2
DA:63,2
DA:64,2
DA:68,4
DA:71,4
DA:74,4
DA:78,1
DA:80,1
DA:83,1
DA:86,59
LF:27
LH:27
BRDA:69,0,0,0
BRDA:69,0,1,4
BRF:2
BRH:1
end_of_record
TN:
SF:src/lib/routes/admin-api/state.ts
FN:16,(anonymous_7)
FN:31,(anonymous_8)
FN:43,(anonymous_9)
FN:71,(anonymous_10)
FNF:4
FNH:4
FNDA:46,(anonymous_7)
FNDA:142,(anonymous_8)
FNDA:11,(anonymous_9)
FNDA:4,(anonymous_10)
DA:1,59
DA:2,59
DA:3,59
DA:4,59
DA:6,59
DA:7,59
DA:8,59
DA:15,59
DA:16,59
DA:17,46
DA:18,44
DA:20,2
DA:21,2
DA:22,0
DA:24,2
DA:35,142
DA:36,142
DA:37,142
DA:38,142
DA:39,142
DA:40,142
DA:44,11
DA:45,11
DA:49,11
DA:51,8
DA:53,1
DA:56,7
DA:59,3
DA:62,11
DA:68,10
DA:72,4
DA:74,4
DA:75,4
DA:76,4
DA:80,4
DA:81,4
DA:82,4
DA:84,4
DA:91,4
DA:92,4
DA:93,2
DA:94,0
DA:96,2
DA:98,2
DA:99,1
DA:101,2
DA:105,59
LF:47
LH:45
BRDA:17,0,0,44
BRDA:17,1,0,46
BRDA:17,1,1,46
BRDA:21,2,0,0
BRDA:49,3,0,8
BRDA:49,3,1,3
BRDA:51,4,0,1
BRDA:51,4,1,7
BRDA:92,5,0,2
BRDA:92,5,1,2
BRDA:93,6,0,0
BRDA:98,7,0,1
BRF:12
BRH:10
end_of_record
TN:
SF:src/lib/routes/admin-api/strategy.ts
FN:25,(anonymous_1)
FN:50,(anonymous_2)
FN:59,(anonymous_3)
FN:69,(anonymous_4)
FN:81,(anonymous_5)
FN:91,(anonymous_6)
FN:101,(anonymous_7)
FN:119,(anonymous_8)
FNF:8
FNH:8
FNDA:142,(anonymous_1)
FNDA:2,(anonymous_2)
FNDA:8,(anonymous_3)
FNDA:4,(anonymous_4)
FNDA:10,(anonymous_5)
FNDA:8,(anonymous_6)
FNDA:6,(anonymous_7)
FNDA:3,(anonymous_8)
DA:6,59
DA:8,59
DA:9,59
DA:10,59
DA:18,59
DA:29,142
DA:30,142
DA:31,142
DA:33,142
DA:34,142
DA:35,142
DA:36,142
DA:37,142
DA:38,142
DA:43,142
DA:51,2
DA:52,2
DA:53,2
DA:55,0
DA:60,8
DA:61,8
DA:62,8
DA:63,7
DA:65,1
DA:70,4
DA:71,4
DA:73,4
DA:74,4
DA:75,2
DA:77,2
DA:82,10
DA:83,10
[...]
FNDA:148,(anonymous_1)
FNDA:3,(anonymous_2)
FNDA:8,(anonymous_3)
FNDA:4,(anonymous_4)
FNDA:4,(anonymous_5)
FNDA:3,(anonymous_6)
FNDA:10,(anonymous_7)
FNDA:8,(anonymous_8)
FNDA:7,(anonymous_9)
FNDA:7,(anonymous_10)
FNDA:2,(anonymous_11)
FNDA:5,(anonymous_12)
FNDA:8,(anonymous_13)
DA:10,60
DA:12,60
DA:13,60
DA:20,60
DA:36,148
DA:37,148
DA:38,148
DA:42,3
DA:46,8
DA:53,4
DA:54,3
DA:55,2
DA:56,2
DA:69,4
DA:71,3
DA:72,3
DA:80,1
DA:90,3
DA:91,2
DA:92,2
DA:105,10
DA:106,7
DA:107,7
DA:108,5
DA:109,5
DA:120,8
DA:121,7
DA:122,5
DA:123,4
DA:124,4
DA:134,7
DA:135,7
DA:138,2
DA:144,5
DA:150,8
DA:151,2
DA:155,60
DA:156,60
LF:38
LH:38
BRDA:69,0,0,3
BRDA:69,0,1,1
BRDA:150,1,0,2
BRF:3
BRH:3
end_of_record
TN:
SF:src/lib/services/tag-schema.ts
FNF:0
FNH:0
DA:1,64
DA:3,64
DA:5,64
DA:16,64
LF:4
LH:4
BRF:0
BRH:0
end_of_record
TN:
SF:src/lib/services/tag-service.ts
FN:18,(anonymous_1)
FN:30,(anonymous_2)
FN:34,(anonymous_3)
FN:38,(anonymous_4)
FN:42,(anonymous_5)
FN:49,(anonymous_6)
FN:55,(anonymous_7)
FN:65,(anonymous_8)
FNF:8
FNH:8
FNDA:148,(anonymous_1)
FNDA:4,(anonymous_2)
FNDA:2,(anonymous_3)
FNDA:4,(anonymous_4)
FNDA:3,(anonymous_5)
FNDA:4,(anonymous_6)
FNDA:4,(anonymous_7)
FNDA:2,(anonymous_8)
DA:1,60
DA:2,60
DA:3,60
DA:11,60
DA:25,148
DA:26,148
DA:27,148
DA:31,4
DA:35,2
DA:39,4
DA:43,3
DA:44,3
DA:45,1
DA:50,4
DA:51,3
DA:52,2
DA:56,4
DA:57,2
DA:58,2
DA:66,2
DA:67,2
DA:75,60
LF:22
LH:22
BRDA:44,0,0,1
BRF:1
BRH:1
end_of_record
TN:
SF:src/lib/services/tag-type-schema.ts
FNF:0
FNH:0
DA:1,67
DA:2,67
DA:4,67
DA:16,67
LF:4
LH:4
BRF:0
BRH:0
end_of_record
TN:
SF:src/lib/services/tag-type-service.ts
FN:24,(anonymous_1)
FN:36,(anonymous_2)
FN:40,(anonymous_3)
FN:44,(anonymous_4)
FN:61,(anonymous_5)
FN:71,(anonymous_6)
FN:76,(anonymous_7)
FN:85,(anonymous_8)
FNF:8
FNH:8
FNDA:163,(anonymous_1)
FNDA:2,(anonymous_2)
FNDA:8,(anonymous_3)
FNDA:15,(anonymous_4)
FNDA:27,(anonymous_5)
FNDA:2,(anonymous_6)
FNDA:1,(anonymous_7)
FNDA:2,(anonymous_8)
DA:1,62
DA:3,62
DA:6,62
DA:17,62
DA:31,163
DA:32,163
DA:33,163
DA:37,2
DA:41,8
DA:48,15
DA:51,14
DA:52,13
DA:53,13
DA:58,13
DA:62,27
DA:63,27
DA:64,3
DA:68,24
DA:72,2
DA:73,1
DA:77,1
DA:78,1
DA:89,2
DA:90,1
DA:91,1
DA:96,1
DA:100,62
LF:27
LH:27
BRDA:55,0,0,13
BRDA:55,0,1,0
BRDA:63,1,0,3
BRDA:80,2,0,1
BRDA:80,2,1,0
BRDA:93,3,0,1
BRDA:93,3,1,0
BRF:7
BRH:4
end_of_record
TN:
SF:src/lib/services/user-feedback-service.ts
FN:15,(anonymous_0)
FN:23,(anonymous_1)
FN:35,(anonymous_2)
FN:42,(anonymous_3)
FNF:4
FNH:3
FNDA:148,(anonymous_0)
FNDA:4,(anonymous_1)
FNDA:0,(anonymous_2)
FNDA:2,(anonymous_3)
DA:10,60
DA:19,148
DA:20,148
DA:24,4
DA:25,0
DA:27,4
DA:28,4
DA:30,0
DA:31,0
DA:39,0
DA:43,2
DA:47,60
LF:12
LH:8
BRDA:24,0,0,0
BRF:1
BRH:0
end_of_record
TN:
SF:src/lib/services/user-service.ts
FN:87,(anonymous_1)
FN:110,(anonymous_2)
FN:114,(anonymous_3)
FN:125,(anonymous_4)
FN:150,(anonymous_5)
FN:156,(anonymous_6)
FN:157,(anonymous_7)
FN:164,(anonymous_8)
FN:174,(anonymous_9)
FN:178,(anonymous_10)
FN:182,(anonymous_11)
FN:219,(anonymous_12)
FN:223,(anonymous_13)
FN:235,(anonymous_14)
FN:259,(anonymous_15)
FN:273,(anonymous_16)
FN:306,(anonymous_17)
FN:313,(anonymous_18)
FN:343,(anonymous_19)
FN:349,(anonymous_20)
FN:374,(anonymous_21)
FN:389,(anonymous_22)
FNF:22
FNH:19
FNDA:159,(anonymous_1)
FNDA:0,(anonymous_2)
FNDA:25,(anonymous_3)
FNDA:3,(anonymous_4)
FNDA:3,(anonymous_5)
FNDA:11,(anonymous_6)
FNDA:56,(anonymous_7)
FNDA:16,(anonymous_8)
FNDA:1,(anonymous_9)
FNDA:0,(anonymous_10)
FNDA:51,(anonymous_11)
FNDA:53,(anonymous_12)
FNDA:55,(anonymous_13)
FNDA:3,(anonymous_14)
FNDA:3,(anonymous_15)
FNDA:7,(anonymous_16)
FNDA:16,(anonymous_17)
FNDA:21,(anonymous_18)
FNDA:5,(anonymous_19)
FNDA:12,(anonymous_20)
FNDA:6,(anonymous_21)
FNDA:0,(anonymous_22)
DA:1,63
DA:2,63
DA:3,63
DA:4,63
DA:8,63
DA:9,63
DA:12,63
DA:13,63
DA:14,63
DA:19,63
DA:20,63
DA:23,63
DA:26,63
DA:27,63
DA:28,63
DA:30,63
DA:68,63
DA:101,159
DA:102,159
DA:103,159
DA:104,159
DA:105,159
DA:106,159
DA:107,159
DA:108,159
DA:109,159
DA:110,0
DA:115,25
DA:116,24
DA:117,24
DA:118,10
DA:119,14
DA:121,1
DA:126,3
DA:128,3
DA:130,2
DA:131,2
DA:132,2
DA:135,2
DA:138,2
DA:139,2
DA:140,2
DA:145,0
DA:151,3
DA:152,3
DA:155,3
DA:156,3
DA:157,56
DA:158,11
DA:159,11
DA:161,3
DA:165,16
DA:166,16
DA:169,16
DA:170,16
DA:171,16
DA:175,1
DA:179,0
DA:186,51
DA:188,51
DA:189,43
DA:192,51
DA:193,51
DA:194,1
DA:197,50
DA:203,50
DA:205,48
DA:206,8
DA:207,8
DA:210,48
DA:216,48
DA:220,53
DA:224,55
DA:225,0
DA:227,55
DA:239,3
DA:241,2
DA:243,2
DA:244,0
DA:247,2
DA:249,2
DA:256,2
DA:260,3
DA:261,3
DA:262,3
DA:264,3
DA:266,3
DA:274,7
DA:278,7
DA:279,1
DA:284,6
DA:287,6
DA:288,5
DA:290,5
DA:291,4
DA:292,3
DA:293,3
DA:295,1
DA:310,16
DA:321,21
DA:322,21
DA:324,11
DA:325,2
DA:329,10
DA:330,9
DA:336,1
DA:339,19
DA:340,19
DA:344,5
DA:345,5
DA:346,5
DA:350,12
DA:353,9
DA:354,9
DA:355,9
DA:375,6
DA:376,5
DA:377,3
DA:381,3
DA:382,3
DA:383,3
DA:385,0
DA:393,0
DA:394,0
DA:395,0
DA:397,0
DA:402,0
DA:407,0
DA:411,63
DA:412,63
LF:130
LH:118
BRDA:109,0,0,0
BRDA:109,1,0,159
BRDA:109,1,1,159
BRDA:115,2,0,24
BRDA:115,2,1,1
BRDA:117,3,0,10
BRDA:117,3,1,14
BRDA:128,4,0,2
BRDA:158,5,0,11
BRDA:158,5,1,0
BRDA:169,6,0,16
BRDA:169,6,1,0
BRDA:186,7,0,51
BRDA:186,7,1,42
BRDA:188,8,0,43
BRDA:193,9,0,1
BRDA:205,10,0,8
BRDA:219,11,0,29
BRDA:220,12,0,53
BRDA:220,12,1,0
BRDA:224,13,0,0
BRDA:243,14,0,0
BRDA:278,15,0,1
BRDA:285,16,0,2
BRDA:285,16,1,4
BRDA:291,17,0,3
BRDA:308,18,0,1
BRDA:317,19,0,0
BRDA:324,20,0,2
BRDA:324,21,0,11
BRDA:324,21,1,2
BRDA:329,22,0,9
BRDA:329,22,1,1
BRDA:333,23,0,9
BRDA:333,23,1,7
BRDA:381,24,0,3
BRDA:381,24,1,0
BRDA:391,25,0,0
BRDA:394,26,0,0
BRDA:399,27,0,0
BRDA:399,27,1,0
BRF:41
BRH:29
end_of_record
TN:
SF:src/lib/services/user-splash-service.ts
FN:15,(anonymous_0)
FN:23,(anonymous_1)
FN:31,(anonymous_2)
FN:45,(anonymous_3)
FN:49,(anonymous_4)
FNF:5
FNH:4
FNDA:148,(anonymous_0)
FNDA:4,(anonymous_1)
FNDA:1,(anonymous_2)
FNDA:0,(anonymous_3)
FNDA:1,(anonymous_4)
DA:10,60
DA:19,148
DA:20,148
DA:24,4
DA:25,0
DA:27,4
DA:28,4
DA:31,1
DA:37,4
DA:39,0
DA:41,0
DA:46,0
DA:50,1
DA:54,60
LF:14
LH:10
BRDA:24,0,0,0
BRF:1
BRH:0
end_of_record
TN:
SF:src/lib/services/version-service.ts
FN:45,(anonymous_1)
FN:65,(anonymous_2)
FN:68,(anonymous_3)
FN:72,(anonymous_4)
FN:78,(anonymous_5)
FN:87,(anonymous_6)
FN:116,(anonymous_7)
FN:125,(anonymous_8)
FNF:8
FNH:7
FNDA:151,(anonymous_1)
FNDA:150,(anonymous_2)
FNDA:150,(anonymous_3)
FNDA:0,(anonymous_4)
FNDA:150,(anonymous_5)
FNDA:153,(anonymous_6)
FNDA:7,(anonymous_7)
FNDA:125,(anonymous_8)
DA:1,61
DA:4,61
DA:7,61
DA:26,61
DA:56,151
DA:57,151
DA:58,151
DA:62,151
DA:63,151
DA:64,151
DA:65,151
DA:69,150
DA:70,150
DA:71,150
DA:72,0
DA:75,150
DA:79,150
DA:80,150
DA:81,58
DA:83,92
DA:88,153
DA:89,4
DA:90,4
DA:98,2
DA:99,2
DA:100,2
DA:104,2
DA:106,0
DA:111,2
DA:117,7
DA:126,125
DA:127,125
DA:131,61
LF:33
LH:31
BRDA:60,0,0,151
BRDA:60,0,1,149
BRDA:88,1,0,4
BRDA:98,2,0,2
BRDA:98,2,1,0
BRDA:119,3,0,7
BRDA:119,3,1,5
BRF:7
BRH:6
end_of_record
TN:
SF:src/lib/services/client-metrics/instance-service.ts
FN:48,(anonymous_0)
FN:83,(anonymous_1)
FN:87,(anonymous_2)
FN:93,(anonymous_3)
FN:106,(anonymous_4)
FN:116,(anonymous_5)
FN:121,(anonymous_6)
FN:131,(anonymous_7)
FN:135,(anonymous_8)
FN:144,(anonymous_9)
FN:164,(anonymous_10)
FN:170,(anonymous_11)
FN:187,(anonymous_12)
FN:188,(anonymous_13)
FN:192,(anonymous_14)
FN:193,(anonymous_15)
FN:202,(anonymous_16)
FN:207,(anonymous_17)
FN:212,(anonymous_18)
FNF:19
FNH:17
FNDA:153,(anonymous_0)
FNDA:12,(anonymous_1)
FNDA:1,(anonymous_2)
FNDA:15,(anonymous_3)
FNDA:28,(anonymous_4)
FNDA:1,(anonymous_5)
FNDA:2,(anonymous_6)
FNDA:26,(anonymous_7)
FNDA:12,(anonymous_8)
FNDA:8,(anonymous_9)
FNDA:4,(anonymous_10)
FNDA:1,(anonymous_11)
FNDA:1,(anonymous_12)
FNDA:1,(anonymous_13)
FNDA:0,(anonymous_14)
FNDA:0,(anonymous_15)
FNDA:4,(anonymous_16)
FNDA:14,(anonymous_17)
FNDA:126,(anonymous_18)
DA:1,62
DA:2,62
DA:16,62
DA:18,62
DA:20,62
DA:23,62
DA:24,153
DA:26,153
DA:28,153
DA:30,153
DA:69,153
DA:70,153
DA:71,153
DA:72,153
DA:73,153
DA:74,153
DA:76,153
DA:80,153
DA:81,153
DA:82,153
DA:83,12
DA:85,153
DA:87,1
DA:97,15
DA:98,12
DA:110,28
DA:111,26
DA:112,26
DA:113,26
DA:117,1
DA:119,1
DA:120,1
DA:121,2
DA:126,1
DA:132,26
DA:136,12
DA:142,12
DA:143,12
DA:146,8
DA:147,8
DA:150,12
DA:151,12
DA:152,12
DA:153,6
DA:154,6
DA:159,0
DA:167,4
DA:172,1
DA:180,1
DA:188,1
DA:189,1
DA:193,0
DA:194,0
DA:203,4
DA:204,4
DA:208,14
DA:209,14
DA:213,126
LF:58
LH:55
BRDA:66,0,0,151
BRDA:67,1,0,152
BRDA:117,2,0,1
BRDA:120,3,0,1
BRDA:123,4,0,2
BRDA:123,4,1,0
BRDA:136,5,0,12
BRDA:137,6,0,12
BRDA:137,6,1,12
BRDA:137,6,2,12
BRDA:137,6,3,12
BRDA:152,7,0,6
BRDA:189,8,0,1
BRDA:189,8,1,0
BRDA:194,9,0,0
BRDA:194,9,1,0
BRF:16
BRH:12
end_of_record
TN:
SF:src/lib/services/client-metrics/metrics-service-v2.ts
FN:29,(anonymous_0)
FN:45,(anonymous_1)
FN:51,(anonymous_2)
FN:64,(anonymous_3)
FN:72,(anonymous_4)
FN:80,(anonymous_5)
FN:93,(anonymous_6)
FN:115,(anonymous_7)
FN:125,(anonymous_8)
FNF:9
FNH:8
FNDA:148,(anonymous_0)
FNDA:0,(anonymous_1)
FNDA:12,(anonymous_2)
FNDA:12,(anonymous_3)
FNDA:12,(anonymous_4)
FNDA:2,(anonymous_5)
FNDA:6,(anonymous_6)
FNDA:7,(anonymous_7)
FNDA:6,(anonymous_8)
DA:10,60
DA:11,60
DA:14,60
DA:16,60
DA:37,148
DA:38,148
DA:39,148
DA:40,148
DA:44,148
DA:45,148
DA:46,0
DA:48,148
DA:55,12
DA:56,12
DA:57,12
DA:58,9
DA:61,12
DA:63,12
DA:64,12
DA:72,12
DA:75,12
DA:76,12
DA:84,2
DA:89,2
DA:93,2
DA:94,6
DA:95,2
DA:96,2
DA:98,4
DA:105,6
DA:108,2
DA:119,7
DA:126,6
DA:127,6
LF:34
LH:33
BRDA:35,0,0,148
BRDA:57,1,0,9
BRDA:72,2,0,12
BRDA:72,2,1,1
BRDA:94,3,0,2
BRDA:94,3,1,4
BRF:6
BRH:6
end_of_record
TN:
SF:src/lib/services/client-metrics/schema.ts
FNF:0
FNH:0
DA:1,63
DA:3,63
DA:12,63
DA:29,63
DA:46,63
LF:5
LH:5
BRF:0
BRH:0
end_of_record
TN:
SF:src/lib/types/api-user.ts
FN:26,(anonymous_0)
FNF:1
FNH:1
FNDA:18,(anonymous_0)
DA:2,65
DA:13,65
DA:14,18
DA:34,18
DA:35,0
DA:37,18
DA:38,18
DA:39,18
DA:40,18
DA:41,18
DA:42,11
DA:44,7
LF:12
LH:11
BRDA:28,0,0,0
BRDA:34,1,0,0
BRDA:41,2,0,11
BRDA:41,2,1,7
BRDA:41,3,0,18
BRDA:41,3,1,11
BRF:6
BRH:4
end_of_record
TN:
SF:src/lib/types/authentication-required.ts
FN:23,(anonymous_0)
FNF:1
FNH:1
FNDA:5,(anonymous_0)
DA:30,5
DA:31,5
DA:32,5
DA:33,5
DA:34,5
DA:38,61
DA:39,61
LF:7
LH:7
BRDA:28,0,0,5
BRF:1
BRH:1
end_of_record
TN:
SF:src/lib/types/environment.ts
FNF:0
FNH:0
DA:1,61
LF:1
LH:1
BRF:0
BRH:0
end_of_record
TN:
SF:src/lib/types/events.ts
FN:93,(anonymous_0)
FN:105,(anonymous_1)
FN:129,(anonymous_2)
FN:159,(anonymous_3)
FN:185,(anonymous_4)
FN:207,(anonymous_5)
FN:227,(anonymous_6)
FN:245,(anonymous_7)
FN:265,(anonymous_8)
FN:289,(anonymous_9)
FN:315,(anonymous_10)
FN:343,(anonymous_11)
FN:371,(anonymous_12)
FN:395,(anonymous_13)
FN:411,(anonymous_14)
FN:427,(anonymous_15)
FNF:16
FNH:16
FNDA:402,(anonymous_0)
FNDA:3,(anonymous_1)
FNDA:28,(anonymous_2)
FNDA:55,(anonymous_3)
FNDA:2,(anonymous_4)
FNDA:155,(anonymous_5)
FNDA:12,(anonymous_6)
FNDA:2,(anonymous_7)
FNDA:3,(anonymous_8)
FNDA:15,(anonymous_9)
FNDA:97,(anonymous_10)
FNDA:7,(anonymous_11)
FNDA:4,(anonymous_12)
FNDA:15,(anonymous_13)
FNDA:2,(anonymous_14)
FNDA:2,(anonymous_15)
DA:3,97
DA:6,97
DA:7,97
DA:8,97
DA:9,97
DA:10,97
DA:11,97
DA:12,97
DA:13,97
DA:14,97
DA:15,97
DA:16,97
DA:17,97
DA:18,97
DA:19,97
DA:20,97
DA:21,97
DA:22,97
DA:23,97
DA:24,97
DA:25,97
DA:26,97
DA:28,97
DA:29,97
DA:30,97
DA:31,97
DA:32,97
DA:33,97
DA:34,97
DA:35,97
DA:36,97
DA:37,97
DA:38,97
DA:39,97
DA:40,97
DA:41,97
DA:42,97
DA:43,97
DA:44,97
DA:45,97
DA:46,97
DA:47,97
DA:48,97
DA:49,97
DA:50,97
DA:51,97
DA:52,97
DA:53,97
DA:54,97
DA:55,97
DA:56,97
DA:57,97
DA:58,97
DA:59,97
DA:60,97
DA:61,97
DA:62,97
DA:63,97
DA:64,97
DA:65,97
DA:66,97
DA:68,97
DA:94,402
DA:95,402
DA:96,402
DA:100,97
DA:112,3
DA:117,3
DA:118,3
DA:122,97
DA:137,28
DA:144,28
DA:145,28
DA:146,28
DA:150,97
DA:167,55
DA:168,55
DA:169,55
DA:170,55
DA:171,55
DA:175,97
DA:192,2
DA:193,2
DA:194,2
DA:195,2
DA:196,2
DA:200,97
DA:214,155
DA:215,155
DA:216,155
DA:217,155
DA:218,155
DA:222,97
DA:233,12
DA:234,12
DA:235,12
DA:236,12
DA:240,97
DA:251,2
DA:252,2
DA:253,2
DA:254,2
DA:258,97
DA:272,3
DA:273,3
DA:274,3
DA:275,3
DA:276,3
DA:280,97
DA:297,15
DA:298,15
DA:299,15
DA:300,15
DA:301,15
DA:302,15
DA:306,97
DA:323,97
DA:324,97
DA:325,97
DA:326,97
DA:327,97
DA:328,97
DA:332,97
DA:352,7
DA:353,7
DA:354,7
DA:355,7
DA:356,7
DA:357,7
DA:358,7
DA:362,97
DA:379,4
DA:380,4
DA:381,4
DA:382,4
DA:383,4
DA:384,4
DA:388,97
DA:396,15
DA:397,15
DA:398,15
DA:399,15
DA:400,15
DA:404,97
DA:412,2
DA:413,2
DA:414,2
DA:415,2
DA:416,2
DA:420,97
DA:433,2
DA:434,2
DA:435,2
DA:436,2
DA:437,2
LF:155
LH:155
BRDA:93,0,0,19
BRDA:113,1,0,2
BRDA:113,1,1,1
BRDA:139,2,0,25
BRDA:139,2,1,3
BRF:5
BRH:5
end_of_record
TN:
SF:src/lib/types/model.ts
FN:18,(anonymous_0)
FN:247,(anonymous_1)
FN:252,(anonymous_2)
FN:261,(anonymous_3)
FNF:4
FNH:4
FNDA:86,(anonymous_0)
FNDA:86,(anonymous_1)
FNDA:86,(anonymous_2)
FNDA:86,(anonymous_3)
DA:18,86
DA:19,86
DA:20,86
DA:247,86
DA:248,86
DA:249,86
DA:252,86
DA:254,86
DA:255,86
DA:256,86
DA:257,86
DA:258,86
DA:261,86
DA:262,86
DA:263,86
LF:15
LH:15
BRDA:18,0,0,86
BRDA:18,0,1,86
BRDA:247,1,0,86
BRDA:247,1,1,86
BRDA:252,2,0,86
BRDA:252,2,1,86
BRDA:261,3,0,86
BRDA:261,3,1,86
BRF:8
BRH:8
end_of_record
TN:
SF:src/lib/types/no-auth-user.ts
FN:12,(anonymous_0)
FNF:1
FNH:1
FNDA:628,(anonymous_0)
DA:1,62
DA:3,62
DA:17,628
DA:18,628
DA:19,628
DA:20,628
LF:6
LH:6
BRDA:13,0,0,628
BRDA:14,1,0,628
BRDA:15,2,0,628
BRF:3
BRH:3
end_of_record
TN:
SF:src/lib/types/option.ts
FN:46,(anonymous_0)
FNF:1
FNH:1
FNDA:94,(anonymous_0)
DA:46,94
DA:47,94
DA:48,94
DA:49,94
DA:50,94
DA:51,94
DA:52,94
LF:7
LH:7
BRDA:46,0,0,94
BRDA:46,0,1,94
BRF:2
BRH:2
end_of_record
TN:
SF:src/lib/types/permissions.ts
FNF:0
FNH:0
DA:2,93
DA:3,93
DA:4,93
DA:6,93
DA:7,93
DA:8,93
DA:9,93
DA:10,93
DA:11,93
DA:12,93
DA:13,93
DA:14,93
DA:15,93
DA:16,93
DA:17,93
DA:18,93
DA:19,93
DA:20,93
DA:21,93
DA:22,93
DA:23,93
DA:24,93
DA:25,93
DA:26,93
DA:27,93
DA:28,93
DA:29,93
DA:30,93
DA:31,93
DA:32,93
DA:33,93
DA:34,93
DA:35,93
DA:36,93
DA:37,93
DA:38,93
LF:36
LH:36
BRF:0
BRH:0
end_of_record
TN:
SF:src/lib/types/project.ts
FNF:0
FNH:0
DA:1,86
LF:1
LH:1
BRF:0
BRH:0
end_of_record
TN:
SF:src/lib/types/user.ts
FN:50,(anonymous_1)
FN:77,(anonymous_2)
FNF:2
FNH:2
FNDA:492,(anonymous_1)
FNDA:491,(anonymous_2)
DA:1,89
DA:2,89
DA:29,89
DA:30,492
DA:60,492
DA:61,0
DA:63,492
DA:64,491
DA:65,491
DA:67,491
DA:68,491
DA:69,491
DA:70,491
DA:71,491
DA:72,491
DA:73,491
DA:74,491
DA:78,491
DA:85,89
LF:19
LH:18
BRDA:60,0,0,0
BRDA:71,1,0,491
BRDA:71,1,1,491
BRDA:78,2,0,491
BRDA:78,2,1,89
BRDA:78,2,2,1
BRF:6
BRH:5
end_of_record
TN:
SF:src/lib/types/models/api-token.ts
FN:6,(anonymous_1)
FN:37,(anonymous_2)
FN:41,(anonymous_3)
FN:61,(anonymous_4)
FN:74,(anonymous_5)
FN:83,(anonymous_6)
FN:107,(anonymous_7)
FN:116,(anonymous_8)
FNF:8
FNH:8
FNDA:95,(anonymous_1)
FNDA:25,(anonymous_2)
FNDA:53,(anonymous_3)
FNDA:53,(anonymous_4)
FNDA:1,(anonymous_5)
FNDA:53,(anonymous_6)
FNDA:40,(anonymous_7)
FNDA:41,(anonymous_8)
DA:1,95
DA:4,95
DA:6,95
DA:7,95
DA:8,95
DA:37,95
DA:38,25
DA:41,95
DA:46,53
DA:47,49
DA:48,4
DA:49,4
DA:50,4
DA:51,1
DA:54,0
DA:58,53
DA:61,95
DA:64,53
DA:65,53
DA:74,95
DA:77,1
DA:83,95
DA:88,53
DA:89,3
DA:94,50
DA:95,1
DA:100,49
DA:101,2
DA:107,95
DA:111,40
DA:112,5
DA:115,35
DA:116,41
DA:119,35
DA:120,1
DA:123,34
DA:124,1
LF:37
LH:36
BRDA:6,0,0,95
BRDA:6,0,1,95
BRDA:38,1,0,25
BRDA:38,1,1,25
BRDA:38,1,2,25
BRDA:46,2,0,49
BRDA:46,2,1,4
BRDA:48,3,0,4
BRDA:48,3,1,0
BRDA:50,4,0,1
BRDA:88,5,0,3
BRDA:88,6,0,53
BRDA:88,6,1,13
BRDA:94,7,0,1
BRDA:94,8,0,50
BRDA:94,8,1,10
BRDA:100,9,0,2
BRDA:100,10,0,49
BRDA:100,10,1,40
BRDA:111,11,0,5
BRDA:119,12,0,1
BRDA:123,13,0,1
BRF:22
BRH:21
end_of_record
TN:
SF:src/lib/types/settings/simple-auth-settings.ts
FNF:0
FNH:0
DA:1,63
LF:1
LH:1
BRF:0
BRH:0
end_of_record
TN:
SF:src/lib/util/arraysHaveSameItems.ts
FN:1,(anonymous_0)
FN:9,(anonymous_1)
FNF:2
FNH:2
FNDA:17,(anonymous_0)
FNDA:17,(anonymous_1)
DA:1,65
DA:2,17
DA:3,17
DA:5,17
DA:6,5
DA:9,12
DA:10,17
LF:7
LH:7
BRDA:5,0,0,5
BRF:1
BRH:1
end_of_record
TN:
SF:src/lib/util/collect-ids.ts
FN:1,(anonymous_0)
FN:2,(anonymous_1)
FNF:2
FNH:2
FNDA:4,(anonymous_0)
FNDA:7,(anonymous_1)
DA:1,2
DA:2,7
LF:2
LH:2
BRF:0
BRH:0
end_of_record
TN:
SF:src/lib/util/constants.ts
FNF:0
FNH:0
DA:1,89
DA:3,89
DA:4,89
DA:5,89
DA:7,89
DA:11,89
DA:12,89
DA:13,89
DA:14,89
DA:15,89
DA:16,89
DA:17,89
DA:18,89
DA:19,89
DA:20,89
DA:21,89
DA:22,89
DA:23,89
DA:24,89
DA:25,89
DA:27,89
DA:45,89
DA:52,89
DA:53,89
DA:54,89
LF:25
LH:25
BRF:0
BRH:0
end_of_record
TN:
SF:src/lib/util/extract-user.ts
FN:3,extractUsername
FNF:1
FNH:1
FNDA:352,extractUsername
DA:3,59
DA:4,352
LF:2
LH:2
BRDA:4,0,0,352
BRDA:4,0,1,0
BRDA:4,1,0,352
BRDA:4,1,1,324
BRF:4
BRH:3
end_of_record
TN:
SF:src/lib/util/format-base-uri.ts
FN:1,(anonymous_0)
FNF:1
FNH:1
FNDA:389,(anonymous_0)
DA:1,95
DA:2,389
DA:3,66
DA:4,66
DA:6,66
DA:7,1
DA:10,65
DA:11,1
DA:14,64
DA:15,2
DA:18,62
LF:11
LH:11
BRDA:2,0,0,323
BRDA:6,1,0,1
BRDA:6,2,0,66
BRDA:6,2,1,63
BRDA:10,3,0,1
BRDA:10,4,0,65
BRDA:10,4,1,3
BRDA:14,5,0,2
BRF:8
BRH:8
end_of_record
TN:
SF:src/lib/util/graceful-shutdown.ts
FN:4,registerGracefulShutdown
FN:5,(anonymous_1)
FN:5,(anonymous_2)
FNF:3
FNH:2
FNDA:5,registerGracefulShutdown
FNDA:15,(anonymous_1)
FNDA:0,(anonymous_2)
DA:5,15
DA:6,0
DA:7,0
DA:8,0
DA:9,0
DA:10,0
DA:12,0
DA:13,0
DA:17,5
DA:19,5
DA:20,5
DA:21,5
DA:24,2
LF:13
LH:6
BRF:0
BRH:0
end_of_record
TN:
SF:src/lib/util/is-email.ts
FN:11,isEmail
FNF:1
FNH:1
FNDA:6,isEmail
DA:3,63
DA:12,6
DA:19,63
LF:3
LH:3
BRF:0
BRH:0
end_of_record
TN:
SF:src/lib/util/load-index-html.ts
FN:7,loadIndexHTML
FNF:1
FNH:1
FNDA:151,loadIndexHTML
DA:1,61
DA:3,61
DA:4,61
DA:5,61
DA:7,61
DA:11,151
DA:14,151
DA:15,0
DA:16,0
DA:18,151
DA:23,151
LF:11
LH:9
BRDA:11,0,0,0
BRDA:14,1,0,0
BRDA:14,1,1,151
BRF:3
BRH:1
end_of_record
TN:
SF:src/lib/util/metrics-helper.ts
FN:11,(anonymous_1)
FN:17,(anonymous_2)
FNF:2
FNH:2
FNDA:1048,(anonymous_1)
FNDA:1044,(anonymous_2)
DA:2,69
DA:11,69
DA:16,1048
DA:17,1048
DA:18,1044
DA:19,1044
DA:20,1044
DA:24,69
DA:27,69
DA:28,69
LF:10
LH:10
BRDA:14,0,0,0
BRF:1
BRH:0
end_of_record
TN:
SF:src/lib/util/random-id.ts
FN:3,(anonymous_0)
FNF:1
FNH:1
FNDA:234,(anonymous_0)
DA:1,3
DA:3,3
DA:4,234
LF:3
LH:3
BRF:0
BRH:0
end_of_record
TN:
SF:src/lib/util/rewriteHTML.ts
FN:1,(anonymous_0)
FNF:1
FNH:1
FNDA:158,(anonymous_0)
DA:1,62
DA:6,158
DA:7,158
DA:8,158
DA:10,158
DA:11,158
DA:13,158
DA:18,158
LF:8
LH:8
BRDA:8,0,0,158
BRDA:8,0,1,156
BRDA:10,1,0,2
BRDA:10,1,1,156
BRDA:15,2,0,158
BRDA:15,2,1,156
BRF:6
BRH:6
end_of_record
TN:
SF:src/lib/util/segments.ts
FNF:0
FNH:0
DA:1,60
DA:2,60
LF:2
LH:2
BRF:0
BRH:0
end_of_record
TN:
SF:src/lib/util/snakeCase.ts
FN:1,(anonymous_0)
FN:15,(anonymous_1)
FN:20,(anonymous_2)
FNF:3
FNH:3
FNDA:626,(anonymous_0)
FNDA:160,(anonymous_1)
FNDA:624,(anonymous_2)
DA:1,70
DA:2,626
DA:3,626
DA:4,626
DA:5,3835
DA:6,3835
DA:7,108
DA:9,3727
DA:12,626
DA:15,70
DA:18,160
DA:20,160
DA:21,624
DA:23,624
DA:26,160
LF:15
LH:15
BRDA:6,0,0,108
BRDA:6,0,1,3727
BRDA:6,1,0,3835
BRDA:6,1,1,3209
BRF:4
BRH:4
end_of_record
TN:
SF:src/lib/util/timer.ts
FN:5,(anonymous_0)
FN:8,(anonymous_1)
FN:10,(anonymous_2)
FNF:3
FNH:3
FNDA:1049,(anonymous_0)
FNDA:1049,(anonymous_1)
FNDA:1045,(anonymous_2)
DA:1,70
DA:5,70
DA:6,1049
DA:8,70
DA:9,1049
DA:10,1049
DA:13,70
DA:18,70
DA:20,70
LF:9
LH:9
BRF:0
BRH:0
end_of_record
TN:
SF:src/lib/util/version.ts
FNF:0
FNH:0
DA:2,60
DA:4,60
DA:5,60
DA:6,60
LF:4
LH:4
BRF:0
BRH:0
end_of_record
TN:
SF:src/lib/util/validators/constraint-types.ts
FN:11,(anonymous_1)
FN:15,(anonymous_2)
FN:19,(anonymous_3)
FN:30,(anonymous_4)
FN:34,(anonymous_5)
FN:38,(anonymous_6)
FN:44,(anonymous_7)
FNF:7
FNH:6
FNDA:3,(anonymous_1)
FNDA:11,(anonymous_2)
FNDA:4,(anonymous_3)
FNDA:0,(anonymous_4)
FNDA:4,(anonymous_5)
FNDA:12,(anonymous_6)
FNDA:3,(anonymous_7)
DA:1,66
DA:3,66
DA:8,66
DA:11,66
DA:12,3
DA:15,66
DA:16,11
DA:19,66
DA:20,4
DA:22,4
DA:24,4
DA:25,3
DA:30,66
DA:31,0
DA:34,66
DA:38,4
DA:39,12
DA:42,4
DA:44,3
DA:45,2
DA:46,1
DA:50,2
DA:51,2
DA:52,1
LF:24
LH:23
BRDA:24,0,0,1
BRDA:24,1,0,4
BRDA:24,1,1,2
BRDA:42,2,0,2
BRDA:42,2,1,2
BRDA:45,3,0,1
BRDA:51,4,0,1
BRF:7
BRH:7
end_of_record
